[0.014s] Invoking command in '/home/pjh/ego_swarm/ego-planner-swarm/build/map_generator': CMAKE_PREFIX_PATH=${CMAKE_PREFIX_PATH}:/opt/ros/humble /usr/bin/cmake /home/pjh/ego_swarm/ego-planner-swarm/src/uav_simulator/map_generator -DAMENT_CMAKE_SYMLINK_INSTALL=1 -DCMAKE_INSTALL_PREFIX=/home/pjh/ego_swarm/ego-planner-swarm/install/map_generator
[0.168s] -- The C compiler identification is GNU 11.4.0
[0.267s] -- The CXX compiler identification is GNU 11.4.0
[0.274s] -- Detecting C compiler ABI info
[0.322s] -- Detecting C compiler ABI info - done
[0.327s] -- Check for working C compiler: /usr/bin/cc - skipped
[0.327s] -- Detecting C compile features
[0.328s] -- Detecting C compile features - done
[0.329s] -- Detecting CXX compiler ABI info
[0.396s] -- Detecting CXX compiler ABI info - done
[0.401s] -- Check for working CXX compiler: /usr/bin/c++ - skipped
[0.401s] -- Detecting CXX compile features
[0.401s] -- Detecting CXX compile features - done
[0.402s] -- Found ament_cmake: 1.3.12 (/opt/ros/humble/share/ament_cmake/cmake)
[0.498s] -- Found Python3: /usr/bin/python3 (found version "3.10.12") found components: Interpreter 
[0.560s] -- Override CMake install command with custom implementation using symlinks instead of copying resources
[0.574s] -- Found rclcpp: 16.0.15 (/opt/ros/humble/share/rclcpp/cmake)
[0.612s] -- Found rosidl_generator_c: 3.1.7 (/opt/ros/humble/share/rosidl_generator_c/cmake)
[0.616s] -- Found rosidl_adapter: 3.1.7 (/opt/ros/humble/share/rosidl_adapter/cmake)
[0.622s] -- Found rosidl_generator_cpp: 3.1.7 (/opt/ros/humble/share/rosidl_generator_cpp/cmake)
[0.636s] -- Using all available rosidl_typesupport_c: rosidl_typesupport_fastrtps_c;rosidl_typesupport_introspection_c
[0.647s] -- Using all available rosidl_typesupport_cpp: rosidl_typesupport_fastrtps_cpp;rosidl_typesupport_introspection_cpp
[0.682s] -- Found rmw_implementation_cmake: 6.1.2 (/opt/ros/humble/share/rmw_implementation_cmake/cmake)
[0.685s] -- Found rmw_cyclonedds_cpp: 1.3.4 (/opt/ros/humble/share/rmw_cyclonedds_cpp/cmake)
[0.705s] -- Using RMW implementation 'rmw_cyclonedds_cpp' as default
[0.717s] -- Looking for pthread.h
[0.781s] -- Looking for pthread.h - found
[0.781s] -- Performing Test CMAKE_HAVE_LIBC_PTHREAD
[0.830s] -- Performing Test CMAKE_HAVE_LIBC_PTHREAD - Success
[0.831s] -- Found Threads: TRUE  
[0.870s] -- Found rclpy: 3.3.17 (/opt/ros/humble/share/rclpy/cmake)
[0.871s] -- Found geometry_msgs: 4.9.0 (/opt/ros/humble/share/geometry_msgs/cmake)
[0.898s] -- Checking for module 'eigen3'
[0.914s] --   Found eigen3, version 3.4.0
[0.942s] -- Found Eigen: /usr/include/eigen3 (Required is at least version "3.1") 
[0.942s] -- Eigen found (include: /usr/include/eigen3, version: 3.4.0)
[0.957s] -- Found Boost: /usr/lib/x86_64-linux-gnu/cmake/Boost-1.74.0/BoostConfig.cmake (found suitable version "1.74.0", minimum required is "1.65.0") found components: system filesystem date_time iostreams serialization 
[0.968s] -- Checking for module 'flann'
[0.982s] --   Found flann, version 1.9.1
[1.018s] -- Found FLANN: /usr/lib/x86_64-linux-gnu/libflann_cpp.so  
[1.018s] -- FLANN found (include: /usr/include, lib: /usr/lib/x86_64-linux-gnu/libflann_cpp.so)
[1.049s] -- Found GLEW: /usr/lib/x86_64-linux-gnu/libGLEW.so  
[1.057s] -- Found OpenGL: /usr/lib/x86_64-linux-gnu/libOpenGL.so  found components: OpenGL GLX 
[1.183s] -- Found MPI_C: /usr/lib/x86_64-linux-gnu/libmpi.so (found version "3.1") 
[1.184s] -- Found MPI: TRUE (found version "3.1") found components: C 
[1.187s] -- Found JsonCpp: /usr/lib/x86_64-linux-gnu/libjsoncpp.so (found suitable version "1.9.5", minimum required is "0.7.0") 
[1.199s] -- Found ZLIB: /usr/lib/x86_64-linux-gnu/libz.so (found version "1.2.11") 
[1.221s] -- Found PNG: /usr/lib/x86_64-linux-gnu/libpng.so (found version "1.6.37") 
[1.242s] -- Found Eigen3: /usr/include/eigen3 (found version "3.4.0") 
[1.344s] -- Found X11: /usr/include   
[1.345s] -- Looking for XOpenDisplay in /usr/lib/x86_64-linux-gnu/libX11.so;/usr/lib/x86_64-linux-gnu/libXext.so
[1.402s] -- Looking for XOpenDisplay in /usr/lib/x86_64-linux-gnu/libX11.so;/usr/lib/x86_64-linux-gnu/libXext.so - found
[1.402s] -- Looking for gethostbyname
[1.455s] -- Looking for gethostbyname - found
[1.455s] -- Looking for connect
[1.511s] -- Looking for connect - found
[1.511s] -- Looking for remove
[1.566s] -- Looking for remove - found
[1.566s] -- Looking for shmat
[1.614s] -- Looking for shmat - found
[1.614s] -- Looking for IceConnectionNumber in ICE
[1.666s] -- Looking for IceConnectionNumber in ICE - found
[1.733s] -- Found EXPAT: /usr/lib/x86_64-linux-gnu/libexpat.so (found version "2.4.7") 
[1.734s] -- Found double-conversion: /usr/lib/x86_64-linux-gnu/libdouble-conversion.so  
[1.736s] -- Found LZ4: /usr/lib/x86_64-linux-gnu/liblz4.so (found version "1.9.3") 
[1.737s] -- Found LZMA: /usr/lib/x86_64-linux-gnu/liblzma.so (found version "5.2.5") 
[1.771s] -- Found JPEG: /usr/lib/x86_64-linux-gnu/libjpeg.so (found version "80") 
[1.776s] -- Found TIFF: /usr/lib/x86_64-linux-gnu/libtiff.so (found version "4.3.0")  
[1.779s] -- Found Freetype: /usr/lib/x86_64-linux-gnu/libfreetype.so (found version "2.11.1") 
[1.784s] -- Found utf8cpp: /usr/include/utf8cpp  
[1.852s] -- Checking for module 'libusb-1.0'
[1.865s] --   Found libusb-1.0, version 1.0.25
[1.901s] -- Found libusb: /usr/lib/x86_64-linux-gnu/libusb-1.0.so  
[1.902s] -- Found OpenNI: /usr/lib/libOpenNI.so;libusb::libusb (found version "1.5.4.0") 
[1.902s] -- OpenNI found (version: 1.5.4.0, include: /usr/include/ni, lib: /usr/lib/libOpenNI.so;libusb::libusb)
[1.953s] -- Found OpenNI2: /usr/lib/x86_64-linux-gnu/libOpenNI2.so;libusb::libusb (found version "2.2.0.33") 
[1.953s] -- OpenNI2 found (version: 2.2.0.33, include: /usr/include/openni2, lib: /usr/lib/x86_64-linux-gnu/libOpenNI2.so;libusb::libusb)
[1.953s] ** WARNING ** io features related to pcap will be disabled
[2.069s] -- Eigen found (include: /usr/include/eigen3, version: 3.4.0)
[2.073s] -- OpenNI found (version: 1.5.4.0, include: /usr/include/ni, lib: /usr/lib/libOpenNI.so;libusb::libusb)
[2.077s] -- OpenNI2 found (version: 2.2.0.33, include: /usr/include/openni2, lib: /usr/lib/x86_64-linux-gnu/libOpenNI2.so;libusb::libusb)
[2.190s] -- Found Qhull version 8.0.2
[2.322s] -- OpenNI found (version: 1.5.4.0, include: /usr/include/ni, lib: /usr/lib/libOpenNI.so;libusb::libusb)
[2.474s] -- looking for PCL_COMMON
[2.475s] -- Found PCL_COMMON: /usr/lib/x86_64-linux-gnu/libpcl_common.so  
[2.475s] -- looking for PCL_KDTREE
[2.479s] -- Found PCL_KDTREE: /usr/lib/x86_64-linux-gnu/libpcl_kdtree.so  
[2.479s] -- looking for PCL_OCTREE
[2.479s] -- Found PCL_OCTREE: /usr/lib/x86_64-linux-gnu/libpcl_octree.so  
[2.479s] -- looking for PCL_SEARCH
[2.480s] -- Found PCL_SEARCH: /usr/lib/x86_64-linux-gnu/libpcl_search.so  
[2.480s] -- looking for PCL_SAMPLE_CONSENSUS
[2.480s] -- Found PCL_SAMPLE_CONSENSUS: /usr/lib/x86_64-linux-gnu/libpcl_sample_consensus.so  
[2.480s] -- looking for PCL_FILTERS
[2.481s] -- Found PCL_FILTERS: /usr/lib/x86_64-linux-gnu/libpcl_filters.so  
[2.481s] -- looking for PCL_2D
[2.481s] -- Found PCL_2D: /usr/include/pcl-1.12  
[2.481s] -- looking for PCL_GEOMETRY
[2.482s] -- Found PCL_GEOMETRY: /usr/include/pcl-1.12  
[2.482s] -- looking for PCL_IO
[2.483s] -- Found PCL_IO: /usr/lib/x86_64-linux-gnu/libpcl_io.so  
[2.483s] -- looking for PCL_FEATURES
[2.484s] -- Found PCL_FEATURES: /usr/lib/x86_64-linux-gnu/libpcl_features.so  
[2.484s] -- looking for PCL_ML
[2.485s] -- Found PCL_ML: /usr/lib/x86_64-linux-gnu/libpcl_ml.so  
[2.485s] -- looking for PCL_SEGMENTATION
[2.486s] -- Found PCL_SEGMENTATION: /usr/lib/x86_64-linux-gnu/libpcl_segmentation.so  
[2.486s] -- looking for PCL_VISUALIZATION
[2.487s] -- Found PCL_VISUALIZATION: /usr/lib/x86_64-linux-gnu/libpcl_visualization.so  
[2.488s] -- looking for PCL_SURFACE
[2.488s] -- Found PCL_SURFACE: /usr/lib/x86_64-linux-gnu/libpcl_surface.so  
[2.489s] -- looking for PCL_REGISTRATION
[2.490s] -- Found PCL_REGISTRATION: /usr/lib/x86_64-linux-gnu/libpcl_registration.so  
[2.490s] -- looking for PCL_KEYPOINTS
[2.491s] -- Found PCL_KEYPOINTS: /usr/lib/x86_64-linux-gnu/libpcl_keypoints.so  
[2.491s] -- looking for PCL_TRACKING
[2.492s] -- Found PCL_TRACKING: /usr/lib/x86_64-linux-gnu/libpcl_tracking.so  
[2.492s] -- looking for PCL_RECOGNITION
[2.493s] -- Found PCL_RECOGNITION: /usr/lib/x86_64-linux-gnu/libpcl_recognition.so  
[2.493s] -- looking for PCL_STEREO
[2.495s] -- Found PCL_STEREO: /usr/lib/x86_64-linux-gnu/libpcl_stereo.so  
[2.495s] -- looking for PCL_APPS
[2.496s] -- Found PCL_APPS: /usr/lib/x86_64-linux-gnu/libpcl_apps.so  
[2.496s] -- looking for PCL_IN_HAND_SCANNER
[2.496s] -- Found PCL_IN_HAND_SCANNER: /usr/include/pcl-1.12  
[2.497s] -- looking for PCL_MODELER
[2.497s] -- Found PCL_MODELER: /usr/include/pcl-1.12  
[2.497s] -- looking for PCL_POINT_CLOUD_EDITOR
[2.498s] -- Found PCL_POINT_CLOUD_EDITOR: /usr/include/pcl-1.12  
[2.498s] -- looking for PCL_OUTOFCORE
[2.499s] -- Found PCL_OUTOFCORE: /usr/lib/x86_64-linux-gnu/libpcl_outofcore.so  
[2.499s] -- looking for PCL_PEOPLE
[2.500s] -- Found PCL_PEOPLE: /usr/lib/x86_64-linux-gnu/libpcl_people.so  
[2.501s] -- Found PCL: pcl_common;pcl_kdtree;pcl_octree;pcl_search;pcl_sample_consensus;pcl_filters;pcl_io;pcl_features;pcl_ml;pcl_segmentation;pcl_visualization;pcl_surface;pcl_registration;pcl_keypoints;pcl_tracking;pcl_recognition;pcl_stereo;pcl_apps;pcl_outofcore;pcl_people;Boost::system;Boost::filesystem;Boost::date_time;Boost::iostreams;Boost::serialization;/usr/lib/libOpenNI.so;libusb::libusb;/usr/lib/x86_64-linux-gnu/libOpenNI2.so;libusb::libusb;VTK::ChartsCore;VTK::CommonColor;VTK::CommonComputationalGeometry;VTK::CommonCore;VTK::CommonDataModel;VTK::CommonExecutionModel;VTK::CommonMath;VTK::CommonMisc;VTK::CommonTransforms;VTK::FiltersCore;VTK::FiltersExtraction;VTK::FiltersGeneral;VTK::FiltersGeometry;VTK::FiltersModeling;VTK::FiltersSources;VTK::ImagingCore;VTK::ImagingSources;VTK::InteractionImage;VTK::InteractionStyle;VTK::InteractionWidgets;VTK::IOCore;VTK::IOGeometry;VTK::IOImage;VTK::IOLegacy;VTK::IOPLY;VTK::RenderingAnnotation;VTK::RenderingCore;VTK::RenderingContext2D;VTK::RenderingLOD;VTK::RenderingFreeType;VTK::ViewsCore;VTK::ViewsContext2D;VTK::RenderingOpenGL2;VTK::GUISupportQt;FLANN::FLANN;QHULL::QHULL  
[2.503s] -- Found pcl_conversions: 2.4.5 (/opt/ros/humble/share/pcl_conversions/cmake)
[2.560s] -- Found nav_msgs: 4.9.0 (/opt/ros/humble/share/nav_msgs/cmake)
[2.575s] -- Found ament_lint_auto: 0.12.14 (/opt/ros/humble/share/ament_lint_auto/cmake)
[2.638s] -- Added test 'cppcheck' to perform static code analysis on C / C++ code
[2.638s] -- Configured cppcheck include dirs: 
[2.638s] -- Configured cppcheck exclude dirs and/or files: 
[2.638s] -- Added test 'lint_cmake' to check CMake code style
[2.639s] -- Added test 'uncrustify' to check C / C++ code style
[2.639s] -- Configured uncrustify additional arguments: 
[2.639s] -- Added test 'xmllint' to check XML markup files
[2.640s] -- Configuring done
[2.696s] -- Generating done
[2.707s] -- Build files have been written to: /home/pjh/ego_swarm/ego-planner-swarm/build/map_generator
[2.736s] Invoked command in '/home/pjh/ego_swarm/ego-planner-swarm/build/map_generator' returned '0': CMAKE_PREFIX_PATH=${CMAKE_PREFIX_PATH}:/opt/ros/humble /usr/bin/cmake /home/pjh/ego_swarm/ego-planner-swarm/src/uav_simulator/map_generator -DAMENT_CMAKE_SYMLINK_INSTALL=1 -DCMAKE_INSTALL_PREFIX=/home/pjh/ego_swarm/ego-planner-swarm/install/map_generator
[2.738s] Invoking command in '/home/pjh/ego_swarm/ego-planner-swarm/build/map_generator': CMAKE_PREFIX_PATH=${CMAKE_PREFIX_PATH}:/opt/ros/humble /usr/bin/cmake --build /home/pjh/ego_swarm/ego-planner-swarm/build/map_generator -- -j22 -l22
[2.781s] [ 50%] Building CXX object CMakeFiles/random_forest.dir/src/random_forest_sensing.cpp.o
[29.890s] [100%] Linking CXX executable random_forest
[30.604s] [100%] Built target random_forest
[30.614s] Invoked command in '/home/pjh/ego_swarm/ego-planner-swarm/build/map_generator' returned '0': CMAKE_PREFIX_PATH=${CMAKE_PREFIX_PATH}:/opt/ros/humble /usr/bin/cmake --build /home/pjh/ego_swarm/ego-planner-swarm/build/map_generator -- -j22 -l22
[30.615s] Invoking command in '/home/pjh/ego_swarm/ego-planner-swarm/build/map_generator': CMAKE_PREFIX_PATH=${CMAKE_PREFIX_PATH}:/opt/ros/humble /usr/bin/cmake --install /home/pjh/ego_swarm/ego-planner-swarm/build/map_generator
[30.640s] -- Install configuration: "Release"
[30.643s] -- Execute custom install script
[30.646s] -- Symlinking: /home/pjh/ego_swarm/ego-planner-swarm/install/map_generator/lib/map_generator/random_forest
[30.660s] -- Symlinking: /home/pjh/ego_swarm/ego-planner-swarm/install/map_generator/share/ament_index/resource_index/package_run_dependencies/map_generator
[30.670s] -- Symlinking: /home/pjh/ego_swarm/ego-planner-swarm/install/map_generator/share/ament_index/resource_index/parent_prefix_path/map_generator
[30.677s] -- Symlinking: /home/pjh/ego_swarm/ego-planner-swarm/install/map_generator/share/map_generator/environment/ament_prefix_path.sh
[30.687s] -- Symlinking: /home/pjh/ego_swarm/ego-planner-swarm/install/map_generator/share/map_generator/environment/ament_prefix_path.dsv
[30.703s] -- Symlinking: /home/pjh/ego_swarm/ego-planner-swarm/install/map_generator/share/map_generator/environment/path.sh
[30.717s] -- Symlinking: /home/pjh/ego_swarm/ego-planner-swarm/install/map_generator/share/map_generator/environment/path.dsv
[30.727s] -- Symlinking: /home/pjh/ego_swarm/ego-planner-swarm/install/map_generator/share/map_generator/local_setup.bash
[30.738s] -- Symlinking: /home/pjh/ego_swarm/ego-planner-swarm/install/map_generator/share/map_generator/local_setup.sh
[30.749s] -- Symlinking: /home/pjh/ego_swarm/ego-planner-swarm/install/map_generator/share/map_generator/local_setup.zsh
[30.760s] -- Symlinking: /home/pjh/ego_swarm/ego-planner-swarm/install/map_generator/share/map_generator/local_setup.dsv
[30.771s] -- Symlinking: /home/pjh/ego_swarm/ego-planner-swarm/install/map_generator/share/map_generator/package.dsv
[30.777s] -- Symlinking: /home/pjh/ego_swarm/ego-planner-swarm/install/map_generator/share/ament_index/resource_index/packages/map_generator
[30.791s] -- Symlinking: /home/pjh/ego_swarm/ego-planner-swarm/install/map_generator/share/map_generator/cmake/map_generatorConfig.cmake
[30.808s] -- Symlinking: /home/pjh/ego_swarm/ego-planner-swarm/install/map_generator/share/map_generator/cmake/map_generatorConfig-version.cmake
[30.819s] -- Symlinking: /home/pjh/ego_swarm/ego-planner-swarm/install/map_generator/share/map_generator/package.xml
[30.832s] Invoked command in '/home/pjh/ego_swarm/ego-planner-swarm/build/map_generator' returned '0': CMAKE_PREFIX_PATH=${CMAKE_PREFIX_PATH}:/opt/ros/humble /usr/bin/cmake --install /home/pjh/ego_swarm/ego-planner-swarm/build/map_generator
