[0.026s] Invoking command in '/home/pjh/ego_swarm/ego-planner-swarm/build/multi_map_server': CMAKE_PREFIX_PATH=/home/pjh/ego_swarm/ego-planner-swarm/install/quadrotor_msgs:/home/pjh/ego_swarm/ego-planner-swarm/install/pose_utils:/home/pjh/ego_swarm/ego-planner-swarm/install/waypoint_generator:/home/pjh/ego_swarm/ego-planner-swarm/install/so3_quadrotor_simulator:/home/pjh/ego_swarm/ego-planner-swarm/install/uav_utils:/home/pjh/ego_swarm/ego-planner-swarm/install/traj_recorder:/home/pjh/ego_swarm/ego-planner-swarm/install/rosmsg_tcp_bridge:/home/pjh/ego_swarm/ego-planner-swarm/install/layer_planner:/home/pjh/ego_swarm/ego-planner-swarm/install/ego_planner:/home/pjh/ego_swarm/ego-planner-swarm/install/bspline_opt:/home/pjh/ego_swarm/ego-planner-swarm/install/traj_utils:/home/pjh/ego_swarm/ego-planner-swarm/install/so3_control:/home/pjh/ego_swarm/ego-planner-swarm/install/poscmd_2_odom:/home/pjh/ego_swarm/ego-planner-swarm/install/odom_visualization:/home/pjh/ego_swarm/ego-planner-swarm/install/multi_map_server:/home/pjh/ego_swarm/ego-planner-swarm/install/local_sensing:/home/pjh/ego_swarm/ego-planner-swarm/install/path_searching:/home/pjh/ego_swarm/ego-planner-swarm/install/plan_env:/home/pjh/ego_swarm/ego-planner-swarm/install/mockamap:/home/pjh/ego_swarm/ego-planner-swarm/install/map_generator:/home/pjh/ego_swarm/ego-planner-swarm/install/drone_detect:/home/pjh/ego_swarm/ego-planner-swarm/install/cmake_utils:/opt/ros/humble LD_LIBRARY_PATH=/home/pjh/ego_swarm/ego-planner-swarm/install/quadrotor_msgs/lib:/home/pjh/ego_swarm/ego-planner-swarm/install/pose_utils/lib:/home/pjh/ego_swarm/ego-planner-swarm/install/bspline_opt/lib:/home/pjh/ego_swarm/ego-planner-swarm/install/traj_utils/lib:/home/pjh/ego_swarm/ego-planner-swarm/install/so3_control/lib:/home/pjh/ego_swarm/ego-planner-swarm/install/multi_map_server/lib:/home/pjh/ego_swarm/ego-planner-swarm/install/path_searching/lib:/home/pjh/ego_swarm/ego-planner-swarm/install/plan_env/lib:/usr/lib/x86_64-linux-gnu/gazebo-11/plugins:/opt/ros/humble/opt/rviz_ogre_vendor/lib:/opt/ros/humble/lib/x86_64-linux-gnu:/opt/ros/humble/lib /usr/bin/cmake /home/pjh/ego_swarm/ego-planner-swarm/src/uav_simulator/Utils/multi_map_server -DAMENT_CMAKE_SYMLINK_INSTALL=1 -DCMAKE_INSTALL_PREFIX=/home/pjh/ego_swarm/ego-planner-swarm/install/multi_map_server
[0.097s] -- The C compiler identification is GNU 11.4.0
[0.173s] -- The CXX compiler identification is GNU 11.4.0
[0.188s] -- Detecting C compiler ABI info
[0.266s] -- Detecting C compiler ABI info - done
[0.274s] -- Check for working C compiler: /usr/bin/cc - skipped
[0.274s] -- Detecting C compile features
[0.275s] -- Detecting C compile features - done
[0.281s] -- Detecting CXX compiler ABI info
[0.381s] -- Detecting CXX compiler ABI info - done
[0.392s] -- Check for working CXX compiler: /usr/bin/c++ - skipped
[0.392s] -- Detecting CXX compile features
[0.392s] -- Detecting CXX compile features - done
[0.396s] -- Found ament_cmake: 1.3.12 (/opt/ros/humble/share/ament_cmake/cmake)
[0.640s] -- Found Python3: /usr/bin/python3 (found version "3.10.12") found components: Interpreter 
[0.703s] -- Override CMake install command with custom implementation using symlinks instead of copying resources
[0.741s] -- Found rclcpp: 16.0.15 (/opt/ros/humble/share/rclcpp/cmake)
[0.798s] -- Found rosidl_generator_c: 3.1.7 (/opt/ros/humble/share/rosidl_generator_c/cmake)
[0.803s] -- Found rosidl_adapter: 3.1.7 (/opt/ros/humble/share/rosidl_adapter/cmake)
[0.812s] -- Found rosidl_generator_cpp: 3.1.7 (/opt/ros/humble/share/rosidl_generator_cpp/cmake)
[0.826s] -- Using all available rosidl_typesupport_c: rosidl_typesupport_fastrtps_c;rosidl_typesupport_introspection_c
[0.845s] -- Using all available rosidl_typesupport_cpp: rosidl_typesupport_fastrtps_cpp;rosidl_typesupport_introspection_cpp
[0.896s] -- Found rmw_implementation_cmake: 6.1.2 (/opt/ros/humble/share/rmw_implementation_cmake/cmake)
[0.900s] -- Found rmw_cyclonedds_cpp: 1.3.4 (/opt/ros/humble/share/rmw_cyclonedds_cpp/cmake)
[0.926s] -- Using RMW implementation 'rmw_cyclonedds_cpp' as default
[0.936s] -- Looking for pthread.h
[1.035s] -- Looking for pthread.h - found
[1.036s] -- Performing Test CMAKE_HAVE_LIBC_PTHREAD
[1.128s] -- Performing Test CMAKE_HAVE_LIBC_PTHREAD - Success
[1.129s] -- Found Threads: TRUE  
[1.207s] -- Found geometry_msgs: 4.9.0 (/opt/ros/humble/share/geometry_msgs/cmake)
[1.224s] -- Found visualization_msgs: 4.9.0 (/opt/ros/humble/share/visualization_msgs/cmake)
[1.279s] -- Found nav_msgs: 4.9.0 (/opt/ros/humble/share/nav_msgs/cmake)
[1.310s] -- Found pose_utils: 0.0.0 (/home/pjh/ego_swarm/ego-planner-swarm/install/pose_utils/share/pose_utils/cmake)
[1.314s] -- Found tf2: 0.25.16 (/opt/ros/humble/share/tf2/cmake)
[1.331s] -- Found tf2_geometry_msgs: 0.25.16 (/opt/ros/humble/share/tf2_geometry_msgs/cmake)
[1.352s] -- Found eigen3_cmake_module: 0.1.1 (/opt/ros/humble/share/eigen3_cmake_module/cmake)
[1.356s] -- Found Eigen3: TRUE (found version "3.4.0") 
[1.356s] -- Ensuring Eigen3 include directory is part of orocos-kdl CMake target
[1.494s] -- Found quadrotor_msgs: 0.0.0 (/home/pjh/ego_swarm/ego-planner-swarm/install/quadrotor_msgs/share/quadrotor_msgs/cmake)
[1.526s] -- Found laser_geometry: 2.4.1 (/opt/ros/humble/share/laser_geometry/cmake)
[1.535s] -- Found rosidl_default_generators: 1.2.0 (/opt/ros/humble/share/rosidl_default_generators/cmake)
[1.552s] -- Found Armadillo: /usr/include (found version "10.8.2") 
[1.852s] -- Found ament_cmake_ros: 0.10.0 (/opt/ros/humble/share/ament_cmake_ros/cmake)
[2.351s] -- Using all available rosidl_typesupport_c: rosidl_typesupport_fastrtps_c;rosidl_typesupport_introspection_c
[2.661s] -- Using all available rosidl_typesupport_cpp: rosidl_typesupport_fastrtps_cpp;rosidl_typesupport_introspection_cpp
[2.702s] -- Found PythonInterp: /usr/bin/python3 (found suitable version "3.10.12", minimum required is "3.6") 
[2.704s] -- Found python_cmake_module: 0.10.0 (/opt/ros/humble/share/python_cmake_module/cmake)
[2.754s] -- Found PythonLibs: /usr/lib/x86_64-linux-gnu/libpython3.10.so (found suitable version "3.10.12", minimum required is "3.5") 
[2.755s] -- Using PYTHON_EXECUTABLE: /usr/bin/python3
[2.755s] -- Using PYTHON_INCLUDE_DIRS: /usr/include/python3.10
[2.755s] -- Using PYTHON_LIBRARIES: /usr/lib/x86_64-linux-gnu/libpython3.10.so
[2.788s] -- Found PythonExtra: .so  
[2.969s] -- Found ament_lint_auto: 0.12.14 (/opt/ros/humble/share/ament_lint_auto/cmake)
[3.002s] -- Added test 'cppcheck' to perform static code analysis on C / C++ code
[3.003s] -- Configured cppcheck include dirs: /home/pjh/ego_swarm/ego-planner-swarm/src/uav_simulator/Utils/multi_map_server/include
[3.003s] -- Configured cppcheck exclude dirs and/or files: 
[3.005s] -- Added test 'lint_cmake' to check CMake code style
[3.007s] -- Added test 'uncrustify' to check C / C++ code style
[3.007s] -- Configured uncrustify additional arguments: 
[3.008s] -- Added test 'xmllint' to check XML markup files
[3.015s] -- Configuring done
[3.111s] -- Generating done
[3.144s] -- Build files have been written to: /home/pjh/ego_swarm/ego-planner-swarm/build/multi_map_server
[3.176s] Invoked command in '/home/pjh/ego_swarm/ego-planner-swarm/build/multi_map_server' returned '0': CMAKE_PREFIX_PATH=/home/pjh/ego_swarm/ego-planner-swarm/install/quadrotor_msgs:/home/pjh/ego_swarm/ego-planner-swarm/install/pose_utils:/home/pjh/ego_swarm/ego-planner-swarm/install/waypoint_generator:/home/pjh/ego_swarm/ego-planner-swarm/install/so3_quadrotor_simulator:/home/pjh/ego_swarm/ego-planner-swarm/install/uav_utils:/home/pjh/ego_swarm/ego-planner-swarm/install/traj_recorder:/home/pjh/ego_swarm/ego-planner-swarm/install/rosmsg_tcp_bridge:/home/pjh/ego_swarm/ego-planner-swarm/install/layer_planner:/home/pjh/ego_swarm/ego-planner-swarm/install/ego_planner:/home/pjh/ego_swarm/ego-planner-swarm/install/bspline_opt:/home/pjh/ego_swarm/ego-planner-swarm/install/traj_utils:/home/pjh/ego_swarm/ego-planner-swarm/install/so3_control:/home/pjh/ego_swarm/ego-planner-swarm/install/poscmd_2_odom:/home/pjh/ego_swarm/ego-planner-swarm/install/odom_visualization:/home/pjh/ego_swarm/ego-planner-swarm/install/multi_map_server:/home/pjh/ego_swarm/ego-planner-swarm/install/local_sensing:/home/pjh/ego_swarm/ego-planner-swarm/install/path_searching:/home/pjh/ego_swarm/ego-planner-swarm/install/plan_env:/home/pjh/ego_swarm/ego-planner-swarm/install/mockamap:/home/pjh/ego_swarm/ego-planner-swarm/install/map_generator:/home/pjh/ego_swarm/ego-planner-swarm/install/drone_detect:/home/pjh/ego_swarm/ego-planner-swarm/install/cmake_utils:/opt/ros/humble LD_LIBRARY_PATH=/home/pjh/ego_swarm/ego-planner-swarm/install/quadrotor_msgs/lib:/home/pjh/ego_swarm/ego-planner-swarm/install/pose_utils/lib:/home/pjh/ego_swarm/ego-planner-swarm/install/bspline_opt/lib:/home/pjh/ego_swarm/ego-planner-swarm/install/traj_utils/lib:/home/pjh/ego_swarm/ego-planner-swarm/install/so3_control/lib:/home/pjh/ego_swarm/ego-planner-swarm/install/multi_map_server/lib:/home/pjh/ego_swarm/ego-planner-swarm/install/path_searching/lib:/home/pjh/ego_swarm/ego-planner-swarm/install/plan_env/lib:/usr/lib/x86_64-linux-gnu/gazebo-11/plugins:/opt/ros/humble/opt/rviz_ogre_vendor/lib:/opt/ros/humble/lib/x86_64-linux-gnu:/opt/ros/humble/lib /usr/bin/cmake /home/pjh/ego_swarm/ego-planner-swarm/src/uav_simulator/Utils/multi_map_server -DAMENT_CMAKE_SYMLINK_INSTALL=1 -DCMAKE_INSTALL_PREFIX=/home/pjh/ego_swarm/ego-planner-swarm/install/multi_map_server
[3.178s] Invoking command in '/home/pjh/ego_swarm/ego-planner-swarm/build/multi_map_server': CMAKE_PREFIX_PATH=/home/pjh/ego_swarm/ego-planner-swarm/install/quadrotor_msgs:/home/pjh/ego_swarm/ego-planner-swarm/install/pose_utils:/home/pjh/ego_swarm/ego-planner-swarm/install/waypoint_generator:/home/pjh/ego_swarm/ego-planner-swarm/install/so3_quadrotor_simulator:/home/pjh/ego_swarm/ego-planner-swarm/install/uav_utils:/home/pjh/ego_swarm/ego-planner-swarm/install/traj_recorder:/home/pjh/ego_swarm/ego-planner-swarm/install/rosmsg_tcp_bridge:/home/pjh/ego_swarm/ego-planner-swarm/install/layer_planner:/home/pjh/ego_swarm/ego-planner-swarm/install/ego_planner:/home/pjh/ego_swarm/ego-planner-swarm/install/bspline_opt:/home/pjh/ego_swarm/ego-planner-swarm/install/traj_utils:/home/pjh/ego_swarm/ego-planner-swarm/install/so3_control:/home/pjh/ego_swarm/ego-planner-swarm/install/poscmd_2_odom:/home/pjh/ego_swarm/ego-planner-swarm/install/odom_visualization:/home/pjh/ego_swarm/ego-planner-swarm/install/multi_map_server:/home/pjh/ego_swarm/ego-planner-swarm/install/local_sensing:/home/pjh/ego_swarm/ego-planner-swarm/install/path_searching:/home/pjh/ego_swarm/ego-planner-swarm/install/plan_env:/home/pjh/ego_swarm/ego-planner-swarm/install/mockamap:/home/pjh/ego_swarm/ego-planner-swarm/install/map_generator:/home/pjh/ego_swarm/ego-planner-swarm/install/drone_detect:/home/pjh/ego_swarm/ego-planner-swarm/install/cmake_utils:/opt/ros/humble LD_LIBRARY_PATH=/home/pjh/ego_swarm/ego-planner-swarm/install/quadrotor_msgs/lib:/home/pjh/ego_swarm/ego-planner-swarm/install/pose_utils/lib:/home/pjh/ego_swarm/ego-planner-swarm/install/bspline_opt/lib:/home/pjh/ego_swarm/ego-planner-swarm/install/traj_utils/lib:/home/pjh/ego_swarm/ego-planner-swarm/install/so3_control/lib:/home/pjh/ego_swarm/ego-planner-swarm/install/multi_map_server/lib:/home/pjh/ego_swarm/ego-planner-swarm/install/path_searching/lib:/home/pjh/ego_swarm/ego-planner-swarm/install/plan_env/lib:/usr/lib/x86_64-linux-gnu/gazebo-11/plugins:/opt/ros/humble/opt/rviz_ogre_vendor/lib:/opt/ros/humble/lib/x86_64-linux-gnu:/opt/ros/humble/lib /usr/bin/cmake --build /home/pjh/ego_swarm/ego-planner-swarm/build/multi_map_server -- -j22 -l22
[3.247s] [  1%] Generating C code for ROS interfaces
[3.273s] [  3%] Generating C++ code for ROS interfaces
[3.278s] [  3%] Built target ament_cmake_python_symlink_multi_map_server
[3.673s] running egg_info
[3.673s] creating multi_map_server.egg-info
[3.674s] writing multi_map_server.egg-info/PKG-INFO
[3.674s] writing dependency_links to multi_map_server.egg-info/dependency_links.txt
[3.675s] writing top-level names to multi_map_server.egg-info/top_level.txt
[3.675s] writing manifest file 'multi_map_server.egg-info/SOURCES.txt'
[3.679s] reading manifest file 'multi_map_server.egg-info/SOURCES.txt'
[3.680s] writing manifest file 'multi_map_server.egg-info/SOURCES.txt'
[3.767s] [  3%] Built target ament_cmake_python_build_multi_map_server_egg
[3.806s] [  5%] Building C object CMakeFiles/multi_map_server__rosidl_generator_c.dir/rosidl_generator_c/multi_map_server/msg/detail/multi_occupancy_grid__functions.c.o
[3.806s] [  7%] Building C object CMakeFiles/multi_map_server__rosidl_generator_c.dir/rosidl_generator_c/multi_map_server/msg/detail/sparse_map3_d__functions.c.o
[3.806s] [ 10%] Building C object CMakeFiles/multi_map_server__rosidl_generator_c.dir/rosidl_generator_c/multi_map_server/msg/detail/vertical_occupancy_grid_list__functions.c.o
[3.806s] [ 10%] Building C object CMakeFiles/multi_map_server__rosidl_generator_c.dir/rosidl_generator_c/multi_map_server/msg/detail/multi_sparse_map3_d__functions.c.o
[3.925s] [ 10%] Built target multi_map_server__cpp
[3.938s] [ 14%] Generating C++ type support dispatch for ROS interfaces
[3.938s] [ 14%] Generating C++ type support for eProsima Fast-RTPS
[3.945s] [ 15%] Generating C++ introspection for ROS interfaces
[3.983s] [ 17%] Linking C shared library libmulti_map_server__rosidl_generator_c.so
[4.058s] [ 17%] Built target multi_map_server__rosidl_generator_c
[4.075s] [ 21%] Generating C introspection for ROS interfaces
[4.075s] [ 21%] Generating C type support for eProsima Fast-RTPS
[4.083s] [ 22%] Generating C type support dispatch for ROS interfaces
[4.385s] [ 24%] Building CXX object CMakeFiles/multi_map_server__rosidl_typesupport_cpp.dir/rosidl_typesupport_cpp/multi_map_server/msg/sparse_map3_d__type_support.cpp.o
[4.391s] [ 26%] Building CXX object CMakeFiles/multi_map_server__rosidl_typesupport_cpp.dir/rosidl_typesupport_cpp/multi_map_server/msg/multi_sparse_map3_d__type_support.cpp.o
[4.393s] [ 28%] Building CXX object CMakeFiles/multi_map_server__rosidl_typesupport_cpp.dir/rosidl_typesupport_cpp/multi_map_server/msg/vertical_occupancy_grid_list__type_support.cpp.o
[4.397s] [ 29%] Building CXX object CMakeFiles/multi_map_server__rosidl_typesupport_cpp.dir/rosidl_typesupport_cpp/multi_map_server/msg/multi_occupancy_grid__type_support.cpp.o
[4.446s] [ 31%] Building CXX object CMakeFiles/multi_map_server__rosidl_typesupport_introspection_cpp.dir/rosidl_typesupport_introspection_cpp/multi_map_server/msg/detail/multi_sparse_map3_d__type_support.cpp.o
[4.446s] [ 33%] Building CXX object CMakeFiles/multi_map_server__rosidl_typesupport_introspection_cpp.dir/rosidl_typesupport_introspection_cpp/multi_map_server/msg/detail/sparse_map3_d__type_support.cpp.o
[4.448s] [ 36%] Building CXX object CMakeFiles/multi_map_server__rosidl_typesupport_introspection_cpp.dir/rosidl_typesupport_introspection_cpp/multi_map_server/msg/detail/multi_occupancy_grid__type_support.cpp.o
[4.448s] [ 36%] Building CXX object CMakeFiles/multi_map_server__rosidl_typesupport_introspection_cpp.dir/rosidl_typesupport_introspection_cpp/multi_map_server/msg/detail/vertical_occupancy_grid_list__type_support.cpp.o
[4.562s] [ 38%] Building CXX object CMakeFiles/multi_map_server__rosidl_typesupport_c.dir/rosidl_typesupport_c/multi_map_server/msg/multi_occupancy_grid__type_support.cpp.o
[4.575s] [ 40%] Building CXX object CMakeFiles/multi_map_server__rosidl_typesupport_c.dir/rosidl_typesupport_c/multi_map_server/msg/sparse_map3_d__type_support.cpp.o
[4.577s] [ 42%] Building CXX object CMakeFiles/multi_map_server__rosidl_typesupport_c.dir/rosidl_typesupport_c/multi_map_server/msg/multi_sparse_map3_d__type_support.cpp.o
[4.577s] [ 43%] Building CXX object CMakeFiles/multi_map_server__rosidl_typesupport_c.dir/rosidl_typesupport_c/multi_map_server/msg/vertical_occupancy_grid_list__type_support.cpp.o
[4.681s] [ 45%] Building CXX object CMakeFiles/multi_map_server__rosidl_typesupport_fastrtps_c.dir/rosidl_typesupport_fastrtps_c/multi_map_server/msg/detail/multi_occupancy_grid__type_support_c.cpp.o
[4.687s] [ 47%] Linking CXX shared library libmulti_map_server__rosidl_typesupport_c.so
[4.690s] [ 49%] Building CXX object CMakeFiles/multi_map_server__rosidl_typesupport_fastrtps_c.dir/rosidl_typesupport_fastrtps_c/multi_map_server/msg/detail/multi_sparse_map3_d__type_support_c.cpp.o
[4.693s] [ 50%] Building CXX object CMakeFiles/multi_map_server__rosidl_typesupport_fastrtps_c.dir/rosidl_typesupport_fastrtps_c/multi_map_server/msg/detail/sparse_map3_d__type_support_c.cpp.o
[4.704s] [ 52%] Building CXX object CMakeFiles/multi_map_server__rosidl_typesupport_fastrtps_c.dir/rosidl_typesupport_fastrtps_c/multi_map_server/msg/detail/vertical_occupancy_grid_list__type_support_c.cpp.o
[4.878s] [ 52%] Built target multi_map_server__rosidl_typesupport_c
[4.878s] [ 54%] Building CXX object CMakeFiles/multi_map_server__rosidl_typesupport_fastrtps_cpp.dir/rosidl_typesupport_fastrtps_cpp/multi_map_server/msg/detail/dds_fastrtps/multi_occupancy_grid__type_support.cpp.o
[4.879s] [ 56%] Building CXX object CMakeFiles/multi_map_server__rosidl_typesupport_fastrtps_cpp.dir/rosidl_typesupport_fastrtps_cpp/multi_map_server/msg/detail/dds_fastrtps/sparse_map3_d__type_support.cpp.o
[4.885s] [ 59%] Building CXX object CMakeFiles/multi_map_server__rosidl_typesupport_fastrtps_cpp.dir/rosidl_typesupport_fastrtps_cpp/multi_map_server/msg/detail/dds_fastrtps/multi_sparse_map3_d__type_support.cpp.o
[4.889s] [ 57%] Building CXX object CMakeFiles/multi_map_server__rosidl_typesupport_fastrtps_cpp.dir/rosidl_typesupport_fastrtps_cpp/multi_map_server/msg/detail/dds_fastrtps/vertical_occupancy_grid_list__type_support.cpp.o
[5.012s] [ 61%] Building C object CMakeFiles/multi_map_server__rosidl_typesupport_introspection_c.dir/rosidl_typesupport_introspection_c/multi_map_server/msg/detail/multi_sparse_map3_d__type_support.c.o
[5.020s] [ 63%] Building C object CMakeFiles/multi_map_server__rosidl_typesupport_introspection_c.dir/rosidl_typesupport_introspection_c/multi_map_server/msg/detail/sparse_map3_d__type_support.c.o
[5.021s] [ 64%] Building C object CMakeFiles/multi_map_server__rosidl_typesupport_introspection_c.dir/rosidl_typesupport_introspection_c/multi_map_server/msg/detail/multi_occupancy_grid__type_support.c.o
[5.022s] [ 66%] Building C object CMakeFiles/multi_map_server__rosidl_typesupport_introspection_c.dir/rosidl_typesupport_introspection_c/multi_map_server/msg/detail/vertical_occupancy_grid_list__type_support.c.o
[5.206s] [ 68%] Linking C shared library libmulti_map_server__rosidl_typesupport_introspection_c.so
[5.299s] [ 68%] Built target multi_map_server__rosidl_typesupport_introspection_c
[5.398s] [ 70%] Linking CXX shared library libmulti_map_server__rosidl_typesupport_cpp.so
[5.534s] [ 70%] Built target multi_map_server__rosidl_typesupport_cpp
[5.589s] [ 71%] Building CXX object CMakeFiles/multi_map_visualization.dir/src/multi_map_visualization.cc.o
[5.877s] [ 73%] Linking CXX shared library libmulti_map_server__rosidl_typesupport_fastrtps_c.so
[6.001s] [ 73%] Built target multi_map_server__rosidl_typesupport_fastrtps_c
[6.188s] [ 75%] Linking CXX shared library libmulti_map_server__rosidl_typesupport_fastrtps_cpp.so
[6.323s] [ 75%] Built target multi_map_server__rosidl_typesupport_fastrtps_cpp
[6.582s] [ 77%] Linking CXX shared library libmulti_map_server__rosidl_typesupport_introspection_cpp.so
[6.716s] [ 77%] Built target multi_map_server__rosidl_typesupport_introspection_cpp
[6.750s] [ 77%] Built target multi_map_server
[6.782s] [ 78%] Generating Python code for ROS interfaces
[7.855s] [ 78%] Built target multi_map_server__py
[7.894s] [ 80%] Building C object CMakeFiles/multi_map_server__rosidl_generator_py.dir/rosidl_generator_py/multi_map_server/msg/_vertical_occupancy_grid_list_s.c.o
[7.899s] [ 82%] Building C object CMakeFiles/multi_map_server__rosidl_generator_py.dir/rosidl_generator_py/multi_map_server/msg/_multi_sparse_map3_d_s.c.o
[7.912s] [ 84%] Building C object CMakeFiles/multi_map_server__rosidl_generator_py.dir/rosidl_generator_py/multi_map_server/msg/_sparse_map3_d_s.c.o
[7.925s] [ 85%] Building C object CMakeFiles/multi_map_server__rosidl_generator_py.dir/rosidl_generator_py/multi_map_server/msg/_multi_occupancy_grid_s.c.o
[8.221s] [ 87%] Linking C shared library rosidl_generator_py/multi_map_server/libmulti_map_server__rosidl_generator_py.so
[8.319s] [ 87%] Built target multi_map_server__rosidl_generator_py
[8.354s] [ 89%] Building C object CMakeFiles/multi_map_server__rosidl_typesupport_introspection_c__pyext.dir/rosidl_generator_py/multi_map_server/_multi_map_server_s.ep.rosidl_typesupport_introspection_c.c.o
[8.370s] [ 91%] Building C object CMakeFiles/multi_map_server__rosidl_typesupport_fastrtps_c__pyext.dir/rosidl_generator_py/multi_map_server/_multi_map_server_s.ep.rosidl_typesupport_fastrtps_c.c.o
[8.374s] [ 92%] Building C object CMakeFiles/multi_map_server__rosidl_typesupport_c__pyext.dir/rosidl_generator_py/multi_map_server/_multi_map_server_s.ep.rosidl_typesupport_c.c.o
[8.644s] [ 94%] Linking C shared library rosidl_generator_py/multi_map_server/multi_map_server_s__rosidl_typesupport_introspection_c.cpython-310-x86_64-linux-gnu.so
[8.664s] [ 96%] Linking C shared library rosidl_generator_py/multi_map_server/multi_map_server_s__rosidl_typesupport_c.cpython-310-x86_64-linux-gnu.so
[8.725s] [ 96%] Built target multi_map_server__rosidl_typesupport_introspection_c__pyext
[8.808s] [ 96%] Built target multi_map_server__rosidl_typesupport_c__pyext
[8.826s] [ 98%] Linking C shared library rosidl_generator_py/multi_map_server/multi_map_server_s__rosidl_typesupport_fastrtps_c.cpython-310-x86_64-linux-gnu.so
[8.926s] [ 98%] Built target multi_map_server__rosidl_typesupport_fastrtps_c__pyext
[12.728s] /home/pjh/ego_swarm/ego-planner-swarm/src/uav_simulator/Utils/multi_map_server/src/multi_map_visualization.cc:18:84: warning: ‘multi_map_server::msg::MultiOccupancyGrid_<std::allocator<void> >::ConstPtr’ is deprecated [-Wdeprecated-declarations]
[12.728s]    18 | void maps2d_callback(const multi_map_server::msg::MultiOccupancyGrid::ConstPtr &msg)
[12.729s]       |                                                                                    ^
[12.729s] In file included from /home/pjh/ego_swarm/ego-planner-swarm/build/multi_map_server/rosidl_generator_cpp/multi_map_server/msg/multi_occupancy_grid.hpp:7,
[12.729s]                  from /home/pjh/ego_swarm/ego-planner-swarm/src/uav_simulator/Utils/multi_map_server/src/multi_map_visualization.cc:5:
[12.729s] /home/pjh/ego_swarm/ego-planner-swarm/build/multi_map_server/rosidl_generator_cpp/multi_map_server/msg/detail/multi_occupancy_grid__struct.hpp:112:5: note: declared here
[12.729s]   112 |     ConstPtr;
[12.729s]       |     ^~~~~~~~
[12.732s] /home/pjh/ego_swarm/ego-planner-swarm/src/uav_simulator/Utils/multi_map_server/src/multi_map_visualization.cc:37:82: warning: ‘multi_map_server::msg::MultiSparseMap3D_<std::allocator<void> >::ConstPtr’ is deprecated [-Wdeprecated-declarations]
[12.732s]    37 | void maps3d_callback(const multi_map_server::msg::MultiSparseMap3D::ConstPtr &msg)
[12.732s]       |                                                                                  ^
[12.732s] In file included from /home/pjh/ego_swarm/ego-planner-swarm/build/multi_map_server/rosidl_generator_cpp/multi_map_server/msg/multi_sparse_map3_d.hpp:7,
[12.732s]                  from /home/pjh/ego_swarm/ego-planner-swarm/src/uav_simulator/Utils/multi_map_server/src/multi_map_visualization.cc:6:
[12.733s] /home/pjh/ego_swarm/ego-planner-swarm/build/multi_map_server/rosidl_generator_cpp/multi_map_server/msg/detail/multi_sparse_map3_d__struct.hpp:112:5: note: declared here
[12.733s]   112 |     ConstPtr;
[12.733s]       |     ^~~~~~~~
[39.592s] [100%] Linking CXX executable multi_map_visualization
[39.974s] [100%] Built target multi_map_visualization
[39.985s] Invoked command in '/home/pjh/ego_swarm/ego-planner-swarm/build/multi_map_server' returned '0': CMAKE_PREFIX_PATH=/home/pjh/ego_swarm/ego-planner-swarm/install/quadrotor_msgs:/home/pjh/ego_swarm/ego-planner-swarm/install/pose_utils:/home/pjh/ego_swarm/ego-planner-swarm/install/waypoint_generator:/home/pjh/ego_swarm/ego-planner-swarm/install/so3_quadrotor_simulator:/home/pjh/ego_swarm/ego-planner-swarm/install/uav_utils:/home/pjh/ego_swarm/ego-planner-swarm/install/traj_recorder:/home/pjh/ego_swarm/ego-planner-swarm/install/rosmsg_tcp_bridge:/home/pjh/ego_swarm/ego-planner-swarm/install/layer_planner:/home/pjh/ego_swarm/ego-planner-swarm/install/ego_planner:/home/pjh/ego_swarm/ego-planner-swarm/install/bspline_opt:/home/pjh/ego_swarm/ego-planner-swarm/install/traj_utils:/home/pjh/ego_swarm/ego-planner-swarm/install/so3_control:/home/pjh/ego_swarm/ego-planner-swarm/install/poscmd_2_odom:/home/pjh/ego_swarm/ego-planner-swarm/install/odom_visualization:/home/pjh/ego_swarm/ego-planner-swarm/install/multi_map_server:/home/pjh/ego_swarm/ego-planner-swarm/install/local_sensing:/home/pjh/ego_swarm/ego-planner-swarm/install/path_searching:/home/pjh/ego_swarm/ego-planner-swarm/install/plan_env:/home/pjh/ego_swarm/ego-planner-swarm/install/mockamap:/home/pjh/ego_swarm/ego-planner-swarm/install/map_generator:/home/pjh/ego_swarm/ego-planner-swarm/install/drone_detect:/home/pjh/ego_swarm/ego-planner-swarm/install/cmake_utils:/opt/ros/humble LD_LIBRARY_PATH=/home/pjh/ego_swarm/ego-planner-swarm/install/quadrotor_msgs/lib:/home/pjh/ego_swarm/ego-planner-swarm/install/pose_utils/lib:/home/pjh/ego_swarm/ego-planner-swarm/install/bspline_opt/lib:/home/pjh/ego_swarm/ego-planner-swarm/install/traj_utils/lib:/home/pjh/ego_swarm/ego-planner-swarm/install/so3_control/lib:/home/pjh/ego_swarm/ego-planner-swarm/install/multi_map_server/lib:/home/pjh/ego_swarm/ego-planner-swarm/install/path_searching/lib:/home/pjh/ego_swarm/ego-planner-swarm/install/plan_env/lib:/usr/lib/x86_64-linux-gnu/gazebo-11/plugins:/opt/ros/humble/opt/rviz_ogre_vendor/lib:/opt/ros/humble/lib/x86_64-linux-gnu:/opt/ros/humble/lib /usr/bin/cmake --build /home/pjh/ego_swarm/ego-planner-swarm/build/multi_map_server -- -j22 -l22
[39.987s] Invoking command in '/home/pjh/ego_swarm/ego-planner-swarm/build/multi_map_server': CMAKE_PREFIX_PATH=/home/pjh/ego_swarm/ego-planner-swarm/install/quadrotor_msgs:/home/pjh/ego_swarm/ego-planner-swarm/install/pose_utils:/home/pjh/ego_swarm/ego-planner-swarm/install/waypoint_generator:/home/pjh/ego_swarm/ego-planner-swarm/install/so3_quadrotor_simulator:/home/pjh/ego_swarm/ego-planner-swarm/install/uav_utils:/home/pjh/ego_swarm/ego-planner-swarm/install/traj_recorder:/home/pjh/ego_swarm/ego-planner-swarm/install/rosmsg_tcp_bridge:/home/pjh/ego_swarm/ego-planner-swarm/install/layer_planner:/home/pjh/ego_swarm/ego-planner-swarm/install/ego_planner:/home/pjh/ego_swarm/ego-planner-swarm/install/bspline_opt:/home/pjh/ego_swarm/ego-planner-swarm/install/traj_utils:/home/pjh/ego_swarm/ego-planner-swarm/install/so3_control:/home/pjh/ego_swarm/ego-planner-swarm/install/poscmd_2_odom:/home/pjh/ego_swarm/ego-planner-swarm/install/odom_visualization:/home/pjh/ego_swarm/ego-planner-swarm/install/multi_map_server:/home/pjh/ego_swarm/ego-planner-swarm/install/local_sensing:/home/pjh/ego_swarm/ego-planner-swarm/install/path_searching:/home/pjh/ego_swarm/ego-planner-swarm/install/plan_env:/home/pjh/ego_swarm/ego-planner-swarm/install/mockamap:/home/pjh/ego_swarm/ego-planner-swarm/install/map_generator:/home/pjh/ego_swarm/ego-planner-swarm/install/drone_detect:/home/pjh/ego_swarm/ego-planner-swarm/install/cmake_utils:/opt/ros/humble LD_LIBRARY_PATH=/home/pjh/ego_swarm/ego-planner-swarm/install/quadrotor_msgs/lib:/home/pjh/ego_swarm/ego-planner-swarm/install/pose_utils/lib:/home/pjh/ego_swarm/ego-planner-swarm/install/bspline_opt/lib:/home/pjh/ego_swarm/ego-planner-swarm/install/traj_utils/lib:/home/pjh/ego_swarm/ego-planner-swarm/install/so3_control/lib:/home/pjh/ego_swarm/ego-planner-swarm/install/multi_map_server/lib:/home/pjh/ego_swarm/ego-planner-swarm/install/path_searching/lib:/home/pjh/ego_swarm/ego-planner-swarm/install/plan_env/lib:/usr/lib/x86_64-linux-gnu/gazebo-11/plugins:/opt/ros/humble/opt/rviz_ogre_vendor/lib:/opt/ros/humble/lib/x86_64-linux-gnu:/opt/ros/humble/lib /usr/bin/cmake --install /home/pjh/ego_swarm/ego-planner-swarm/build/multi_map_server
[39.995s] -- Install configuration: "Release"
[39.995s] -- Execute custom install script
[39.996s] -- Symlinking: /home/pjh/ego_swarm/ego-planner-swarm/install/multi_map_server/share/ament_index/resource_index/rosidl_interfaces/multi_map_server
[40.004s] -- Symlinking: /home/pjh/ego_swarm/ego-planner-swarm/install/multi_map_server/include/multi_map_server/multi_map_server/msg/detail/multi_occupancy_grid__functions.h
[40.013s] -- Symlinking: /home/pjh/ego_swarm/ego-planner-swarm/install/multi_map_server/include/multi_map_server/multi_map_server/msg/detail/multi_occupancy_grid__struct.h
[40.021s] -- Symlinking: /home/pjh/ego_swarm/ego-planner-swarm/install/multi_map_server/include/multi_map_server/multi_map_server/msg/detail/multi_occupancy_grid__type_support.h
[40.030s] -- Symlinking: /home/pjh/ego_swarm/ego-planner-swarm/install/multi_map_server/include/multi_map_server/multi_map_server/msg/detail/multi_sparse_map3_d__functions.h
[40.046s] -- Symlinking: /home/pjh/ego_swarm/ego-planner-swarm/install/multi_map_server/include/multi_map_server/multi_map_server/msg/detail/multi_sparse_map3_d__struct.h
[40.046s] -- Symlinking: /home/pjh/ego_swarm/ego-planner-swarm/install/multi_map_server/include/multi_map_server/multi_map_server/msg/detail/multi_sparse_map3_d__type_support.h
[40.048s] -- Symlinking: /home/pjh/ego_swarm/ego-planner-swarm/install/multi_map_server/include/multi_map_server/multi_map_server/msg/detail/sparse_map3_d__functions.h
[40.057s] -- Symlinking: /home/pjh/ego_swarm/ego-planner-swarm/install/multi_map_server/include/multi_map_server/multi_map_server/msg/detail/sparse_map3_d__struct.h
[40.065s] -- Symlinking: /home/pjh/ego_swarm/ego-planner-swarm/install/multi_map_server/include/multi_map_server/multi_map_server/msg/detail/sparse_map3_d__type_support.h
[40.074s] -- Symlinking: /home/pjh/ego_swarm/ego-planner-swarm/install/multi_map_server/include/multi_map_server/multi_map_server/msg/detail/vertical_occupancy_grid_list__functions.h
[40.080s] -- Symlinking: /home/pjh/ego_swarm/ego-planner-swarm/install/multi_map_server/include/multi_map_server/multi_map_server/msg/detail/vertical_occupancy_grid_list__struct.h
[40.088s] -- Symlinking: /home/pjh/ego_swarm/ego-planner-swarm/install/multi_map_server/include/multi_map_server/multi_map_server/msg/detail/vertical_occupancy_grid_list__type_support.h
[40.095s] -- Symlinking: /home/pjh/ego_swarm/ego-planner-swarm/install/multi_map_server/include/multi_map_server/multi_map_server/msg/multi_occupancy_grid.h
[40.102s] -- Symlinking: /home/pjh/ego_swarm/ego-planner-swarm/install/multi_map_server/include/multi_map_server/multi_map_server/msg/multi_sparse_map3_d.h
[40.109s] -- Symlinking: /home/pjh/ego_swarm/ego-planner-swarm/install/multi_map_server/include/multi_map_server/multi_map_server/msg/rosidl_generator_c__visibility_control.h
[40.115s] -- Symlinking: /home/pjh/ego_swarm/ego-planner-swarm/install/multi_map_server/include/multi_map_server/multi_map_server/msg/sparse_map3_d.h
[40.122s] -- Symlinking: /home/pjh/ego_swarm/ego-planner-swarm/install/multi_map_server/include/multi_map_server/multi_map_server/msg/vertical_occupancy_grid_list.h
[40.127s] -- Symlinking: /home/pjh/ego_swarm/ego-planner-swarm/install/multi_map_server/share/multi_map_server/environment/library_path.sh
[40.133s] -- Symlinking: /home/pjh/ego_swarm/ego-planner-swarm/install/multi_map_server/share/multi_map_server/environment/library_path.dsv
[40.140s] -- Symlinking: /home/pjh/ego_swarm/ego-planner-swarm/install/multi_map_server/include/multi_map_server/multi_map_server/msg/detail/multi_occupancy_grid__rosidl_typesupport_fastrtps_c.h
[40.146s] -- Symlinking: /home/pjh/ego_swarm/ego-planner-swarm/install/multi_map_server/include/multi_map_server/multi_map_server/msg/detail/multi_sparse_map3_d__rosidl_typesupport_fastrtps_c.h
[40.153s] -- Symlinking: /home/pjh/ego_swarm/ego-planner-swarm/install/multi_map_server/include/multi_map_server/multi_map_server/msg/detail/sparse_map3_d__rosidl_typesupport_fastrtps_c.h
[40.160s] -- Symlinking: /home/pjh/ego_swarm/ego-planner-swarm/install/multi_map_server/include/multi_map_server/multi_map_server/msg/detail/vertical_occupancy_grid_list__rosidl_typesupport_fastrtps_c.h
[40.166s] -- Symlinking: /home/pjh/ego_swarm/ego-planner-swarm/install/multi_map_server/include/multi_map_server/multi_map_server/msg/rosidl_typesupport_fastrtps_c__visibility_control.h
[40.174s] -- Symlinking: /home/pjh/ego_swarm/ego-planner-swarm/install/multi_map_server/include/multi_map_server/multi_map_server/msg/detail/multi_occupancy_grid__builder.hpp
[40.180s] -- Symlinking: /home/pjh/ego_swarm/ego-planner-swarm/install/multi_map_server/include/multi_map_server/multi_map_server/msg/detail/multi_occupancy_grid__struct.hpp
[40.185s] -- Symlinking: /home/pjh/ego_swarm/ego-planner-swarm/install/multi_map_server/include/multi_map_server/multi_map_server/msg/detail/multi_occupancy_grid__traits.hpp
[40.190s] -- Symlinking: /home/pjh/ego_swarm/ego-planner-swarm/install/multi_map_server/include/multi_map_server/multi_map_server/msg/detail/multi_occupancy_grid__type_support.hpp
[40.197s] -- Symlinking: /home/pjh/ego_swarm/ego-planner-swarm/install/multi_map_server/include/multi_map_server/multi_map_server/msg/detail/multi_sparse_map3_d__builder.hpp
[40.203s] -- Symlinking: /home/pjh/ego_swarm/ego-planner-swarm/install/multi_map_server/include/multi_map_server/multi_map_server/msg/detail/multi_sparse_map3_d__struct.hpp
[40.208s] -- Symlinking: /home/pjh/ego_swarm/ego-planner-swarm/install/multi_map_server/include/multi_map_server/multi_map_server/msg/detail/multi_sparse_map3_d__traits.hpp
[40.215s] -- Symlinking: /home/pjh/ego_swarm/ego-planner-swarm/install/multi_map_server/include/multi_map_server/multi_map_server/msg/detail/multi_sparse_map3_d__type_support.hpp
[40.222s] -- Symlinking: /home/pjh/ego_swarm/ego-planner-swarm/install/multi_map_server/include/multi_map_server/multi_map_server/msg/detail/sparse_map3_d__builder.hpp
[40.228s] -- Symlinking: /home/pjh/ego_swarm/ego-planner-swarm/install/multi_map_server/include/multi_map_server/multi_map_server/msg/detail/sparse_map3_d__struct.hpp
[40.236s] -- Symlinking: /home/pjh/ego_swarm/ego-planner-swarm/install/multi_map_server/include/multi_map_server/multi_map_server/msg/detail/sparse_map3_d__traits.hpp
[40.244s] -- Symlinking: /home/pjh/ego_swarm/ego-planner-swarm/install/multi_map_server/include/multi_map_server/multi_map_server/msg/detail/sparse_map3_d__type_support.hpp
[40.253s] -- Symlinking: /home/pjh/ego_swarm/ego-planner-swarm/install/multi_map_server/include/multi_map_server/multi_map_server/msg/detail/vertical_occupancy_grid_list__builder.hpp
[40.264s] -- Symlinking: /home/pjh/ego_swarm/ego-planner-swarm/install/multi_map_server/include/multi_map_server/multi_map_server/msg/detail/vertical_occupancy_grid_list__struct.hpp
[40.274s] -- Symlinking: /home/pjh/ego_swarm/ego-planner-swarm/install/multi_map_server/include/multi_map_server/multi_map_server/msg/detail/vertical_occupancy_grid_list__traits.hpp
[40.283s] -- Symlinking: /home/pjh/ego_swarm/ego-planner-swarm/install/multi_map_server/include/multi_map_server/multi_map_server/msg/detail/vertical_occupancy_grid_list__type_support.hpp
[40.292s] -- Symlinking: /home/pjh/ego_swarm/ego-planner-swarm/install/multi_map_server/include/multi_map_server/multi_map_server/msg/multi_occupancy_grid.hpp
[40.301s] -- Symlinking: /home/pjh/ego_swarm/ego-planner-swarm/install/multi_map_server/include/multi_map_server/multi_map_server/msg/multi_sparse_map3_d.hpp
[40.308s] -- Symlinking: /home/pjh/ego_swarm/ego-planner-swarm/install/multi_map_server/include/multi_map_server/multi_map_server/msg/rosidl_generator_cpp__visibility_control.hpp
[40.313s] -- Symlinking: /home/pjh/ego_swarm/ego-planner-swarm/install/multi_map_server/include/multi_map_server/multi_map_server/msg/sparse_map3_d.hpp
[40.322s] -- Symlinking: /home/pjh/ego_swarm/ego-planner-swarm/install/multi_map_server/include/multi_map_server/multi_map_server/msg/vertical_occupancy_grid_list.hpp
[40.332s] -- Symlinking: /home/pjh/ego_swarm/ego-planner-swarm/install/multi_map_server/include/multi_map_server/multi_map_server/msg/detail/multi_occupancy_grid__rosidl_typesupport_fastrtps_cpp.hpp
[40.339s] -- Symlinking: /home/pjh/ego_swarm/ego-planner-swarm/install/multi_map_server/include/multi_map_server/multi_map_server/msg/detail/multi_sparse_map3_d__rosidl_typesupport_fastrtps_cpp.hpp
[40.350s] -- Symlinking: /home/pjh/ego_swarm/ego-planner-swarm/install/multi_map_server/include/multi_map_server/multi_map_server/msg/detail/sparse_map3_d__rosidl_typesupport_fastrtps_cpp.hpp
[40.360s] -- Symlinking: /home/pjh/ego_swarm/ego-planner-swarm/install/multi_map_server/include/multi_map_server/multi_map_server/msg/detail/vertical_occupancy_grid_list__rosidl_typesupport_fastrtps_cpp.hpp
[40.370s] -- Symlinking: /home/pjh/ego_swarm/ego-planner-swarm/install/multi_map_server/include/multi_map_server/multi_map_server/msg/rosidl_typesupport_fastrtps_cpp__visibility_control.h
[40.380s] -- Symlinking: /home/pjh/ego_swarm/ego-planner-swarm/install/multi_map_server/include/multi_map_server/multi_map_server/msg/detail/multi_occupancy_grid__rosidl_typesupport_introspection_c.h
[40.390s] -- Symlinking: /home/pjh/ego_swarm/ego-planner-swarm/install/multi_map_server/include/multi_map_server/multi_map_server/msg/detail/multi_sparse_map3_d__rosidl_typesupport_introspection_c.h
[40.401s] -- Symlinking: /home/pjh/ego_swarm/ego-planner-swarm/install/multi_map_server/include/multi_map_server/multi_map_server/msg/detail/sparse_map3_d__rosidl_typesupport_introspection_c.h
[40.411s] -- Symlinking: /home/pjh/ego_swarm/ego-planner-swarm/install/multi_map_server/include/multi_map_server/multi_map_server/msg/detail/vertical_occupancy_grid_list__rosidl_typesupport_introspection_c.h
[40.421s] -- Symlinking: /home/pjh/ego_swarm/ego-planner-swarm/install/multi_map_server/include/multi_map_server/multi_map_server/msg/rosidl_typesupport_introspection_c__visibility_control.h
[40.431s] -- Symlinking: /home/pjh/ego_swarm/ego-planner-swarm/install/multi_map_server/include/multi_map_server/multi_map_server/msg/detail/multi_occupancy_grid__rosidl_typesupport_introspection_cpp.hpp
[40.444s] -- Symlinking: /home/pjh/ego_swarm/ego-planner-swarm/install/multi_map_server/include/multi_map_server/multi_map_server/msg/detail/multi_sparse_map3_d__rosidl_typesupport_introspection_cpp.hpp
[40.454s] -- Symlinking: /home/pjh/ego_swarm/ego-planner-swarm/install/multi_map_server/include/multi_map_server/multi_map_server/msg/detail/sparse_map3_d__rosidl_typesupport_introspection_cpp.hpp
[40.464s] -- Symlinking: /home/pjh/ego_swarm/ego-planner-swarm/install/multi_map_server/include/multi_map_server/multi_map_server/msg/detail/vertical_occupancy_grid_list__rosidl_typesupport_introspection_cpp.hpp
[40.474s] -- Symlinking: /home/pjh/ego_swarm/ego-planner-swarm/install/multi_map_server/share/multi_map_server/environment/pythonpath.sh
[40.483s] -- Symlinking: /home/pjh/ego_swarm/ego-planner-swarm/install/multi_map_server/share/multi_map_server/environment/pythonpath.dsv
[40.495s] -- Symlinking: /home/pjh/ego_swarm/ego-planner-swarm/install/multi_map_server/local/lib/python3.10/dist-packages/multi_map_server-0.0.0-py3.10.egg-info/PKG-INFO
[40.505s] -- Symlinking: /home/pjh/ego_swarm/ego-planner-swarm/install/multi_map_server/local/lib/python3.10/dist-packages/multi_map_server-0.0.0-py3.10.egg-info/SOURCES.txt
[40.516s] -- Symlinking: /home/pjh/ego_swarm/ego-planner-swarm/install/multi_map_server/local/lib/python3.10/dist-packages/multi_map_server-0.0.0-py3.10.egg-info/dependency_links.txt
[40.526s] -- Symlinking: /home/pjh/ego_swarm/ego-planner-swarm/install/multi_map_server/local/lib/python3.10/dist-packages/multi_map_server-0.0.0-py3.10.egg-info/top_level.txt
[40.537s] -- Symlinking: /home/pjh/ego_swarm/ego-planner-swarm/install/multi_map_server/local/lib/python3.10/dist-packages/multi_map_server/__init__.py
[40.545s] -- Symlinking: /home/pjh/ego_swarm/ego-planner-swarm/install/multi_map_server/local/lib/python3.10/dist-packages/multi_map_server/_multi_map_server_s.ep.rosidl_typesupport_c.c
[40.554s] -- Symlinking: /home/pjh/ego_swarm/ego-planner-swarm/install/multi_map_server/local/lib/python3.10/dist-packages/multi_map_server/_multi_map_server_s.ep.rosidl_typesupport_fastrtps_c.c
[40.565s] -- Symlinking: /home/pjh/ego_swarm/ego-planner-swarm/install/multi_map_server/local/lib/python3.10/dist-packages/multi_map_server/_multi_map_server_s.ep.rosidl_typesupport_introspection_c.c
[40.576s] -- Symlinking: /home/pjh/ego_swarm/ego-planner-swarm/install/multi_map_server/local/lib/python3.10/dist-packages/multi_map_server/libmulti_map_server__rosidl_generator_py.so
[40.584s] -- Symlinking: /home/pjh/ego_swarm/ego-planner-swarm/install/multi_map_server/local/lib/python3.10/dist-packages/multi_map_server/msg/__init__.py
[40.594s] -- Symlinking: /home/pjh/ego_swarm/ego-planner-swarm/install/multi_map_server/local/lib/python3.10/dist-packages/multi_map_server/msg/_multi_occupancy_grid.py
[40.603s] -- Symlinking: /home/pjh/ego_swarm/ego-planner-swarm/install/multi_map_server/local/lib/python3.10/dist-packages/multi_map_server/msg/_multi_occupancy_grid_s.c
[40.612s] -- Symlinking: /home/pjh/ego_swarm/ego-planner-swarm/install/multi_map_server/local/lib/python3.10/dist-packages/multi_map_server/msg/_multi_sparse_map3_d.py
[40.622s] -- Symlinking: /home/pjh/ego_swarm/ego-planner-swarm/install/multi_map_server/local/lib/python3.10/dist-packages/multi_map_server/msg/_multi_sparse_map3_d_s.c
[40.632s] -- Symlinking: /home/pjh/ego_swarm/ego-planner-swarm/install/multi_map_server/local/lib/python3.10/dist-packages/multi_map_server/msg/_sparse_map3_d.py
[40.640s] -- Symlinking: /home/pjh/ego_swarm/ego-planner-swarm/install/multi_map_server/local/lib/python3.10/dist-packages/multi_map_server/msg/_sparse_map3_d_s.c
[40.650s] -- Symlinking: /home/pjh/ego_swarm/ego-planner-swarm/install/multi_map_server/local/lib/python3.10/dist-packages/multi_map_server/msg/_vertical_occupancy_grid_list.py
[40.661s] -- Symlinking: /home/pjh/ego_swarm/ego-planner-swarm/install/multi_map_server/local/lib/python3.10/dist-packages/multi_map_server/msg/_vertical_occupancy_grid_list_s.c
[40.672s] -- Symlinking: /home/pjh/ego_swarm/ego-planner-swarm/install/multi_map_server/local/lib/python3.10/dist-packages/multi_map_server/multi_map_server_s__rosidl_typesupport_c.cpython-310-x86_64-linux-gnu.so
[40.682s] -- Symlinking: /home/pjh/ego_swarm/ego-planner-swarm/install/multi_map_server/local/lib/python3.10/dist-packages/multi_map_server/multi_map_server_s__rosidl_typesupport_fastrtps_c.cpython-310-x86_64-linux-gnu.so
[40.693s] -- Symlinking: /home/pjh/ego_swarm/ego-planner-swarm/install/multi_map_server/local/lib/python3.10/dist-packages/multi_map_server/multi_map_server_s__rosidl_typesupport_introspection_c.cpython-310-x86_64-linux-gnu.so
[40.705s] -- Up-to-date symlink: /home/pjh/ego_swarm/ego-planner-swarm/install/multi_map_server/local/lib/python3.10/dist-packages/multi_map_server/multi_map_server_s__rosidl_typesupport_fastrtps_c.cpython-310-x86_64-linux-gnu.so
[40.705s] -- Up-to-date symlink: /home/pjh/ego_swarm/ego-planner-swarm/install/multi_map_server/local/lib/python3.10/dist-packages/multi_map_server/multi_map_server_s__rosidl_typesupport_introspection_c.cpython-310-x86_64-linux-gnu.so
[40.705s] -- Up-to-date symlink: /home/pjh/ego_swarm/ego-planner-swarm/install/multi_map_server/local/lib/python3.10/dist-packages/multi_map_server/multi_map_server_s__rosidl_typesupport_c.cpython-310-x86_64-linux-gnu.so
[40.706s] -- Symlinking: /home/pjh/ego_swarm/ego-planner-swarm/install/multi_map_server/share/multi_map_server/msg/MultiOccupancyGrid.idl
[40.717s] -- Symlinking: /home/pjh/ego_swarm/ego-planner-swarm/install/multi_map_server/share/multi_map_server/msg/MultiSparseMap3D.idl
[40.726s] -- Symlinking: /home/pjh/ego_swarm/ego-planner-swarm/install/multi_map_server/share/multi_map_server/msg/SparseMap3D.idl
[40.733s] -- Symlinking: /home/pjh/ego_swarm/ego-planner-swarm/install/multi_map_server/share/multi_map_server/msg/VerticalOccupancyGridList.idl
[40.739s] -- Symlinking: /home/pjh/ego_swarm/ego-planner-swarm/install/multi_map_server/share/multi_map_server/msg/MultiOccupancyGrid.msg
[40.751s] -- Symlinking: /home/pjh/ego_swarm/ego-planner-swarm/install/multi_map_server/share/multi_map_server/msg/MultiSparseMap3D.msg
[40.762s] -- Symlinking: /home/pjh/ego_swarm/ego-planner-swarm/install/multi_map_server/share/multi_map_server/msg/SparseMap3D.msg
[40.770s] -- Symlinking: /home/pjh/ego_swarm/ego-planner-swarm/install/multi_map_server/share/multi_map_server/msg/VerticalOccupancyGridList.msg
[40.778s] -- Symlinking: /home/pjh/ego_swarm/ego-planner-swarm/install/multi_map_server/lib/multi_map_server/multi_map_visualization
[40.791s] -- Symlinking: /home/pjh/ego_swarm/ego-planner-swarm/install/multi_map_server/share/ament_index/resource_index/package_run_dependencies/multi_map_server
[40.804s] -- Symlinking: /home/pjh/ego_swarm/ego-planner-swarm/install/multi_map_server/share/ament_index/resource_index/parent_prefix_path/multi_map_server
[40.814s] -- Symlinking: /home/pjh/ego_swarm/ego-planner-swarm/install/multi_map_server/share/multi_map_server/environment/ament_prefix_path.sh
[40.825s] -- Symlinking: /home/pjh/ego_swarm/ego-planner-swarm/install/multi_map_server/share/multi_map_server/environment/ament_prefix_path.dsv
[40.835s] -- Symlinking: /home/pjh/ego_swarm/ego-planner-swarm/install/multi_map_server/share/multi_map_server/environment/path.sh
[40.845s] -- Symlinking: /home/pjh/ego_swarm/ego-planner-swarm/install/multi_map_server/share/multi_map_server/environment/path.dsv
[40.856s] -- Symlinking: /home/pjh/ego_swarm/ego-planner-swarm/install/multi_map_server/share/multi_map_server/local_setup.bash
[40.868s] -- Symlinking: /home/pjh/ego_swarm/ego-planner-swarm/install/multi_map_server/share/multi_map_server/local_setup.sh
[40.879s] -- Symlinking: /home/pjh/ego_swarm/ego-planner-swarm/install/multi_map_server/share/multi_map_server/local_setup.zsh
[40.890s] -- Symlinking: /home/pjh/ego_swarm/ego-planner-swarm/install/multi_map_server/share/multi_map_server/local_setup.dsv
[40.901s] -- Symlinking: /home/pjh/ego_swarm/ego-planner-swarm/install/multi_map_server/share/multi_map_server/package.dsv
[40.916s] -- Symlinking: /home/pjh/ego_swarm/ego-planner-swarm/install/multi_map_server/share/ament_index/resource_index/packages/multi_map_server
[40.927s] -- Symlinking: /home/pjh/ego_swarm/ego-planner-swarm/install/multi_map_server/share/multi_map_server/cmake/rosidl_cmake-extras.cmake
[40.937s] -- Symlinking: /home/pjh/ego_swarm/ego-planner-swarm/install/multi_map_server/share/multi_map_server/cmake/ament_cmake_export_dependencies-extras.cmake
[40.946s] -- Symlinking: /home/pjh/ego_swarm/ego-planner-swarm/install/multi_map_server/share/multi_map_server/cmake/ament_cmake_export_include_directories-extras.cmake
[40.954s] -- Symlinking: /home/pjh/ego_swarm/ego-planner-swarm/install/multi_map_server/share/multi_map_server/cmake/ament_cmake_export_libraries-extras.cmake
[40.964s] -- Symlinking: /home/pjh/ego_swarm/ego-planner-swarm/install/multi_map_server/share/multi_map_server/cmake/ament_cmake_export_targets-extras.cmake
[40.974s] -- Symlinking: /home/pjh/ego_swarm/ego-planner-swarm/install/multi_map_server/share/multi_map_server/cmake/rosidl_cmake_export_typesupport_targets-extras.cmake
[40.982s] -- Symlinking: /home/pjh/ego_swarm/ego-planner-swarm/install/multi_map_server/share/multi_map_server/cmake/rosidl_cmake_export_typesupport_libraries-extras.cmake
[40.991s] -- Symlinking: /home/pjh/ego_swarm/ego-planner-swarm/install/multi_map_server/share/multi_map_server/cmake/multi_map_serverConfig.cmake
[40.999s] -- Symlinking: /home/pjh/ego_swarm/ego-planner-swarm/install/multi_map_server/share/multi_map_server/cmake/multi_map_serverConfig-version.cmake
[41.007s] -- Symlinking: /home/pjh/ego_swarm/ego-planner-swarm/install/multi_map_server/share/multi_map_server/package.xml
[41.014s] -- Installing: /home/pjh/ego_swarm/ego-planner-swarm/install/multi_map_server/lib/libmulti_map_server__rosidl_generator_c.so
[41.014s] -- Set runtime path of "/home/pjh/ego_swarm/ego-planner-swarm/install/multi_map_server/lib/libmulti_map_server__rosidl_generator_c.so" to ""
[41.014s] -- Installing: /home/pjh/ego_swarm/ego-planner-swarm/install/multi_map_server/lib/libmulti_map_server__rosidl_typesupport_fastrtps_c.so
[41.015s] -- Set runtime path of "/home/pjh/ego_swarm/ego-planner-swarm/install/multi_map_server/lib/libmulti_map_server__rosidl_typesupport_fastrtps_c.so" to ""
[41.015s] -- Installing: /home/pjh/ego_swarm/ego-planner-swarm/install/multi_map_server/lib/libmulti_map_server__rosidl_typesupport_fastrtps_cpp.so
[41.016s] -- Set runtime path of "/home/pjh/ego_swarm/ego-planner-swarm/install/multi_map_server/lib/libmulti_map_server__rosidl_typesupport_fastrtps_cpp.so" to ""
[41.016s] -- Installing: /home/pjh/ego_swarm/ego-planner-swarm/install/multi_map_server/lib/libmulti_map_server__rosidl_typesupport_introspection_c.so
[41.016s] -- Set runtime path of "/home/pjh/ego_swarm/ego-planner-swarm/install/multi_map_server/lib/libmulti_map_server__rosidl_typesupport_introspection_c.so" to ""
[41.016s] -- Installing: /home/pjh/ego_swarm/ego-planner-swarm/install/multi_map_server/lib/libmulti_map_server__rosidl_typesupport_c.so
[41.016s] -- Set runtime path of "/home/pjh/ego_swarm/ego-planner-swarm/install/multi_map_server/lib/libmulti_map_server__rosidl_typesupport_c.so" to ""
[41.017s] -- Installing: /home/pjh/ego_swarm/ego-planner-swarm/install/multi_map_server/lib/libmulti_map_server__rosidl_typesupport_introspection_cpp.so
[41.017s] -- Set runtime path of "/home/pjh/ego_swarm/ego-planner-swarm/install/multi_map_server/lib/libmulti_map_server__rosidl_typesupport_introspection_cpp.so" to ""
[41.017s] -- Installing: /home/pjh/ego_swarm/ego-planner-swarm/install/multi_map_server/lib/libmulti_map_server__rosidl_typesupport_cpp.so
[41.017s] -- Set runtime path of "/home/pjh/ego_swarm/ego-planner-swarm/install/multi_map_server/lib/libmulti_map_server__rosidl_typesupport_cpp.so" to ""
[41.050s] Listing '/home/pjh/ego_swarm/ego-planner-swarm/install/multi_map_server/local/lib/python3.10/dist-packages/multi_map_server'...
[41.050s] Compiling '/home/pjh/ego_swarm/ego-planner-swarm/install/multi_map_server/local/lib/python3.10/dist-packages/multi_map_server/__init__.py'...
[41.050s] Listing '/home/pjh/ego_swarm/ego-planner-swarm/install/multi_map_server/local/lib/python3.10/dist-packages/multi_map_server/msg'...
[41.050s] Compiling '/home/pjh/ego_swarm/ego-planner-swarm/install/multi_map_server/local/lib/python3.10/dist-packages/multi_map_server/msg/__init__.py'...
[41.050s] Compiling '/home/pjh/ego_swarm/ego-planner-swarm/install/multi_map_server/local/lib/python3.10/dist-packages/multi_map_server/msg/_multi_occupancy_grid.py'...
[41.050s] Compiling '/home/pjh/ego_swarm/ego-planner-swarm/install/multi_map_server/local/lib/python3.10/dist-packages/multi_map_server/msg/_multi_sparse_map3_d.py'...
[41.050s] Compiling '/home/pjh/ego_swarm/ego-planner-swarm/install/multi_map_server/local/lib/python3.10/dist-packages/multi_map_server/msg/_sparse_map3_d.py'...
[41.050s] Compiling '/home/pjh/ego_swarm/ego-planner-swarm/install/multi_map_server/local/lib/python3.10/dist-packages/multi_map_server/msg/_vertical_occupancy_grid_list.py'...
[41.054s] -- Installing: /home/pjh/ego_swarm/ego-planner-swarm/install/multi_map_server/lib/libmulti_map_server__rosidl_generator_py.so
[41.055s] -- Set runtime path of "/home/pjh/ego_swarm/ego-planner-swarm/install/multi_map_server/lib/libmulti_map_server__rosidl_generator_py.so" to ""
[41.055s] -- Installing: /home/pjh/ego_swarm/ego-planner-swarm/install/multi_map_server/share/multi_map_server/cmake/export_multi_map_server__rosidl_generator_cExport.cmake
[41.055s] -- Installing: /home/pjh/ego_swarm/ego-planner-swarm/install/multi_map_server/share/multi_map_server/cmake/export_multi_map_server__rosidl_generator_cExport-release.cmake
[41.056s] -- Installing: /home/pjh/ego_swarm/ego-planner-swarm/install/multi_map_server/share/multi_map_server/cmake/export_multi_map_server__rosidl_typesupport_fastrtps_cExport.cmake
[41.056s] -- Installing: /home/pjh/ego_swarm/ego-planner-swarm/install/multi_map_server/share/multi_map_server/cmake/export_multi_map_server__rosidl_typesupport_fastrtps_cExport-release.cmake
[41.056s] -- Installing: /home/pjh/ego_swarm/ego-planner-swarm/install/multi_map_server/share/multi_map_server/cmake/export_multi_map_server__rosidl_generator_cppExport.cmake
[41.056s] -- Installing: /home/pjh/ego_swarm/ego-planner-swarm/install/multi_map_server/share/multi_map_server/cmake/export_multi_map_server__rosidl_typesupport_fastrtps_cppExport.cmake
[41.056s] -- Installing: /home/pjh/ego_swarm/ego-planner-swarm/install/multi_map_server/share/multi_map_server/cmake/export_multi_map_server__rosidl_typesupport_fastrtps_cppExport-release.cmake
[41.056s] -- Installing: /home/pjh/ego_swarm/ego-planner-swarm/install/multi_map_server/share/multi_map_server/cmake/multi_map_server__rosidl_typesupport_introspection_cExport.cmake
[41.056s] -- Installing: /home/pjh/ego_swarm/ego-planner-swarm/install/multi_map_server/share/multi_map_server/cmake/multi_map_server__rosidl_typesupport_introspection_cExport-release.cmake
[41.056s] -- Installing: /home/pjh/ego_swarm/ego-planner-swarm/install/multi_map_server/share/multi_map_server/cmake/multi_map_server__rosidl_typesupport_cExport.cmake
[41.056s] -- Installing: /home/pjh/ego_swarm/ego-planner-swarm/install/multi_map_server/share/multi_map_server/cmake/multi_map_server__rosidl_typesupport_cExport-release.cmake
[41.056s] -- Installing: /home/pjh/ego_swarm/ego-planner-swarm/install/multi_map_server/share/multi_map_server/cmake/multi_map_server__rosidl_typesupport_introspection_cppExport.cmake
[41.057s] -- Installing: /home/pjh/ego_swarm/ego-planner-swarm/install/multi_map_server/share/multi_map_server/cmake/multi_map_server__rosidl_typesupport_introspection_cppExport-release.cmake
[41.057s] -- Installing: /home/pjh/ego_swarm/ego-planner-swarm/install/multi_map_server/share/multi_map_server/cmake/multi_map_server__rosidl_typesupport_cppExport.cmake
[41.057s] -- Installing: /home/pjh/ego_swarm/ego-planner-swarm/install/multi_map_server/share/multi_map_server/cmake/multi_map_server__rosidl_typesupport_cppExport-release.cmake
[41.057s] -- Installing: /home/pjh/ego_swarm/ego-planner-swarm/install/multi_map_server/share/multi_map_server/cmake/export_multi_map_server__rosidl_generator_pyExport.cmake
[41.057s] -- Installing: /home/pjh/ego_swarm/ego-planner-swarm/install/multi_map_server/share/multi_map_server/cmake/export_multi_map_server__rosidl_generator_pyExport-release.cmake
[41.059s] Invoked command in '/home/pjh/ego_swarm/ego-planner-swarm/build/multi_map_server' returned '0': CMAKE_PREFIX_PATH=/home/pjh/ego_swarm/ego-planner-swarm/install/quadrotor_msgs:/home/pjh/ego_swarm/ego-planner-swarm/install/pose_utils:/home/pjh/ego_swarm/ego-planner-swarm/install/waypoint_generator:/home/pjh/ego_swarm/ego-planner-swarm/install/so3_quadrotor_simulator:/home/pjh/ego_swarm/ego-planner-swarm/install/uav_utils:/home/pjh/ego_swarm/ego-planner-swarm/install/traj_recorder:/home/pjh/ego_swarm/ego-planner-swarm/install/rosmsg_tcp_bridge:/home/pjh/ego_swarm/ego-planner-swarm/install/layer_planner:/home/pjh/ego_swarm/ego-planner-swarm/install/ego_planner:/home/pjh/ego_swarm/ego-planner-swarm/install/bspline_opt:/home/pjh/ego_swarm/ego-planner-swarm/install/traj_utils:/home/pjh/ego_swarm/ego-planner-swarm/install/so3_control:/home/pjh/ego_swarm/ego-planner-swarm/install/poscmd_2_odom:/home/pjh/ego_swarm/ego-planner-swarm/install/odom_visualization:/home/pjh/ego_swarm/ego-planner-swarm/install/multi_map_server:/home/pjh/ego_swarm/ego-planner-swarm/install/local_sensing:/home/pjh/ego_swarm/ego-planner-swarm/install/path_searching:/home/pjh/ego_swarm/ego-planner-swarm/install/plan_env:/home/pjh/ego_swarm/ego-planner-swarm/install/mockamap:/home/pjh/ego_swarm/ego-planner-swarm/install/map_generator:/home/pjh/ego_swarm/ego-planner-swarm/install/drone_detect:/home/pjh/ego_swarm/ego-planner-swarm/install/cmake_utils:/opt/ros/humble LD_LIBRARY_PATH=/home/pjh/ego_swarm/ego-planner-swarm/install/quadrotor_msgs/lib:/home/pjh/ego_swarm/ego-planner-swarm/install/pose_utils/lib:/home/pjh/ego_swarm/ego-planner-swarm/install/bspline_opt/lib:/home/pjh/ego_swarm/ego-planner-swarm/install/traj_utils/lib:/home/pjh/ego_swarm/ego-planner-swarm/install/so3_control/lib:/home/pjh/ego_swarm/ego-planner-swarm/install/multi_map_server/lib:/home/pjh/ego_swarm/ego-planner-swarm/install/path_searching/lib:/home/pjh/ego_swarm/ego-planner-swarm/install/plan_env/lib:/usr/lib/x86_64-linux-gnu/gazebo-11/plugins:/opt/ros/humble/opt/rviz_ogre_vendor/lib:/opt/ros/humble/lib/x86_64-linux-gnu:/opt/ros/humble/lib /usr/bin/cmake --install /home/pjh/ego_swarm/ego-planner-swarm/build/multi_map_server
