-- The C compiler identification is GNU 11.4.0
-- The CXX compiler identification is GNU 11.4.0
-- Detecting C compiler ABI info
-- Detecting C compiler ABI info - done
-- Check for working C compiler: /usr/bin/cc - skipped
-- Detecting C compile features
-- Detecting C compile features - done
-- Detecting CXX compiler ABI info
-- Detecting CXX compiler ABI info - done
-- Check for working CXX compiler: /usr/bin/c++ - skipped
-- Detecting CXX compile features
-- Detecting CXX compile features - done
-- Found ament_cmake: 1.3.12 (/opt/ros/humble/share/ament_cmake/cmake)
-- Found Python3: /usr/bin/python3 (found version "3.10.12") found components: Interpreter 
-- Override CMake install command with custom implementation using symlinks instead of copying resources
-- Found rclcpp: 16.0.15 (/opt/ros/humble/share/rclcpp/cmake)
-- Found rosidl_generator_c: 3.1.7 (/opt/ros/humble/share/rosidl_generator_c/cmake)
-- Found rosidl_adapter: 3.1.7 (/opt/ros/humble/share/rosidl_adapter/cmake)
-- Found rosidl_generator_cpp: 3.1.7 (/opt/ros/humble/share/rosidl_generator_cpp/cmake)
-- Using all available rosidl_typesupport_c: rosidl_typesupport_fastrtps_c;rosidl_typesupport_introspection_c
-- Using all available rosidl_typesupport_cpp: rosidl_typesupport_fastrtps_cpp;rosidl_typesupport_introspection_cpp
-- Found rmw_implementation_cmake: 6.1.2 (/opt/ros/humble/share/rmw_implementation_cmake/cmake)
-- Found rmw_cyclonedds_cpp: 1.3.4 (/opt/ros/humble/share/rmw_cyclonedds_cpp/cmake)
-- Using RMW implementation 'rmw_cyclonedds_cpp' as default
-- Looking for pthread.h
-- Looking for pthread.h - found
-- Performing Test CMAKE_HAVE_LIBC_PTHREAD
-- Performing Test CMAKE_HAVE_LIBC_PTHREAD - Success
-- Found Threads: TRUE  
-- Found rclpy: 3.3.17 (/opt/ros/humble/share/rclpy/cmake)
-- Found nav_msgs: 4.9.0 (/opt/ros/humble/share/nav_msgs/cmake)
-- Found cmake_utils: 0.0.0 (/home/pjh/ego_swarm/ego-planner-swarm/install/cmake_utils/share/cmake_utils/cmake)
-- Found ament_cmake_gtest: 1.3.12 (/opt/ros/humble/share/ament_cmake_gtest/cmake)
-- Found ament_lint_auto: 0.12.14 (/opt/ros/humble/share/ament_lint_auto/cmake)
-- Found gtest sources under '/opt/ros/humble/src/gtest_vendor': C++ tests using 'Google Test' will be built
-- Added test 'cppcheck' to perform static code analysis on C / C++ code
-- Configured cppcheck include dirs: /home/pjh/ego_swarm/ego-planner-swarm/src/uav_simulator/Utils/uav_utils/include
-- Configured cppcheck exclude dirs and/or files: 
-- Added test 'flake8' to check Python code syntax and style conventions
-- Added test 'lint_cmake' to check CMake code style
-- Added test 'pep257' to check Python code against some of the docstring style conventions in PEP 257
-- Added test 'uncrustify' to check C / C++ code style
-- Configured uncrustify additional arguments: 
-- Added test 'xmllint' to check XML markup files
-- Configuring done
-- Generating done
-- Build files have been written to: /home/pjh/ego_swarm/ego-planner-swarm/build/uav_utils
[ 16%] Building CXX object gtest/CMakeFiles/gtest.dir/src/gtest-all.cc.o
[ 33%] Building CXX object gtest/CMakeFiles/gtest_main.dir/src/gtest_main.cc.o
[ 50%] Linking CXX static library libgtest_main.a
[ 50%] Built target gtest_main
[ 66%] Linking CXX static library libgtest.a
[ 66%] Built target gtest
[ 83%] Building CXX object CMakeFiles/uav_utils_test.dir/src/uav_utils_test.cpp.o
In file included from /home/pjh/ego_swarm/ego-planner-swarm/src/uav_simulator/Utils/uav_utils/include/uav_utils/utils.h:6,
                 from /home/pjh/ego_swarm/ego-planner-swarm/src/uav_simulator/Utils/uav_utils/src/uav_utils_test.cpp:2:
/home/pjh/ego_swarm/ego-planner-swarm/src/uav_simulator/Utils/uav_utils/include/uav_utils/converters.h:16:66: warning: ‘nav_msgs::msg::Odometry_<std::allocator<void> >::ConstPtr’ is deprecated [-Wdeprecated-declarations]
   16 |                         Eigen::Vector3d& v, Eigen::Quaterniond& q)
      |                                                                  ^
In file included from /opt/ros/humble/include/nav_msgs/nav_msgs/msg/odometry.hpp:7,
                 from /home/pjh/ego_swarm/ego-planner-swarm/src/uav_simulator/Utils/uav_utils/include/uav_utils/converters.h:4,
                 from /home/pjh/ego_swarm/ego-planner-swarm/src/uav_simulator/Utils/uav_utils/include/uav_utils/utils.h:6,
                 from /home/pjh/ego_swarm/ego-planner-swarm/src/uav_simulator/Utils/uav_utils/src/uav_utils_test.cpp:2:
/opt/ros/humble/include/nav_msgs/nav_msgs/msg/detail/odometry__struct.hpp:146:5: note: declared here
  146 |     ConstPtr;
      |     ^~~~~~~~
In file included from /home/pjh/ego_swarm/ego-planner-swarm/src/uav_simulator/Utils/uav_utils/include/uav_utils/utils.h:6,
                 from /home/pjh/ego_swarm/ego-planner-swarm/src/uav_simulator/Utils/uav_utils/src/uav_utils_test.cpp:2:
/home/pjh/ego_swarm/ego-planner-swarm/src/uav_simulator/Utils/uav_utils/include/uav_utils/converters.h:33:84: warning: ‘nav_msgs::msg::Odometry_<std::allocator<void> >::ConstPtr’ is deprecated [-Wdeprecated-declarations]
   33 |                       Eigen::Vector3d& v, Eigen::Quaterniond& q, Eigen::Vector3d& w)
      |                                                                                    ^
In file included from /opt/ros/humble/include/nav_msgs/nav_msgs/msg/odometry.hpp:7,
                 from /home/pjh/ego_swarm/ego-planner-swarm/src/uav_simulator/Utils/uav_utils/include/uav_utils/converters.h:4,
                 from /home/pjh/ego_swarm/ego-planner-swarm/src/uav_simulator/Utils/uav_utils/include/uav_utils/utils.h:6,
                 from /home/pjh/ego_swarm/ego-planner-swarm/src/uav_simulator/Utils/uav_utils/src/uav_utils_test.cpp:2:
/opt/ros/humble/include/nav_msgs/nav_msgs/msg/detail/odometry__struct.hpp:146:5: note: declared here
  146 |     ConstPtr;
      |     ^~~~~~~~
[100%] Linking CXX executable uav_utils_test
[100%] Built target uav_utils_test
-- Install configuration: ""
-- Execute custom install script
-- Symlinking: /home/pjh/ego_swarm/ego-planner-swarm/install/uav_utils/share/ament_index/resource_index/package_run_dependencies/uav_utils
-- Symlinking: /home/pjh/ego_swarm/ego-planner-swarm/install/uav_utils/share/ament_index/resource_index/parent_prefix_path/uav_utils
-- Symlinking: /home/pjh/ego_swarm/ego-planner-swarm/install/uav_utils/share/uav_utils/environment/ament_prefix_path.sh
-- Symlinking: /home/pjh/ego_swarm/ego-planner-swarm/install/uav_utils/share/uav_utils/environment/ament_prefix_path.dsv
-- Symlinking: /home/pjh/ego_swarm/ego-planner-swarm/install/uav_utils/share/uav_utils/environment/path.sh
-- Symlinking: /home/pjh/ego_swarm/ego-planner-swarm/install/uav_utils/share/uav_utils/environment/path.dsv
-- Symlinking: /home/pjh/ego_swarm/ego-planner-swarm/install/uav_utils/share/uav_utils/local_setup.bash
-- Symlinking: /home/pjh/ego_swarm/ego-planner-swarm/install/uav_utils/share/uav_utils/local_setup.sh
-- Symlinking: /home/pjh/ego_swarm/ego-planner-swarm/install/uav_utils/share/uav_utils/local_setup.zsh
-- Symlinking: /home/pjh/ego_swarm/ego-planner-swarm/install/uav_utils/share/uav_utils/local_setup.dsv
-- Symlinking: /home/pjh/ego_swarm/ego-planner-swarm/install/uav_utils/share/uav_utils/package.dsv
-- Symlinking: /home/pjh/ego_swarm/ego-planner-swarm/install/uav_utils/share/ament_index/resource_index/packages/uav_utils
-- Symlinking: /home/pjh/ego_swarm/ego-planner-swarm/install/uav_utils/share/uav_utils/cmake/ament_cmake_export_include_directories-extras.cmake
-- Symlinking: /home/pjh/ego_swarm/ego-planner-swarm/install/uav_utils/share/uav_utils/cmake/uav_utilsConfig.cmake
-- Symlinking: /home/pjh/ego_swarm/ego-planner-swarm/install/uav_utils/share/uav_utils/cmake/uav_utilsConfig-version.cmake
-- Symlinking: /home/pjh/ego_swarm/ego-planner-swarm/install/uav_utils/share/uav_utils/package.xml
-- Installing: /home/pjh/ego_swarm/ego-planner-swarm/install/uav_utils/include/uav_utils
-- Installing: /home/pjh/ego_swarm/ego-planner-swarm/install/uav_utils/include/uav_utils/converters.h
-- Installing: /home/pjh/ego_swarm/ego-planner-swarm/install/uav_utils/include/uav_utils/geometry_utils.h
-- Installing: /home/pjh/ego_swarm/ego-planner-swarm/install/uav_utils/include/uav_utils/utils.h
