[0.009s] Invoking command in '/home/pjh/ego_swarm/ego-planner-swarm/build/uav_utils': CMAKE_PREFIX_PATH=/home/pjh/ego_swarm/ego-planner-swarm/install/cmake_utils:/home/pjh/ego_swarm/ego-planner-swarm/install/waypoint_generator:/home/pjh/ego_swarm/ego-planner-swarm/install/so3_quadrotor_simulator:/home/pjh/ego_swarm/ego-planner-swarm/install/uav_utils:/home/pjh/ego_swarm/ego-planner-swarm/install/traj_recorder:/home/pjh/ego_swarm/ego-planner-swarm/install/rosmsg_tcp_bridge:/home/pjh/ego_swarm/ego-planner-swarm/install/layer_planner:/home/pjh/ego_swarm/ego-planner-swarm/install/ego_planner:/home/pjh/ego_swarm/ego-planner-swarm/install/bspline_opt:/home/pjh/ego_swarm/ego-planner-swarm/install/traj_utils:/home/pjh/ego_swarm/ego-planner-swarm/install/so3_control:/home/pjh/ego_swarm/ego-planner-swarm/install/poscmd_2_odom:/home/pjh/ego_swarm/ego-planner-swarm/install/odom_visualization:/home/pjh/ego_swarm/ego-planner-swarm/install/multi_map_server:/home/pjh/ego_swarm/ego-planner-swarm/install/local_sensing:/home/pjh/ego_swarm/ego-planner-swarm/install/quadrotor_msgs:/home/pjh/ego_swarm/ego-planner-swarm/install/pose_utils:/home/pjh/ego_swarm/ego-planner-swarm/install/path_searching:/home/pjh/ego_swarm/ego-planner-swarm/install/plan_env:/home/pjh/ego_swarm/ego-planner-swarm/install/mockamap:/home/pjh/ego_swarm/ego-planner-swarm/install/map_generator:/home/pjh/ego_swarm/ego-planner-swarm/install/drone_detect:/opt/ros/humble /usr/bin/cmake /home/pjh/ego_swarm/ego-planner-swarm/src/uav_simulator/Utils/uav_utils -DAMENT_CMAKE_SYMLINK_INSTALL=1 -DCMAKE_INSTALL_PREFIX=/home/pjh/ego_swarm/ego-planner-swarm/install/uav_utils
[0.050s] -- The C compiler identification is GNU 11.4.0
[0.085s] -- The CXX compiler identification is GNU 11.4.0
[0.090s] -- Detecting C compiler ABI info
[0.151s] -- Detecting C compiler ABI info - done
[0.155s] -- Check for working C compiler: /usr/bin/cc - skipped
[0.156s] -- Detecting C compile features
[0.156s] -- Detecting C compile features - done
[0.158s] -- Detecting CXX compiler ABI info
[0.208s] -- Detecting CXX compiler ABI info - done
[0.213s] -- Check for working CXX compiler: /usr/bin/c++ - skipped
[0.213s] -- Detecting CXX compile features
[0.213s] -- Detecting CXX compile features - done
[0.214s] -- Found ament_cmake: 1.3.12 (/opt/ros/humble/share/ament_cmake/cmake)
[0.315s] -- Found Python3: /usr/bin/python3 (found version "3.10.12") found components: Interpreter 
[0.358s] -- Override CMake install command with custom implementation using symlinks instead of copying resources
[0.375s] -- Found rclcpp: 16.0.15 (/opt/ros/humble/share/rclcpp/cmake)
[0.400s] -- Found rosidl_generator_c: 3.1.7 (/opt/ros/humble/share/rosidl_generator_c/cmake)
[0.402s] -- Found rosidl_adapter: 3.1.7 (/opt/ros/humble/share/rosidl_adapter/cmake)
[0.407s] -- Found rosidl_generator_cpp: 3.1.7 (/opt/ros/humble/share/rosidl_generator_cpp/cmake)
[0.414s] -- Using all available rosidl_typesupport_c: rosidl_typesupport_fastrtps_c;rosidl_typesupport_introspection_c
[0.423s] -- Using all available rosidl_typesupport_cpp: rosidl_typesupport_fastrtps_cpp;rosidl_typesupport_introspection_cpp
[0.449s] -- Found rmw_implementation_cmake: 6.1.2 (/opt/ros/humble/share/rmw_implementation_cmake/cmake)
[0.451s] -- Found rmw_cyclonedds_cpp: 1.3.4 (/opt/ros/humble/share/rmw_cyclonedds_cpp/cmake)
[0.465s] -- Using RMW implementation 'rmw_cyclonedds_cpp' as default
[0.469s] -- Looking for pthread.h
[0.520s] -- Looking for pthread.h - found
[0.520s] -- Performing Test CMAKE_HAVE_LIBC_PTHREAD
[0.569s] -- Performing Test CMAKE_HAVE_LIBC_PTHREAD - Success
[0.570s] -- Found Threads: TRUE  
[0.601s] -- Found rclpy: 3.3.17 (/opt/ros/humble/share/rclpy/cmake)
[0.602s] -- Found nav_msgs: 4.9.0 (/opt/ros/humble/share/nav_msgs/cmake)
[0.621s] -- Found cmake_utils: 0.0.0 (/home/pjh/ego_swarm/ego-planner-swarm/install/cmake_utils/share/cmake_utils/cmake)
[0.621s] -- Found ament_cmake_gtest: 1.3.12 (/opt/ros/humble/share/ament_cmake_gtest/cmake)
[0.626s] -- Found ament_lint_auto: 0.12.14 (/opt/ros/humble/share/ament_lint_auto/cmake)
[0.682s] -- Found gtest sources under '/opt/ros/humble/src/gtest_vendor': C++ tests using 'Google Test' will be built
[0.694s] -- Added test 'cppcheck' to perform static code analysis on C / C++ code
[0.694s] -- Configured cppcheck include dirs: /home/pjh/ego_swarm/ego-planner-swarm/src/uav_simulator/Utils/uav_utils/include
[0.694s] -- Configured cppcheck exclude dirs and/or files: 
[0.695s] -- Added test 'flake8' to check Python code syntax and style conventions
[0.695s] -- Added test 'lint_cmake' to check CMake code style
[0.696s] -- Added test 'pep257' to check Python code against some of the docstring style conventions in PEP 257
[0.697s] -- Added test 'uncrustify' to check C / C++ code style
[0.697s] -- Configured uncrustify additional arguments: 
[0.698s] -- Added test 'xmllint' to check XML markup files
[0.701s] -- Configuring done
[0.714s] -- Generating done
[0.719s] -- Build files have been written to: /home/pjh/ego_swarm/ego-planner-swarm/build/uav_utils
[0.736s] Invoked command in '/home/pjh/ego_swarm/ego-planner-swarm/build/uav_utils' returned '0': CMAKE_PREFIX_PATH=/home/pjh/ego_swarm/ego-planner-swarm/install/cmake_utils:/home/pjh/ego_swarm/ego-planner-swarm/install/waypoint_generator:/home/pjh/ego_swarm/ego-planner-swarm/install/so3_quadrotor_simulator:/home/pjh/ego_swarm/ego-planner-swarm/install/uav_utils:/home/pjh/ego_swarm/ego-planner-swarm/install/traj_recorder:/home/pjh/ego_swarm/ego-planner-swarm/install/rosmsg_tcp_bridge:/home/pjh/ego_swarm/ego-planner-swarm/install/layer_planner:/home/pjh/ego_swarm/ego-planner-swarm/install/ego_planner:/home/pjh/ego_swarm/ego-planner-swarm/install/bspline_opt:/home/pjh/ego_swarm/ego-planner-swarm/install/traj_utils:/home/pjh/ego_swarm/ego-planner-swarm/install/so3_control:/home/pjh/ego_swarm/ego-planner-swarm/install/poscmd_2_odom:/home/pjh/ego_swarm/ego-planner-swarm/install/odom_visualization:/home/pjh/ego_swarm/ego-planner-swarm/install/multi_map_server:/home/pjh/ego_swarm/ego-planner-swarm/install/local_sensing:/home/pjh/ego_swarm/ego-planner-swarm/install/quadrotor_msgs:/home/pjh/ego_swarm/ego-planner-swarm/install/pose_utils:/home/pjh/ego_swarm/ego-planner-swarm/install/path_searching:/home/pjh/ego_swarm/ego-planner-swarm/install/plan_env:/home/pjh/ego_swarm/ego-planner-swarm/install/mockamap:/home/pjh/ego_swarm/ego-planner-swarm/install/map_generator:/home/pjh/ego_swarm/ego-planner-swarm/install/drone_detect:/opt/ros/humble /usr/bin/cmake /home/pjh/ego_swarm/ego-planner-swarm/src/uav_simulator/Utils/uav_utils -DAMENT_CMAKE_SYMLINK_INSTALL=1 -DCMAKE_INSTALL_PREFIX=/home/pjh/ego_swarm/ego-planner-swarm/install/uav_utils
[0.738s] Invoking command in '/home/pjh/ego_swarm/ego-planner-swarm/build/uav_utils': CMAKE_PREFIX_PATH=/home/pjh/ego_swarm/ego-planner-swarm/install/cmake_utils:/home/pjh/ego_swarm/ego-planner-swarm/install/waypoint_generator:/home/pjh/ego_swarm/ego-planner-swarm/install/so3_quadrotor_simulator:/home/pjh/ego_swarm/ego-planner-swarm/install/uav_utils:/home/pjh/ego_swarm/ego-planner-swarm/install/traj_recorder:/home/pjh/ego_swarm/ego-planner-swarm/install/rosmsg_tcp_bridge:/home/pjh/ego_swarm/ego-planner-swarm/install/layer_planner:/home/pjh/ego_swarm/ego-planner-swarm/install/ego_planner:/home/pjh/ego_swarm/ego-planner-swarm/install/bspline_opt:/home/pjh/ego_swarm/ego-planner-swarm/install/traj_utils:/home/pjh/ego_swarm/ego-planner-swarm/install/so3_control:/home/pjh/ego_swarm/ego-planner-swarm/install/poscmd_2_odom:/home/pjh/ego_swarm/ego-planner-swarm/install/odom_visualization:/home/pjh/ego_swarm/ego-planner-swarm/install/multi_map_server:/home/pjh/ego_swarm/ego-planner-swarm/install/local_sensing:/home/pjh/ego_swarm/ego-planner-swarm/install/quadrotor_msgs:/home/pjh/ego_swarm/ego-planner-swarm/install/pose_utils:/home/pjh/ego_swarm/ego-planner-swarm/install/path_searching:/home/pjh/ego_swarm/ego-planner-swarm/install/plan_env:/home/pjh/ego_swarm/ego-planner-swarm/install/mockamap:/home/pjh/ego_swarm/ego-planner-swarm/install/map_generator:/home/pjh/ego_swarm/ego-planner-swarm/install/drone_detect:/opt/ros/humble /usr/bin/cmake --build /home/pjh/ego_swarm/ego-planner-swarm/build/uav_utils -- -j22 -l22
[0.775s] [ 16%] Building CXX object gtest/CMakeFiles/gtest.dir/src/gtest-all.cc.o
[0.778s] [ 33%] Building CXX object gtest/CMakeFiles/gtest_main.dir/src/gtest_main.cc.o
[1.759s] [ 50%] Linking CXX static library libgtest_main.a
[1.940s] [ 50%] Built target gtest_main
[18.290s] [ 66%] Linking CXX static library libgtest.a
[18.494s] [ 66%] Built target gtest
[18.532s] [ 83%] Building CXX object CMakeFiles/uav_utils_test.dir/src/uav_utils_test.cpp.o
[23.683s] In file included from /home/pjh/ego_swarm/ego-planner-swarm/src/uav_simulator/Utils/uav_utils/include/uav_utils/utils.h:6,
[23.683s]                  from /home/pjh/ego_swarm/ego-planner-swarm/src/uav_simulator/Utils/uav_utils/src/uav_utils_test.cpp:2:
[23.683s] /home/pjh/ego_swarm/ego-planner-swarm/src/uav_simulator/Utils/uav_utils/include/uav_utils/converters.h:16:66: warning: ‘nav_msgs::msg::Odometry_<std::allocator<void> >::ConstPtr’ is deprecated [-Wdeprecated-declarations]
[23.683s]    16 |                         Eigen::Vector3d& v, Eigen::Quaterniond& q)
[23.683s]       |                                                                  ^
[23.683s] In file included from /opt/ros/humble/include/nav_msgs/nav_msgs/msg/odometry.hpp:7,
[23.683s]                  from /home/pjh/ego_swarm/ego-planner-swarm/src/uav_simulator/Utils/uav_utils/include/uav_utils/converters.h:4,
[23.683s]                  from /home/pjh/ego_swarm/ego-planner-swarm/src/uav_simulator/Utils/uav_utils/include/uav_utils/utils.h:6,
[23.683s]                  from /home/pjh/ego_swarm/ego-planner-swarm/src/uav_simulator/Utils/uav_utils/src/uav_utils_test.cpp:2:
[23.684s] /opt/ros/humble/include/nav_msgs/nav_msgs/msg/detail/odometry__struct.hpp:146:5: note: declared here
[23.684s]   146 |     ConstPtr;
[23.684s]       |     ^~~~~~~~
[23.707s] In file included from /home/pjh/ego_swarm/ego-planner-swarm/src/uav_simulator/Utils/uav_utils/include/uav_utils/utils.h:6,
[23.707s]                  from /home/pjh/ego_swarm/ego-planner-swarm/src/uav_simulator/Utils/uav_utils/src/uav_utils_test.cpp:2:
[23.707s] /home/pjh/ego_swarm/ego-planner-swarm/src/uav_simulator/Utils/uav_utils/include/uav_utils/converters.h:33:84: warning: ‘nav_msgs::msg::Odometry_<std::allocator<void> >::ConstPtr’ is deprecated [-Wdeprecated-declarations]
[23.707s]    33 |                       Eigen::Vector3d& v, Eigen::Quaterniond& q, Eigen::Vector3d& w)
[23.707s]       |                                                                                    ^
[23.707s] In file included from /opt/ros/humble/include/nav_msgs/nav_msgs/msg/odometry.hpp:7,
[23.707s]                  from /home/pjh/ego_swarm/ego-planner-swarm/src/uav_simulator/Utils/uav_utils/include/uav_utils/converters.h:4,
[23.707s]                  from /home/pjh/ego_swarm/ego-planner-swarm/src/uav_simulator/Utils/uav_utils/include/uav_utils/utils.h:6,
[23.707s]                  from /home/pjh/ego_swarm/ego-planner-swarm/src/uav_simulator/Utils/uav_utils/src/uav_utils_test.cpp:2:
[23.707s] /opt/ros/humble/include/nav_msgs/nav_msgs/msg/detail/odometry__struct.hpp:146:5: note: declared here
[23.707s]   146 |     ConstPtr;
[23.707s]       |     ^~~~~~~~
[32.968s] [100%] Linking CXX executable uav_utils_test
[33.224s] [100%] Built target uav_utils_test
[33.237s] Invoked command in '/home/pjh/ego_swarm/ego-planner-swarm/build/uav_utils' returned '0': CMAKE_PREFIX_PATH=/home/pjh/ego_swarm/ego-planner-swarm/install/cmake_utils:/home/pjh/ego_swarm/ego-planner-swarm/install/waypoint_generator:/home/pjh/ego_swarm/ego-planner-swarm/install/so3_quadrotor_simulator:/home/pjh/ego_swarm/ego-planner-swarm/install/uav_utils:/home/pjh/ego_swarm/ego-planner-swarm/install/traj_recorder:/home/pjh/ego_swarm/ego-planner-swarm/install/rosmsg_tcp_bridge:/home/pjh/ego_swarm/ego-planner-swarm/install/layer_planner:/home/pjh/ego_swarm/ego-planner-swarm/install/ego_planner:/home/pjh/ego_swarm/ego-planner-swarm/install/bspline_opt:/home/pjh/ego_swarm/ego-planner-swarm/install/traj_utils:/home/pjh/ego_swarm/ego-planner-swarm/install/so3_control:/home/pjh/ego_swarm/ego-planner-swarm/install/poscmd_2_odom:/home/pjh/ego_swarm/ego-planner-swarm/install/odom_visualization:/home/pjh/ego_swarm/ego-planner-swarm/install/multi_map_server:/home/pjh/ego_swarm/ego-planner-swarm/install/local_sensing:/home/pjh/ego_swarm/ego-planner-swarm/install/quadrotor_msgs:/home/pjh/ego_swarm/ego-planner-swarm/install/pose_utils:/home/pjh/ego_swarm/ego-planner-swarm/install/path_searching:/home/pjh/ego_swarm/ego-planner-swarm/install/plan_env:/home/pjh/ego_swarm/ego-planner-swarm/install/mockamap:/home/pjh/ego_swarm/ego-planner-swarm/install/map_generator:/home/pjh/ego_swarm/ego-planner-swarm/install/drone_detect:/opt/ros/humble /usr/bin/cmake --build /home/pjh/ego_swarm/ego-planner-swarm/build/uav_utils -- -j22 -l22
[33.239s] Invoking command in '/home/pjh/ego_swarm/ego-planner-swarm/build/uav_utils': CMAKE_PREFIX_PATH=/home/pjh/ego_swarm/ego-planner-swarm/install/cmake_utils:/home/pjh/ego_swarm/ego-planner-swarm/install/waypoint_generator:/home/pjh/ego_swarm/ego-planner-swarm/install/so3_quadrotor_simulator:/home/pjh/ego_swarm/ego-planner-swarm/install/uav_utils:/home/pjh/ego_swarm/ego-planner-swarm/install/traj_recorder:/home/pjh/ego_swarm/ego-planner-swarm/install/rosmsg_tcp_bridge:/home/pjh/ego_swarm/ego-planner-swarm/install/layer_planner:/home/pjh/ego_swarm/ego-planner-swarm/install/ego_planner:/home/pjh/ego_swarm/ego-planner-swarm/install/bspline_opt:/home/pjh/ego_swarm/ego-planner-swarm/install/traj_utils:/home/pjh/ego_swarm/ego-planner-swarm/install/so3_control:/home/pjh/ego_swarm/ego-planner-swarm/install/poscmd_2_odom:/home/pjh/ego_swarm/ego-planner-swarm/install/odom_visualization:/home/pjh/ego_swarm/ego-planner-swarm/install/multi_map_server:/home/pjh/ego_swarm/ego-planner-swarm/install/local_sensing:/home/pjh/ego_swarm/ego-planner-swarm/install/quadrotor_msgs:/home/pjh/ego_swarm/ego-planner-swarm/install/pose_utils:/home/pjh/ego_swarm/ego-planner-swarm/install/path_searching:/home/pjh/ego_swarm/ego-planner-swarm/install/plan_env:/home/pjh/ego_swarm/ego-planner-swarm/install/mockamap:/home/pjh/ego_swarm/ego-planner-swarm/install/map_generator:/home/pjh/ego_swarm/ego-planner-swarm/install/drone_detect:/opt/ros/humble /usr/bin/cmake --install /home/pjh/ego_swarm/ego-planner-swarm/build/uav_utils
[33.249s] -- Install configuration: ""
[33.250s] -- Execute custom install script
[33.250s] -- Symlinking: /home/pjh/ego_swarm/ego-planner-swarm/install/uav_utils/share/ament_index/resource_index/package_run_dependencies/uav_utils
[33.260s] -- Symlinking: /home/pjh/ego_swarm/ego-planner-swarm/install/uav_utils/share/ament_index/resource_index/parent_prefix_path/uav_utils
[33.270s] -- Symlinking: /home/pjh/ego_swarm/ego-planner-swarm/install/uav_utils/share/uav_utils/environment/ament_prefix_path.sh
[33.280s] -- Symlinking: /home/pjh/ego_swarm/ego-planner-swarm/install/uav_utils/share/uav_utils/environment/ament_prefix_path.dsv
[33.287s] -- Symlinking: /home/pjh/ego_swarm/ego-planner-swarm/install/uav_utils/share/uav_utils/environment/path.sh
[33.297s] -- Symlinking: /home/pjh/ego_swarm/ego-planner-swarm/install/uav_utils/share/uav_utils/environment/path.dsv
[33.304s] -- Symlinking: /home/pjh/ego_swarm/ego-planner-swarm/install/uav_utils/share/uav_utils/local_setup.bash
[33.314s] -- Symlinking: /home/pjh/ego_swarm/ego-planner-swarm/install/uav_utils/share/uav_utils/local_setup.sh
[33.324s] -- Symlinking: /home/pjh/ego_swarm/ego-planner-swarm/install/uav_utils/share/uav_utils/local_setup.zsh
[33.334s] -- Symlinking: /home/pjh/ego_swarm/ego-planner-swarm/install/uav_utils/share/uav_utils/local_setup.dsv
[33.345s] -- Symlinking: /home/pjh/ego_swarm/ego-planner-swarm/install/uav_utils/share/uav_utils/package.dsv
[33.355s] -- Symlinking: /home/pjh/ego_swarm/ego-planner-swarm/install/uav_utils/share/ament_index/resource_index/packages/uav_utils
[33.366s] -- Symlinking: /home/pjh/ego_swarm/ego-planner-swarm/install/uav_utils/share/uav_utils/cmake/ament_cmake_export_include_directories-extras.cmake
[33.377s] -- Symlinking: /home/pjh/ego_swarm/ego-planner-swarm/install/uav_utils/share/uav_utils/cmake/uav_utilsConfig.cmake
[33.388s] -- Symlinking: /home/pjh/ego_swarm/ego-planner-swarm/install/uav_utils/share/uav_utils/cmake/uav_utilsConfig-version.cmake
[33.398s] -- Symlinking: /home/pjh/ego_swarm/ego-planner-swarm/install/uav_utils/share/uav_utils/package.xml
[33.408s] -- Installing: /home/pjh/ego_swarm/ego-planner-swarm/install/uav_utils/include/uav_utils
[33.409s] -- Installing: /home/pjh/ego_swarm/ego-planner-swarm/install/uav_utils/include/uav_utils/converters.h
[33.409s] -- Installing: /home/pjh/ego_swarm/ego-planner-swarm/install/uav_utils/include/uav_utils/geometry_utils.h
[33.409s] -- Installing: /home/pjh/ego_swarm/ego-planner-swarm/install/uav_utils/include/uav_utils/utils.h
[33.414s] Invoked command in '/home/pjh/ego_swarm/ego-planner-swarm/build/uav_utils' returned '0': CMAKE_PREFIX_PATH=/home/pjh/ego_swarm/ego-planner-swarm/install/cmake_utils:/home/pjh/ego_swarm/ego-planner-swarm/install/waypoint_generator:/home/pjh/ego_swarm/ego-planner-swarm/install/so3_quadrotor_simulator:/home/pjh/ego_swarm/ego-planner-swarm/install/uav_utils:/home/pjh/ego_swarm/ego-planner-swarm/install/traj_recorder:/home/pjh/ego_swarm/ego-planner-swarm/install/rosmsg_tcp_bridge:/home/pjh/ego_swarm/ego-planner-swarm/install/layer_planner:/home/pjh/ego_swarm/ego-planner-swarm/install/ego_planner:/home/pjh/ego_swarm/ego-planner-swarm/install/bspline_opt:/home/pjh/ego_swarm/ego-planner-swarm/install/traj_utils:/home/pjh/ego_swarm/ego-planner-swarm/install/so3_control:/home/pjh/ego_swarm/ego-planner-swarm/install/poscmd_2_odom:/home/pjh/ego_swarm/ego-planner-swarm/install/odom_visualization:/home/pjh/ego_swarm/ego-planner-swarm/install/multi_map_server:/home/pjh/ego_swarm/ego-planner-swarm/install/local_sensing:/home/pjh/ego_swarm/ego-planner-swarm/install/quadrotor_msgs:/home/pjh/ego_swarm/ego-planner-swarm/install/pose_utils:/home/pjh/ego_swarm/ego-planner-swarm/install/path_searching:/home/pjh/ego_swarm/ego-planner-swarm/install/plan_env:/home/pjh/ego_swarm/ego-planner-swarm/install/mockamap:/home/pjh/ego_swarm/ego-planner-swarm/install/map_generator:/home/pjh/ego_swarm/ego-planner-swarm/install/drone_detect:/opt/ros/humble /usr/bin/cmake --install /home/pjh/ego_swarm/ego-planner-swarm/build/uav_utils
