-- The C compiler identification is GNU 11.4.0
-- The CXX compiler identification is GNU 11.4.0
-- Detecting C compiler ABI info
-- Detecting C compiler ABI info - done
-- Check for working C compiler: /usr/bin/cc - skipped
-- Detecting C compile features
-- Detecting C compile features - done
-- Detecting CXX compiler ABI info
-- Detecting CXX compiler ABI info - done
-- Check for working CXX compiler: /usr/bin/c++ - skipped
-- Detecting CXX compile features
-- Detecting CXX compile features - done
-- Found ament_cmake: 1.3.12 (/opt/ros/humble/share/ament_cmake/cmake)
-- Found Python3: /usr/bin/python3 (found version "3.10.12") found components: Interpreter 
-- Override CMake install command with custom implementation using symlinks instead of copying resources
-- Found rclcpp: 16.0.15 (/opt/ros/humble/share/rclcpp/cmake)
-- Found rosidl_generator_c: 3.1.7 (/opt/ros/humble/share/rosidl_generator_c/cmake)
-- Found rosidl_adapter: 3.1.7 (/opt/ros/humble/share/rosidl_adapter/cmake)
-- Found rosidl_generator_cpp: 3.1.7 (/opt/ros/humble/share/rosidl_generator_cpp/cmake)
-- Using all available rosidl_typesupport_c: rosidl_typesupport_fastrtps_c;rosidl_typesupport_introspection_c
-- Using all available rosidl_typesupport_cpp: rosidl_typesupport_fastrtps_cpp;rosidl_typesupport_introspection_cpp
-- Found rmw_implementation_cmake: 6.1.2 (/opt/ros/humble/share/rmw_implementation_cmake/cmake)
-- Found rmw_cyclonedds_cpp: 1.3.4 (/opt/ros/humble/share/rmw_cyclonedds_cpp/cmake)
-- Using RMW implementation 'rmw_cyclonedds_cpp' as default
-- Looking for pthread.h
-- Looking for pthread.h - found
-- Performing Test CMAKE_HAVE_LIBC_PTHREAD
-- Performing Test CMAKE_HAVE_LIBC_PTHREAD - Success
-- Found Threads: TRUE  
-- Found geometry_msgs: 4.9.0 (/opt/ros/humble/share/geometry_msgs/cmake)
-- Found nav_msgs: 4.9.0 (/opt/ros/humble/share/nav_msgs/cmake)
-- Found traj_utils: 0.0.0 (/home/pjh/ego_swarm/ego-planner-swarm/install/traj_utils/share/traj_utils/cmake)
-- Found Boost: /usr/lib/x86_64-linux-gnu/cmake/Boost-1.74.0/BoostConfig.cmake (found version "1.74.0") found components: thread 
-- Found ament_lint_auto: 0.12.14 (/opt/ros/humble/share/ament_lint_auto/cmake)
-- Added test 'cppcheck' to perform static code analysis on C / C++ code
-- Configured cppcheck include dirs: /home/pjh/ego_swarm/ego-planner-swarm/src/planner/rosmsg_tcp_bridge/include
-- Configured cppcheck exclude dirs and/or files: 
-- Added test 'flake8' to check Python code syntax and style conventions
-- Added test 'lint_cmake' to check CMake code style
-- Added test 'pep257' to check Python code against some of the docstring style conventions in PEP 257
-- Added test 'uncrustify' to check C / C++ code style
-- Configured uncrustify additional arguments: 
-- Added test 'xmllint' to check XML markup files
-- Configuring done
-- Generating done
-- Build files have been written to: /home/pjh/ego_swarm/ego-planner-swarm/build/rosmsg_tcp_bridge
[ 50%] Building CXX object CMakeFiles/bridge_node.dir/src/bridge_node.cpp.o
/home/pjh/ego_swarm/ego-planner-swarm/src/planner/rosmsg_tcp_bridge/src/bridge_node.cpp: In function ‘int wait_connection_from_previous_drone(int, int&, int&)’:
/home/pjh/ego_swarm/ego-planner-swarm/src/planner/rosmsg_tcp_bridge/src/bridge_node.cpp:118:51: warning: unused parameter ‘port’ [-Wunused-parameter]
  118 | int wait_connection_from_previous_drone(const int port, int &server_fd, int &new_socket)
      |                                         ~~~~~~~~~~^~~~
/home/pjh/ego_swarm/ego-planner-swarm/src/planner/rosmsg_tcp_bridge/src/bridge_node.cpp: In function ‘int serializeStop(const std::shared_ptr<const std_msgs::msg::Empty_<std::allocator<void> > >&)’:
/home/pjh/ego_swarm/ego-planner-swarm/src/planner/rosmsg_tcp_bridge/src/bridge_node.cpp:362:70: warning: unused parameter ‘msg’ [-Wunused-parameter]
  362 | int serializeStop(const std::shared_ptr<const std_msgs::msg::Empty> &msg)
      |                   ~~~~~~~~~~~~~~~~~~~~~~~~~~~~~~~~~~~~~~~~~~~~~~~~~~~^~~
/home/pjh/ego_swarm/ego-planner-swarm/src/planner/rosmsg_tcp_bridge/src/bridge_node.cpp: In function ‘int deserializeStop(std::shared_ptr<std_msgs::msg::Empty_<std::allocator<void> > >&)’:
/home/pjh/ego_swarm/ego-planner-swarm/src/planner/rosmsg_tcp_bridge/src/bridge_node.cpp:483:60: warning: unused parameter ‘msg’ [-Wunused-parameter]
  483 | int deserializeStop(std::shared_ptr<std_msgs::msg::Empty> &msg)
      |                     ~~~~~~~~~~~~~~~~~~~~~~~~~~~~~~~~~~~~~~~^~~
[100%] Linking CXX executable bridge_node
[100%] Built target bridge_node
-- Install configuration: "Release"
-- Execute custom install script
-- Symlinking: /home/pjh/ego_swarm/ego-planner-swarm/install/rosmsg_tcp_bridge/lib/rosmsg_tcp_bridge/bridge_node
-- Symlinking: /home/pjh/ego_swarm/ego-planner-swarm/install/rosmsg_tcp_bridge/share/rosmsg_tcp_bridge/launch/bridge.launch.py
-- Symlinking: /home/pjh/ego_swarm/ego-planner-swarm/install/rosmsg_tcp_bridge/share/ament_index/resource_index/package_run_dependencies/rosmsg_tcp_bridge
-- Symlinking: /home/pjh/ego_swarm/ego-planner-swarm/install/rosmsg_tcp_bridge/share/ament_index/resource_index/parent_prefix_path/rosmsg_tcp_bridge
-- Symlinking: /home/pjh/ego_swarm/ego-planner-swarm/install/rosmsg_tcp_bridge/share/rosmsg_tcp_bridge/environment/ament_prefix_path.sh
-- Symlinking: /home/pjh/ego_swarm/ego-planner-swarm/install/rosmsg_tcp_bridge/share/rosmsg_tcp_bridge/environment/ament_prefix_path.dsv
-- Symlinking: /home/pjh/ego_swarm/ego-planner-swarm/install/rosmsg_tcp_bridge/share/rosmsg_tcp_bridge/environment/path.sh
-- Symlinking: /home/pjh/ego_swarm/ego-planner-swarm/install/rosmsg_tcp_bridge/share/rosmsg_tcp_bridge/environment/path.dsv
-- Symlinking: /home/pjh/ego_swarm/ego-planner-swarm/install/rosmsg_tcp_bridge/share/rosmsg_tcp_bridge/local_setup.bash
-- Symlinking: /home/pjh/ego_swarm/ego-planner-swarm/install/rosmsg_tcp_bridge/share/rosmsg_tcp_bridge/local_setup.sh
-- Symlinking: /home/pjh/ego_swarm/ego-planner-swarm/install/rosmsg_tcp_bridge/share/rosmsg_tcp_bridge/local_setup.zsh
-- Symlinking: /home/pjh/ego_swarm/ego-planner-swarm/install/rosmsg_tcp_bridge/share/rosmsg_tcp_bridge/local_setup.dsv
-- Symlinking: /home/pjh/ego_swarm/ego-planner-swarm/install/rosmsg_tcp_bridge/share/rosmsg_tcp_bridge/package.dsv
-- Symlinking: /home/pjh/ego_swarm/ego-planner-swarm/install/rosmsg_tcp_bridge/share/ament_index/resource_index/packages/rosmsg_tcp_bridge
-- Symlinking: /home/pjh/ego_swarm/ego-planner-swarm/install/rosmsg_tcp_bridge/share/rosmsg_tcp_bridge/cmake/rosmsg_tcp_bridgeConfig.cmake
-- Symlinking: /home/pjh/ego_swarm/ego-planner-swarm/install/rosmsg_tcp_bridge/share/rosmsg_tcp_bridge/cmake/rosmsg_tcp_bridgeConfig-version.cmake
-- Symlinking: /home/pjh/ego_swarm/ego-planner-swarm/install/rosmsg_tcp_bridge/share/rosmsg_tcp_bridge/package.xml
