/home/pjh/ego_swarm/ego-planner-swarm/src/uav_simulator/Utils/pose_utils/src/pose_utils.cpp: In function ‘arma::mat jacobianF(const colvec&, const colvec&, double)’:
/home/pjh/ego_swarm/ego-planner-swarm/src/uav_simulator/Utils/pose_utils/src/pose_utils.cpp:320:10: warning: unused variable ‘x’ [-Wunused-variable]
  320 |   double x  = X(0);
      |          ^
/home/pjh/ego_swarm/ego-planner-swarm/src/uav_simulator/Utils/pose_utils/src/pose_utils.cpp:321:10: warning: unused variable ‘y’ [-Wunused-variable]
  321 |   double y  = X(1);
      |          ^
/home/pjh/ego_swarm/ego-planner-swarm/src/uav_simulator/Utils/pose_utils/src/pose_utils.cpp:322:10: warning: unused variable ‘z’ [-Wunused-variable]
  322 |   double z  = X(2);
      |          ^
/home/pjh/ego_swarm/ego-planner-swarm/src/uav_simulator/Utils/pose_utils/src/pose_utils.cpp:326:10: warning: unused variable ‘vx’ [-Wunused-variable]
  326 |   double vx = X(6);
      |          ^~
/home/pjh/ego_swarm/ego-planner-swarm/src/uav_simulator/Utils/pose_utils/src/pose_utils.cpp:327:10: warning: unused variable ‘vy’ [-Wunused-variable]
  327 |   double vy = X(7);
      |          ^~
/home/pjh/ego_swarm/ego-planner-swarm/src/uav_simulator/Utils/pose_utils/src/pose_utils.cpp:328:10: warning: unused variable ‘vz’ [-Wunused-variable]
  328 |   double vz = X(8);
      |          ^~
/home/pjh/ego_swarm/ego-planner-swarm/src/uav_simulator/Utils/pose_utils/src/pose_utils.cpp:332:10: warning: unused variable ‘wx’ [-Wunused-variable]
  332 |   double wx = U(3);
      |          ^~
/home/pjh/ego_swarm/ego-planner-swarm/src/uav_simulator/Utils/pose_utils/src/pose_utils.cpp: In function ‘arma::mat jacobianU(const colvec&, const colvec&, double)’:
/home/pjh/ego_swarm/ego-planner-swarm/src/uav_simulator/Utils/pose_utils/src/pose_utils.cpp:434:10: warning: unused variable ‘x’ [-Wunused-variable]
  434 |   double x  = X(0);
      |          ^
/home/pjh/ego_swarm/ego-planner-swarm/src/uav_simulator/Utils/pose_utils/src/pose_utils.cpp:435:10: warning: unused variable ‘y’ [-Wunused-variable]
  435 |   double y  = X(1);
      |          ^
/home/pjh/ego_swarm/ego-planner-swarm/src/uav_simulator/Utils/pose_utils/src/pose_utils.cpp:436:10: warning: unused variable ‘z’ [-Wunused-variable]
  436 |   double z  = X(2);
      |          ^
/home/pjh/ego_swarm/ego-planner-swarm/src/uav_simulator/Utils/pose_utils/src/pose_utils.cpp:440:10: warning: unused variable ‘vx’ [-Wunused-variable]
  440 |   double vx = X(6);
      |          ^~
/home/pjh/ego_swarm/ego-planner-swarm/src/uav_simulator/Utils/pose_utils/src/pose_utils.cpp:441:10: warning: unused variable ‘vy’ [-Wunused-variable]
  441 |   double vy = X(7);
      |          ^~
/home/pjh/ego_swarm/ego-planner-swarm/src/uav_simulator/Utils/pose_utils/src/pose_utils.cpp:442:10: warning: unused variable ‘vz’ [-Wunused-variable]
  442 |   double vz = X(8);
      |          ^~
/home/pjh/ego_swarm/ego-planner-swarm/src/uav_simulator/Utils/pose_utils/src/pose_utils.cpp:443:10: warning: unused variable ‘ax’ [-Wunused-variable]
  443 |   double ax = U(0);
      |          ^~
/home/pjh/ego_swarm/ego-planner-swarm/src/uav_simulator/Utils/pose_utils/src/pose_utils.cpp:444:10: warning: unused variable ‘ay’ [-Wunused-variable]
  444 |   double ay = U(1);
      |          ^~
/home/pjh/ego_swarm/ego-planner-swarm/src/uav_simulator/Utils/pose_utils/src/pose_utils.cpp:445:10: warning: unused variable ‘az’ [-Wunused-variable]
  445 |   double az = U(2);
      |          ^~
/home/pjh/ego_swarm/ego-planner-swarm/src/uav_simulator/Utils/pose_utils/src/pose_utils.cpp:446:10: warning: unused variable ‘wx’ [-Wunused-variable]
  446 |   double wx = U(3);
      |          ^~
/home/pjh/ego_swarm/ego-planner-swarm/src/uav_simulator/Utils/pose_utils/src/pose_utils.cpp:447:10: warning: unused variable ‘wy’ [-Wunused-variable]
  447 |   double wy = U(4);
      |          ^~
/home/pjh/ego_swarm/ego-planner-swarm/src/uav_simulator/Utils/pose_utils/src/pose_utils.cpp:448:10: warning: unused variable ‘wz’ [-Wunused-variable]
  448 |   double wz = U(5);
      |          ^~
