-- The C compiler identification is GNU 11.4.0
-- The CXX compiler identification is GNU 11.4.0
-- Detecting C compiler ABI info
-- Detecting C compiler ABI info - done
-- Check for working C compiler: /usr/bin/cc - skipped
-- Detecting C compile features
-- Detecting C compile features - done
-- Detecting CXX compiler ABI info
-- Detecting CXX compiler ABI info - done
-- Check for working CXX compiler: /usr/bin/c++ - skipped
-- Detecting CXX compile features
-- Detecting CXX compile features - done
-- Found ament_cmake: 1.3.12 (/opt/ros/humble/share/ament_cmake/cmake)
-- Found Python3: /usr/bin/python3 (found version "3.10.12") found components: Interpreter 
-- Override CMake install command with custom implementation using symlinks instead of copying resources
-- Found rclcpp: 16.0.15 (/opt/ros/humble/share/rclcpp/cmake)
-- Found rosidl_generator_c: 3.1.7 (/opt/ros/humble/share/rosidl_generator_c/cmake)
-- Found rosidl_adapter: 3.1.7 (/opt/ros/humble/share/rosidl_adapter/cmake)
-- Found rosidl_generator_cpp: 3.1.7 (/opt/ros/humble/share/rosidl_generator_cpp/cmake)
-- Using all available rosidl_typesupport_c: rosidl_typesupport_fastrtps_c;rosidl_typesupport_introspection_c
-- Using all available rosidl_typesupport_cpp: rosidl_typesupport_fastrtps_cpp;rosidl_typesupport_introspection_cpp
-- Found rmw_implementation_cmake: 6.1.2 (/opt/ros/humble/share/rmw_implementation_cmake/cmake)
-- Found rmw_cyclonedds_cpp: 1.3.4 (/opt/ros/humble/share/rmw_cyclonedds_cpp/cmake)
-- Using RMW implementation 'rmw_cyclonedds_cpp' as default
-- Looking for pthread.h
-- Looking for pthread.h - found
-- Performing Test CMAKE_HAVE_LIBC_PTHREAD
-- Performing Test CMAKE_HAVE_LIBC_PTHREAD - Success
-- Found Threads: TRUE  
-- Found Armadillo: /usr/include (found version "10.8.2") 
-- Found ament_lint_auto: 0.12.14 (/opt/ros/humble/share/ament_lint_auto/cmake)
-- Added test 'cppcheck' to perform static code analysis on C / C++ code
-- Configured cppcheck include dirs: /home/pjh/ego_swarm/ego-planner-swarm/src/uav_simulator/Utils/pose_utils/include/pose_utils
-- Configured cppcheck exclude dirs and/or files: 
-- Added test 'lint_cmake' to check CMake code style
-- Added test 'uncrustify' to check C / C++ code style
-- Configured uncrustify additional arguments: 
-- Added test 'xmllint' to check XML markup files
-- Configuring done
-- Generating done
-- Build files have been written to: /home/pjh/ego_swarm/ego-planner-swarm/build/pose_utils
[ 50%] Building CXX object CMakeFiles/pose_utils.dir/src/pose_utils.cpp.o
/home/pjh/ego_swarm/ego-planner-swarm/src/uav_simulator/Utils/pose_utils/src/pose_utils.cpp: In function ‘arma::mat jacobianF(const colvec&, const colvec&, double)’:
/home/pjh/ego_swarm/ego-planner-swarm/src/uav_simulator/Utils/pose_utils/src/pose_utils.cpp:320:10: warning: unused variable ‘x’ [-Wunused-variable]
  320 |   double x  = X(0);
      |          ^
/home/pjh/ego_swarm/ego-planner-swarm/src/uav_simulator/Utils/pose_utils/src/pose_utils.cpp:321:10: warning: unused variable ‘y’ [-Wunused-variable]
  321 |   double y  = X(1);
      |          ^
/home/pjh/ego_swarm/ego-planner-swarm/src/uav_simulator/Utils/pose_utils/src/pose_utils.cpp:322:10: warning: unused variable ‘z’ [-Wunused-variable]
  322 |   double z  = X(2);
      |          ^
/home/pjh/ego_swarm/ego-planner-swarm/src/uav_simulator/Utils/pose_utils/src/pose_utils.cpp:326:10: warning: unused variable ‘vx’ [-Wunused-variable]
  326 |   double vx = X(6);
      |          ^~
/home/pjh/ego_swarm/ego-planner-swarm/src/uav_simulator/Utils/pose_utils/src/pose_utils.cpp:327:10: warning: unused variable ‘vy’ [-Wunused-variable]
  327 |   double vy = X(7);
      |          ^~
/home/pjh/ego_swarm/ego-planner-swarm/src/uav_simulator/Utils/pose_utils/src/pose_utils.cpp:328:10: warning: unused variable ‘vz’ [-Wunused-variable]
  328 |   double vz = X(8);
      |          ^~
/home/pjh/ego_swarm/ego-planner-swarm/src/uav_simulator/Utils/pose_utils/src/pose_utils.cpp:332:10: warning: unused variable ‘wx’ [-Wunused-variable]
  332 |   double wx = U(3);
      |          ^~
/home/pjh/ego_swarm/ego-planner-swarm/src/uav_simulator/Utils/pose_utils/src/pose_utils.cpp: In function ‘arma::mat jacobianU(const colvec&, const colvec&, double)’:
/home/pjh/ego_swarm/ego-planner-swarm/src/uav_simulator/Utils/pose_utils/src/pose_utils.cpp:434:10: warning: unused variable ‘x’ [-Wunused-variable]
  434 |   double x  = X(0);
      |          ^
/home/pjh/ego_swarm/ego-planner-swarm/src/uav_simulator/Utils/pose_utils/src/pose_utils.cpp:435:10: warning: unused variable ‘y’ [-Wunused-variable]
  435 |   double y  = X(1);
      |          ^
/home/pjh/ego_swarm/ego-planner-swarm/src/uav_simulator/Utils/pose_utils/src/pose_utils.cpp:436:10: warning: unused variable ‘z’ [-Wunused-variable]
  436 |   double z  = X(2);
      |          ^
/home/pjh/ego_swarm/ego-planner-swarm/src/uav_simulator/Utils/pose_utils/src/pose_utils.cpp:440:10: warning: unused variable ‘vx’ [-Wunused-variable]
  440 |   double vx = X(6);
      |          ^~
/home/pjh/ego_swarm/ego-planner-swarm/src/uav_simulator/Utils/pose_utils/src/pose_utils.cpp:441:10: warning: unused variable ‘vy’ [-Wunused-variable]
  441 |   double vy = X(7);
      |          ^~
/home/pjh/ego_swarm/ego-planner-swarm/src/uav_simulator/Utils/pose_utils/src/pose_utils.cpp:442:10: warning: unused variable ‘vz’ [-Wunused-variable]
  442 |   double vz = X(8);
      |          ^~
/home/pjh/ego_swarm/ego-planner-swarm/src/uav_simulator/Utils/pose_utils/src/pose_utils.cpp:443:10: warning: unused variable ‘ax’ [-Wunused-variable]
  443 |   double ax = U(0);
      |          ^~
/home/pjh/ego_swarm/ego-planner-swarm/src/uav_simulator/Utils/pose_utils/src/pose_utils.cpp:444:10: warning: unused variable ‘ay’ [-Wunused-variable]
  444 |   double ay = U(1);
      |          ^~
/home/pjh/ego_swarm/ego-planner-swarm/src/uav_simulator/Utils/pose_utils/src/pose_utils.cpp:445:10: warning: unused variable ‘az’ [-Wunused-variable]
  445 |   double az = U(2);
      |          ^~
/home/pjh/ego_swarm/ego-planner-swarm/src/uav_simulator/Utils/pose_utils/src/pose_utils.cpp:446:10: warning: unused variable ‘wx’ [-Wunused-variable]
  446 |   double wx = U(3);
      |          ^~
/home/pjh/ego_swarm/ego-planner-swarm/src/uav_simulator/Utils/pose_utils/src/pose_utils.cpp:447:10: warning: unused variable ‘wy’ [-Wunused-variable]
  447 |   double wy = U(4);
      |          ^~
/home/pjh/ego_swarm/ego-planner-swarm/src/uav_simulator/Utils/pose_utils/src/pose_utils.cpp:448:10: warning: unused variable ‘wz’ [-Wunused-variable]
  448 |   double wz = U(5);
      |          ^~
[100%] Linking CXX shared library libpose_utils.so
[100%] Built target pose_utils
-- Install configuration: ""
-- Execute custom install script
-- Symlinking: /home/pjh/ego_swarm/ego-planner-swarm/install/pose_utils/lib/libpose_utils.so
-- Symlinking: /home/pjh/ego_swarm/ego-planner-swarm/install/pose_utils/include/pose_utils/pose_utils.h
-- Symlinking: /home/pjh/ego_swarm/ego-planner-swarm/install/pose_utils/share/pose_utils/environment/library_path.sh
-- Symlinking: /home/pjh/ego_swarm/ego-planner-swarm/install/pose_utils/share/pose_utils/environment/library_path.dsv
-- Symlinking: /home/pjh/ego_swarm/ego-planner-swarm/install/pose_utils/share/ament_index/resource_index/package_run_dependencies/pose_utils
-- Symlinking: /home/pjh/ego_swarm/ego-planner-swarm/install/pose_utils/share/ament_index/resource_index/parent_prefix_path/pose_utils
-- Symlinking: /home/pjh/ego_swarm/ego-planner-swarm/install/pose_utils/share/pose_utils/environment/ament_prefix_path.sh
-- Symlinking: /home/pjh/ego_swarm/ego-planner-swarm/install/pose_utils/share/pose_utils/environment/ament_prefix_path.dsv
-- Symlinking: /home/pjh/ego_swarm/ego-planner-swarm/install/pose_utils/share/pose_utils/environment/path.sh
-- Symlinking: /home/pjh/ego_swarm/ego-planner-swarm/install/pose_utils/share/pose_utils/environment/path.dsv
-- Symlinking: /home/pjh/ego_swarm/ego-planner-swarm/install/pose_utils/share/pose_utils/local_setup.bash
-- Symlinking: /home/pjh/ego_swarm/ego-planner-swarm/install/pose_utils/share/pose_utils/local_setup.sh
-- Symlinking: /home/pjh/ego_swarm/ego-planner-swarm/install/pose_utils/share/pose_utils/local_setup.zsh
-- Symlinking: /home/pjh/ego_swarm/ego-planner-swarm/install/pose_utils/share/pose_utils/local_setup.dsv
-- Symlinking: /home/pjh/ego_swarm/ego-planner-swarm/install/pose_utils/share/pose_utils/package.dsv
-- Symlinking: /home/pjh/ego_swarm/ego-planner-swarm/install/pose_utils/share/ament_index/resource_index/packages/pose_utils
-- Symlinking: /home/pjh/ego_swarm/ego-planner-swarm/install/pose_utils/share/pose_utils/cmake/ament_cmake_export_include_directories-extras.cmake
-- Symlinking: /home/pjh/ego_swarm/ego-planner-swarm/install/pose_utils/share/pose_utils/cmake/ament_cmake_export_libraries-extras.cmake
-- Symlinking: /home/pjh/ego_swarm/ego-planner-swarm/install/pose_utils/share/pose_utils/cmake/pose_utilsConfig.cmake
-- Symlinking: /home/pjh/ego_swarm/ego-planner-swarm/install/pose_utils/share/pose_utils/cmake/pose_utilsConfig-version.cmake
-- Symlinking: /home/pjh/ego_swarm/ego-planner-swarm/install/pose_utils/share/pose_utils/package.xml
