[0.018s] Invoking command in '/home/pjh/ego_swarm/ego-planner-swarm/build/pose_utils': CMAKE_PREFIX_PATH=${CMAKE_PREFIX_PATH}:/opt/ros/humble /usr/bin/cmake /home/pjh/ego_swarm/ego-planner-swarm/src/uav_simulator/Utils/pose_utils -DAMENT_CMAKE_SYMLINK_INSTALL=1 -DCMAKE_INSTALL_PREFIX=/home/pjh/ego_swarm/ego-planner-swarm/install/pose_utils
[0.174s] -- The C compiler identification is GNU 11.4.0
[0.262s] -- The CXX compiler identification is GNU 11.4.0
[0.270s] -- Detecting C compiler ABI info
[0.323s] -- Detecting C compiler ABI info - done
[0.328s] -- Check for working C compiler: /usr/bin/cc - skipped
[0.328s] -- Detecting C compile features
[0.329s] -- Detecting C compile features - done
[0.332s] -- Detecting CXX compiler ABI info
[0.398s] -- Detecting CXX compiler ABI info - done
[0.405s] -- Check for working CXX compiler: /usr/bin/c++ - skipped
[0.405s] -- Detecting CXX compile features
[0.405s] -- Detecting CXX compile features - done
[0.406s] -- Found ament_cmake: 1.3.12 (/opt/ros/humble/share/ament_cmake/cmake)
[0.552s] -- Found Python3: /usr/bin/python3 (found version "3.10.12") found components: Interpreter 
[0.589s] -- Override CMake install command with custom implementation using symlinks instead of copying resources
[0.603s] -- Found rclcpp: 16.0.15 (/opt/ros/humble/share/rclcpp/cmake)
[0.628s] -- Found rosidl_generator_c: 3.1.7 (/opt/ros/humble/share/rosidl_generator_c/cmake)
[0.630s] -- Found rosidl_adapter: 3.1.7 (/opt/ros/humble/share/rosidl_adapter/cmake)
[0.634s] -- Found rosidl_generator_cpp: 3.1.7 (/opt/ros/humble/share/rosidl_generator_cpp/cmake)
[0.643s] -- Using all available rosidl_typesupport_c: rosidl_typesupport_fastrtps_c;rosidl_typesupport_introspection_c
[0.653s] -- Using all available rosidl_typesupport_cpp: rosidl_typesupport_fastrtps_cpp;rosidl_typesupport_introspection_cpp
[0.689s] -- Found rmw_implementation_cmake: 6.1.2 (/opt/ros/humble/share/rmw_implementation_cmake/cmake)
[0.692s] -- Found rmw_cyclonedds_cpp: 1.3.4 (/opt/ros/humble/share/rmw_cyclonedds_cpp/cmake)
[0.712s] -- Using RMW implementation 'rmw_cyclonedds_cpp' as default
[0.724s] -- Looking for pthread.h
[0.800s] -- Looking for pthread.h - found
[0.800s] -- Performing Test CMAKE_HAVE_LIBC_PTHREAD
[0.852s] -- Performing Test CMAKE_HAVE_LIBC_PTHREAD - Success
[0.853s] -- Found Threads: TRUE  
[0.888s] -- Found Armadillo: /usr/include (found version "10.8.2") 
[0.889s] -- Found ament_lint_auto: 0.12.14 (/opt/ros/humble/share/ament_lint_auto/cmake)
[0.940s] -- Added test 'cppcheck' to perform static code analysis on C / C++ code
[0.940s] -- Configured cppcheck include dirs: /home/pjh/ego_swarm/ego-planner-swarm/src/uav_simulator/Utils/pose_utils/include/pose_utils
[0.940s] -- Configured cppcheck exclude dirs and/or files: 
[0.941s] -- Added test 'lint_cmake' to check CMake code style
[0.942s] -- Added test 'uncrustify' to check C / C++ code style
[0.942s] -- Configured uncrustify additional arguments: 
[0.943s] -- Added test 'xmllint' to check XML markup files
[0.946s] -- Configuring done
[0.956s] -- Generating done
[0.959s] -- Build files have been written to: /home/pjh/ego_swarm/ego-planner-swarm/build/pose_utils
[0.972s] Invoked command in '/home/pjh/ego_swarm/ego-planner-swarm/build/pose_utils' returned '0': CMAKE_PREFIX_PATH=${CMAKE_PREFIX_PATH}:/opt/ros/humble /usr/bin/cmake /home/pjh/ego_swarm/ego-planner-swarm/src/uav_simulator/Utils/pose_utils -DAMENT_CMAKE_SYMLINK_INSTALL=1 -DCMAKE_INSTALL_PREFIX=/home/pjh/ego_swarm/ego-planner-swarm/install/pose_utils
[0.973s] Invoking command in '/home/pjh/ego_swarm/ego-planner-swarm/build/pose_utils': CMAKE_PREFIX_PATH=${CMAKE_PREFIX_PATH}:/opt/ros/humble /usr/bin/cmake --build /home/pjh/ego_swarm/ego-planner-swarm/build/pose_utils -- -j22 -l22
[1.009s] [ 50%] Building CXX object CMakeFiles/pose_utils.dir/src/pose_utils.cpp.o
[2.807s] /home/pjh/ego_swarm/ego-planner-swarm/src/uav_simulator/Utils/pose_utils/src/pose_utils.cpp: In function ‘arma::mat jacobianF(const colvec&, const colvec&, double)’:
[2.807s] /home/pjh/ego_swarm/ego-planner-swarm/src/uav_simulator/Utils/pose_utils/src/pose_utils.cpp:320:10: warning: unused variable ‘x’ [-Wunused-variable]
[2.807s]   320 |   double x  = X(0);
[2.807s]       |          ^
[2.807s] /home/pjh/ego_swarm/ego-planner-swarm/src/uav_simulator/Utils/pose_utils/src/pose_utils.cpp:321:10: warning: unused variable ‘y’ [-Wunused-variable]
[2.807s]   321 |   double y  = X(1);
[2.807s]       |          ^
[2.807s] /home/pjh/ego_swarm/ego-planner-swarm/src/uav_simulator/Utils/pose_utils/src/pose_utils.cpp:322:10: warning: unused variable ‘z’ [-Wunused-variable]
[2.807s]   322 |   double z  = X(2);
[2.807s]       |          ^
[2.807s] /home/pjh/ego_swarm/ego-planner-swarm/src/uav_simulator/Utils/pose_utils/src/pose_utils.cpp:326:10: warning: unused variable ‘vx’ [-Wunused-variable]
[2.807s]   326 |   double vx = X(6);
[2.807s]       |          ^~
[2.808s] /home/pjh/ego_swarm/ego-planner-swarm/src/uav_simulator/Utils/pose_utils/src/pose_utils.cpp:327:10: warning: unused variable ‘vy’ [-Wunused-variable]
[2.808s]   327 |   double vy = X(7);
[2.808s]       |          ^~
[2.808s] /home/pjh/ego_swarm/ego-planner-swarm/src/uav_simulator/Utils/pose_utils/src/pose_utils.cpp:328:10: warning: unused variable ‘vz’ [-Wunused-variable]
[2.808s]   328 |   double vz = X(8);
[2.808s]       |          ^~
[2.808s] /home/pjh/ego_swarm/ego-planner-swarm/src/uav_simulator/Utils/pose_utils/src/pose_utils.cpp:332:10: warning: unused variable ‘wx’ [-Wunused-variable]
[2.808s]   332 |   double wx = U(3);
[2.808s]       |          ^~
[2.808s] /home/pjh/ego_swarm/ego-planner-swarm/src/uav_simulator/Utils/pose_utils/src/pose_utils.cpp: In function ‘arma::mat jacobianU(const colvec&, const colvec&, double)’:
[2.808s] /home/pjh/ego_swarm/ego-planner-swarm/src/uav_simulator/Utils/pose_utils/src/pose_utils.cpp:434:10: warning: unused variable ‘x’ [-Wunused-variable]
[2.808s]   434 |   double x  = X(0);
[2.809s]       |          ^
[2.809s] /home/pjh/ego_swarm/ego-planner-swarm/src/uav_simulator/Utils/pose_utils/src/pose_utils.cpp:435:10: warning: unused variable ‘y’ [-Wunused-variable]
[2.809s]   435 |   double y  = X(1);
[2.809s]       |          ^
[2.809s] /home/pjh/ego_swarm/ego-planner-swarm/src/uav_simulator/Utils/pose_utils/src/pose_utils.cpp:436:10: warning: unused variable ‘z’ [-Wunused-variable]
[2.809s]   436 |   double z  = X(2);
[2.809s]       |          ^
[2.809s] /home/pjh/ego_swarm/ego-planner-swarm/src/uav_simulator/Utils/pose_utils/src/pose_utils.cpp:440:10: warning: unused variable ‘vx’ [-Wunused-variable]
[2.809s]   440 |   double vx = X(6);
[2.809s]       |          ^~
[2.809s] /home/pjh/ego_swarm/ego-planner-swarm/src/uav_simulator/Utils/pose_utils/src/pose_utils.cpp:441:10: warning: unused variable ‘vy’ [-Wunused-variable]
[2.809s]   441 |   double vy = X(7);
[2.809s]       |          ^~
[2.809s] /home/pjh/ego_swarm/ego-planner-swarm/src/uav_simulator/Utils/pose_utils/src/pose_utils.cpp:442:10: warning: unused variable ‘vz’ [-Wunused-variable]
[2.809s]   442 |   double vz = X(8);
[2.809s]       |          ^~
[2.809s] /home/pjh/ego_swarm/ego-planner-swarm/src/uav_simulator/Utils/pose_utils/src/pose_utils.cpp:443:10: warning: unused variable ‘ax’ [-Wunused-variable]
[2.809s]   443 |   double ax = U(0);
[2.809s]       |          ^~
[2.809s] /home/pjh/ego_swarm/ego-planner-swarm/src/uav_simulator/Utils/pose_utils/src/pose_utils.cpp:444:10: warning: unused variable ‘ay’ [-Wunused-variable]
[2.809s]   444 |   double ay = U(1);
[2.810s]       |          ^~
[2.810s] /home/pjh/ego_swarm/ego-planner-swarm/src/uav_simulator/Utils/pose_utils/src/pose_utils.cpp:445:10: warning: unused variable ‘az’ [-Wunused-variable]
[2.810s]   445 |   double az = U(2);
[2.810s]       |          ^~
[2.810s] /home/pjh/ego_swarm/ego-planner-swarm/src/uav_simulator/Utils/pose_utils/src/pose_utils.cpp:446:10: warning: unused variable ‘wx’ [-Wunused-variable]
[2.810s]   446 |   double wx = U(3);
[2.810s]       |          ^~
[2.810s] /home/pjh/ego_swarm/ego-planner-swarm/src/uav_simulator/Utils/pose_utils/src/pose_utils.cpp:447:10: warning: unused variable ‘wy’ [-Wunused-variable]
[2.810s]   447 |   double wy = U(4);
[2.810s]       |          ^~
[2.810s] /home/pjh/ego_swarm/ego-planner-swarm/src/uav_simulator/Utils/pose_utils/src/pose_utils.cpp:448:10: warning: unused variable ‘wz’ [-Wunused-variable]
[2.810s]   448 |   double wz = U(5);
[2.810s]       |          ^~
[8.412s] [100%] Linking CXX shared library libpose_utils.so
[8.566s] [100%] Built target pose_utils
[8.583s] Invoked command in '/home/pjh/ego_swarm/ego-planner-swarm/build/pose_utils' returned '0': CMAKE_PREFIX_PATH=${CMAKE_PREFIX_PATH}:/opt/ros/humble /usr/bin/cmake --build /home/pjh/ego_swarm/ego-planner-swarm/build/pose_utils -- -j22 -l22
[8.584s] Invoking command in '/home/pjh/ego_swarm/ego-planner-swarm/build/pose_utils': CMAKE_PREFIX_PATH=${CMAKE_PREFIX_PATH}:/opt/ros/humble /usr/bin/cmake --install /home/pjh/ego_swarm/ego-planner-swarm/build/pose_utils
[8.595s] -- Install configuration: ""
[8.595s] -- Execute custom install script
[8.595s] -- Symlinking: /home/pjh/ego_swarm/ego-planner-swarm/install/pose_utils/lib/libpose_utils.so
[8.603s] -- Symlinking: /home/pjh/ego_swarm/ego-planner-swarm/install/pose_utils/include/pose_utils/pose_utils.h
[8.612s] -- Symlinking: /home/pjh/ego_swarm/ego-planner-swarm/install/pose_utils/share/pose_utils/environment/library_path.sh
[8.622s] -- Symlinking: /home/pjh/ego_swarm/ego-planner-swarm/install/pose_utils/share/pose_utils/environment/library_path.dsv
[8.632s] -- Symlinking: /home/pjh/ego_swarm/ego-planner-swarm/install/pose_utils/share/ament_index/resource_index/package_run_dependencies/pose_utils
[8.641s] -- Symlinking: /home/pjh/ego_swarm/ego-planner-swarm/install/pose_utils/share/ament_index/resource_index/parent_prefix_path/pose_utils
[8.656s] -- Symlinking: /home/pjh/ego_swarm/ego-planner-swarm/install/pose_utils/share/pose_utils/environment/ament_prefix_path.sh
[8.666s] -- Symlinking: /home/pjh/ego_swarm/ego-planner-swarm/install/pose_utils/share/pose_utils/environment/ament_prefix_path.dsv
[8.676s] -- Symlinking: /home/pjh/ego_swarm/ego-planner-swarm/install/pose_utils/share/pose_utils/environment/path.sh
[8.687s] -- Symlinking: /home/pjh/ego_swarm/ego-planner-swarm/install/pose_utils/share/pose_utils/environment/path.dsv
[8.700s] -- Symlinking: /home/pjh/ego_swarm/ego-planner-swarm/install/pose_utils/share/pose_utils/local_setup.bash
[8.710s] -- Symlinking: /home/pjh/ego_swarm/ego-planner-swarm/install/pose_utils/share/pose_utils/local_setup.sh
[8.719s] -- Symlinking: /home/pjh/ego_swarm/ego-planner-swarm/install/pose_utils/share/pose_utils/local_setup.zsh
[8.729s] -- Symlinking: /home/pjh/ego_swarm/ego-planner-swarm/install/pose_utils/share/pose_utils/local_setup.dsv
[8.739s] -- Symlinking: /home/pjh/ego_swarm/ego-planner-swarm/install/pose_utils/share/pose_utils/package.dsv
[8.749s] -- Symlinking: /home/pjh/ego_swarm/ego-planner-swarm/install/pose_utils/share/ament_index/resource_index/packages/pose_utils
[8.760s] -- Symlinking: /home/pjh/ego_swarm/ego-planner-swarm/install/pose_utils/share/pose_utils/cmake/ament_cmake_export_include_directories-extras.cmake
[8.774s] -- Symlinking: /home/pjh/ego_swarm/ego-planner-swarm/install/pose_utils/share/pose_utils/cmake/ament_cmake_export_libraries-extras.cmake
[8.787s] -- Symlinking: /home/pjh/ego_swarm/ego-planner-swarm/install/pose_utils/share/pose_utils/cmake/pose_utilsConfig.cmake
[8.798s] -- Symlinking: /home/pjh/ego_swarm/ego-planner-swarm/install/pose_utils/share/pose_utils/cmake/pose_utilsConfig-version.cmake
[8.806s] -- Symlinking: /home/pjh/ego_swarm/ego-planner-swarm/install/pose_utils/share/pose_utils/package.xml
[8.815s] Invoked command in '/home/pjh/ego_swarm/ego-planner-swarm/build/pose_utils' returned '0': CMAKE_PREFIX_PATH=${CMAKE_PREFIX_PATH}:/opt/ros/humble /usr/bin/cmake --install /home/pjh/ego_swarm/ego-planner-swarm/build/pose_utils
