[0.026s] Invoking command in '/home/pjh/ego_swarm/ego-planner-swarm/build/quadrotor_msgs': CMAKE_PREFIX_PATH=${CMAKE_PREFIX_PATH}:/opt/ros/humble /usr/bin/cmake /home/pjh/ego_swarm/ego-planner-swarm/src/uav_simulator/Utils/quadrotor_msgs -DAMENT_CMAKE_SYMLINK_INSTALL=1 -DCMAKE_INSTALL_PREFIX=/home/pjh/ego_swarm/ego-planner-swarm/install/quadrotor_msgs
[0.186s] -- The C compiler identification is GNU 11.4.0
[0.285s] -- The CXX compiler identification is GNU 11.4.0
[0.290s] -- Detecting C compiler ABI info
[0.340s] -- Detecting C compiler ABI info - done
[0.346s] -- Check for working C compiler: /usr/bin/cc - skipped
[0.346s] -- Detecting C compile features
[0.346s] -- Detecting C compile features - done
[0.347s] -- Detecting CXX compiler ABI info
[0.399s] -- Detecting CXX compiler ABI info - done
[0.403s] -- Check for working CXX compiler: /usr/bin/c++ - skipped
[0.403s] -- Detecting CXX compile features
[0.403s] -- Detecting CXX compile features - done
[0.414s] -- Found ament_cmake: 1.3.12 (/opt/ros/humble/share/ament_cmake/cmake)
[0.549s] -- Found Python3: /usr/bin/python3 (found version "3.10.12") found components: Interpreter 
[0.606s] -- Override CMake install command with custom implementation using symlinks instead of copying resources
[0.626s] -- Found geometry_msgs: 4.9.0 (/opt/ros/humble/share/geometry_msgs/cmake)
[0.647s] -- Found rosidl_generator_c: 3.1.7 (/opt/ros/humble/share/rosidl_generator_c/cmake)
[0.650s] -- Found rosidl_adapter: 3.1.7 (/opt/ros/humble/share/rosidl_adapter/cmake)
[0.655s] -- Found rosidl_generator_cpp: 3.1.7 (/opt/ros/humble/share/rosidl_generator_cpp/cmake)
[0.661s] -- Using all available rosidl_typesupport_c: rosidl_typesupport_fastrtps_c;rosidl_typesupport_introspection_c
[0.670s] -- Using all available rosidl_typesupport_cpp: rosidl_typesupport_fastrtps_cpp;rosidl_typesupport_introspection_cpp
[0.697s] -- Found nav_msgs: 4.9.0 (/opt/ros/humble/share/nav_msgs/cmake)
[0.710s] -- Found rclcpp: 16.0.15 (/opt/ros/humble/share/rclcpp/cmake)
[0.730s] -- Found rmw_implementation_cmake: 6.1.2 (/opt/ros/humble/share/rmw_implementation_cmake/cmake)
[0.732s] -- Found rmw_cyclonedds_cpp: 1.3.4 (/opt/ros/humble/share/rmw_cyclonedds_cpp/cmake)
[0.745s] -- Using RMW implementation 'rmw_cyclonedds_cpp' as default
[0.749s] -- Looking for pthread.h
[0.814s] -- Looking for pthread.h - found
[0.814s] -- Performing Test CMAKE_HAVE_LIBC_PTHREAD
[0.863s] -- Performing Test CMAKE_HAVE_LIBC_PTHREAD - Success
[0.864s] -- Found Threads: TRUE  
[0.905s] -- Found rosidl_default_generators: 1.2.0 (/opt/ros/humble/share/rosidl_default_generators/cmake)
[1.207s] -- Found ament_cmake_ros: 0.10.0 (/opt/ros/humble/share/ament_cmake_ros/cmake)
[1.578s] -- Using all available rosidl_typesupport_c: rosidl_typesupport_fastrtps_c;rosidl_typesupport_introspection_c
[1.696s] -- Using all available rosidl_typesupport_cpp: rosidl_typesupport_fastrtps_cpp;rosidl_typesupport_introspection_cpp
[1.713s] -- Found PythonInterp: /usr/bin/python3 (found suitable version "3.10.12", minimum required is "3.6") 
[1.715s] -- Found python_cmake_module: 0.10.0 (/opt/ros/humble/share/python_cmake_module/cmake)
[1.734s] -- Found PythonLibs: /usr/lib/x86_64-linux-gnu/libpython3.10.so (found suitable version "3.10.12", minimum required is "3.5") 
[1.734s] -- Using PYTHON_EXECUTABLE: /usr/bin/python3
[1.734s] -- Using PYTHON_INCLUDE_DIRS: /usr/include/python3.10
[1.734s] -- Using PYTHON_LIBRARIES: /usr/lib/x86_64-linux-gnu/libpython3.10.so
[1.749s] -- Found PythonExtra: .so  
[1.822s] -- Found ament_lint_auto: 0.12.14 (/opt/ros/humble/share/ament_lint_auto/cmake)
[1.838s] -- Added test 'cppcheck' to perform static code analysis on C / C++ code
[1.838s] -- Configured cppcheck include dirs: /home/pjh/ego_swarm/ego-planner-swarm/src/uav_simulator/Utils/quadrotor_msgs/include
[1.838s] -- Configured cppcheck exclude dirs and/or files: 
[1.839s] -- Added test 'lint_cmake' to check CMake code style
[1.840s] -- Added test 'uncrustify' to check C / C++ code style
[1.840s] -- Configured uncrustify additional arguments: 
[1.840s] -- Added test 'xmllint' to check XML markup files
[1.843s] -- Configuring done
[1.883s] -- Generating done
[1.895s] -- Build files have been written to: /home/pjh/ego_swarm/ego-planner-swarm/build/quadrotor_msgs
[1.907s] Invoked command in '/home/pjh/ego_swarm/ego-planner-swarm/build/quadrotor_msgs' returned '0': CMAKE_PREFIX_PATH=${CMAKE_PREFIX_PATH}:/opt/ros/humble /usr/bin/cmake /home/pjh/ego_swarm/ego-planner-swarm/src/uav_simulator/Utils/quadrotor_msgs -DAMENT_CMAKE_SYMLINK_INSTALL=1 -DCMAKE_INSTALL_PREFIX=/home/pjh/ego_swarm/ego-planner-swarm/install/quadrotor_msgs
[1.908s] Invoking command in '/home/pjh/ego_swarm/ego-planner-swarm/build/quadrotor_msgs': CMAKE_PREFIX_PATH=${CMAKE_PREFIX_PATH}:/opt/ros/humble /usr/bin/cmake --build /home/pjh/ego_swarm/ego-planner-swarm/build/quadrotor_msgs -- -j22 -l22
[1.942s] [  1%] Generating C code for ROS interfaces
[1.953s] [  1%] Built target ament_cmake_python_symlink_quadrotor_msgs
[1.953s] [  1%] Generating C++ code for ROS interfaces
[2.112s] running egg_info
[2.112s] creating quadrotor_msgs.egg-info
[2.113s] writing quadrotor_msgs.egg-info/PKG-INFO
[2.113s] writing dependency_links to quadrotor_msgs.egg-info/dependency_links.txt
[2.113s] writing top-level names to quadrotor_msgs.egg-info/top_level.txt
[2.113s] writing manifest file 'quadrotor_msgs.egg-info/SOURCES.txt'
[2.114s] reading manifest file 'quadrotor_msgs.egg-info/SOURCES.txt'
[2.115s] writing manifest file 'quadrotor_msgs.egg-info/SOURCES.txt'
[2.136s] [  1%] Built target ament_cmake_python_build_quadrotor_msgs_egg
[3.294s] [  2%] Building C object CMakeFiles/quadrotor_msgs__rosidl_generator_c.dir/rosidl_generator_c/quadrotor_msgs/msg/detail/lqr_trajectory__functions.c.o
[3.294s] [  3%] Building C object CMakeFiles/quadrotor_msgs__rosidl_generator_c.dir/rosidl_generator_c/quadrotor_msgs/msg/detail/aux_command__functions.c.o
[3.294s] [  4%] Building C object CMakeFiles/quadrotor_msgs__rosidl_generator_c.dir/rosidl_generator_c/quadrotor_msgs/msg/detail/gains__functions.c.o
[3.299s] [  4%] Building C object CMakeFiles/quadrotor_msgs__rosidl_generator_c.dir/rosidl_generator_c/quadrotor_msgs/msg/detail/corrections__functions.c.o
[3.300s] [  5%] Building C object CMakeFiles/quadrotor_msgs__rosidl_generator_c.dir/rosidl_generator_c/quadrotor_msgs/msg/detail/output_data__functions.c.o
[3.303s] [  6%] Building C object CMakeFiles/quadrotor_msgs__rosidl_generator_c.dir/rosidl_generator_c/quadrotor_msgs/msg/detail/serial__functions.c.o
[3.305s] [  7%] Building C object CMakeFiles/quadrotor_msgs__rosidl_generator_c.dir/rosidl_generator_c/quadrotor_msgs/msg/detail/ppr_output_data__functions.c.o
[3.311s] [  7%] Building C object CMakeFiles/quadrotor_msgs__rosidl_generator_c.dir/rosidl_generator_c/quadrotor_msgs/msg/detail/position_command__functions.c.o
[3.312s] [  8%] Building C object CMakeFiles/quadrotor_msgs__rosidl_generator_c.dir/rosidl_generator_c/quadrotor_msgs/msg/detail/so3_command__functions.c.o
[3.313s] [  9%] Building C object CMakeFiles/quadrotor_msgs__rosidl_generator_c.dir/rosidl_generator_c/quadrotor_msgs/msg/detail/trpy_command__functions.c.o
[3.314s] [  9%] Building C object CMakeFiles/quadrotor_msgs__rosidl_generator_c.dir/rosidl_generator_c/quadrotor_msgs/msg/detail/status_data__functions.c.o
[3.333s] [ 10%] Building C object CMakeFiles/quadrotor_msgs__rosidl_generator_c.dir/rosidl_generator_c/quadrotor_msgs/msg/detail/polynomial_trajectory__functions.c.o
[3.344s] [ 11%] Building C object CMakeFiles/quadrotor_msgs__rosidl_generator_c.dir/rosidl_generator_c/quadrotor_msgs/msg/detail/odometry__functions.c.o
[3.443s] [ 12%] Linking C shared library libquadrotor_msgs__rosidl_generator_c.so
[3.487s] [ 12%] Built target quadrotor_msgs__cpp
[3.498s] [ 14%] Generating C++ introspection for ROS interfaces
[3.498s] [ 14%] Generating C++ type support dispatch for ROS interfaces
[3.498s] [ 14%] Generating C++ type support for eProsima Fast-RTPS
[3.523s] [ 14%] Built target quadrotor_msgs__rosidl_generator_c
[3.535s] [ 16%] Generating C type support for eProsima Fast-RTPS
[3.535s] [ 16%] Generating C type support dispatch for ROS interfaces
[3.535s] [ 16%] Generating C introspection for ROS interfaces
[4.488s] [ 17%] Building CXX object CMakeFiles/quadrotor_msgs__rosidl_typesupport_c.dir/rosidl_typesupport_c/quadrotor_msgs/msg/corrections__type_support.cpp.o
[4.506s] [ 18%] Building CXX object CMakeFiles/quadrotor_msgs__rosidl_typesupport_c.dir/rosidl_typesupport_c/quadrotor_msgs/msg/gains__type_support.cpp.o
[4.506s] [ 18%] Building CXX object CMakeFiles/quadrotor_msgs__rosidl_typesupport_c.dir/rosidl_typesupport_c/quadrotor_msgs/msg/lqr_trajectory__type_support.cpp.o
[4.511s] [ 19%] Building CXX object CMakeFiles/quadrotor_msgs__rosidl_typesupport_c.dir/rosidl_typesupport_c/quadrotor_msgs/msg/aux_command__type_support.cpp.o
[4.511s] [ 20%] Building CXX object CMakeFiles/quadrotor_msgs__rosidl_typesupport_c.dir/rosidl_typesupport_c/quadrotor_msgs/msg/output_data__type_support.cpp.o
[4.511s] [ 21%] Building CXX object CMakeFiles/quadrotor_msgs__rosidl_typesupport_c.dir/rosidl_typesupport_c/quadrotor_msgs/msg/position_command__type_support.cpp.o
[4.511s] [ 21%] Building CXX object CMakeFiles/quadrotor_msgs__rosidl_typesupport_c.dir/rosidl_typesupport_c/quadrotor_msgs/msg/ppr_output_data__type_support.cpp.o
[4.511s] [ 22%] Building CXX object CMakeFiles/quadrotor_msgs__rosidl_typesupport_c.dir/rosidl_typesupport_c/quadrotor_msgs/msg/serial__type_support.cpp.o
[4.511s] [ 23%] Building CXX object CMakeFiles/quadrotor_msgs__rosidl_typesupport_c.dir/rosidl_typesupport_c/quadrotor_msgs/msg/so3_command__type_support.cpp.o
[4.523s] [ 23%] Building CXX object CMakeFiles/quadrotor_msgs__rosidl_typesupport_c.dir/rosidl_typesupport_c/quadrotor_msgs/msg/trpy_command__type_support.cpp.o
[4.523s] [ 24%] Building CXX object CMakeFiles/quadrotor_msgs__rosidl_typesupport_c.dir/rosidl_typesupport_c/quadrotor_msgs/msg/status_data__type_support.cpp.o
[4.551s] [ 25%] Building CXX object CMakeFiles/quadrotor_msgs__rosidl_typesupport_c.dir/rosidl_typesupport_c/quadrotor_msgs/msg/odometry__type_support.cpp.o
[4.553s] [ 26%] Building CXX object CMakeFiles/quadrotor_msgs__rosidl_typesupport_c.dir/rosidl_typesupport_c/quadrotor_msgs/msg/polynomial_trajectory__type_support.cpp.o
[4.626s] [ 27%] Linking CXX shared library libquadrotor_msgs__rosidl_typesupport_c.so
[4.787s] [ 27%] Built target quadrotor_msgs__rosidl_typesupport_c
[4.807s] [ 28%] Building CXX object CMakeFiles/quadrotor_msgs__rosidl_typesupport_cpp.dir/rosidl_typesupport_cpp/quadrotor_msgs/msg/output_data__type_support.cpp.o
[4.808s] [ 29%] Building CXX object CMakeFiles/quadrotor_msgs__rosidl_typesupport_cpp.dir/rosidl_typesupport_cpp/quadrotor_msgs/msg/gains__type_support.cpp.o
[4.819s] [ 29%] Building CXX object CMakeFiles/quadrotor_msgs__rosidl_typesupport_cpp.dir/rosidl_typesupport_cpp/quadrotor_msgs/msg/ppr_output_data__type_support.cpp.o
[4.828s] [ 30%] Building CXX object CMakeFiles/quadrotor_msgs__rosidl_typesupport_cpp.dir/rosidl_typesupport_cpp/quadrotor_msgs/msg/aux_command__type_support.cpp.o
[4.828s] [ 30%] Building CXX object CMakeFiles/quadrotor_msgs__rosidl_typesupport_cpp.dir/rosidl_typesupport_cpp/quadrotor_msgs/msg/corrections__type_support.cpp.o
[4.832s] [ 31%] Building CXX object CMakeFiles/quadrotor_msgs__rosidl_typesupport_cpp.dir/rosidl_typesupport_cpp/quadrotor_msgs/msg/serial__type_support.cpp.o
[4.834s] [ 32%] Building CXX object CMakeFiles/quadrotor_msgs__rosidl_typesupport_cpp.dir/rosidl_typesupport_cpp/quadrotor_msgs/msg/so3_command__type_support.cpp.o
[4.837s] [ 33%] Building CXX object CMakeFiles/quadrotor_msgs__rosidl_typesupport_cpp.dir/rosidl_typesupport_cpp/quadrotor_msgs/msg/lqr_trajectory__type_support.cpp.o
[4.837s] [ 34%] Building CXX object CMakeFiles/quadrotor_msgs__rosidl_typesupport_cpp.dir/rosidl_typesupport_cpp/quadrotor_msgs/msg/status_data__type_support.cpp.o
[4.840s] [ 35%] Building CXX object CMakeFiles/quadrotor_msgs__rosidl_typesupport_cpp.dir/rosidl_typesupport_cpp/quadrotor_msgs/msg/position_command__type_support.cpp.o
[4.848s] [ 35%] Building CXX object CMakeFiles/quadrotor_msgs__rosidl_typesupport_cpp.dir/rosidl_typesupport_cpp/quadrotor_msgs/msg/trpy_command__type_support.cpp.o
[4.887s] [ 36%] Building CXX object CMakeFiles/quadrotor_msgs__rosidl_typesupport_cpp.dir/rosidl_typesupport_cpp/quadrotor_msgs/msg/polynomial_trajectory__type_support.cpp.o
[4.894s] [ 37%] Building C object CMakeFiles/quadrotor_msgs__rosidl_typesupport_introspection_c.dir/rosidl_typesupport_introspection_c/quadrotor_msgs/msg/detail/aux_command__type_support.c.o
[4.905s] [ 38%] Building CXX object CMakeFiles/quadrotor_msgs__rosidl_typesupport_cpp.dir/rosidl_typesupport_cpp/quadrotor_msgs/msg/odometry__type_support.cpp.o
[4.912s] [ 38%] Building C object CMakeFiles/quadrotor_msgs__rosidl_typesupport_introspection_c.dir/rosidl_typesupport_introspection_c/quadrotor_msgs/msg/detail/corrections__type_support.c.o
[4.925s] [ 39%] Building C object CMakeFiles/quadrotor_msgs__rosidl_typesupport_introspection_c.dir/rosidl_typesupport_introspection_c/quadrotor_msgs/msg/detail/gains__type_support.c.o
[4.933s] [ 40%] Building C object CMakeFiles/quadrotor_msgs__rosidl_typesupport_introspection_c.dir/rosidl_typesupport_introspection_c/quadrotor_msgs/msg/detail/lqr_trajectory__type_support.c.o
[4.935s] [ 41%] Building CXX object CMakeFiles/quadrotor_msgs__rosidl_typesupport_introspection_cpp.dir/rosidl_typesupport_introspection_cpp/quadrotor_msgs/msg/detail/aux_command__type_support.cpp.o
[4.945s] [ 41%] Building CXX object CMakeFiles/quadrotor_msgs__rosidl_typesupport_introspection_cpp.dir/rosidl_typesupport_introspection_cpp/quadrotor_msgs/msg/detail/corrections__type_support.cpp.o
[4.957s] [ 42%] Building CXX object CMakeFiles/quadrotor_msgs__rosidl_typesupport_introspection_cpp.dir/rosidl_typesupport_introspection_cpp/quadrotor_msgs/msg/detail/gains__type_support.cpp.o
[5.019s] [ 43%] Building C object CMakeFiles/quadrotor_msgs__rosidl_typesupport_introspection_c.dir/rosidl_typesupport_introspection_c/quadrotor_msgs/msg/detail/output_data__type_support.c.o
[5.027s] [ 44%] Building CXX object CMakeFiles/quadrotor_msgs__rosidl_typesupport_introspection_cpp.dir/rosidl_typesupport_introspection_cpp/quadrotor_msgs/msg/detail/lqr_trajectory__type_support.cpp.o
[5.032s] [ 44%] Building C object CMakeFiles/quadrotor_msgs__rosidl_typesupport_introspection_c.dir/rosidl_typesupport_introspection_c/quadrotor_msgs/msg/detail/position_command__type_support.c.o
[5.054s] [ 45%] Building C object CMakeFiles/quadrotor_msgs__rosidl_typesupport_introspection_c.dir/rosidl_typesupport_introspection_c/quadrotor_msgs/msg/detail/ppr_output_data__type_support.c.o
[5.132s] [ 46%] Building C object CMakeFiles/quadrotor_msgs__rosidl_typesupport_introspection_c.dir/rosidl_typesupport_introspection_c/quadrotor_msgs/msg/detail/serial__type_support.c.o
[5.150s] [ 47%] Building C object CMakeFiles/quadrotor_msgs__rosidl_typesupport_introspection_c.dir/rosidl_typesupport_introspection_c/quadrotor_msgs/msg/detail/so3_command__type_support.c.o
[5.163s] [ 48%] Building CXX object CMakeFiles/quadrotor_msgs__rosidl_typesupport_fastrtps_c.dir/rosidl_typesupport_fastrtps_c/quadrotor_msgs/msg/detail/aux_command__type_support_c.cpp.o
[5.178s] [ 49%] Building CXX object CMakeFiles/quadrotor_msgs__rosidl_typesupport_fastrtps_c.dir/rosidl_typesupport_fastrtps_c/quadrotor_msgs/msg/detail/corrections__type_support_c.cpp.o
[5.239s] [ 49%] Building C object CMakeFiles/quadrotor_msgs__rosidl_typesupport_introspection_c.dir/rosidl_typesupport_introspection_c/quadrotor_msgs/msg/detail/status_data__type_support.c.o
[5.240s] [ 50%] Building CXX object CMakeFiles/quadrotor_msgs__rosidl_typesupport_fastrtps_c.dir/rosidl_typesupport_fastrtps_c/quadrotor_msgs/msg/detail/gains__type_support_c.cpp.o
[5.270s] [ 51%] Building C object CMakeFiles/quadrotor_msgs__rosidl_typesupport_introspection_c.dir/rosidl_typesupport_introspection_c/quadrotor_msgs/msg/detail/trpy_command__type_support.c.o
[5.282s] [ 51%] Building CXX object CMakeFiles/quadrotor_msgs__rosidl_typesupport_fastrtps_c.dir/rosidl_typesupport_fastrtps_c/quadrotor_msgs/msg/detail/lqr_trajectory__type_support_c.cpp.o
[5.284s] [ 52%] Building CXX object CMakeFiles/quadrotor_msgs__rosidl_typesupport_fastrtps_c.dir/rosidl_typesupport_fastrtps_c/quadrotor_msgs/msg/detail/output_data__type_support_c.cpp.o
[5.329s] [ 53%] Building C object CMakeFiles/quadrotor_msgs__rosidl_typesupport_introspection_c.dir/rosidl_typesupport_introspection_c/quadrotor_msgs/msg/detail/odometry__type_support.c.o
[5.351s] [ 54%] Building CXX object CMakeFiles/quadrotor_msgs__rosidl_typesupport_fastrtps_c.dir/rosidl_typesupport_fastrtps_c/quadrotor_msgs/msg/detail/position_command__type_support_c.cpp.o
[5.383s] [ 55%] Building CXX object CMakeFiles/quadrotor_msgs__rosidl_typesupport_introspection_cpp.dir/rosidl_typesupport_introspection_cpp/quadrotor_msgs/msg/detail/output_data__type_support.cpp.o
[5.395s] [ 56%] Building CXX object CMakeFiles/quadrotor_msgs__rosidl_typesupport_fastrtps_cpp.dir/rosidl_typesupport_fastrtps_cpp/quadrotor_msgs/msg/detail/dds_fastrtps/aux_command__type_support.cpp.o
[5.437s] [ 57%] Building C object CMakeFiles/quadrotor_msgs__rosidl_typesupport_introspection_c.dir/rosidl_typesupport_introspection_c/quadrotor_msgs/msg/detail/polynomial_trajectory__type_support.c.o
[5.488s] [ 58%] Building CXX object CMakeFiles/quadrotor_msgs__rosidl_typesupport_fastrtps_cpp.dir/rosidl_typesupport_fastrtps_cpp/quadrotor_msgs/msg/detail/dds_fastrtps/corrections__type_support.cpp.o
[5.506s] [ 58%] Building CXX object CMakeFiles/quadrotor_msgs__rosidl_typesupport_introspection_cpp.dir/rosidl_typesupport_introspection_cpp/quadrotor_msgs/msg/detail/position_command__type_support.cpp.o
[5.509s] [ 59%] Building CXX object CMakeFiles/quadrotor_msgs__rosidl_typesupport_fastrtps_c.dir/rosidl_typesupport_fastrtps_c/quadrotor_msgs/msg/detail/ppr_output_data__type_support_c.cpp.o
[5.579s] [ 60%] Building CXX object CMakeFiles/quadrotor_msgs__rosidl_typesupport_fastrtps_cpp.dir/rosidl_typesupport_fastrtps_cpp/quadrotor_msgs/msg/detail/dds_fastrtps/gains__type_support.cpp.o
[5.580s] [ 61%] Building CXX object CMakeFiles/quadrotor_msgs__rosidl_typesupport_introspection_cpp.dir/rosidl_typesupport_introspection_cpp/quadrotor_msgs/msg/detail/ppr_output_data__type_support.cpp.o
[5.591s] [ 62%] Building CXX object CMakeFiles/quadrotor_msgs__rosidl_typesupport_fastrtps_c.dir/rosidl_typesupport_fastrtps_c/quadrotor_msgs/msg/detail/serial__type_support_c.cpp.o
[5.631s] [ 63%] Linking C shared library libquadrotor_msgs__rosidl_typesupport_introspection_c.so
[5.778s] [ 64%] Building CXX object CMakeFiles/quadrotor_msgs__rosidl_typesupport_introspection_cpp.dir/rosidl_typesupport_introspection_cpp/quadrotor_msgs/msg/detail/serial__type_support.cpp.o
[5.788s] [ 64%] Building CXX object CMakeFiles/quadrotor_msgs__rosidl_typesupport_fastrtps_cpp.dir/rosidl_typesupport_fastrtps_cpp/quadrotor_msgs/msg/detail/dds_fastrtps/lqr_trajectory__type_support.cpp.o
[5.804s] [ 64%] Built target quadrotor_msgs__rosidl_typesupport_introspection_c
[5.830s] [ 65%] Building CXX object CMakeFiles/quadrotor_msgs__rosidl_typesupport_fastrtps_cpp.dir/rosidl_typesupport_fastrtps_cpp/quadrotor_msgs/msg/detail/dds_fastrtps/output_data__type_support.cpp.o
[5.958s] [ 65%] Building CXX object CMakeFiles/quadrotor_msgs__rosidl_typesupport_fastrtps_c.dir/rosidl_typesupport_fastrtps_c/quadrotor_msgs/msg/detail/so3_command__type_support_c.cpp.o
[5.976s] [ 66%] Building CXX object CMakeFiles/quadrotor_msgs__rosidl_typesupport_introspection_cpp.dir/rosidl_typesupport_introspection_cpp/quadrotor_msgs/msg/detail/so3_command__type_support.cpp.o
[6.031s] [ 67%] Building CXX object CMakeFiles/quadrotor_msgs__rosidl_typesupport_fastrtps_cpp.dir/rosidl_typesupport_fastrtps_cpp/quadrotor_msgs/msg/detail/dds_fastrtps/position_command__type_support.cpp.o
[6.034s] [ 67%] Building CXX object CMakeFiles/quadrotor_msgs__rosidl_typesupport_introspection_cpp.dir/rosidl_typesupport_introspection_cpp/quadrotor_msgs/msg/detail/status_data__type_support.cpp.o
[6.072s] [ 68%] Building CXX object CMakeFiles/quadrotor_msgs__rosidl_typesupport_fastrtps_c.dir/rosidl_typesupport_fastrtps_c/quadrotor_msgs/msg/detail/status_data__type_support_c.cpp.o
[6.181s] [ 69%] Building CXX object CMakeFiles/quadrotor_msgs__rosidl_typesupport_introspection_cpp.dir/rosidl_typesupport_introspection_cpp/quadrotor_msgs/msg/detail/trpy_command__type_support.cpp.o
[6.254s] [ 70%] Building CXX object CMakeFiles/quadrotor_msgs__rosidl_typesupport_introspection_cpp.dir/rosidl_typesupport_introspection_cpp/quadrotor_msgs/msg/detail/odometry__type_support.cpp.o
[6.267s] [ 71%] Building CXX object CMakeFiles/quadrotor_msgs__rosidl_typesupport_fastrtps_cpp.dir/rosidl_typesupport_fastrtps_cpp/quadrotor_msgs/msg/detail/dds_fastrtps/ppr_output_data__type_support.cpp.o
[6.286s] [ 71%] Building CXX object CMakeFiles/quadrotor_msgs__rosidl_typesupport_fastrtps_cpp.dir/rosidl_typesupport_fastrtps_cpp/quadrotor_msgs/msg/detail/dds_fastrtps/serial__type_support.cpp.o
[6.348s] [ 72%] Building CXX object CMakeFiles/quadrotor_msgs__rosidl_typesupport_introspection_cpp.dir/rosidl_typesupport_introspection_cpp/quadrotor_msgs/msg/detail/polynomial_trajectory__type_support.cpp.o
[6.353s] [ 73%] Building CXX object CMakeFiles/quadrotor_msgs__rosidl_typesupport_fastrtps_cpp.dir/rosidl_typesupport_fastrtps_cpp/quadrotor_msgs/msg/detail/dds_fastrtps/status_data__type_support.cpp.o
[6.371s] [ 74%] Building CXX object CMakeFiles/quadrotor_msgs__rosidl_typesupport_fastrtps_cpp.dir/rosidl_typesupport_fastrtps_cpp/quadrotor_msgs/msg/detail/dds_fastrtps/so3_command__type_support.cpp.o
[6.428s] [ 75%] Building CXX object CMakeFiles/quadrotor_msgs__rosidl_typesupport_fastrtps_cpp.dir/rosidl_typesupport_fastrtps_cpp/quadrotor_msgs/msg/detail/dds_fastrtps/trpy_command__type_support.cpp.o
[6.523s] [ 76%] Linking CXX shared library libquadrotor_msgs__rosidl_typesupport_cpp.so
[6.577s] [ 77%] Building CXX object CMakeFiles/quadrotor_msgs__rosidl_typesupport_fastrtps_cpp.dir/rosidl_typesupport_fastrtps_cpp/quadrotor_msgs/msg/detail/dds_fastrtps/odometry__type_support.cpp.o
[6.600s] [ 78%] Building CXX object CMakeFiles/quadrotor_msgs__rosidl_typesupport_fastrtps_c.dir/rosidl_typesupport_fastrtps_c/quadrotor_msgs/msg/detail/trpy_command__type_support_c.cpp.o
[6.608s] [ 78%] Building CXX object CMakeFiles/quadrotor_msgs__rosidl_typesupport_fastrtps_cpp.dir/rosidl_typesupport_fastrtps_cpp/quadrotor_msgs/msg/detail/dds_fastrtps/polynomial_trajectory__type_support.cpp.o
[6.624s] [ 78%] Built target quadrotor_msgs__rosidl_typesupport_cpp
[6.630s] [ 79%] Building CXX object CMakeFiles/quadrotor_msgs__rosidl_typesupport_fastrtps_c.dir/rosidl_typesupport_fastrtps_c/quadrotor_msgs/msg/detail/odometry__type_support_c.cpp.o
[6.647s] [ 79%] Building CXX object CMakeFiles/quadrotor_msgs__rosidl_typesupport_fastrtps_c.dir/rosidl_typesupport_fastrtps_c/quadrotor_msgs/msg/detail/polynomial_trajectory__type_support_c.cpp.o
[6.746s] [ 79%] Building CXX object CMakeFiles/decode_msgs.dir/src/decode_msgs.cpp.o
[6.758s] [ 80%] Building CXX object CMakeFiles/encode_msgs.dir/src/encode_msgs.cpp.o
[7.339s] [ 81%] Linking CXX shared library libquadrotor_msgs__rosidl_typesupport_fastrtps_c.so
[7.409s] [ 82%] Linking CXX shared library libquadrotor_msgs__rosidl_typesupport_introspection_cpp.so
[7.463s] [ 82%] Built target quadrotor_msgs__rosidl_typesupport_fastrtps_c
[7.518s] [ 82%] Built target quadrotor_msgs__rosidl_typesupport_introspection_cpp
[7.546s] [ 83%] Linking CXX shared library libencode_msgs.so
[7.695s] [ 83%] Built target encode_msgs
[7.750s] [ 84%] Linking CXX shared library libquadrotor_msgs__rosidl_typesupport_fastrtps_cpp.so
[7.889s] [ 84%] Built target quadrotor_msgs__rosidl_typesupport_fastrtps_cpp
[7.918s] [ 84%] Built target quadrotor_msgs
[7.943s] [ 85%] Generating Python code for ROS interfaces
[8.681s] [ 86%] Linking CXX shared library libdecode_msgs.so
[8.809s] [ 86%] Built target decode_msgs
[10.586s] [ 86%] Built target quadrotor_msgs__py
[10.606s] [ 88%] Building C object CMakeFiles/quadrotor_msgs__rosidl_generator_py.dir/rosidl_generator_py/quadrotor_msgs/msg/_corrections_s.c.o
[10.606s] [ 88%] Building C object CMakeFiles/quadrotor_msgs__rosidl_generator_py.dir/rosidl_generator_py/quadrotor_msgs/msg/_output_data_s.c.o
[10.606s] [ 89%] Building C object CMakeFiles/quadrotor_msgs__rosidl_generator_py.dir/rosidl_generator_py/quadrotor_msgs/msg/_lqr_trajectory_s.c.o
[10.606s] [ 89%] Building C object CMakeFiles/quadrotor_msgs__rosidl_generator_py.dir/rosidl_generator_py/quadrotor_msgs/msg/_aux_command_s.c.o
[10.606s] [ 90%] Building C object CMakeFiles/quadrotor_msgs__rosidl_generator_py.dir/rosidl_generator_py/quadrotor_msgs/msg/_ppr_output_data_s.c.o
[10.606s] [ 88%] Building C object CMakeFiles/quadrotor_msgs__rosidl_generator_py.dir/rosidl_generator_py/quadrotor_msgs/msg/_gains_s.c.o
[10.608s] [ 91%] Building C object CMakeFiles/quadrotor_msgs__rosidl_generator_py.dir/rosidl_generator_py/quadrotor_msgs/msg/_serial_s.c.o
[10.609s] [ 92%] Building C object CMakeFiles/quadrotor_msgs__rosidl_generator_py.dir/rosidl_generator_py/quadrotor_msgs/msg/_position_command_s.c.o
[10.610s] [ 92%] Building C object CMakeFiles/quadrotor_msgs__rosidl_generator_py.dir/rosidl_generator_py/quadrotor_msgs/msg/_so3_command_s.c.o
[10.612s] [ 93%] Building C object CMakeFiles/quadrotor_msgs__rosidl_generator_py.dir/rosidl_generator_py/quadrotor_msgs/msg/_status_data_s.c.o
[10.618s] [ 94%] Building C object CMakeFiles/quadrotor_msgs__rosidl_generator_py.dir/rosidl_generator_py/quadrotor_msgs/msg/_trpy_command_s.c.o
[10.620s] [ 94%] Building C object CMakeFiles/quadrotor_msgs__rosidl_generator_py.dir/rosidl_generator_py/quadrotor_msgs/msg/_polynomial_trajectory_s.c.o
[10.624s] [ 95%] Building C object CMakeFiles/quadrotor_msgs__rosidl_generator_py.dir/rosidl_generator_py/quadrotor_msgs/msg/_odometry_s.c.o
[10.832s] [ 96%] Linking C shared library rosidl_generator_py/quadrotor_msgs/libquadrotor_msgs__rosidl_generator_py.so
[10.875s] [ 96%] Built target quadrotor_msgs__rosidl_generator_py
[10.894s] [ 97%] Building C object CMakeFiles/quadrotor_msgs__rosidl_typesupport_fastrtps_c__pyext.dir/rosidl_generator_py/quadrotor_msgs/_quadrotor_msgs_s.ep.rosidl_typesupport_fastrtps_c.c.o
[10.894s] [ 97%] Building C object CMakeFiles/quadrotor_msgs__rosidl_typesupport_introspection_c__pyext.dir/rosidl_generator_py/quadrotor_msgs/_quadrotor_msgs_s.ep.rosidl_typesupport_introspection_c.c.o
[10.899s] [ 97%] Building C object CMakeFiles/quadrotor_msgs__rosidl_typesupport_c__pyext.dir/rosidl_generator_py/quadrotor_msgs/_quadrotor_msgs_s.ep.rosidl_typesupport_c.c.o
[11.005s] [ 98%] Linking C shared library rosidl_generator_py/quadrotor_msgs/quadrotor_msgs_s__rosidl_typesupport_fastrtps_c.cpython-310-x86_64-linux-gnu.so
[11.044s] [ 98%] Built target quadrotor_msgs__rosidl_typesupport_fastrtps_c__pyext
[11.060s] [ 99%] Linking C shared library rosidl_generator_py/quadrotor_msgs/quadrotor_msgs_s__rosidl_typesupport_introspection_c.cpython-310-x86_64-linux-gnu.so
[11.074s] [100%] Linking C shared library rosidl_generator_py/quadrotor_msgs/quadrotor_msgs_s__rosidl_typesupport_c.cpython-310-x86_64-linux-gnu.so
[11.113s] [100%] Built target quadrotor_msgs__rosidl_typesupport_introspection_c__pyext
[11.122s] [100%] Built target quadrotor_msgs__rosidl_typesupport_c__pyext
[11.133s] Invoked command in '/home/pjh/ego_swarm/ego-planner-swarm/build/quadrotor_msgs' returned '0': CMAKE_PREFIX_PATH=${CMAKE_PREFIX_PATH}:/opt/ros/humble /usr/bin/cmake --build /home/pjh/ego_swarm/ego-planner-swarm/build/quadrotor_msgs -- -j22 -l22
[11.135s] Invoking command in '/home/pjh/ego_swarm/ego-planner-swarm/build/quadrotor_msgs': CMAKE_PREFIX_PATH=${CMAKE_PREFIX_PATH}:/opt/ros/humble /usr/bin/cmake --install /home/pjh/ego_swarm/ego-planner-swarm/build/quadrotor_msgs
[11.141s] -- Install configuration: ""
[11.142s] -- Execute custom install script
[11.142s] -- Symlinking: /home/pjh/ego_swarm/ego-planner-swarm/install/quadrotor_msgs/share/ament_index/resource_index/rosidl_interfaces/quadrotor_msgs
[11.151s] -- Symlinking: /home/pjh/ego_swarm/ego-planner-swarm/install/quadrotor_msgs/include/quadrotor_msgs/quadrotor_msgs/msg/aux_command.h
[11.161s] -- Symlinking: /home/pjh/ego_swarm/ego-planner-swarm/install/quadrotor_msgs/include/quadrotor_msgs/quadrotor_msgs/msg/corrections.h
[11.171s] -- Symlinking: /home/pjh/ego_swarm/ego-planner-swarm/install/quadrotor_msgs/include/quadrotor_msgs/quadrotor_msgs/msg/detail/aux_command__functions.h
[11.180s] -- Symlinking: /home/pjh/ego_swarm/ego-planner-swarm/install/quadrotor_msgs/include/quadrotor_msgs/quadrotor_msgs/msg/detail/aux_command__struct.h
[11.188s] -- Symlinking: /home/pjh/ego_swarm/ego-planner-swarm/install/quadrotor_msgs/include/quadrotor_msgs/quadrotor_msgs/msg/detail/aux_command__type_support.h
[11.196s] -- Symlinking: /home/pjh/ego_swarm/ego-planner-swarm/install/quadrotor_msgs/include/quadrotor_msgs/quadrotor_msgs/msg/detail/corrections__functions.h
[11.204s] -- Symlinking: /home/pjh/ego_swarm/ego-planner-swarm/install/quadrotor_msgs/include/quadrotor_msgs/quadrotor_msgs/msg/detail/corrections__struct.h
[11.212s] -- Symlinking: /home/pjh/ego_swarm/ego-planner-swarm/install/quadrotor_msgs/include/quadrotor_msgs/quadrotor_msgs/msg/detail/corrections__type_support.h
[11.220s] -- Symlinking: /home/pjh/ego_swarm/ego-planner-swarm/install/quadrotor_msgs/include/quadrotor_msgs/quadrotor_msgs/msg/detail/gains__functions.h
[11.227s] -- Symlinking: /home/pjh/ego_swarm/ego-planner-swarm/install/quadrotor_msgs/include/quadrotor_msgs/quadrotor_msgs/msg/detail/gains__struct.h
[11.235s] -- Symlinking: /home/pjh/ego_swarm/ego-planner-swarm/install/quadrotor_msgs/include/quadrotor_msgs/quadrotor_msgs/msg/detail/gains__type_support.h
[11.246s] -- Symlinking: /home/pjh/ego_swarm/ego-planner-swarm/install/quadrotor_msgs/include/quadrotor_msgs/quadrotor_msgs/msg/detail/lqr_trajectory__functions.h
[11.257s] -- Symlinking: /home/pjh/ego_swarm/ego-planner-swarm/install/quadrotor_msgs/include/quadrotor_msgs/quadrotor_msgs/msg/detail/lqr_trajectory__struct.h
[11.266s] -- Symlinking: /home/pjh/ego_swarm/ego-planner-swarm/install/quadrotor_msgs/include/quadrotor_msgs/quadrotor_msgs/msg/detail/lqr_trajectory__type_support.h
[11.272s] -- Symlinking: /home/pjh/ego_swarm/ego-planner-swarm/install/quadrotor_msgs/include/quadrotor_msgs/quadrotor_msgs/msg/detail/odometry__functions.h
[11.278s] -- Symlinking: /home/pjh/ego_swarm/ego-planner-swarm/install/quadrotor_msgs/include/quadrotor_msgs/quadrotor_msgs/msg/detail/odometry__struct.h
[11.285s] -- Symlinking: /home/pjh/ego_swarm/ego-planner-swarm/install/quadrotor_msgs/include/quadrotor_msgs/quadrotor_msgs/msg/detail/odometry__type_support.h
[11.291s] -- Symlinking: /home/pjh/ego_swarm/ego-planner-swarm/install/quadrotor_msgs/include/quadrotor_msgs/quadrotor_msgs/msg/detail/output_data__functions.h
[11.297s] -- Symlinking: /home/pjh/ego_swarm/ego-planner-swarm/install/quadrotor_msgs/include/quadrotor_msgs/quadrotor_msgs/msg/detail/output_data__struct.h
[11.303s] -- Symlinking: /home/pjh/ego_swarm/ego-planner-swarm/install/quadrotor_msgs/include/quadrotor_msgs/quadrotor_msgs/msg/detail/output_data__type_support.h
[11.310s] -- Symlinking: /home/pjh/ego_swarm/ego-planner-swarm/install/quadrotor_msgs/include/quadrotor_msgs/quadrotor_msgs/msg/detail/polynomial_trajectory__functions.h
[11.316s] -- Symlinking: /home/pjh/ego_swarm/ego-planner-swarm/install/quadrotor_msgs/include/quadrotor_msgs/quadrotor_msgs/msg/detail/polynomial_trajectory__struct.h
[11.322s] -- Symlinking: /home/pjh/ego_swarm/ego-planner-swarm/install/quadrotor_msgs/include/quadrotor_msgs/quadrotor_msgs/msg/detail/polynomial_trajectory__type_support.h
[11.329s] -- Symlinking: /home/pjh/ego_swarm/ego-planner-swarm/install/quadrotor_msgs/include/quadrotor_msgs/quadrotor_msgs/msg/detail/position_command__functions.h
[11.336s] -- Symlinking: /home/pjh/ego_swarm/ego-planner-swarm/install/quadrotor_msgs/include/quadrotor_msgs/quadrotor_msgs/msg/detail/position_command__struct.h
[11.343s] -- Symlinking: /home/pjh/ego_swarm/ego-planner-swarm/install/quadrotor_msgs/include/quadrotor_msgs/quadrotor_msgs/msg/detail/position_command__type_support.h
[11.350s] -- Symlinking: /home/pjh/ego_swarm/ego-planner-swarm/install/quadrotor_msgs/include/quadrotor_msgs/quadrotor_msgs/msg/detail/ppr_output_data__functions.h
[11.358s] -- Symlinking: /home/pjh/ego_swarm/ego-planner-swarm/install/quadrotor_msgs/include/quadrotor_msgs/quadrotor_msgs/msg/detail/ppr_output_data__struct.h
[11.366s] -- Symlinking: /home/pjh/ego_swarm/ego-planner-swarm/install/quadrotor_msgs/include/quadrotor_msgs/quadrotor_msgs/msg/detail/ppr_output_data__type_support.h
[11.374s] -- Symlinking: /home/pjh/ego_swarm/ego-planner-swarm/install/quadrotor_msgs/include/quadrotor_msgs/quadrotor_msgs/msg/detail/serial__functions.h
[11.382s] -- Symlinking: /home/pjh/ego_swarm/ego-planner-swarm/install/quadrotor_msgs/include/quadrotor_msgs/quadrotor_msgs/msg/detail/serial__struct.h
[11.390s] -- Symlinking: /home/pjh/ego_swarm/ego-planner-swarm/install/quadrotor_msgs/include/quadrotor_msgs/quadrotor_msgs/msg/detail/serial__type_support.h
[11.398s] -- Symlinking: /home/pjh/ego_swarm/ego-planner-swarm/install/quadrotor_msgs/include/quadrotor_msgs/quadrotor_msgs/msg/detail/so3_command__functions.h
[11.406s] -- Symlinking: /home/pjh/ego_swarm/ego-planner-swarm/install/quadrotor_msgs/include/quadrotor_msgs/quadrotor_msgs/msg/detail/so3_command__struct.h
[11.414s] -- Symlinking: /home/pjh/ego_swarm/ego-planner-swarm/install/quadrotor_msgs/include/quadrotor_msgs/quadrotor_msgs/msg/detail/so3_command__type_support.h
[11.423s] -- Symlinking: /home/pjh/ego_swarm/ego-planner-swarm/install/quadrotor_msgs/include/quadrotor_msgs/quadrotor_msgs/msg/detail/status_data__functions.h
[11.430s] -- Symlinking: /home/pjh/ego_swarm/ego-planner-swarm/install/quadrotor_msgs/include/quadrotor_msgs/quadrotor_msgs/msg/detail/status_data__struct.h
[11.438s] -- Symlinking: /home/pjh/ego_swarm/ego-planner-swarm/install/quadrotor_msgs/include/quadrotor_msgs/quadrotor_msgs/msg/detail/status_data__type_support.h
[11.445s] -- Symlinking: /home/pjh/ego_swarm/ego-planner-swarm/install/quadrotor_msgs/include/quadrotor_msgs/quadrotor_msgs/msg/detail/trpy_command__functions.h
[11.453s] -- Symlinking: /home/pjh/ego_swarm/ego-planner-swarm/install/quadrotor_msgs/include/quadrotor_msgs/quadrotor_msgs/msg/detail/trpy_command__struct.h
[11.461s] -- Symlinking: /home/pjh/ego_swarm/ego-planner-swarm/install/quadrotor_msgs/include/quadrotor_msgs/quadrotor_msgs/msg/detail/trpy_command__type_support.h
[11.470s] -- Symlinking: /home/pjh/ego_swarm/ego-planner-swarm/install/quadrotor_msgs/include/quadrotor_msgs/quadrotor_msgs/msg/gains.h
[11.478s] -- Symlinking: /home/pjh/ego_swarm/ego-planner-swarm/install/quadrotor_msgs/include/quadrotor_msgs/quadrotor_msgs/msg/lqr_trajectory.h
[11.487s] -- Symlinking: /home/pjh/ego_swarm/ego-planner-swarm/install/quadrotor_msgs/include/quadrotor_msgs/quadrotor_msgs/msg/odometry.h
[11.495s] -- Symlinking: /home/pjh/ego_swarm/ego-planner-swarm/install/quadrotor_msgs/include/quadrotor_msgs/quadrotor_msgs/msg/output_data.h
[11.503s] -- Symlinking: /home/pjh/ego_swarm/ego-planner-swarm/install/quadrotor_msgs/include/quadrotor_msgs/quadrotor_msgs/msg/polynomial_trajectory.h
[11.511s] -- Symlinking: /home/pjh/ego_swarm/ego-planner-swarm/install/quadrotor_msgs/include/quadrotor_msgs/quadrotor_msgs/msg/position_command.h
[11.519s] -- Symlinking: /home/pjh/ego_swarm/ego-planner-swarm/install/quadrotor_msgs/include/quadrotor_msgs/quadrotor_msgs/msg/ppr_output_data.h
[11.528s] -- Symlinking: /home/pjh/ego_swarm/ego-planner-swarm/install/quadrotor_msgs/include/quadrotor_msgs/quadrotor_msgs/msg/rosidl_generator_c__visibility_control.h
[11.537s] -- Symlinking: /home/pjh/ego_swarm/ego-planner-swarm/install/quadrotor_msgs/include/quadrotor_msgs/quadrotor_msgs/msg/serial.h
[11.545s] -- Symlinking: /home/pjh/ego_swarm/ego-planner-swarm/install/quadrotor_msgs/include/quadrotor_msgs/quadrotor_msgs/msg/so3_command.h
[11.554s] -- Symlinking: /home/pjh/ego_swarm/ego-planner-swarm/install/quadrotor_msgs/include/quadrotor_msgs/quadrotor_msgs/msg/status_data.h
[11.565s] -- Symlinking: /home/pjh/ego_swarm/ego-planner-swarm/install/quadrotor_msgs/include/quadrotor_msgs/quadrotor_msgs/msg/trpy_command.h
[11.577s] -- Symlinking: /home/pjh/ego_swarm/ego-planner-swarm/install/quadrotor_msgs/share/quadrotor_msgs/environment/library_path.sh
[11.588s] -- Symlinking: /home/pjh/ego_swarm/ego-planner-swarm/install/quadrotor_msgs/share/quadrotor_msgs/environment/library_path.dsv
[11.600s] -- Symlinking: /home/pjh/ego_swarm/ego-planner-swarm/install/quadrotor_msgs/include/quadrotor_msgs/quadrotor_msgs/msg/detail/aux_command__rosidl_typesupport_fastrtps_c.h
[11.613s] -- Symlinking: /home/pjh/ego_swarm/ego-planner-swarm/install/quadrotor_msgs/include/quadrotor_msgs/quadrotor_msgs/msg/detail/corrections__rosidl_typesupport_fastrtps_c.h
[11.625s] -- Symlinking: /home/pjh/ego_swarm/ego-planner-swarm/install/quadrotor_msgs/include/quadrotor_msgs/quadrotor_msgs/msg/detail/gains__rosidl_typesupport_fastrtps_c.h
[11.637s] -- Symlinking: /home/pjh/ego_swarm/ego-planner-swarm/install/quadrotor_msgs/include/quadrotor_msgs/quadrotor_msgs/msg/detail/lqr_trajectory__rosidl_typesupport_fastrtps_c.h
[11.649s] -- Symlinking: /home/pjh/ego_swarm/ego-planner-swarm/install/quadrotor_msgs/include/quadrotor_msgs/quadrotor_msgs/msg/detail/odometry__rosidl_typesupport_fastrtps_c.h
[11.660s] -- Symlinking: /home/pjh/ego_swarm/ego-planner-swarm/install/quadrotor_msgs/include/quadrotor_msgs/quadrotor_msgs/msg/detail/output_data__rosidl_typesupport_fastrtps_c.h
[11.672s] -- Symlinking: /home/pjh/ego_swarm/ego-planner-swarm/install/quadrotor_msgs/include/quadrotor_msgs/quadrotor_msgs/msg/detail/polynomial_trajectory__rosidl_typesupport_fastrtps_c.h
[11.683s] -- Symlinking: /home/pjh/ego_swarm/ego-planner-swarm/install/quadrotor_msgs/include/quadrotor_msgs/quadrotor_msgs/msg/detail/position_command__rosidl_typesupport_fastrtps_c.h
[11.694s] -- Symlinking: /home/pjh/ego_swarm/ego-planner-swarm/install/quadrotor_msgs/include/quadrotor_msgs/quadrotor_msgs/msg/detail/ppr_output_data__rosidl_typesupport_fastrtps_c.h
[11.706s] -- Symlinking: /home/pjh/ego_swarm/ego-planner-swarm/install/quadrotor_msgs/include/quadrotor_msgs/quadrotor_msgs/msg/detail/serial__rosidl_typesupport_fastrtps_c.h
[11.717s] -- Symlinking: /home/pjh/ego_swarm/ego-planner-swarm/install/quadrotor_msgs/include/quadrotor_msgs/quadrotor_msgs/msg/detail/so3_command__rosidl_typesupport_fastrtps_c.h
[11.729s] -- Symlinking: /home/pjh/ego_swarm/ego-planner-swarm/install/quadrotor_msgs/include/quadrotor_msgs/quadrotor_msgs/msg/detail/status_data__rosidl_typesupport_fastrtps_c.h
[11.741s] -- Symlinking: /home/pjh/ego_swarm/ego-planner-swarm/install/quadrotor_msgs/include/quadrotor_msgs/quadrotor_msgs/msg/detail/trpy_command__rosidl_typesupport_fastrtps_c.h
[11.752s] -- Symlinking: /home/pjh/ego_swarm/ego-planner-swarm/install/quadrotor_msgs/include/quadrotor_msgs/quadrotor_msgs/msg/rosidl_typesupport_fastrtps_c__visibility_control.h
[11.764s] -- Symlinking: /home/pjh/ego_swarm/ego-planner-swarm/install/quadrotor_msgs/include/quadrotor_msgs/quadrotor_msgs/msg/aux_command.hpp
[11.776s] -- Symlinking: /home/pjh/ego_swarm/ego-planner-swarm/install/quadrotor_msgs/include/quadrotor_msgs/quadrotor_msgs/msg/corrections.hpp
[11.787s] -- Symlinking: /home/pjh/ego_swarm/ego-planner-swarm/install/quadrotor_msgs/include/quadrotor_msgs/quadrotor_msgs/msg/detail/aux_command__builder.hpp
[11.798s] -- Symlinking: /home/pjh/ego_swarm/ego-planner-swarm/install/quadrotor_msgs/include/quadrotor_msgs/quadrotor_msgs/msg/detail/aux_command__struct.hpp
[11.810s] -- Symlinking: /home/pjh/ego_swarm/ego-planner-swarm/install/quadrotor_msgs/include/quadrotor_msgs/quadrotor_msgs/msg/detail/aux_command__traits.hpp
[11.822s] -- Symlinking: /home/pjh/ego_swarm/ego-planner-swarm/install/quadrotor_msgs/include/quadrotor_msgs/quadrotor_msgs/msg/detail/aux_command__type_support.hpp
[11.834s] -- Symlinking: /home/pjh/ego_swarm/ego-planner-swarm/install/quadrotor_msgs/include/quadrotor_msgs/quadrotor_msgs/msg/detail/corrections__builder.hpp
[11.847s] -- Symlinking: /home/pjh/ego_swarm/ego-planner-swarm/install/quadrotor_msgs/include/quadrotor_msgs/quadrotor_msgs/msg/detail/corrections__struct.hpp
[11.858s] -- Symlinking: /home/pjh/ego_swarm/ego-planner-swarm/install/quadrotor_msgs/include/quadrotor_msgs/quadrotor_msgs/msg/detail/corrections__traits.hpp
[11.865s] -- Symlinking: /home/pjh/ego_swarm/ego-planner-swarm/install/quadrotor_msgs/include/quadrotor_msgs/quadrotor_msgs/msg/detail/corrections__type_support.hpp
[11.872s] -- Symlinking: /home/pjh/ego_swarm/ego-planner-swarm/install/quadrotor_msgs/include/quadrotor_msgs/quadrotor_msgs/msg/detail/gains__builder.hpp
[11.878s] -- Symlinking: /home/pjh/ego_swarm/ego-planner-swarm/install/quadrotor_msgs/include/quadrotor_msgs/quadrotor_msgs/msg/detail/gains__struct.hpp
[11.885s] -- Symlinking: /home/pjh/ego_swarm/ego-planner-swarm/install/quadrotor_msgs/include/quadrotor_msgs/quadrotor_msgs/msg/detail/gains__traits.hpp
[11.891s] -- Symlinking: /home/pjh/ego_swarm/ego-planner-swarm/install/quadrotor_msgs/include/quadrotor_msgs/quadrotor_msgs/msg/detail/gains__type_support.hpp
[11.898s] -- Symlinking: /home/pjh/ego_swarm/ego-planner-swarm/install/quadrotor_msgs/include/quadrotor_msgs/quadrotor_msgs/msg/detail/lqr_trajectory__builder.hpp
[11.905s] -- Symlinking: /home/pjh/ego_swarm/ego-planner-swarm/install/quadrotor_msgs/include/quadrotor_msgs/quadrotor_msgs/msg/detail/lqr_trajectory__struct.hpp
[11.916s] -- Symlinking: /home/pjh/ego_swarm/ego-planner-swarm/install/quadrotor_msgs/include/quadrotor_msgs/quadrotor_msgs/msg/detail/lqr_trajectory__traits.hpp
[11.928s] -- Symlinking: /home/pjh/ego_swarm/ego-planner-swarm/install/quadrotor_msgs/include/quadrotor_msgs/quadrotor_msgs/msg/detail/lqr_trajectory__type_support.hpp
[11.940s] -- Symlinking: /home/pjh/ego_swarm/ego-planner-swarm/install/quadrotor_msgs/include/quadrotor_msgs/quadrotor_msgs/msg/detail/odometry__builder.hpp
[11.952s] -- Symlinking: /home/pjh/ego_swarm/ego-planner-swarm/install/quadrotor_msgs/include/quadrotor_msgs/quadrotor_msgs/msg/detail/odometry__struct.hpp
[11.964s] -- Symlinking: /home/pjh/ego_swarm/ego-planner-swarm/install/quadrotor_msgs/include/quadrotor_msgs/quadrotor_msgs/msg/detail/odometry__traits.hpp
[11.970s] -- Symlinking: /home/pjh/ego_swarm/ego-planner-swarm/install/quadrotor_msgs/include/quadrotor_msgs/quadrotor_msgs/msg/detail/odometry__type_support.hpp
[11.976s] -- Symlinking: /home/pjh/ego_swarm/ego-planner-swarm/install/quadrotor_msgs/include/quadrotor_msgs/quadrotor_msgs/msg/detail/output_data__builder.hpp
[11.984s] -- Symlinking: /home/pjh/ego_swarm/ego-planner-swarm/install/quadrotor_msgs/include/quadrotor_msgs/quadrotor_msgs/msg/detail/output_data__struct.hpp
[11.991s] -- Symlinking: /home/pjh/ego_swarm/ego-planner-swarm/install/quadrotor_msgs/include/quadrotor_msgs/quadrotor_msgs/msg/detail/output_data__traits.hpp
[11.998s] -- Symlinking: /home/pjh/ego_swarm/ego-planner-swarm/install/quadrotor_msgs/include/quadrotor_msgs/quadrotor_msgs/msg/detail/output_data__type_support.hpp
[12.005s] -- Symlinking: /home/pjh/ego_swarm/ego-planner-swarm/install/quadrotor_msgs/include/quadrotor_msgs/quadrotor_msgs/msg/detail/polynomial_trajectory__builder.hpp
[12.012s] -- Symlinking: /home/pjh/ego_swarm/ego-planner-swarm/install/quadrotor_msgs/include/quadrotor_msgs/quadrotor_msgs/msg/detail/polynomial_trajectory__struct.hpp
[12.021s] -- Symlinking: /home/pjh/ego_swarm/ego-planner-swarm/install/quadrotor_msgs/include/quadrotor_msgs/quadrotor_msgs/msg/detail/polynomial_trajectory__traits.hpp
[12.028s] -- Symlinking: /home/pjh/ego_swarm/ego-planner-swarm/install/quadrotor_msgs/include/quadrotor_msgs/quadrotor_msgs/msg/detail/polynomial_trajectory__type_support.hpp
[12.035s] -- Symlinking: /home/pjh/ego_swarm/ego-planner-swarm/install/quadrotor_msgs/include/quadrotor_msgs/quadrotor_msgs/msg/detail/position_command__builder.hpp
[12.043s] -- Symlinking: /home/pjh/ego_swarm/ego-planner-swarm/install/quadrotor_msgs/include/quadrotor_msgs/quadrotor_msgs/msg/detail/position_command__struct.hpp
[12.052s] -- Symlinking: /home/pjh/ego_swarm/ego-planner-swarm/install/quadrotor_msgs/include/quadrotor_msgs/quadrotor_msgs/msg/detail/position_command__traits.hpp
[12.060s] -- Symlinking: /home/pjh/ego_swarm/ego-planner-swarm/install/quadrotor_msgs/include/quadrotor_msgs/quadrotor_msgs/msg/detail/position_command__type_support.hpp
[12.068s] -- Symlinking: /home/pjh/ego_swarm/ego-planner-swarm/install/quadrotor_msgs/include/quadrotor_msgs/quadrotor_msgs/msg/detail/ppr_output_data__builder.hpp
[12.077s] -- Symlinking: /home/pjh/ego_swarm/ego-planner-swarm/install/quadrotor_msgs/include/quadrotor_msgs/quadrotor_msgs/msg/detail/ppr_output_data__struct.hpp
[12.085s] -- Symlinking: /home/pjh/ego_swarm/ego-planner-swarm/install/quadrotor_msgs/include/quadrotor_msgs/quadrotor_msgs/msg/detail/ppr_output_data__traits.hpp
[12.094s] -- Symlinking: /home/pjh/ego_swarm/ego-planner-swarm/install/quadrotor_msgs/include/quadrotor_msgs/quadrotor_msgs/msg/detail/ppr_output_data__type_support.hpp
[12.103s] -- Symlinking: /home/pjh/ego_swarm/ego-planner-swarm/install/quadrotor_msgs/include/quadrotor_msgs/quadrotor_msgs/msg/detail/serial__builder.hpp
[12.112s] -- Symlinking: /home/pjh/ego_swarm/ego-planner-swarm/install/quadrotor_msgs/include/quadrotor_msgs/quadrotor_msgs/msg/detail/serial__struct.hpp
[12.122s] -- Symlinking: /home/pjh/ego_swarm/ego-planner-swarm/install/quadrotor_msgs/include/quadrotor_msgs/quadrotor_msgs/msg/detail/serial__traits.hpp
[12.131s] -- Symlinking: /home/pjh/ego_swarm/ego-planner-swarm/install/quadrotor_msgs/include/quadrotor_msgs/quadrotor_msgs/msg/detail/serial__type_support.hpp
[12.141s] -- Symlinking: /home/pjh/ego_swarm/ego-planner-swarm/install/quadrotor_msgs/include/quadrotor_msgs/quadrotor_msgs/msg/detail/so3_command__builder.hpp
[12.150s] -- Symlinking: /home/pjh/ego_swarm/ego-planner-swarm/install/quadrotor_msgs/include/quadrotor_msgs/quadrotor_msgs/msg/detail/so3_command__struct.hpp
[12.161s] -- Symlinking: /home/pjh/ego_swarm/ego-planner-swarm/install/quadrotor_msgs/include/quadrotor_msgs/quadrotor_msgs/msg/detail/so3_command__traits.hpp
[12.174s] -- Symlinking: /home/pjh/ego_swarm/ego-planner-swarm/install/quadrotor_msgs/include/quadrotor_msgs/quadrotor_msgs/msg/detail/so3_command__type_support.hpp
[12.186s] -- Symlinking: /home/pjh/ego_swarm/ego-planner-swarm/install/quadrotor_msgs/include/quadrotor_msgs/quadrotor_msgs/msg/detail/status_data__builder.hpp
[12.199s] -- Symlinking: /home/pjh/ego_swarm/ego-planner-swarm/install/quadrotor_msgs/include/quadrotor_msgs/quadrotor_msgs/msg/detail/status_data__struct.hpp
[12.210s] -- Symlinking: /home/pjh/ego_swarm/ego-planner-swarm/install/quadrotor_msgs/include/quadrotor_msgs/quadrotor_msgs/msg/detail/status_data__traits.hpp
[12.222s] -- Symlinking: /home/pjh/ego_swarm/ego-planner-swarm/install/quadrotor_msgs/include/quadrotor_msgs/quadrotor_msgs/msg/detail/status_data__type_support.hpp
[12.233s] -- Symlinking: /home/pjh/ego_swarm/ego-planner-swarm/install/quadrotor_msgs/include/quadrotor_msgs/quadrotor_msgs/msg/detail/trpy_command__builder.hpp
[12.244s] -- Symlinking: /home/pjh/ego_swarm/ego-planner-swarm/install/quadrotor_msgs/include/quadrotor_msgs/quadrotor_msgs/msg/detail/trpy_command__struct.hpp
[12.256s] -- Symlinking: /home/pjh/ego_swarm/ego-planner-swarm/install/quadrotor_msgs/include/quadrotor_msgs/quadrotor_msgs/msg/detail/trpy_command__traits.hpp
[12.268s] -- Symlinking: /home/pjh/ego_swarm/ego-planner-swarm/install/quadrotor_msgs/include/quadrotor_msgs/quadrotor_msgs/msg/detail/trpy_command__type_support.hpp
[12.279s] -- Symlinking: /home/pjh/ego_swarm/ego-planner-swarm/install/quadrotor_msgs/include/quadrotor_msgs/quadrotor_msgs/msg/gains.hpp
[12.291s] -- Symlinking: /home/pjh/ego_swarm/ego-planner-swarm/install/quadrotor_msgs/include/quadrotor_msgs/quadrotor_msgs/msg/lqr_trajectory.hpp
[12.303s] -- Symlinking: /home/pjh/ego_swarm/ego-planner-swarm/install/quadrotor_msgs/include/quadrotor_msgs/quadrotor_msgs/msg/odometry.hpp
[12.315s] -- Symlinking: /home/pjh/ego_swarm/ego-planner-swarm/install/quadrotor_msgs/include/quadrotor_msgs/quadrotor_msgs/msg/output_data.hpp
[12.327s] -- Symlinking: /home/pjh/ego_swarm/ego-planner-swarm/install/quadrotor_msgs/include/quadrotor_msgs/quadrotor_msgs/msg/polynomial_trajectory.hpp
[12.339s] -- Symlinking: /home/pjh/ego_swarm/ego-planner-swarm/install/quadrotor_msgs/include/quadrotor_msgs/quadrotor_msgs/msg/position_command.hpp
[12.351s] -- Symlinking: /home/pjh/ego_swarm/ego-planner-swarm/install/quadrotor_msgs/include/quadrotor_msgs/quadrotor_msgs/msg/ppr_output_data.hpp
[12.362s] -- Symlinking: /home/pjh/ego_swarm/ego-planner-swarm/install/quadrotor_msgs/include/quadrotor_msgs/quadrotor_msgs/msg/rosidl_generator_cpp__visibility_control.hpp
[12.374s] -- Symlinking: /home/pjh/ego_swarm/ego-planner-swarm/install/quadrotor_msgs/include/quadrotor_msgs/quadrotor_msgs/msg/serial.hpp
[12.386s] -- Symlinking: /home/pjh/ego_swarm/ego-planner-swarm/install/quadrotor_msgs/include/quadrotor_msgs/quadrotor_msgs/msg/so3_command.hpp
[12.398s] -- Symlinking: /home/pjh/ego_swarm/ego-planner-swarm/install/quadrotor_msgs/include/quadrotor_msgs/quadrotor_msgs/msg/status_data.hpp
[12.404s] -- Symlinking: /home/pjh/ego_swarm/ego-planner-swarm/install/quadrotor_msgs/include/quadrotor_msgs/quadrotor_msgs/msg/trpy_command.hpp
[12.410s] -- Symlinking: /home/pjh/ego_swarm/ego-planner-swarm/install/quadrotor_msgs/include/quadrotor_msgs/quadrotor_msgs/msg/detail/aux_command__rosidl_typesupport_fastrtps_cpp.hpp
[12.417s] -- Symlinking: /home/pjh/ego_swarm/ego-planner-swarm/install/quadrotor_msgs/include/quadrotor_msgs/quadrotor_msgs/msg/detail/corrections__rosidl_typesupport_fastrtps_cpp.hpp
[12.423s] -- Symlinking: /home/pjh/ego_swarm/ego-planner-swarm/install/quadrotor_msgs/include/quadrotor_msgs/quadrotor_msgs/msg/detail/gains__rosidl_typesupport_fastrtps_cpp.hpp
[12.431s] -- Symlinking: /home/pjh/ego_swarm/ego-planner-swarm/install/quadrotor_msgs/include/quadrotor_msgs/quadrotor_msgs/msg/detail/lqr_trajectory__rosidl_typesupport_fastrtps_cpp.hpp
[12.439s] -- Symlinking: /home/pjh/ego_swarm/ego-planner-swarm/install/quadrotor_msgs/include/quadrotor_msgs/quadrotor_msgs/msg/detail/odometry__rosidl_typesupport_fastrtps_cpp.hpp
[12.451s] -- Symlinking: /home/pjh/ego_swarm/ego-planner-swarm/install/quadrotor_msgs/include/quadrotor_msgs/quadrotor_msgs/msg/detail/output_data__rosidl_typesupport_fastrtps_cpp.hpp
[12.463s] -- Symlinking: /home/pjh/ego_swarm/ego-planner-swarm/install/quadrotor_msgs/include/quadrotor_msgs/quadrotor_msgs/msg/detail/polynomial_trajectory__rosidl_typesupport_fastrtps_cpp.hpp
[12.475s] -- Symlinking: /home/pjh/ego_swarm/ego-planner-swarm/install/quadrotor_msgs/include/quadrotor_msgs/quadrotor_msgs/msg/detail/position_command__rosidl_typesupport_fastrtps_cpp.hpp
[12.487s] -- Symlinking: /home/pjh/ego_swarm/ego-planner-swarm/install/quadrotor_msgs/include/quadrotor_msgs/quadrotor_msgs/msg/detail/ppr_output_data__rosidl_typesupport_fastrtps_cpp.hpp
[12.493s] -- Symlinking: /home/pjh/ego_swarm/ego-planner-swarm/install/quadrotor_msgs/include/quadrotor_msgs/quadrotor_msgs/msg/detail/serial__rosidl_typesupport_fastrtps_cpp.hpp
[12.500s] -- Symlinking: /home/pjh/ego_swarm/ego-planner-swarm/install/quadrotor_msgs/include/quadrotor_msgs/quadrotor_msgs/msg/detail/so3_command__rosidl_typesupport_fastrtps_cpp.hpp
[12.506s] -- Symlinking: /home/pjh/ego_swarm/ego-planner-swarm/install/quadrotor_msgs/include/quadrotor_msgs/quadrotor_msgs/msg/detail/status_data__rosidl_typesupport_fastrtps_cpp.hpp
[12.512s] -- Symlinking: /home/pjh/ego_swarm/ego-planner-swarm/install/quadrotor_msgs/include/quadrotor_msgs/quadrotor_msgs/msg/detail/trpy_command__rosidl_typesupport_fastrtps_cpp.hpp
[12.519s] -- Symlinking: /home/pjh/ego_swarm/ego-planner-swarm/install/quadrotor_msgs/include/quadrotor_msgs/quadrotor_msgs/msg/rosidl_typesupport_fastrtps_cpp__visibility_control.h
[12.527s] -- Symlinking: /home/pjh/ego_swarm/ego-planner-swarm/install/quadrotor_msgs/include/quadrotor_msgs/quadrotor_msgs/msg/detail/aux_command__rosidl_typesupport_introspection_c.h
[12.539s] -- Symlinking: /home/pjh/ego_swarm/ego-planner-swarm/install/quadrotor_msgs/include/quadrotor_msgs/quadrotor_msgs/msg/detail/corrections__rosidl_typesupport_introspection_c.h
[12.550s] -- Symlinking: /home/pjh/ego_swarm/ego-planner-swarm/install/quadrotor_msgs/include/quadrotor_msgs/quadrotor_msgs/msg/detail/gains__rosidl_typesupport_introspection_c.h
[12.564s] -- Symlinking: /home/pjh/ego_swarm/ego-planner-swarm/install/quadrotor_msgs/include/quadrotor_msgs/quadrotor_msgs/msg/detail/lqr_trajectory__rosidl_typesupport_introspection_c.h
[12.575s] -- Symlinking: /home/pjh/ego_swarm/ego-planner-swarm/install/quadrotor_msgs/include/quadrotor_msgs/quadrotor_msgs/msg/detail/odometry__rosidl_typesupport_introspection_c.h
[12.587s] -- Symlinking: /home/pjh/ego_swarm/ego-planner-swarm/install/quadrotor_msgs/include/quadrotor_msgs/quadrotor_msgs/msg/detail/output_data__rosidl_typesupport_introspection_c.h
[12.599s] -- Symlinking: /home/pjh/ego_swarm/ego-planner-swarm/install/quadrotor_msgs/include/quadrotor_msgs/quadrotor_msgs/msg/detail/polynomial_trajectory__rosidl_typesupport_introspection_c.h
[12.611s] -- Symlinking: /home/pjh/ego_swarm/ego-planner-swarm/install/quadrotor_msgs/include/quadrotor_msgs/quadrotor_msgs/msg/detail/position_command__rosidl_typesupport_introspection_c.h
[12.622s] -- Symlinking: /home/pjh/ego_swarm/ego-planner-swarm/install/quadrotor_msgs/include/quadrotor_msgs/quadrotor_msgs/msg/detail/ppr_output_data__rosidl_typesupport_introspection_c.h
[12.632s] -- Symlinking: /home/pjh/ego_swarm/ego-planner-swarm/install/quadrotor_msgs/include/quadrotor_msgs/quadrotor_msgs/msg/detail/serial__rosidl_typesupport_introspection_c.h
[12.641s] -- Symlinking: /home/pjh/ego_swarm/ego-planner-swarm/install/quadrotor_msgs/include/quadrotor_msgs/quadrotor_msgs/msg/detail/so3_command__rosidl_typesupport_introspection_c.h
[12.648s] -- Symlinking: /home/pjh/ego_swarm/ego-planner-swarm/install/quadrotor_msgs/include/quadrotor_msgs/quadrotor_msgs/msg/detail/status_data__rosidl_typesupport_introspection_c.h
[12.657s] -- Symlinking: /home/pjh/ego_swarm/ego-planner-swarm/install/quadrotor_msgs/include/quadrotor_msgs/quadrotor_msgs/msg/detail/trpy_command__rosidl_typesupport_introspection_c.h
[12.669s] -- Symlinking: /home/pjh/ego_swarm/ego-planner-swarm/install/quadrotor_msgs/include/quadrotor_msgs/quadrotor_msgs/msg/rosidl_typesupport_introspection_c__visibility_control.h
[12.680s] -- Symlinking: /home/pjh/ego_swarm/ego-planner-swarm/install/quadrotor_msgs/include/quadrotor_msgs/quadrotor_msgs/msg/detail/aux_command__rosidl_typesupport_introspection_cpp.hpp
[12.687s] -- Symlinking: /home/pjh/ego_swarm/ego-planner-swarm/install/quadrotor_msgs/include/quadrotor_msgs/quadrotor_msgs/msg/detail/corrections__rosidl_typesupport_introspection_cpp.hpp
[12.694s] -- Symlinking: /home/pjh/ego_swarm/ego-planner-swarm/install/quadrotor_msgs/include/quadrotor_msgs/quadrotor_msgs/msg/detail/gains__rosidl_typesupport_introspection_cpp.hpp
[12.703s] -- Symlinking: /home/pjh/ego_swarm/ego-planner-swarm/install/quadrotor_msgs/include/quadrotor_msgs/quadrotor_msgs/msg/detail/lqr_trajectory__rosidl_typesupport_introspection_cpp.hpp
[12.711s] -- Symlinking: /home/pjh/ego_swarm/ego-planner-swarm/install/quadrotor_msgs/include/quadrotor_msgs/quadrotor_msgs/msg/detail/odometry__rosidl_typesupport_introspection_cpp.hpp
[12.720s] -- Symlinking: /home/pjh/ego_swarm/ego-planner-swarm/install/quadrotor_msgs/include/quadrotor_msgs/quadrotor_msgs/msg/detail/output_data__rosidl_typesupport_introspection_cpp.hpp
[12.728s] -- Symlinking: /home/pjh/ego_swarm/ego-planner-swarm/install/quadrotor_msgs/include/quadrotor_msgs/quadrotor_msgs/msg/detail/polynomial_trajectory__rosidl_typesupport_introspection_cpp.hpp
[12.738s] -- Symlinking: /home/pjh/ego_swarm/ego-planner-swarm/install/quadrotor_msgs/include/quadrotor_msgs/quadrotor_msgs/msg/detail/position_command__rosidl_typesupport_introspection_cpp.hpp
[12.747s] -- Symlinking: /home/pjh/ego_swarm/ego-planner-swarm/install/quadrotor_msgs/include/quadrotor_msgs/quadrotor_msgs/msg/detail/ppr_output_data__rosidl_typesupport_introspection_cpp.hpp
[12.759s] -- Symlinking: /home/pjh/ego_swarm/ego-planner-swarm/install/quadrotor_msgs/include/quadrotor_msgs/quadrotor_msgs/msg/detail/serial__rosidl_typesupport_introspection_cpp.hpp
[12.771s] -- Symlinking: /home/pjh/ego_swarm/ego-planner-swarm/install/quadrotor_msgs/include/quadrotor_msgs/quadrotor_msgs/msg/detail/so3_command__rosidl_typesupport_introspection_cpp.hpp
[12.782s] -- Symlinking: /home/pjh/ego_swarm/ego-planner-swarm/install/quadrotor_msgs/include/quadrotor_msgs/quadrotor_msgs/msg/detail/status_data__rosidl_typesupport_introspection_cpp.hpp
[12.794s] -- Symlinking: /home/pjh/ego_swarm/ego-planner-swarm/install/quadrotor_msgs/include/quadrotor_msgs/quadrotor_msgs/msg/detail/trpy_command__rosidl_typesupport_introspection_cpp.hpp
[12.806s] -- Symlinking: /home/pjh/ego_swarm/ego-planner-swarm/install/quadrotor_msgs/share/quadrotor_msgs/environment/pythonpath.sh
[12.817s] -- Symlinking: /home/pjh/ego_swarm/ego-planner-swarm/install/quadrotor_msgs/share/quadrotor_msgs/environment/pythonpath.dsv
[12.829s] -- Symlinking: /home/pjh/ego_swarm/ego-planner-swarm/install/quadrotor_msgs/local/lib/python3.10/dist-packages/quadrotor_msgs-0.0.0-py3.10.egg-info/PKG-INFO
[12.841s] -- Symlinking: /home/pjh/ego_swarm/ego-planner-swarm/install/quadrotor_msgs/local/lib/python3.10/dist-packages/quadrotor_msgs-0.0.0-py3.10.egg-info/SOURCES.txt
[12.853s] -- Symlinking: /home/pjh/ego_swarm/ego-planner-swarm/install/quadrotor_msgs/local/lib/python3.10/dist-packages/quadrotor_msgs-0.0.0-py3.10.egg-info/dependency_links.txt
[12.863s] -- Symlinking: /home/pjh/ego_swarm/ego-planner-swarm/install/quadrotor_msgs/local/lib/python3.10/dist-packages/quadrotor_msgs-0.0.0-py3.10.egg-info/top_level.txt
[12.876s] -- Symlinking: /home/pjh/ego_swarm/ego-planner-swarm/install/quadrotor_msgs/local/lib/python3.10/dist-packages/quadrotor_msgs/__init__.py
[12.888s] -- Symlinking: /home/pjh/ego_swarm/ego-planner-swarm/install/quadrotor_msgs/local/lib/python3.10/dist-packages/quadrotor_msgs/_quadrotor_msgs_s.ep.rosidl_typesupport_c.c
[12.899s] -- Symlinking: /home/pjh/ego_swarm/ego-planner-swarm/install/quadrotor_msgs/local/lib/python3.10/dist-packages/quadrotor_msgs/_quadrotor_msgs_s.ep.rosidl_typesupport_fastrtps_c.c
[12.910s] -- Symlinking: /home/pjh/ego_swarm/ego-planner-swarm/install/quadrotor_msgs/local/lib/python3.10/dist-packages/quadrotor_msgs/_quadrotor_msgs_s.ep.rosidl_typesupport_introspection_c.c
[12.921s] -- Symlinking: /home/pjh/ego_swarm/ego-planner-swarm/install/quadrotor_msgs/local/lib/python3.10/dist-packages/quadrotor_msgs/libquadrotor_msgs__rosidl_generator_py.so
[12.932s] -- Symlinking: /home/pjh/ego_swarm/ego-planner-swarm/install/quadrotor_msgs/local/lib/python3.10/dist-packages/quadrotor_msgs/msg/__init__.py
[12.939s] -- Symlinking: /home/pjh/ego_swarm/ego-planner-swarm/install/quadrotor_msgs/local/lib/python3.10/dist-packages/quadrotor_msgs/msg/_aux_command.py
[12.946s] -- Symlinking: /home/pjh/ego_swarm/ego-planner-swarm/install/quadrotor_msgs/local/lib/python3.10/dist-packages/quadrotor_msgs/msg/_aux_command_s.c
[12.952s] -- Symlinking: /home/pjh/ego_swarm/ego-planner-swarm/install/quadrotor_msgs/local/lib/python3.10/dist-packages/quadrotor_msgs/msg/_corrections.py
[12.964s] -- Symlinking: /home/pjh/ego_swarm/ego-planner-swarm/install/quadrotor_msgs/local/lib/python3.10/dist-packages/quadrotor_msgs/msg/_corrections_s.c
[12.976s] -- Symlinking: /home/pjh/ego_swarm/ego-planner-swarm/install/quadrotor_msgs/local/lib/python3.10/dist-packages/quadrotor_msgs/msg/_gains.py
[12.987s] -- Symlinking: /home/pjh/ego_swarm/ego-planner-swarm/install/quadrotor_msgs/local/lib/python3.10/dist-packages/quadrotor_msgs/msg/_gains_s.c
[12.999s] -- Symlinking: /home/pjh/ego_swarm/ego-planner-swarm/install/quadrotor_msgs/local/lib/python3.10/dist-packages/quadrotor_msgs/msg/_lqr_trajectory.py
[13.010s] -- Symlinking: /home/pjh/ego_swarm/ego-planner-swarm/install/quadrotor_msgs/local/lib/python3.10/dist-packages/quadrotor_msgs/msg/_lqr_trajectory_s.c
[13.021s] -- Symlinking: /home/pjh/ego_swarm/ego-planner-swarm/install/quadrotor_msgs/local/lib/python3.10/dist-packages/quadrotor_msgs/msg/_odometry.py
[13.033s] -- Symlinking: /home/pjh/ego_swarm/ego-planner-swarm/install/quadrotor_msgs/local/lib/python3.10/dist-packages/quadrotor_msgs/msg/_odometry_s.c
[13.044s] -- Symlinking: /home/pjh/ego_swarm/ego-planner-swarm/install/quadrotor_msgs/local/lib/python3.10/dist-packages/quadrotor_msgs/msg/_output_data.py
[13.056s] -- Symlinking: /home/pjh/ego_swarm/ego-planner-swarm/install/quadrotor_msgs/local/lib/python3.10/dist-packages/quadrotor_msgs/msg/_output_data_s.c
[13.068s] -- Symlinking: /home/pjh/ego_swarm/ego-planner-swarm/install/quadrotor_msgs/local/lib/python3.10/dist-packages/quadrotor_msgs/msg/_polynomial_trajectory.py
[13.080s] -- Symlinking: /home/pjh/ego_swarm/ego-planner-swarm/install/quadrotor_msgs/local/lib/python3.10/dist-packages/quadrotor_msgs/msg/_polynomial_trajectory_s.c
[13.091s] -- Symlinking: /home/pjh/ego_swarm/ego-planner-swarm/install/quadrotor_msgs/local/lib/python3.10/dist-packages/quadrotor_msgs/msg/_position_command.py
[13.103s] -- Symlinking: /home/pjh/ego_swarm/ego-planner-swarm/install/quadrotor_msgs/local/lib/python3.10/dist-packages/quadrotor_msgs/msg/_position_command_s.c
[13.115s] -- Symlinking: /home/pjh/ego_swarm/ego-planner-swarm/install/quadrotor_msgs/local/lib/python3.10/dist-packages/quadrotor_msgs/msg/_ppr_output_data.py
[13.127s] -- Symlinking: /home/pjh/ego_swarm/ego-planner-swarm/install/quadrotor_msgs/local/lib/python3.10/dist-packages/quadrotor_msgs/msg/_ppr_output_data_s.c
[13.139s] -- Symlinking: /home/pjh/ego_swarm/ego-planner-swarm/install/quadrotor_msgs/local/lib/python3.10/dist-packages/quadrotor_msgs/msg/_serial.py
[13.151s] -- Symlinking: /home/pjh/ego_swarm/ego-planner-swarm/install/quadrotor_msgs/local/lib/python3.10/dist-packages/quadrotor_msgs/msg/_serial_s.c
[13.163s] -- Symlinking: /home/pjh/ego_swarm/ego-planner-swarm/install/quadrotor_msgs/local/lib/python3.10/dist-packages/quadrotor_msgs/msg/_so3_command.py
[13.175s] -- Symlinking: /home/pjh/ego_swarm/ego-planner-swarm/install/quadrotor_msgs/local/lib/python3.10/dist-packages/quadrotor_msgs/msg/_so3_command_s.c
[13.186s] -- Symlinking: /home/pjh/ego_swarm/ego-planner-swarm/install/quadrotor_msgs/local/lib/python3.10/dist-packages/quadrotor_msgs/msg/_status_data.py
[13.200s] -- Symlinking: /home/pjh/ego_swarm/ego-planner-swarm/install/quadrotor_msgs/local/lib/python3.10/dist-packages/quadrotor_msgs/msg/_status_data_s.c
[13.217s] -- Symlinking: /home/pjh/ego_swarm/ego-planner-swarm/install/quadrotor_msgs/local/lib/python3.10/dist-packages/quadrotor_msgs/msg/_trpy_command.py
[13.229s] -- Symlinking: /home/pjh/ego_swarm/ego-planner-swarm/install/quadrotor_msgs/local/lib/python3.10/dist-packages/quadrotor_msgs/msg/_trpy_command_s.c
[13.236s] -- Symlinking: /home/pjh/ego_swarm/ego-planner-swarm/install/quadrotor_msgs/local/lib/python3.10/dist-packages/quadrotor_msgs/quadrotor_msgs_s__rosidl_typesupport_c.cpython-310-x86_64-linux-gnu.so
[13.242s] -- Symlinking: /home/pjh/ego_swarm/ego-planner-swarm/install/quadrotor_msgs/local/lib/python3.10/dist-packages/quadrotor_msgs/quadrotor_msgs_s__rosidl_typesupport_fastrtps_c.cpython-310-x86_64-linux-gnu.so
[13.249s] -- Symlinking: /home/pjh/ego_swarm/ego-planner-swarm/install/quadrotor_msgs/local/lib/python3.10/dist-packages/quadrotor_msgs/quadrotor_msgs_s__rosidl_typesupport_introspection_c.cpython-310-x86_64-linux-gnu.so
[13.255s] -- Up-to-date symlink: /home/pjh/ego_swarm/ego-planner-swarm/install/quadrotor_msgs/local/lib/python3.10/dist-packages/quadrotor_msgs/quadrotor_msgs_s__rosidl_typesupport_fastrtps_c.cpython-310-x86_64-linux-gnu.so
[13.255s] -- Up-to-date symlink: /home/pjh/ego_swarm/ego-planner-swarm/install/quadrotor_msgs/local/lib/python3.10/dist-packages/quadrotor_msgs/quadrotor_msgs_s__rosidl_typesupport_introspection_c.cpython-310-x86_64-linux-gnu.so
[13.255s] -- Up-to-date symlink: /home/pjh/ego_swarm/ego-planner-swarm/install/quadrotor_msgs/local/lib/python3.10/dist-packages/quadrotor_msgs/quadrotor_msgs_s__rosidl_typesupport_c.cpython-310-x86_64-linux-gnu.so
[13.256s] -- Symlinking: /home/pjh/ego_swarm/ego-planner-swarm/install/quadrotor_msgs/share/quadrotor_msgs/msg/AuxCommand.idl
[13.262s] -- Symlinking: /home/pjh/ego_swarm/ego-planner-swarm/install/quadrotor_msgs/share/quadrotor_msgs/msg/Corrections.idl
[13.269s] -- Symlinking: /home/pjh/ego_swarm/ego-planner-swarm/install/quadrotor_msgs/share/quadrotor_msgs/msg/Gains.idl
[13.281s] -- Symlinking: /home/pjh/ego_swarm/ego-planner-swarm/install/quadrotor_msgs/share/quadrotor_msgs/msg/LQRTrajectory.idl
[13.292s] -- Symlinking: /home/pjh/ego_swarm/ego-planner-swarm/install/quadrotor_msgs/share/quadrotor_msgs/msg/OutputData.idl
[13.302s] -- Symlinking: /home/pjh/ego_swarm/ego-planner-swarm/install/quadrotor_msgs/share/quadrotor_msgs/msg/PositionCommand.idl
[13.310s] -- Symlinking: /home/pjh/ego_swarm/ego-planner-swarm/install/quadrotor_msgs/share/quadrotor_msgs/msg/PPROutputData.idl
[13.323s] -- Symlinking: /home/pjh/ego_swarm/ego-planner-swarm/install/quadrotor_msgs/share/quadrotor_msgs/msg/Serial.idl
[13.335s] -- Symlinking: /home/pjh/ego_swarm/ego-planner-swarm/install/quadrotor_msgs/share/quadrotor_msgs/msg/SO3Command.idl
[13.346s] -- Symlinking: /home/pjh/ego_swarm/ego-planner-swarm/install/quadrotor_msgs/share/quadrotor_msgs/msg/StatusData.idl
[13.355s] -- Symlinking: /home/pjh/ego_swarm/ego-planner-swarm/install/quadrotor_msgs/share/quadrotor_msgs/msg/TRPYCommand.idl
[13.367s] -- Symlinking: /home/pjh/ego_swarm/ego-planner-swarm/install/quadrotor_msgs/share/quadrotor_msgs/msg/Odometry.idl
[13.378s] -- Symlinking: /home/pjh/ego_swarm/ego-planner-swarm/install/quadrotor_msgs/share/quadrotor_msgs/msg/PolynomialTrajectory.idl
[13.390s] -- Symlinking: /home/pjh/ego_swarm/ego-planner-swarm/install/quadrotor_msgs/share/quadrotor_msgs/msg/AuxCommand.msg
[13.402s] -- Symlinking: /home/pjh/ego_swarm/ego-planner-swarm/install/quadrotor_msgs/share/quadrotor_msgs/msg/Corrections.msg
[13.413s] -- Symlinking: /home/pjh/ego_swarm/ego-planner-swarm/install/quadrotor_msgs/share/quadrotor_msgs/msg/Gains.msg
[13.425s] -- Symlinking: /home/pjh/ego_swarm/ego-planner-swarm/install/quadrotor_msgs/share/quadrotor_msgs/msg/LQRTrajectory.msg
[13.436s] -- Symlinking: /home/pjh/ego_swarm/ego-planner-swarm/install/quadrotor_msgs/share/quadrotor_msgs/msg/OutputData.msg
[13.448s] -- Symlinking: /home/pjh/ego_swarm/ego-planner-swarm/install/quadrotor_msgs/share/quadrotor_msgs/msg/PositionCommand.msg
[13.458s] -- Symlinking: /home/pjh/ego_swarm/ego-planner-swarm/install/quadrotor_msgs/share/quadrotor_msgs/msg/PPROutputData.msg
[13.470s] -- Symlinking: /home/pjh/ego_swarm/ego-planner-swarm/install/quadrotor_msgs/share/quadrotor_msgs/msg/Serial.msg
[13.477s] -- Symlinking: /home/pjh/ego_swarm/ego-planner-swarm/install/quadrotor_msgs/share/quadrotor_msgs/msg/SO3Command.msg
[13.487s] -- Symlinking: /home/pjh/ego_swarm/ego-planner-swarm/install/quadrotor_msgs/share/quadrotor_msgs/msg/StatusData.msg
[13.498s] -- Symlinking: /home/pjh/ego_swarm/ego-planner-swarm/install/quadrotor_msgs/share/quadrotor_msgs/msg/TRPYCommand.msg
[13.509s] -- Symlinking: /home/pjh/ego_swarm/ego-planner-swarm/install/quadrotor_msgs/share/quadrotor_msgs/msg/Odometry.msg
[13.517s] -- Symlinking: /home/pjh/ego_swarm/ego-planner-swarm/install/quadrotor_msgs/share/quadrotor_msgs/msg/PolynomialTrajectory.msg
[13.527s] -- Symlinking: /home/pjh/ego_swarm/ego-planner-swarm/install/quadrotor_msgs/lib/libdecode_msgs.so
[13.539s] -- Symlinking: /home/pjh/ego_swarm/ego-planner-swarm/install/quadrotor_msgs/lib/libencode_msgs.so
[13.551s] -- Symlinking: /home/pjh/ego_swarm/ego-planner-swarm/install/quadrotor_msgs/share/ament_index/resource_index/package_run_dependencies/quadrotor_msgs
[13.566s] -- Symlinking: /home/pjh/ego_swarm/ego-planner-swarm/install/quadrotor_msgs/share/ament_index/resource_index/parent_prefix_path/quadrotor_msgs
[13.578s] -- Symlinking: /home/pjh/ego_swarm/ego-planner-swarm/install/quadrotor_msgs/share/quadrotor_msgs/environment/ament_prefix_path.sh
[13.585s] -- Symlinking: /home/pjh/ego_swarm/ego-planner-swarm/install/quadrotor_msgs/share/quadrotor_msgs/environment/ament_prefix_path.dsv
[13.597s] -- Symlinking: /home/pjh/ego_swarm/ego-planner-swarm/install/quadrotor_msgs/share/quadrotor_msgs/environment/path.sh
[13.607s] -- Symlinking: /home/pjh/ego_swarm/ego-planner-swarm/install/quadrotor_msgs/share/quadrotor_msgs/environment/path.dsv
[13.617s] -- Symlinking: /home/pjh/ego_swarm/ego-planner-swarm/install/quadrotor_msgs/share/quadrotor_msgs/local_setup.bash
[13.626s] -- Symlinking: /home/pjh/ego_swarm/ego-planner-swarm/install/quadrotor_msgs/share/quadrotor_msgs/local_setup.sh
[13.638s] -- Symlinking: /home/pjh/ego_swarm/ego-planner-swarm/install/quadrotor_msgs/share/quadrotor_msgs/local_setup.zsh
[13.650s] -- Symlinking: /home/pjh/ego_swarm/ego-planner-swarm/install/quadrotor_msgs/share/quadrotor_msgs/local_setup.dsv
[13.660s] -- Symlinking: /home/pjh/ego_swarm/ego-planner-swarm/install/quadrotor_msgs/share/quadrotor_msgs/package.dsv
[13.670s] -- Symlinking: /home/pjh/ego_swarm/ego-planner-swarm/install/quadrotor_msgs/share/ament_index/resource_index/packages/quadrotor_msgs
[13.679s] -- Symlinking: /home/pjh/ego_swarm/ego-planner-swarm/install/quadrotor_msgs/share/quadrotor_msgs/cmake/rosidl_cmake-extras.cmake
[13.688s] -- Symlinking: /home/pjh/ego_swarm/ego-planner-swarm/install/quadrotor_msgs/share/quadrotor_msgs/cmake/ament_cmake_export_dependencies-extras.cmake
[13.697s] -- Symlinking: /home/pjh/ego_swarm/ego-planner-swarm/install/quadrotor_msgs/share/quadrotor_msgs/cmake/ament_cmake_export_include_directories-extras.cmake
[13.707s] -- Symlinking: /home/pjh/ego_swarm/ego-planner-swarm/install/quadrotor_msgs/share/quadrotor_msgs/cmake/ament_cmake_export_libraries-extras.cmake
[13.717s] -- Symlinking: /home/pjh/ego_swarm/ego-planner-swarm/install/quadrotor_msgs/share/quadrotor_msgs/cmake/ament_cmake_export_targets-extras.cmake
[13.726s] -- Symlinking: /home/pjh/ego_swarm/ego-planner-swarm/install/quadrotor_msgs/share/quadrotor_msgs/cmake/rosidl_cmake_export_typesupport_targets-extras.cmake
[13.736s] -- Symlinking: /home/pjh/ego_swarm/ego-planner-swarm/install/quadrotor_msgs/share/quadrotor_msgs/cmake/rosidl_cmake_export_typesupport_libraries-extras.cmake
[13.745s] -- Symlinking: /home/pjh/ego_swarm/ego-planner-swarm/install/quadrotor_msgs/share/quadrotor_msgs/cmake/quadrotor_msgsConfig.cmake
[13.754s] -- Symlinking: /home/pjh/ego_swarm/ego-planner-swarm/install/quadrotor_msgs/share/quadrotor_msgs/cmake/quadrotor_msgsConfig-version.cmake
[13.763s] -- Symlinking: /home/pjh/ego_swarm/ego-planner-swarm/install/quadrotor_msgs/share/quadrotor_msgs/package.xml
[13.772s] -- Installing: /home/pjh/ego_swarm/ego-planner-swarm/install/quadrotor_msgs/lib/libquadrotor_msgs__rosidl_generator_c.so
[13.772s] -- Set runtime path of "/home/pjh/ego_swarm/ego-planner-swarm/install/quadrotor_msgs/lib/libquadrotor_msgs__rosidl_generator_c.so" to ""
[13.772s] -- Installing: /home/pjh/ego_swarm/ego-planner-swarm/install/quadrotor_msgs/lib/libquadrotor_msgs__rosidl_typesupport_fastrtps_c.so
[13.773s] -- Set runtime path of "/home/pjh/ego_swarm/ego-planner-swarm/install/quadrotor_msgs/lib/libquadrotor_msgs__rosidl_typesupport_fastrtps_c.so" to ""
[13.773s] -- Installing: /home/pjh/ego_swarm/ego-planner-swarm/install/quadrotor_msgs/lib/libquadrotor_msgs__rosidl_typesupport_fastrtps_cpp.so
[13.773s] -- Set runtime path of "/home/pjh/ego_swarm/ego-planner-swarm/install/quadrotor_msgs/lib/libquadrotor_msgs__rosidl_typesupport_fastrtps_cpp.so" to ""
[13.774s] -- Installing: /home/pjh/ego_swarm/ego-planner-swarm/install/quadrotor_msgs/lib/libquadrotor_msgs__rosidl_typesupport_introspection_c.so
[13.774s] -- Set runtime path of "/home/pjh/ego_swarm/ego-planner-swarm/install/quadrotor_msgs/lib/libquadrotor_msgs__rosidl_typesupport_introspection_c.so" to ""
[13.774s] -- Installing: /home/pjh/ego_swarm/ego-planner-swarm/install/quadrotor_msgs/lib/libquadrotor_msgs__rosidl_typesupport_c.so
[13.774s] -- Set runtime path of "/home/pjh/ego_swarm/ego-planner-swarm/install/quadrotor_msgs/lib/libquadrotor_msgs__rosidl_typesupport_c.so" to ""
[13.774s] -- Installing: /home/pjh/ego_swarm/ego-planner-swarm/install/quadrotor_msgs/lib/libquadrotor_msgs__rosidl_typesupport_introspection_cpp.so
[13.774s] -- Set runtime path of "/home/pjh/ego_swarm/ego-planner-swarm/install/quadrotor_msgs/lib/libquadrotor_msgs__rosidl_typesupport_introspection_cpp.so" to ""
[13.774s] -- Installing: /home/pjh/ego_swarm/ego-planner-swarm/install/quadrotor_msgs/lib/libquadrotor_msgs__rosidl_typesupport_cpp.so
[13.774s] -- Set runtime path of "/home/pjh/ego_swarm/ego-planner-swarm/install/quadrotor_msgs/lib/libquadrotor_msgs__rosidl_typesupport_cpp.so" to ""
[13.845s] Listing '/home/pjh/ego_swarm/ego-planner-swarm/install/quadrotor_msgs/local/lib/python3.10/dist-packages/quadrotor_msgs'...
[13.845s] Compiling '/home/pjh/ego_swarm/ego-planner-swarm/install/quadrotor_msgs/local/lib/python3.10/dist-packages/quadrotor_msgs/__init__.py'...
[13.845s] Listing '/home/pjh/ego_swarm/ego-planner-swarm/install/quadrotor_msgs/local/lib/python3.10/dist-packages/quadrotor_msgs/msg'...
[13.845s] Compiling '/home/pjh/ego_swarm/ego-planner-swarm/install/quadrotor_msgs/local/lib/python3.10/dist-packages/quadrotor_msgs/msg/__init__.py'...
[13.845s] Compiling '/home/pjh/ego_swarm/ego-planner-swarm/install/quadrotor_msgs/local/lib/python3.10/dist-packages/quadrotor_msgs/msg/_aux_command.py'...
[13.845s] Compiling '/home/pjh/ego_swarm/ego-planner-swarm/install/quadrotor_msgs/local/lib/python3.10/dist-packages/quadrotor_msgs/msg/_corrections.py'...
[13.845s] Compiling '/home/pjh/ego_swarm/ego-planner-swarm/install/quadrotor_msgs/local/lib/python3.10/dist-packages/quadrotor_msgs/msg/_gains.py'...
[13.845s] Compiling '/home/pjh/ego_swarm/ego-planner-swarm/install/quadrotor_msgs/local/lib/python3.10/dist-packages/quadrotor_msgs/msg/_lqr_trajectory.py'...
[13.845s] Compiling '/home/pjh/ego_swarm/ego-planner-swarm/install/quadrotor_msgs/local/lib/python3.10/dist-packages/quadrotor_msgs/msg/_odometry.py'...
[13.845s] Compiling '/home/pjh/ego_swarm/ego-planner-swarm/install/quadrotor_msgs/local/lib/python3.10/dist-packages/quadrotor_msgs/msg/_output_data.py'...
[13.845s] Compiling '/home/pjh/ego_swarm/ego-planner-swarm/install/quadrotor_msgs/local/lib/python3.10/dist-packages/quadrotor_msgs/msg/_polynomial_trajectory.py'...
[13.846s] Compiling '/home/pjh/ego_swarm/ego-planner-swarm/install/quadrotor_msgs/local/lib/python3.10/dist-packages/quadrotor_msgs/msg/_position_command.py'...
[13.846s] Compiling '/home/pjh/ego_swarm/ego-planner-swarm/install/quadrotor_msgs/local/lib/python3.10/dist-packages/quadrotor_msgs/msg/_ppr_output_data.py'...
[13.846s] Compiling '/home/pjh/ego_swarm/ego-planner-swarm/install/quadrotor_msgs/local/lib/python3.10/dist-packages/quadrotor_msgs/msg/_serial.py'...
[13.846s] Compiling '/home/pjh/ego_swarm/ego-planner-swarm/install/quadrotor_msgs/local/lib/python3.10/dist-packages/quadrotor_msgs/msg/_so3_command.py'...
[13.846s] Compiling '/home/pjh/ego_swarm/ego-planner-swarm/install/quadrotor_msgs/local/lib/python3.10/dist-packages/quadrotor_msgs/msg/_status_data.py'...
[13.846s] Compiling '/home/pjh/ego_swarm/ego-planner-swarm/install/quadrotor_msgs/local/lib/python3.10/dist-packages/quadrotor_msgs/msg/_trpy_command.py'...
[13.851s] -- Installing: /home/pjh/ego_swarm/ego-planner-swarm/install/quadrotor_msgs/lib/libquadrotor_msgs__rosidl_generator_py.so
[13.852s] -- Set runtime path of "/home/pjh/ego_swarm/ego-planner-swarm/install/quadrotor_msgs/lib/libquadrotor_msgs__rosidl_generator_py.so" to ""
[13.852s] -- Installing: /home/pjh/ego_swarm/ego-planner-swarm/install/quadrotor_msgs/share/quadrotor_msgs/cmake/export_quadrotor_msgs__rosidl_generator_cExport.cmake
[13.852s] -- Installing: /home/pjh/ego_swarm/ego-planner-swarm/install/quadrotor_msgs/share/quadrotor_msgs/cmake/export_quadrotor_msgs__rosidl_generator_cExport-noconfig.cmake
[13.852s] -- Installing: /home/pjh/ego_swarm/ego-planner-swarm/install/quadrotor_msgs/share/quadrotor_msgs/cmake/export_quadrotor_msgs__rosidl_typesupport_fastrtps_cExport.cmake
[13.852s] -- Installing: /home/pjh/ego_swarm/ego-planner-swarm/install/quadrotor_msgs/share/quadrotor_msgs/cmake/export_quadrotor_msgs__rosidl_typesupport_fastrtps_cExport-noconfig.cmake
[13.852s] -- Installing: /home/pjh/ego_swarm/ego-planner-swarm/install/quadrotor_msgs/share/quadrotor_msgs/cmake/export_quadrotor_msgs__rosidl_generator_cppExport.cmake
[13.852s] -- Installing: /home/pjh/ego_swarm/ego-planner-swarm/install/quadrotor_msgs/share/quadrotor_msgs/cmake/export_quadrotor_msgs__rosidl_typesupport_fastrtps_cppExport.cmake
[13.853s] -- Installing: /home/pjh/ego_swarm/ego-planner-swarm/install/quadrotor_msgs/share/quadrotor_msgs/cmake/export_quadrotor_msgs__rosidl_typesupport_fastrtps_cppExport-noconfig.cmake
[13.853s] -- Installing: /home/pjh/ego_swarm/ego-planner-swarm/install/quadrotor_msgs/share/quadrotor_msgs/cmake/quadrotor_msgs__rosidl_typesupport_introspection_cExport.cmake
[13.853s] -- Installing: /home/pjh/ego_swarm/ego-planner-swarm/install/quadrotor_msgs/share/quadrotor_msgs/cmake/quadrotor_msgs__rosidl_typesupport_introspection_cExport-noconfig.cmake
[13.853s] -- Installing: /home/pjh/ego_swarm/ego-planner-swarm/install/quadrotor_msgs/share/quadrotor_msgs/cmake/quadrotor_msgs__rosidl_typesupport_cExport.cmake
[13.853s] -- Installing: /home/pjh/ego_swarm/ego-planner-swarm/install/quadrotor_msgs/share/quadrotor_msgs/cmake/quadrotor_msgs__rosidl_typesupport_cExport-noconfig.cmake
[13.853s] -- Installing: /home/pjh/ego_swarm/ego-planner-swarm/install/quadrotor_msgs/share/quadrotor_msgs/cmake/quadrotor_msgs__rosidl_typesupport_introspection_cppExport.cmake
[13.853s] -- Installing: /home/pjh/ego_swarm/ego-planner-swarm/install/quadrotor_msgs/share/quadrotor_msgs/cmake/quadrotor_msgs__rosidl_typesupport_introspection_cppExport-noconfig.cmake
[13.853s] -- Installing: /home/pjh/ego_swarm/ego-planner-swarm/install/quadrotor_msgs/share/quadrotor_msgs/cmake/quadrotor_msgs__rosidl_typesupport_cppExport.cmake
[13.853s] -- Installing: /home/pjh/ego_swarm/ego-planner-swarm/install/quadrotor_msgs/share/quadrotor_msgs/cmake/quadrotor_msgs__rosidl_typesupport_cppExport-noconfig.cmake
[13.853s] -- Installing: /home/pjh/ego_swarm/ego-planner-swarm/install/quadrotor_msgs/share/quadrotor_msgs/cmake/export_quadrotor_msgs__rosidl_generator_pyExport.cmake
[13.853s] -- Installing: /home/pjh/ego_swarm/ego-planner-swarm/install/quadrotor_msgs/share/quadrotor_msgs/cmake/export_quadrotor_msgs__rosidl_generator_pyExport-noconfig.cmake
[13.856s] Invoked command in '/home/pjh/ego_swarm/ego-planner-swarm/build/quadrotor_msgs' returned '0': CMAKE_PREFIX_PATH=${CMAKE_PREFIX_PATH}:/opt/ros/humble /usr/bin/cmake --install /home/pjh/ego_swarm/ego-planner-swarm/build/quadrotor_msgs
