/home/pjh/ego_swarm/ego-planner-swarm/src/uav_simulator/so3_control/src/SO3Control.cpp: In member function ‘void SO3Control::calculateControl(const Vector3d&, const Vector3d&, const Vector3d&, double, double, const Vector3d&, const Vector3d&)’:
/home/pjh/ego_swarm/ego-planner-swarm/src/uav_simulator/so3_control/src/SO3Control.cpp:38:70: warning: unused parameter ‘des_yaw_dot’ [-Wunused-parameter]
   38 |                                   const double des_yaw, const double des_yaw_dot,
      |                                                         ~~~~~~~~~~~~~^~~~~~~~~~~
/home/pjh/ego_swarm/ego-planner-swarm/src/uav_simulator/so3_control/src/so3_control_component.cpp:30:89: warning: ‘quadrotor_msgs::msg::PositionCommand_<std::allocator<void> >::ConstPtr’ is deprecated [-Wdeprecated-declarations]
   30 |     void position_cmd_callback(const quadrotor_msgs::msg::PositionCommand::ConstPtr &cmd);
      |                                                                                         ^
In file included from /home/pjh/ego_swarm/ego-planner-swarm/build/quadrotor_msgs/rosidl_generator_cpp/quadrotor_msgs/msg/position_command.hpp:7,
                 from /home/pjh/ego_swarm/ego-planner-swarm/src/uav_simulator/so3_control/src/so3_control_component.cpp:5:
/home/pjh/ego_swarm/ego-planner-swarm/build/quadrotor_msgs/rosidl_generator_cpp/quadrotor_msgs/msg/detail/position_command__struct.hpp:228:5: note: declared here
  228 |     ConstPtr;
      |     ^~~~~~~~
/home/pjh/ego_swarm/ego-planner-swarm/src/uav_simulator/so3_control/src/so3_control_component.cpp:31:69: warning: ‘nav_msgs::msg::Odometry_<std::allocator<void> >::ConstPtr’ is deprecated [-Wdeprecated-declarations]
   31 |     void odom_callback(const nav_msgs::msg::Odometry::ConstPtr &odom);
      |                                                                     ^
In file included from /opt/ros/humble/include/nav_msgs/nav_msgs/msg/odometry.hpp:7,
                 from /home/pjh/ego_swarm/ego-planner-swarm/src/uav_simulator/so3_control/src/so3_control_component.cpp:2:
/opt/ros/humble/include/nav_msgs/nav_msgs/msg/detail/odometry__struct.hpp:146:5: note: declared here
  146 |     ConstPtr;
      |     ^~~~~~~~
/home/pjh/ego_swarm/ego-planner-swarm/src/uav_simulator/so3_control/src/so3_control_component.cpp:32:73: warning: ‘std_msgs::msg::Bool_<std::allocator<void> >::ConstPtr’ is deprecated [-Wdeprecated-declarations]
   32 |     void enable_motors_callback(const std_msgs::msg::Bool::ConstPtr &msg);
      |                                                                         ^
In file included from /opt/ros/humble/include/std_msgs/std_msgs/msg/bool.hpp:7,
                 from /home/pjh/ego_swarm/ego-planner-swarm/src/uav_simulator/so3_control/src/so3_control_component.cpp:10:
/opt/ros/humble/include/std_msgs/std_msgs/msg/detail/bool__struct.hpp:105:5: note: declared here
  105 |     ConstPtr;
      |     ^~~~~~~~
/home/pjh/ego_swarm/ego-planner-swarm/src/uav_simulator/so3_control/src/so3_control_component.cpp:33:84: warning: ‘quadrotor_msgs::msg::Corrections_<std::allocator<void> >::ConstPtr’ is deprecated [-Wdeprecated-declarations]
   33 |     void corrections_callback(const quadrotor_msgs::msg::Corrections::ConstPtr &msg);
      |                                                                                    ^
In file included from /home/pjh/ego_swarm/ego-planner-swarm/build/quadrotor_msgs/rosidl_generator_cpp/quadrotor_msgs/msg/corrections.hpp:7,
                 from /home/pjh/ego_swarm/ego-planner-swarm/src/uav_simulator/so3_control/src/so3_control_component.cpp:4:
/home/pjh/ego_swarm/ego-planner-swarm/build/quadrotor_msgs/rosidl_generator_cpp/quadrotor_msgs/msg/detail/corrections__struct.hpp:116:5: note: declared here
  116 |     ConstPtr;
      |     ^~~~~~~~
/home/pjh/ego_swarm/ego-planner-swarm/src/uav_simulator/so3_control/src/so3_control_component.cpp:97:106: warning: ‘quadrotor_msgs::msg::PositionCommand_<std::allocator<void> >::ConstPtr’ is deprecated [-Wdeprecated-declarations]
   97 | void SO3ControlComponent::position_cmd_callback(const quadrotor_msgs::msg::PositionCommand::ConstPtr &cmd)
      |                                                                                                          ^
In file included from /home/pjh/ego_swarm/ego-planner-swarm/build/quadrotor_msgs/rosidl_generator_cpp/quadrotor_msgs/msg/position_command.hpp:7,
                 from /home/pjh/ego_swarm/ego-planner-swarm/src/uav_simulator/so3_control/src/so3_control_component.cpp:5:
/home/pjh/ego_swarm/ego-planner-swarm/build/quadrotor_msgs/rosidl_generator_cpp/quadrotor_msgs/msg/detail/position_command__struct.hpp:228:5: note: declared here
  228 |     ConstPtr;
      |     ^~~~~~~~
/home/pjh/ego_swarm/ego-planner-swarm/src/uav_simulator/so3_control/src/so3_control_component.cpp:121:86: warning: ‘nav_msgs::msg::Odometry_<std::allocator<void> >::ConstPtr’ is deprecated [-Wdeprecated-declarations]
  121 | void SO3ControlComponent::odom_callback(const nav_msgs::msg::Odometry::ConstPtr &odom)
      |                                                                                      ^
In file included from /opt/ros/humble/include/nav_msgs/nav_msgs/msg/odometry.hpp:7,
                 from /home/pjh/ego_swarm/ego-planner-swarm/src/uav_simulator/so3_control/src/so3_control_component.cpp:2:
/opt/ros/humble/include/nav_msgs/nav_msgs/msg/detail/odometry__struct.hpp:146:5: note: declared here
  146 |     ConstPtr;
      |     ^~~~~~~~
/home/pjh/ego_swarm/ego-planner-swarm/src/uav_simulator/so3_control/src/so3_control_component.cpp:172:90: warning: ‘std_msgs::msg::Bool_<std::allocator<void> >::ConstPtr’ is deprecated [-Wdeprecated-declarations]
  172 | void SO3ControlComponent::enable_motors_callback(const std_msgs::msg::Bool::ConstPtr &msg)
      |                                                                                          ^
In file included from /opt/ros/humble/include/std_msgs/std_msgs/msg/bool.hpp:7,
                 from /home/pjh/ego_swarm/ego-planner-swarm/src/uav_simulator/so3_control/src/so3_control_component.cpp:10:
/opt/ros/humble/include/std_msgs/std_msgs/msg/detail/bool__struct.hpp:105:5: note: declared here
  105 |     ConstPtr;
      |     ^~~~~~~~
/home/pjh/ego_swarm/ego-planner-swarm/src/uav_simulator/so3_control/src/so3_control_component.cpp:183:58: warning: ‘quadrotor_msgs::msg::Corrections_<std::allocator<void> >::ConstPtr’ is deprecated [-Wdeprecated-declarations]
  183 |     const quadrotor_msgs::msg::Corrections::ConstPtr &msg)
      |                                                          ^
In file included from /home/pjh/ego_swarm/ego-planner-swarm/build/quadrotor_msgs/rosidl_generator_cpp/quadrotor_msgs/msg/corrections.hpp:7,
                 from /home/pjh/ego_swarm/ego-planner-swarm/src/uav_simulator/so3_control/src/so3_control_component.cpp:4:
/home/pjh/ego_swarm/ego-planner-swarm/build/quadrotor_msgs/rosidl_generator_cpp/quadrotor_msgs/msg/detail/corrections__struct.hpp:116:5: note: declared here
  116 |     ConstPtr;
      |     ^~~~~~~~
