-- The C compiler identification is GNU 11.4.0
-- The CXX compiler identification is GNU 11.4.0
-- Detecting C compiler ABI info
-- Detecting C compiler ABI info - done
-- Check for working C compiler: /usr/bin/cc - skipped
-- Detecting C compile features
-- Detecting C compile features - done
-- Detecting CXX compiler ABI info
-- Detecting CXX compiler ABI info - done
-- Check for working CXX compiler: /usr/bin/c++ - skipped
-- Detecting CXX compile features
-- Detecting CXX compile features - done
-- Found ament_cmake: 1.3.12 (/opt/ros/humble/share/ament_cmake/cmake)
-- Found Python3: /usr/bin/python3 (found version "3.10.12") found components: Interpreter 
-- Override CMake install command with custom implementation using symlinks instead of copying resources
-- Found rclcpp: 16.0.15 (/opt/ros/humble/share/rclcpp/cmake)
-- Found rosidl_generator_c: 3.1.7 (/opt/ros/humble/share/rosidl_generator_c/cmake)
-- Found rosidl_adapter: 3.1.7 (/opt/ros/humble/share/rosidl_adapter/cmake)
-- Found rosidl_generator_cpp: 3.1.7 (/opt/ros/humble/share/rosidl_generator_cpp/cmake)
-- Using all available rosidl_typesupport_c: rosidl_typesupport_fastrtps_c;rosidl_typesupport_introspection_c
-- Using all available rosidl_typesupport_cpp: rosidl_typesupport_fastrtps_cpp;rosidl_typesupport_introspection_cpp
-- Found rmw_implementation_cmake: 6.1.2 (/opt/ros/humble/share/rmw_implementation_cmake/cmake)
-- Found rmw_cyclonedds_cpp: 1.3.4 (/opt/ros/humble/share/rmw_cyclonedds_cpp/cmake)
-- Using RMW implementation 'rmw_cyclonedds_cpp' as default
-- Looking for pthread.h
-- Looking for pthread.h - found
-- Performing Test CMAKE_HAVE_LIBC_PTHREAD
-- Performing Test CMAKE_HAVE_LIBC_PTHREAD - Success
-- Found Threads: TRUE  
-- Found nav_msgs: 4.9.0 (/opt/ros/humble/share/nav_msgs/cmake)
-- Found sensor_msgs: 4.9.0 (/opt/ros/humble/share/sensor_msgs/cmake)
-- Found quadrotor_msgs: 0.0.0 (/home/pjh/ego_swarm/ego-planner-swarm/install/quadrotor_msgs/share/quadrotor_msgs/cmake)
-- Found tf2: 0.25.16 (/opt/ros/humble/share/tf2/cmake)
-- Found tf2_geometry_msgs: 0.25.16 (/opt/ros/humble/share/tf2_geometry_msgs/cmake)
-- Found eigen3_cmake_module: 0.1.1 (/opt/ros/humble/share/eigen3_cmake_module/cmake)
-- Found Eigen3: TRUE (found version "3.4.0") 
-- Ensuring Eigen3 include directory is part of orocos-kdl CMake target
-- Found cmake_utils: 0.0.0 (/home/pjh/ego_swarm/ego-planner-swarm/install/cmake_utils/share/cmake_utils/cmake)
-- Found ament_lint_auto: 0.12.14 (/opt/ros/humble/share/ament_lint_auto/cmake)
-- Added test 'cppcheck' to perform static code analysis on C / C++ code
-- Configured cppcheck include dirs: /home/pjh/ego_swarm/ego-planner-swarm/src/uav_simulator/so3_control/include
-- Configured cppcheck exclude dirs and/or files: 
-- Added test 'lint_cmake' to check CMake code style
-- Added test 'uncrustify' to check C / C++ code style
-- Configured uncrustify additional arguments: 
-- Added test 'xmllint' to check XML markup files
-- Configuring done
-- Generating done
-- Build files have been written to: /home/pjh/ego_swarm/ego-planner-swarm/build/so3_control
[ 12%] Building CXX object CMakeFiles/so3_control_component_node.dir/rclcpp_components/node_main_so3_control_component_node.cpp.o
[ 37%] Building CXX object CMakeFiles/control_example.dir/src/control_example.cpp.o
[ 37%] Building CXX object CMakeFiles/SO3Control.dir/src/SO3Control.cpp.o
/home/pjh/ego_swarm/ego-planner-swarm/src/uav_simulator/so3_control/src/SO3Control.cpp: In member function ‘void SO3Control::calculateControl(const Vector3d&, const Vector3d&, const Vector3d&, double, double, const Vector3d&, const Vector3d&)’:
/home/pjh/ego_swarm/ego-planner-swarm/src/uav_simulator/so3_control/src/SO3Control.cpp:38:70: warning: unused parameter ‘des_yaw_dot’ [-Wunused-parameter]
   38 |                                   const double des_yaw, const double des_yaw_dot,
      |                                                         ~~~~~~~~~~~~~^~~~~~~~~~~
[ 50%] Linking CXX executable so3_control_component_node
[ 50%] Built target so3_control_component_node
[ 62%] Linking CXX static library libSO3Control.a
[ 62%] Built target SO3Control
[ 75%] Building CXX object CMakeFiles/so3_control_component.dir/src/so3_control_component.cpp.o
/home/pjh/ego_swarm/ego-planner-swarm/src/uav_simulator/so3_control/src/so3_control_component.cpp:30:89: warning: ‘quadrotor_msgs::msg::PositionCommand_<std::allocator<void> >::ConstPtr’ is deprecated [-Wdeprecated-declarations]
   30 |     void position_cmd_callback(const quadrotor_msgs::msg::PositionCommand::ConstPtr &cmd);
      |                                                                                         ^
In file included from /home/pjh/ego_swarm/ego-planner-swarm/build/quadrotor_msgs/rosidl_generator_cpp/quadrotor_msgs/msg/position_command.hpp:7,
                 from /home/pjh/ego_swarm/ego-planner-swarm/src/uav_simulator/so3_control/src/so3_control_component.cpp:5:
/home/pjh/ego_swarm/ego-planner-swarm/build/quadrotor_msgs/rosidl_generator_cpp/quadrotor_msgs/msg/detail/position_command__struct.hpp:228:5: note: declared here
  228 |     ConstPtr;
      |     ^~~~~~~~
/home/pjh/ego_swarm/ego-planner-swarm/src/uav_simulator/so3_control/src/so3_control_component.cpp:31:69: warning: ‘nav_msgs::msg::Odometry_<std::allocator<void> >::ConstPtr’ is deprecated [-Wdeprecated-declarations]
   31 |     void odom_callback(const nav_msgs::msg::Odometry::ConstPtr &odom);
      |                                                                     ^
In file included from /opt/ros/humble/include/nav_msgs/nav_msgs/msg/odometry.hpp:7,
                 from /home/pjh/ego_swarm/ego-planner-swarm/src/uav_simulator/so3_control/src/so3_control_component.cpp:2:
/opt/ros/humble/include/nav_msgs/nav_msgs/msg/detail/odometry__struct.hpp:146:5: note: declared here
  146 |     ConstPtr;
      |     ^~~~~~~~
/home/pjh/ego_swarm/ego-planner-swarm/src/uav_simulator/so3_control/src/so3_control_component.cpp:32:73: warning: ‘std_msgs::msg::Bool_<std::allocator<void> >::ConstPtr’ is deprecated [-Wdeprecated-declarations]
   32 |     void enable_motors_callback(const std_msgs::msg::Bool::ConstPtr &msg);
      |                                                                         ^
In file included from /opt/ros/humble/include/std_msgs/std_msgs/msg/bool.hpp:7,
                 from /home/pjh/ego_swarm/ego-planner-swarm/src/uav_simulator/so3_control/src/so3_control_component.cpp:10:
/opt/ros/humble/include/std_msgs/std_msgs/msg/detail/bool__struct.hpp:105:5: note: declared here
  105 |     ConstPtr;
      |     ^~~~~~~~
/home/pjh/ego_swarm/ego-planner-swarm/src/uav_simulator/so3_control/src/so3_control_component.cpp:33:84: warning: ‘quadrotor_msgs::msg::Corrections_<std::allocator<void> >::ConstPtr’ is deprecated [-Wdeprecated-declarations]
   33 |     void corrections_callback(const quadrotor_msgs::msg::Corrections::ConstPtr &msg);
      |                                                                                    ^
In file included from /home/pjh/ego_swarm/ego-planner-swarm/build/quadrotor_msgs/rosidl_generator_cpp/quadrotor_msgs/msg/corrections.hpp:7,
                 from /home/pjh/ego_swarm/ego-planner-swarm/src/uav_simulator/so3_control/src/so3_control_component.cpp:4:
/home/pjh/ego_swarm/ego-planner-swarm/build/quadrotor_msgs/rosidl_generator_cpp/quadrotor_msgs/msg/detail/corrections__struct.hpp:116:5: note: declared here
  116 |     ConstPtr;
      |     ^~~~~~~~
/home/pjh/ego_swarm/ego-planner-swarm/src/uav_simulator/so3_control/src/so3_control_component.cpp:97:106: warning: ‘quadrotor_msgs::msg::PositionCommand_<std::allocator<void> >::ConstPtr’ is deprecated [-Wdeprecated-declarations]
   97 | void SO3ControlComponent::position_cmd_callback(const quadrotor_msgs::msg::PositionCommand::ConstPtr &cmd)
      |                                                                                                          ^
In file included from /home/pjh/ego_swarm/ego-planner-swarm/build/quadrotor_msgs/rosidl_generator_cpp/quadrotor_msgs/msg/position_command.hpp:7,
                 from /home/pjh/ego_swarm/ego-planner-swarm/src/uav_simulator/so3_control/src/so3_control_component.cpp:5:
/home/pjh/ego_swarm/ego-planner-swarm/build/quadrotor_msgs/rosidl_generator_cpp/quadrotor_msgs/msg/detail/position_command__struct.hpp:228:5: note: declared here
  228 |     ConstPtr;
      |     ^~~~~~~~
/home/pjh/ego_swarm/ego-planner-swarm/src/uav_simulator/so3_control/src/so3_control_component.cpp:121:86: warning: ‘nav_msgs::msg::Odometry_<std::allocator<void> >::ConstPtr’ is deprecated [-Wdeprecated-declarations]
  121 | void SO3ControlComponent::odom_callback(const nav_msgs::msg::Odometry::ConstPtr &odom)
      |                                                                                      ^
In file included from /opt/ros/humble/include/nav_msgs/nav_msgs/msg/odometry.hpp:7,
                 from /home/pjh/ego_swarm/ego-planner-swarm/src/uav_simulator/so3_control/src/so3_control_component.cpp:2:
/opt/ros/humble/include/nav_msgs/nav_msgs/msg/detail/odometry__struct.hpp:146:5: note: declared here
  146 |     ConstPtr;
      |     ^~~~~~~~
/home/pjh/ego_swarm/ego-planner-swarm/src/uav_simulator/so3_control/src/so3_control_component.cpp:172:90: warning: ‘std_msgs::msg::Bool_<std::allocator<void> >::ConstPtr’ is deprecated [-Wdeprecated-declarations]
  172 | void SO3ControlComponent::enable_motors_callback(const std_msgs::msg::Bool::ConstPtr &msg)
      |                                                                                          ^
In file included from /opt/ros/humble/include/std_msgs/std_msgs/msg/bool.hpp:7,
                 from /home/pjh/ego_swarm/ego-planner-swarm/src/uav_simulator/so3_control/src/so3_control_component.cpp:10:
/opt/ros/humble/include/std_msgs/std_msgs/msg/detail/bool__struct.hpp:105:5: note: declared here
  105 |     ConstPtr;
      |     ^~~~~~~~
/home/pjh/ego_swarm/ego-planner-swarm/src/uav_simulator/so3_control/src/so3_control_component.cpp:183:58: warning: ‘quadrotor_msgs::msg::Corrections_<std::allocator<void> >::ConstPtr’ is deprecated [-Wdeprecated-declarations]
  183 |     const quadrotor_msgs::msg::Corrections::ConstPtr &msg)
      |                                                          ^
In file included from /home/pjh/ego_swarm/ego-planner-swarm/build/quadrotor_msgs/rosidl_generator_cpp/quadrotor_msgs/msg/corrections.hpp:7,
                 from /home/pjh/ego_swarm/ego-planner-swarm/src/uav_simulator/so3_control/src/so3_control_component.cpp:4:
/home/pjh/ego_swarm/ego-planner-swarm/build/quadrotor_msgs/rosidl_generator_cpp/quadrotor_msgs/msg/detail/corrections__struct.hpp:116:5: note: declared here
  116 |     ConstPtr;
      |     ^~~~~~~~
[ 87%] Linking CXX executable control_example
[ 87%] Built target control_example
[100%] Linking CXX shared library libso3_control_component.so
[100%] Built target so3_control_component
-- Install configuration: "Release"
-- Execute custom install script
-- Symlinking: /home/pjh/ego_swarm/ego-planner-swarm/install/so3_control/lib/so3_control/so3_control_component_node
-- Symlinking: /home/pjh/ego_swarm/ego-planner-swarm/install/so3_control/lib/so3_control/control_example
-- Symlinking: /home/pjh/ego_swarm/ego-planner-swarm/install/so3_control/lib/libso3_control_component.so
-- Symlinking: /home/pjh/ego_swarm/ego-planner-swarm/install/so3_control/share/so3_control/config/corrections_hummingbird.yaml
-- Symlinking: /home/pjh/ego_swarm/ego-planner-swarm/install/so3_control/share/so3_control/config/corrections_pelican.yaml
-- Symlinking: /home/pjh/ego_swarm/ego-planner-swarm/install/so3_control/share/so3_control/config/gains.yaml
-- Symlinking: /home/pjh/ego_swarm/ego-planner-swarm/install/so3_control/share/so3_control/config/gains_hummingbird.yaml
-- Symlinking: /home/pjh/ego_swarm/ego-planner-swarm/install/so3_control/share/so3_control/config/gains_pelican.yaml
-- Symlinking: /home/pjh/ego_swarm/ego-planner-swarm/install/so3_control/share/ament_index/resource_index/package_run_dependencies/so3_control
-- Symlinking: /home/pjh/ego_swarm/ego-planner-swarm/install/so3_control/share/ament_index/resource_index/parent_prefix_path/so3_control
-- Symlinking: /home/pjh/ego_swarm/ego-planner-swarm/install/so3_control/share/so3_control/environment/ament_prefix_path.sh
-- Symlinking: /home/pjh/ego_swarm/ego-planner-swarm/install/so3_control/share/so3_control/environment/ament_prefix_path.dsv
-- Symlinking: /home/pjh/ego_swarm/ego-planner-swarm/install/so3_control/share/so3_control/environment/path.sh
-- Symlinking: /home/pjh/ego_swarm/ego-planner-swarm/install/so3_control/share/so3_control/environment/path.dsv
-- Symlinking: /home/pjh/ego_swarm/ego-planner-swarm/install/so3_control/share/so3_control/local_setup.bash
-- Symlinking: /home/pjh/ego_swarm/ego-planner-swarm/install/so3_control/share/so3_control/local_setup.sh
-- Symlinking: /home/pjh/ego_swarm/ego-planner-swarm/install/so3_control/share/so3_control/local_setup.zsh
-- Symlinking: /home/pjh/ego_swarm/ego-planner-swarm/install/so3_control/share/so3_control/local_setup.dsv
-- Symlinking: /home/pjh/ego_swarm/ego-planner-swarm/install/so3_control/share/so3_control/package.dsv
-- Symlinking: /home/pjh/ego_swarm/ego-planner-swarm/install/so3_control/share/ament_index/resource_index/packages/so3_control
-- Symlinking: /home/pjh/ego_swarm/ego-planner-swarm/install/so3_control/share/ament_index/resource_index/rclcpp_components/so3_control
-- Symlinking: /home/pjh/ego_swarm/ego-planner-swarm/install/so3_control/share/so3_control/cmake/so3_controlConfig.cmake
-- Symlinking: /home/pjh/ego_swarm/ego-planner-swarm/install/so3_control/share/so3_control/cmake/so3_controlConfig-version.cmake
-- Symlinking: /home/pjh/ego_swarm/ego-planner-swarm/install/so3_control/share/so3_control/package.xml
