[0.020s] Invoking command in '/home/pjh/ego_swarm/ego-planner-swarm/build/so3_control': CMAKE_PREFIX_PATH=/home/pjh/ego_swarm/ego-planner-swarm/install/quadrotor_msgs:/home/pjh/ego_swarm/ego-planner-swarm/install/cmake_utils:/home/pjh/ego_swarm/ego-planner-swarm/install/waypoint_generator:/home/pjh/ego_swarm/ego-planner-swarm/install/so3_quadrotor_simulator:/home/pjh/ego_swarm/ego-planner-swarm/install/uav_utils:/home/pjh/ego_swarm/ego-planner-swarm/install/traj_recorder:/home/pjh/ego_swarm/ego-planner-swarm/install/rosmsg_tcp_bridge:/home/pjh/ego_swarm/ego-planner-swarm/install/layer_planner:/home/pjh/ego_swarm/ego-planner-swarm/install/ego_planner:/home/pjh/ego_swarm/ego-planner-swarm/install/bspline_opt:/home/pjh/ego_swarm/ego-planner-swarm/install/traj_utils:/home/pjh/ego_swarm/ego-planner-swarm/install/so3_control:/home/pjh/ego_swarm/ego-planner-swarm/install/poscmd_2_odom:/home/pjh/ego_swarm/ego-planner-swarm/install/odom_visualization:/home/pjh/ego_swarm/ego-planner-swarm/install/multi_map_server:/home/pjh/ego_swarm/ego-planner-swarm/install/local_sensing:/home/pjh/ego_swarm/ego-planner-swarm/install/pose_utils:/home/pjh/ego_swarm/ego-planner-swarm/install/path_searching:/home/pjh/ego_swarm/ego-planner-swarm/install/plan_env:/home/pjh/ego_swarm/ego-planner-swarm/install/mockamap:/home/pjh/ego_swarm/ego-planner-swarm/install/map_generator:/home/pjh/ego_swarm/ego-planner-swarm/install/drone_detect:/opt/ros/humble LD_LIBRARY_PATH=/home/pjh/ego_swarm/ego-planner-swarm/install/quadrotor_msgs/lib:/home/pjh/ego_swarm/ego-planner-swarm/install/bspline_opt/lib:/home/pjh/ego_swarm/ego-planner-swarm/install/traj_utils/lib:/home/pjh/ego_swarm/ego-planner-swarm/install/so3_control/lib:/home/pjh/ego_swarm/ego-planner-swarm/install/multi_map_server/lib:/home/pjh/ego_swarm/ego-planner-swarm/install/pose_utils/lib:/home/pjh/ego_swarm/ego-planner-swarm/install/path_searching/lib:/home/pjh/ego_swarm/ego-planner-swarm/install/plan_env/lib:/usr/lib/x86_64-linux-gnu/gazebo-11/plugins:/opt/ros/humble/opt/rviz_ogre_vendor/lib:/opt/ros/humble/lib/x86_64-linux-gnu:/opt/ros/humble/lib /usr/bin/cmake /home/pjh/ego_swarm/ego-planner-swarm/src/uav_simulator/so3_control -DAMENT_CMAKE_SYMLINK_INSTALL=1 -DCMAKE_INSTALL_PREFIX=/home/pjh/ego_swarm/ego-planner-swarm/install/so3_control
[0.102s] -- The C compiler identification is GNU 11.4.0
[0.173s] -- The CXX compiler identification is GNU 11.4.0
[0.182s] -- Detecting C compiler ABI info
[0.289s] -- Detecting C compiler ABI info - done
[0.297s] -- Check for working C compiler: /usr/bin/cc - skipped
[0.299s] -- Detecting C compile features
[0.299s] -- Detecting C compile features - done
[0.302s] -- Detecting CXX compiler ABI info
[0.412s] -- Detecting CXX compiler ABI info - done
[0.419s] -- Check for working CXX compiler: /usr/bin/c++ - skipped
[0.419s] -- Detecting CXX compile features
[0.419s] -- Detecting CXX compile features - done
[0.422s] -- Found ament_cmake: 1.3.12 (/opt/ros/humble/share/ament_cmake/cmake)
[0.657s] -- Found Python3: /usr/bin/python3 (found version "3.10.12") found components: Interpreter 
[0.749s] -- Override CMake install command with custom implementation using symlinks instead of copying resources
[0.780s] -- Found rclcpp: 16.0.15 (/opt/ros/humble/share/rclcpp/cmake)
[0.840s] -- Found rosidl_generator_c: 3.1.7 (/opt/ros/humble/share/rosidl_generator_c/cmake)
[0.847s] -- Found rosidl_adapter: 3.1.7 (/opt/ros/humble/share/rosidl_adapter/cmake)
[0.859s] -- Found rosidl_generator_cpp: 3.1.7 (/opt/ros/humble/share/rosidl_generator_cpp/cmake)
[0.878s] -- Using all available rosidl_typesupport_c: rosidl_typesupport_fastrtps_c;rosidl_typesupport_introspection_c
[0.903s] -- Using all available rosidl_typesupport_cpp: rosidl_typesupport_fastrtps_cpp;rosidl_typesupport_introspection_cpp
[0.968s] -- Found rmw_implementation_cmake: 6.1.2 (/opt/ros/humble/share/rmw_implementation_cmake/cmake)
[0.972s] -- Found rmw_cyclonedds_cpp: 1.3.4 (/opt/ros/humble/share/rmw_cyclonedds_cpp/cmake)
[0.999s] -- Using RMW implementation 'rmw_cyclonedds_cpp' as default
[1.008s] -- Looking for pthread.h
[1.095s] -- Looking for pthread.h - found
[1.095s] -- Performing Test CMAKE_HAVE_LIBC_PTHREAD
[1.158s] -- Performing Test CMAKE_HAVE_LIBC_PTHREAD - Success
[1.159s] -- Found Threads: TRUE  
[1.201s] -- Found nav_msgs: 4.9.0 (/opt/ros/humble/share/nav_msgs/cmake)
[1.228s] -- Found sensor_msgs: 4.9.0 (/opt/ros/humble/share/sensor_msgs/cmake)
[1.241s] -- Found quadrotor_msgs: 0.0.0 (/home/pjh/ego_swarm/ego-planner-swarm/install/quadrotor_msgs/share/quadrotor_msgs/cmake)
[1.263s] -- Found tf2: 0.25.16 (/opt/ros/humble/share/tf2/cmake)
[1.271s] -- Found tf2_geometry_msgs: 0.25.16 (/opt/ros/humble/share/tf2_geometry_msgs/cmake)
[1.282s] -- Found eigen3_cmake_module: 0.1.1 (/opt/ros/humble/share/eigen3_cmake_module/cmake)
[1.283s] -- Found Eigen3: TRUE (found version "3.4.0") 
[1.283s] -- Ensuring Eigen3 include directory is part of orocos-kdl CMake target
[1.359s] -- Found cmake_utils: 0.0.0 (/home/pjh/ego_swarm/ego-planner-swarm/install/cmake_utils/share/cmake_utils/cmake)
[1.361s] -- Found ament_lint_auto: 0.12.14 (/opt/ros/humble/share/ament_lint_auto/cmake)
[1.442s] -- Added test 'cppcheck' to perform static code analysis on C / C++ code
[1.443s] -- Configured cppcheck include dirs: /home/pjh/ego_swarm/ego-planner-swarm/src/uav_simulator/so3_control/include
[1.443s] -- Configured cppcheck exclude dirs and/or files: 
[1.444s] -- Added test 'lint_cmake' to check CMake code style
[1.445s] -- Added test 'uncrustify' to check C / C++ code style
[1.446s] -- Configured uncrustify additional arguments: 
[1.446s] -- Added test 'xmllint' to check XML markup files
[1.449s] -- Configuring done
[1.465s] -- Generating done
[1.472s] -- Build files have been written to: /home/pjh/ego_swarm/ego-planner-swarm/build/so3_control
[1.482s] Invoked command in '/home/pjh/ego_swarm/ego-planner-swarm/build/so3_control' returned '0': CMAKE_PREFIX_PATH=/home/pjh/ego_swarm/ego-planner-swarm/install/quadrotor_msgs:/home/pjh/ego_swarm/ego-planner-swarm/install/cmake_utils:/home/pjh/ego_swarm/ego-planner-swarm/install/waypoint_generator:/home/pjh/ego_swarm/ego-planner-swarm/install/so3_quadrotor_simulator:/home/pjh/ego_swarm/ego-planner-swarm/install/uav_utils:/home/pjh/ego_swarm/ego-planner-swarm/install/traj_recorder:/home/pjh/ego_swarm/ego-planner-swarm/install/rosmsg_tcp_bridge:/home/pjh/ego_swarm/ego-planner-swarm/install/layer_planner:/home/pjh/ego_swarm/ego-planner-swarm/install/ego_planner:/home/pjh/ego_swarm/ego-planner-swarm/install/bspline_opt:/home/pjh/ego_swarm/ego-planner-swarm/install/traj_utils:/home/pjh/ego_swarm/ego-planner-swarm/install/so3_control:/home/pjh/ego_swarm/ego-planner-swarm/install/poscmd_2_odom:/home/pjh/ego_swarm/ego-planner-swarm/install/odom_visualization:/home/pjh/ego_swarm/ego-planner-swarm/install/multi_map_server:/home/pjh/ego_swarm/ego-planner-swarm/install/local_sensing:/home/pjh/ego_swarm/ego-planner-swarm/install/pose_utils:/home/pjh/ego_swarm/ego-planner-swarm/install/path_searching:/home/pjh/ego_swarm/ego-planner-swarm/install/plan_env:/home/pjh/ego_swarm/ego-planner-swarm/install/mockamap:/home/pjh/ego_swarm/ego-planner-swarm/install/map_generator:/home/pjh/ego_swarm/ego-planner-swarm/install/drone_detect:/opt/ros/humble LD_LIBRARY_PATH=/home/pjh/ego_swarm/ego-planner-swarm/install/quadrotor_msgs/lib:/home/pjh/ego_swarm/ego-planner-swarm/install/bspline_opt/lib:/home/pjh/ego_swarm/ego-planner-swarm/install/traj_utils/lib:/home/pjh/ego_swarm/ego-planner-swarm/install/so3_control/lib:/home/pjh/ego_swarm/ego-planner-swarm/install/multi_map_server/lib:/home/pjh/ego_swarm/ego-planner-swarm/install/pose_utils/lib:/home/pjh/ego_swarm/ego-planner-swarm/install/path_searching/lib:/home/pjh/ego_swarm/ego-planner-swarm/install/plan_env/lib:/usr/lib/x86_64-linux-gnu/gazebo-11/plugins:/opt/ros/humble/opt/rviz_ogre_vendor/lib:/opt/ros/humble/lib/x86_64-linux-gnu:/opt/ros/humble/lib /usr/bin/cmake /home/pjh/ego_swarm/ego-planner-swarm/src/uav_simulator/so3_control -DAMENT_CMAKE_SYMLINK_INSTALL=1 -DCMAKE_INSTALL_PREFIX=/home/pjh/ego_swarm/ego-planner-swarm/install/so3_control
[1.484s] Invoking command in '/home/pjh/ego_swarm/ego-planner-swarm/build/so3_control': CMAKE_PREFIX_PATH=/home/pjh/ego_swarm/ego-planner-swarm/install/quadrotor_msgs:/home/pjh/ego_swarm/ego-planner-swarm/install/cmake_utils:/home/pjh/ego_swarm/ego-planner-swarm/install/waypoint_generator:/home/pjh/ego_swarm/ego-planner-swarm/install/so3_quadrotor_simulator:/home/pjh/ego_swarm/ego-planner-swarm/install/uav_utils:/home/pjh/ego_swarm/ego-planner-swarm/install/traj_recorder:/home/pjh/ego_swarm/ego-planner-swarm/install/rosmsg_tcp_bridge:/home/pjh/ego_swarm/ego-planner-swarm/install/layer_planner:/home/pjh/ego_swarm/ego-planner-swarm/install/ego_planner:/home/pjh/ego_swarm/ego-planner-swarm/install/bspline_opt:/home/pjh/ego_swarm/ego-planner-swarm/install/traj_utils:/home/pjh/ego_swarm/ego-planner-swarm/install/so3_control:/home/pjh/ego_swarm/ego-planner-swarm/install/poscmd_2_odom:/home/pjh/ego_swarm/ego-planner-swarm/install/odom_visualization:/home/pjh/ego_swarm/ego-planner-swarm/install/multi_map_server:/home/pjh/ego_swarm/ego-planner-swarm/install/local_sensing:/home/pjh/ego_swarm/ego-planner-swarm/install/pose_utils:/home/pjh/ego_swarm/ego-planner-swarm/install/path_searching:/home/pjh/ego_swarm/ego-planner-swarm/install/plan_env:/home/pjh/ego_swarm/ego-planner-swarm/install/mockamap:/home/pjh/ego_swarm/ego-planner-swarm/install/map_generator:/home/pjh/ego_swarm/ego-planner-swarm/install/drone_detect:/opt/ros/humble LD_LIBRARY_PATH=/home/pjh/ego_swarm/ego-planner-swarm/install/quadrotor_msgs/lib:/home/pjh/ego_swarm/ego-planner-swarm/install/bspline_opt/lib:/home/pjh/ego_swarm/ego-planner-swarm/install/traj_utils/lib:/home/pjh/ego_swarm/ego-planner-swarm/install/so3_control/lib:/home/pjh/ego_swarm/ego-planner-swarm/install/multi_map_server/lib:/home/pjh/ego_swarm/ego-planner-swarm/install/pose_utils/lib:/home/pjh/ego_swarm/ego-planner-swarm/install/path_searching/lib:/home/pjh/ego_swarm/ego-planner-swarm/install/plan_env/lib:/usr/lib/x86_64-linux-gnu/gazebo-11/plugins:/opt/ros/humble/opt/rviz_ogre_vendor/lib:/opt/ros/humble/lib/x86_64-linux-gnu:/opt/ros/humble/lib /usr/bin/cmake --build /home/pjh/ego_swarm/ego-planner-swarm/build/so3_control -- -j22 -l22
[1.530s] [ 12%] Building CXX object CMakeFiles/so3_control_component_node.dir/rclcpp_components/node_main_so3_control_component_node.cpp.o
[1.533s] [ 37%] Building CXX object CMakeFiles/control_example.dir/src/control_example.cpp.o
[1.533s] [ 37%] Building CXX object CMakeFiles/SO3Control.dir/src/SO3Control.cpp.o
[6.376s] /home/pjh/ego_swarm/ego-planner-swarm/src/uav_simulator/so3_control/src/SO3Control.cpp: In member function ‘void SO3Control::calculateControl(const Vector3d&, const Vector3d&, const Vector3d&, double, double, const Vector3d&, const Vector3d&)’:
[6.376s] /home/pjh/ego_swarm/ego-planner-swarm/src/uav_simulator/so3_control/src/SO3Control.cpp:38:70: warning: unused parameter ‘des_yaw_dot’ [-Wunused-parameter]
[6.376s]    38 |                                   const double des_yaw, const double des_yaw_dot,
[6.376s]       |                                                         ~~~~~~~~~~~~~^~~~~~~~~~~
[7.008s] [ 50%] Linking CXX executable so3_control_component_node
[7.120s] [ 50%] Built target so3_control_component_node
[8.975s] [ 62%] Linking CXX static library libSO3Control.a
[9.075s] [ 62%] Built target SO3Control
[9.101s] [ 75%] Building CXX object CMakeFiles/so3_control_component.dir/src/so3_control_component.cpp.o
[13.191s] /home/pjh/ego_swarm/ego-planner-swarm/src/uav_simulator/so3_control/src/so3_control_component.cpp:30:89: warning: ‘quadrotor_msgs::msg::PositionCommand_<std::allocator<void> >::ConstPtr’ is deprecated [-Wdeprecated-declarations]
[13.191s]    30 |     void position_cmd_callback(const quadrotor_msgs::msg::PositionCommand::ConstPtr &cmd);
[13.191s]       |                                                                                         ^
[13.191s] In file included from /home/pjh/ego_swarm/ego-planner-swarm/build/quadrotor_msgs/rosidl_generator_cpp/quadrotor_msgs/msg/position_command.hpp:7,
[13.191s]                  from /home/pjh/ego_swarm/ego-planner-swarm/src/uav_simulator/so3_control/src/so3_control_component.cpp:5:
[13.191s] /home/pjh/ego_swarm/ego-planner-swarm/build/quadrotor_msgs/rosidl_generator_cpp/quadrotor_msgs/msg/detail/position_command__struct.hpp:228:5: note: declared here
[13.191s]   228 |     ConstPtr;
[13.191s]       |     ^~~~~~~~
[13.191s] /home/pjh/ego_swarm/ego-planner-swarm/src/uav_simulator/so3_control/src/so3_control_component.cpp:31:69: warning: ‘nav_msgs::msg::Odometry_<std::allocator<void> >::ConstPtr’ is deprecated [-Wdeprecated-declarations]
[13.191s]    31 |     void odom_callback(const nav_msgs::msg::Odometry::ConstPtr &odom);
[13.191s]       |                                                                     ^
[13.191s] In file included from /opt/ros/humble/include/nav_msgs/nav_msgs/msg/odometry.hpp:7,
[13.191s]                  from /home/pjh/ego_swarm/ego-planner-swarm/src/uav_simulator/so3_control/src/so3_control_component.cpp:2:
[13.192s] /opt/ros/humble/include/nav_msgs/nav_msgs/msg/detail/odometry__struct.hpp:146:5: note: declared here
[13.192s]   146 |     ConstPtr;
[13.192s]       |     ^~~~~~~~
[13.192s] /home/pjh/ego_swarm/ego-planner-swarm/src/uav_simulator/so3_control/src/so3_control_component.cpp:32:73: warning: ‘std_msgs::msg::Bool_<std::allocator<void> >::ConstPtr’ is deprecated [-Wdeprecated-declarations]
[13.192s]    32 |     void enable_motors_callback(const std_msgs::msg::Bool::ConstPtr &msg);
[13.192s]       |                                                                         ^
[13.192s] In file included from /opt/ros/humble/include/std_msgs/std_msgs/msg/bool.hpp:7,
[13.192s]                  from /home/pjh/ego_swarm/ego-planner-swarm/src/uav_simulator/so3_control/src/so3_control_component.cpp:10:
[13.192s] /opt/ros/humble/include/std_msgs/std_msgs/msg/detail/bool__struct.hpp:105:5: note: declared here
[13.192s]   105 |     ConstPtr;
[13.192s]       |     ^~~~~~~~
[13.192s] /home/pjh/ego_swarm/ego-planner-swarm/src/uav_simulator/so3_control/src/so3_control_component.cpp:33:84: warning: ‘quadrotor_msgs::msg::Corrections_<std::allocator<void> >::ConstPtr’ is deprecated [-Wdeprecated-declarations]
[13.192s]    33 |     void corrections_callback(const quadrotor_msgs::msg::Corrections::ConstPtr &msg);
[13.192s]       |                                                                                    ^
[13.192s] In file included from /home/pjh/ego_swarm/ego-planner-swarm/build/quadrotor_msgs/rosidl_generator_cpp/quadrotor_msgs/msg/corrections.hpp:7,
[13.192s]                  from /home/pjh/ego_swarm/ego-planner-swarm/src/uav_simulator/so3_control/src/so3_control_component.cpp:4:
[13.193s] /home/pjh/ego_swarm/ego-planner-swarm/build/quadrotor_msgs/rosidl_generator_cpp/quadrotor_msgs/msg/detail/corrections__struct.hpp:116:5: note: declared here
[13.193s]   116 |     ConstPtr;
[13.193s]       |     ^~~~~~~~
[13.436s] /home/pjh/ego_swarm/ego-planner-swarm/src/uav_simulator/so3_control/src/so3_control_component.cpp:97:106: warning: ‘quadrotor_msgs::msg::PositionCommand_<std::allocator<void> >::ConstPtr’ is deprecated [-Wdeprecated-declarations]
[13.436s]    97 | void SO3ControlComponent::position_cmd_callback(const quadrotor_msgs::msg::PositionCommand::ConstPtr &cmd)
[13.436s]       |                                                                                                          ^
[13.437s] In file included from /home/pjh/ego_swarm/ego-planner-swarm/build/quadrotor_msgs/rosidl_generator_cpp/quadrotor_msgs/msg/position_command.hpp:7,
[13.437s]                  from /home/pjh/ego_swarm/ego-planner-swarm/src/uav_simulator/so3_control/src/so3_control_component.cpp:5:
[13.437s] /home/pjh/ego_swarm/ego-planner-swarm/build/quadrotor_msgs/rosidl_generator_cpp/quadrotor_msgs/msg/detail/position_command__struct.hpp:228:5: note: declared here
[13.437s]   228 |     ConstPtr;
[13.437s]       |     ^~~~~~~~
[13.475s] /home/pjh/ego_swarm/ego-planner-swarm/src/uav_simulator/so3_control/src/so3_control_component.cpp:121:86: warning: ‘nav_msgs::msg::Odometry_<std::allocator<void> >::ConstPtr’ is deprecated [-Wdeprecated-declarations]
[13.475s]   121 | void SO3ControlComponent::odom_callback(const nav_msgs::msg::Odometry::ConstPtr &odom)
[13.475s]       |                                                                                      ^
[13.475s] In file included from /opt/ros/humble/include/nav_msgs/nav_msgs/msg/odometry.hpp:7,
[13.475s]                  from /home/pjh/ego_swarm/ego-planner-swarm/src/uav_simulator/so3_control/src/so3_control_component.cpp:2:
[13.475s] /opt/ros/humble/include/nav_msgs/nav_msgs/msg/detail/odometry__struct.hpp:146:5: note: declared here
[13.475s]   146 |     ConstPtr;
[13.476s]       |     ^~~~~~~~
[13.477s] /home/pjh/ego_swarm/ego-planner-swarm/src/uav_simulator/so3_control/src/so3_control_component.cpp:172:90: warning: ‘std_msgs::msg::Bool_<std::allocator<void> >::ConstPtr’ is deprecated [-Wdeprecated-declarations]
[13.477s]   172 | void SO3ControlComponent::enable_motors_callback(const std_msgs::msg::Bool::ConstPtr &msg)
[13.477s]       |                                                                                          ^
[13.477s] In file included from /opt/ros/humble/include/std_msgs/std_msgs/msg/bool.hpp:7,
[13.477s]                  from /home/pjh/ego_swarm/ego-planner-swarm/src/uav_simulator/so3_control/src/so3_control_component.cpp:10:
[13.477s] /opt/ros/humble/include/std_msgs/std_msgs/msg/detail/bool__struct.hpp:105:5: note: declared here
[13.477s]   105 |     ConstPtr;
[13.477s]       |     ^~~~~~~~
[13.480s] /home/pjh/ego_swarm/ego-planner-swarm/src/uav_simulator/so3_control/src/so3_control_component.cpp:183:58: warning: ‘quadrotor_msgs::msg::Corrections_<std::allocator<void> >::ConstPtr’ is deprecated [-Wdeprecated-declarations]
[13.480s]   183 |     const quadrotor_msgs::msg::Corrections::ConstPtr &msg)
[13.480s]       |                                                          ^
[13.480s] In file included from /home/pjh/ego_swarm/ego-planner-swarm/build/quadrotor_msgs/rosidl_generator_cpp/quadrotor_msgs/msg/corrections.hpp:7,
[13.480s]                  from /home/pjh/ego_swarm/ego-planner-swarm/src/uav_simulator/so3_control/src/so3_control_component.cpp:4:
[13.480s] /home/pjh/ego_swarm/ego-planner-swarm/build/quadrotor_msgs/rosidl_generator_cpp/quadrotor_msgs/msg/detail/corrections__struct.hpp:116:5: note: declared here
[13.481s]   116 |     ConstPtr;
[13.481s]       |     ^~~~~~~~
[13.693s] [ 87%] Linking CXX executable control_example
[13.880s] [ 87%] Built target control_example
[53.022s] [100%] Linking CXX shared library libso3_control_component.so
[53.541s] [100%] Built target so3_control_component
[53.553s] Invoked command in '/home/pjh/ego_swarm/ego-planner-swarm/build/so3_control' returned '0': CMAKE_PREFIX_PATH=/home/pjh/ego_swarm/ego-planner-swarm/install/quadrotor_msgs:/home/pjh/ego_swarm/ego-planner-swarm/install/cmake_utils:/home/pjh/ego_swarm/ego-planner-swarm/install/waypoint_generator:/home/pjh/ego_swarm/ego-planner-swarm/install/so3_quadrotor_simulator:/home/pjh/ego_swarm/ego-planner-swarm/install/uav_utils:/home/pjh/ego_swarm/ego-planner-swarm/install/traj_recorder:/home/pjh/ego_swarm/ego-planner-swarm/install/rosmsg_tcp_bridge:/home/pjh/ego_swarm/ego-planner-swarm/install/layer_planner:/home/pjh/ego_swarm/ego-planner-swarm/install/ego_planner:/home/pjh/ego_swarm/ego-planner-swarm/install/bspline_opt:/home/pjh/ego_swarm/ego-planner-swarm/install/traj_utils:/home/pjh/ego_swarm/ego-planner-swarm/install/so3_control:/home/pjh/ego_swarm/ego-planner-swarm/install/poscmd_2_odom:/home/pjh/ego_swarm/ego-planner-swarm/install/odom_visualization:/home/pjh/ego_swarm/ego-planner-swarm/install/multi_map_server:/home/pjh/ego_swarm/ego-planner-swarm/install/local_sensing:/home/pjh/ego_swarm/ego-planner-swarm/install/pose_utils:/home/pjh/ego_swarm/ego-planner-swarm/install/path_searching:/home/pjh/ego_swarm/ego-planner-swarm/install/plan_env:/home/pjh/ego_swarm/ego-planner-swarm/install/mockamap:/home/pjh/ego_swarm/ego-planner-swarm/install/map_generator:/home/pjh/ego_swarm/ego-planner-swarm/install/drone_detect:/opt/ros/humble LD_LIBRARY_PATH=/home/pjh/ego_swarm/ego-planner-swarm/install/quadrotor_msgs/lib:/home/pjh/ego_swarm/ego-planner-swarm/install/bspline_opt/lib:/home/pjh/ego_swarm/ego-planner-swarm/install/traj_utils/lib:/home/pjh/ego_swarm/ego-planner-swarm/install/so3_control/lib:/home/pjh/ego_swarm/ego-planner-swarm/install/multi_map_server/lib:/home/pjh/ego_swarm/ego-planner-swarm/install/pose_utils/lib:/home/pjh/ego_swarm/ego-planner-swarm/install/path_searching/lib:/home/pjh/ego_swarm/ego-planner-swarm/install/plan_env/lib:/usr/lib/x86_64-linux-gnu/gazebo-11/plugins:/opt/ros/humble/opt/rviz_ogre_vendor/lib:/opt/ros/humble/lib/x86_64-linux-gnu:/opt/ros/humble/lib /usr/bin/cmake --build /home/pjh/ego_swarm/ego-planner-swarm/build/so3_control -- -j22 -l22
[53.555s] Invoking command in '/home/pjh/ego_swarm/ego-planner-swarm/build/so3_control': CMAKE_PREFIX_PATH=/home/pjh/ego_swarm/ego-planner-swarm/install/quadrotor_msgs:/home/pjh/ego_swarm/ego-planner-swarm/install/cmake_utils:/home/pjh/ego_swarm/ego-planner-swarm/install/waypoint_generator:/home/pjh/ego_swarm/ego-planner-swarm/install/so3_quadrotor_simulator:/home/pjh/ego_swarm/ego-planner-swarm/install/uav_utils:/home/pjh/ego_swarm/ego-planner-swarm/install/traj_recorder:/home/pjh/ego_swarm/ego-planner-swarm/install/rosmsg_tcp_bridge:/home/pjh/ego_swarm/ego-planner-swarm/install/layer_planner:/home/pjh/ego_swarm/ego-planner-swarm/install/ego_planner:/home/pjh/ego_swarm/ego-planner-swarm/install/bspline_opt:/home/pjh/ego_swarm/ego-planner-swarm/install/traj_utils:/home/pjh/ego_swarm/ego-planner-swarm/install/so3_control:/home/pjh/ego_swarm/ego-planner-swarm/install/poscmd_2_odom:/home/pjh/ego_swarm/ego-planner-swarm/install/odom_visualization:/home/pjh/ego_swarm/ego-planner-swarm/install/multi_map_server:/home/pjh/ego_swarm/ego-planner-swarm/install/local_sensing:/home/pjh/ego_swarm/ego-planner-swarm/install/pose_utils:/home/pjh/ego_swarm/ego-planner-swarm/install/path_searching:/home/pjh/ego_swarm/ego-planner-swarm/install/plan_env:/home/pjh/ego_swarm/ego-planner-swarm/install/mockamap:/home/pjh/ego_swarm/ego-planner-swarm/install/map_generator:/home/pjh/ego_swarm/ego-planner-swarm/install/drone_detect:/opt/ros/humble LD_LIBRARY_PATH=/home/pjh/ego_swarm/ego-planner-swarm/install/quadrotor_msgs/lib:/home/pjh/ego_swarm/ego-planner-swarm/install/bspline_opt/lib:/home/pjh/ego_swarm/ego-planner-swarm/install/traj_utils/lib:/home/pjh/ego_swarm/ego-planner-swarm/install/so3_control/lib:/home/pjh/ego_swarm/ego-planner-swarm/install/multi_map_server/lib:/home/pjh/ego_swarm/ego-planner-swarm/install/pose_utils/lib:/home/pjh/ego_swarm/ego-planner-swarm/install/path_searching/lib:/home/pjh/ego_swarm/ego-planner-swarm/install/plan_env/lib:/usr/lib/x86_64-linux-gnu/gazebo-11/plugins:/opt/ros/humble/opt/rviz_ogre_vendor/lib:/opt/ros/humble/lib/x86_64-linux-gnu:/opt/ros/humble/lib /usr/bin/cmake --install /home/pjh/ego_swarm/ego-planner-swarm/build/so3_control
[53.564s] -- Install configuration: "Release"
[53.564s] -- Execute custom install script
[53.564s] -- Symlinking: /home/pjh/ego_swarm/ego-planner-swarm/install/so3_control/lib/so3_control/so3_control_component_node
[53.575s] -- Symlinking: /home/pjh/ego_swarm/ego-planner-swarm/install/so3_control/lib/so3_control/control_example
[53.584s] -- Symlinking: /home/pjh/ego_swarm/ego-planner-swarm/install/so3_control/lib/libso3_control_component.so
[53.595s] -- Symlinking: /home/pjh/ego_swarm/ego-planner-swarm/install/so3_control/share/so3_control/config/corrections_hummingbird.yaml
[53.604s] -- Symlinking: /home/pjh/ego_swarm/ego-planner-swarm/install/so3_control/share/so3_control/config/corrections_pelican.yaml
[53.614s] -- Symlinking: /home/pjh/ego_swarm/ego-planner-swarm/install/so3_control/share/so3_control/config/gains.yaml
[53.623s] -- Symlinking: /home/pjh/ego_swarm/ego-planner-swarm/install/so3_control/share/so3_control/config/gains_hummingbird.yaml
[53.634s] -- Symlinking: /home/pjh/ego_swarm/ego-planner-swarm/install/so3_control/share/so3_control/config/gains_pelican.yaml
[53.645s] -- Symlinking: /home/pjh/ego_swarm/ego-planner-swarm/install/so3_control/share/ament_index/resource_index/package_run_dependencies/so3_control
[53.652s] -- Symlinking: /home/pjh/ego_swarm/ego-planner-swarm/install/so3_control/share/ament_index/resource_index/parent_prefix_path/so3_control
[53.659s] -- Symlinking: /home/pjh/ego_swarm/ego-planner-swarm/install/so3_control/share/so3_control/environment/ament_prefix_path.sh
[53.666s] -- Symlinking: /home/pjh/ego_swarm/ego-planner-swarm/install/so3_control/share/so3_control/environment/ament_prefix_path.dsv
[53.676s] -- Symlinking: /home/pjh/ego_swarm/ego-planner-swarm/install/so3_control/share/so3_control/environment/path.sh
[53.684s] -- Symlinking: /home/pjh/ego_swarm/ego-planner-swarm/install/so3_control/share/so3_control/environment/path.dsv
[53.692s] -- Symlinking: /home/pjh/ego_swarm/ego-planner-swarm/install/so3_control/share/so3_control/local_setup.bash
[53.699s] -- Symlinking: /home/pjh/ego_swarm/ego-planner-swarm/install/so3_control/share/so3_control/local_setup.sh
[53.707s] -- Symlinking: /home/pjh/ego_swarm/ego-planner-swarm/install/so3_control/share/so3_control/local_setup.zsh
[53.717s] -- Symlinking: /home/pjh/ego_swarm/ego-planner-swarm/install/so3_control/share/so3_control/local_setup.dsv
[53.726s] -- Symlinking: /home/pjh/ego_swarm/ego-planner-swarm/install/so3_control/share/so3_control/package.dsv
[53.733s] -- Symlinking: /home/pjh/ego_swarm/ego-planner-swarm/install/so3_control/share/ament_index/resource_index/packages/so3_control
[53.746s] -- Symlinking: /home/pjh/ego_swarm/ego-planner-swarm/install/so3_control/share/ament_index/resource_index/rclcpp_components/so3_control
[53.756s] -- Symlinking: /home/pjh/ego_swarm/ego-planner-swarm/install/so3_control/share/so3_control/cmake/so3_controlConfig.cmake
[53.768s] -- Symlinking: /home/pjh/ego_swarm/ego-planner-swarm/install/so3_control/share/so3_control/cmake/so3_controlConfig-version.cmake
[53.776s] -- Symlinking: /home/pjh/ego_swarm/ego-planner-swarm/install/so3_control/share/so3_control/package.xml
[53.787s] Invoked command in '/home/pjh/ego_swarm/ego-planner-swarm/build/so3_control' returned '0': CMAKE_PREFIX_PATH=/home/pjh/ego_swarm/ego-planner-swarm/install/quadrotor_msgs:/home/pjh/ego_swarm/ego-planner-swarm/install/cmake_utils:/home/pjh/ego_swarm/ego-planner-swarm/install/waypoint_generator:/home/pjh/ego_swarm/ego-planner-swarm/install/so3_quadrotor_simulator:/home/pjh/ego_swarm/ego-planner-swarm/install/uav_utils:/home/pjh/ego_swarm/ego-planner-swarm/install/traj_recorder:/home/pjh/ego_swarm/ego-planner-swarm/install/rosmsg_tcp_bridge:/home/pjh/ego_swarm/ego-planner-swarm/install/layer_planner:/home/pjh/ego_swarm/ego-planner-swarm/install/ego_planner:/home/pjh/ego_swarm/ego-planner-swarm/install/bspline_opt:/home/pjh/ego_swarm/ego-planner-swarm/install/traj_utils:/home/pjh/ego_swarm/ego-planner-swarm/install/so3_control:/home/pjh/ego_swarm/ego-planner-swarm/install/poscmd_2_odom:/home/pjh/ego_swarm/ego-planner-swarm/install/odom_visualization:/home/pjh/ego_swarm/ego-planner-swarm/install/multi_map_server:/home/pjh/ego_swarm/ego-planner-swarm/install/local_sensing:/home/pjh/ego_swarm/ego-planner-swarm/install/pose_utils:/home/pjh/ego_swarm/ego-planner-swarm/install/path_searching:/home/pjh/ego_swarm/ego-planner-swarm/install/plan_env:/home/pjh/ego_swarm/ego-planner-swarm/install/mockamap:/home/pjh/ego_swarm/ego-planner-swarm/install/map_generator:/home/pjh/ego_swarm/ego-planner-swarm/install/drone_detect:/opt/ros/humble LD_LIBRARY_PATH=/home/pjh/ego_swarm/ego-planner-swarm/install/quadrotor_msgs/lib:/home/pjh/ego_swarm/ego-planner-swarm/install/bspline_opt/lib:/home/pjh/ego_swarm/ego-planner-swarm/install/traj_utils/lib:/home/pjh/ego_swarm/ego-planner-swarm/install/so3_control/lib:/home/pjh/ego_swarm/ego-planner-swarm/install/multi_map_server/lib:/home/pjh/ego_swarm/ego-planner-swarm/install/pose_utils/lib:/home/pjh/ego_swarm/ego-planner-swarm/install/path_searching/lib:/home/pjh/ego_swarm/ego-planner-swarm/install/plan_env/lib:/usr/lib/x86_64-linux-gnu/gazebo-11/plugins:/opt/ros/humble/opt/rviz_ogre_vendor/lib:/opt/ros/humble/lib/x86_64-linux-gnu:/opt/ros/humble/lib /usr/bin/cmake --install /home/pjh/ego_swarm/ego-planner-swarm/build/so3_control
