-- The C compiler identification is GNU 11.4.0
-- The CXX compiler identification is GNU 11.4.0
-- Detecting C compiler ABI info
-- Detecting C compiler ABI info - done
-- Check for working C compiler: /usr/bin/cc - skipped
-- Detecting C compile features
-- Detecting C compile features - done
-- Detecting CXX compiler ABI info
-- Detecting CXX compiler ABI info - done
-- Check for working CXX compiler: /usr/bin/c++ - skipped
-- Detecting CXX compile features
-- Detecting CXX compile features - done
-- Found ament_cmake: 1.3.12 (/opt/ros/humble/share/ament_cmake/cmake)
-- Found Python3: /usr/bin/python3 (found version "3.10.12") found components: Interpreter 
-- Override CMake install command with custom implementation using symlinks instead of copying resources
-- Found rclcpp: 16.0.15 (/opt/ros/humble/share/rclcpp/cmake)
-- Found rosidl_generator_c: 3.1.7 (/opt/ros/humble/share/rosidl_generator_c/cmake)
-- Found rosidl_adapter: 3.1.7 (/opt/ros/humble/share/rosidl_adapter/cmake)
-- Found rosidl_generator_cpp: 3.1.7 (/opt/ros/humble/share/rosidl_generator_cpp/cmake)
-- Using all available rosidl_typesupport_c: rosidl_typesupport_fastrtps_c;rosidl_typesupport_introspection_c
-- Using all available rosidl_typesupport_cpp: rosidl_typesupport_fastrtps_cpp;rosidl_typesupport_introspection_cpp
-- Found rmw_implementation_cmake: 6.1.2 (/opt/ros/humble/share/rmw_implementation_cmake/cmake)
-- Found rmw_cyclonedds_cpp: 1.3.4 (/opt/ros/humble/share/rmw_cyclonedds_cpp/cmake)
-- Using RMW implementation 'rmw_cyclonedds_cpp' as default
-- Looking for pthread.h
-- Looking for pthread.h - found
-- Performing Test CMAKE_HAVE_LIBC_PTHREAD
-- Performing Test CMAKE_HAVE_LIBC_PTHREAD - Success
-- Found Threads: TRUE  
-- Found geometry_msgs: 4.9.0 (/opt/ros/humble/share/geometry_msgs/cmake)
-- Found quadrotor_msgs: 0.0.0 (/home/pjh/ego_swarm/ego-planner-swarm/install/quadrotor_msgs/share/quadrotor_msgs/cmake)
-- Found visualization_msgs: 4.9.0 (/opt/ros/humble/share/visualization_msgs/cmake)
-- Found plan_env: 0.0.0 (/home/pjh/ego_swarm/ego-planner-swarm/install/plan_env/share/plan_env/cmake)
-- Found path_searching: 0.0.0 (/home/pjh/ego_swarm/ego-planner-swarm/install/path_searching/share/path_searching/cmake)
-- Found bspline_opt: 0.0.0 (/home/pjh/ego_swarm/ego-planner-swarm/install/bspline_opt/share/bspline_opt/cmake)
-- Found traj_utils: 0.0.0 (/home/pjh/ego_swarm/ego-planner-swarm/install/traj_utils/share/traj_utils/cmake)
-- Found cv_bridge: 3.2.1 (/opt/ros/humble/share/cv_bridge/cmake)
-- Checking for module 'eigen3'
--   Found eigen3, version 3.4.0
-- Found Eigen: /usr/include/eigen3 (Required is at least version "3.1") 
-- Eigen found (include: /usr/include/eigen3, version: 3.4.0)
-- Found Boost: /usr/lib/x86_64-linux-gnu/cmake/Boost-1.74.0/BoostConfig.cmake (found suitable version "1.74.0", minimum required is "1.65.0") found components: system filesystem date_time iostreams serialization 
-- Checking for module 'flann'
--   Found flann, version 1.9.1
-- Found FLANN: /usr/lib/x86_64-linux-gnu/libflann_cpp.so  
-- FLANN found (include: /usr/include, lib: /usr/lib/x86_64-linux-gnu/libflann_cpp.so)
-- Found GLEW: /usr/lib/x86_64-linux-gnu/libGLEW.so  
-- Found OpenGL: /usr/lib/x86_64-linux-gnu/libOpenGL.so  found components: OpenGL GLX 
-- Found MPI_C: /usr/lib/x86_64-linux-gnu/libmpi.so (found version "3.1") 
-- Found MPI: TRUE (found version "3.1") found components: C 
-- Found JsonCpp: /usr/lib/x86_64-linux-gnu/libjsoncpp.so (found suitable version "1.9.5", minimum required is "0.7.0") 
-- Found ZLIB: /usr/lib/x86_64-linux-gnu/libz.so (found version "1.2.11") 
-- Found PNG: /usr/lib/x86_64-linux-gnu/libpng.so (found version "1.6.37") 
-- Found Eigen3: /usr/include/eigen3 (found version "3.4.0") 
-- Found X11: /usr/include   
-- Looking for XOpenDisplay in /usr/lib/x86_64-linux-gnu/libX11.so;/usr/lib/x86_64-linux-gnu/libXext.so
-- Looking for XOpenDisplay in /usr/lib/x86_64-linux-gnu/libX11.so;/usr/lib/x86_64-linux-gnu/libXext.so - found
-- Looking for gethostbyname
-- Looking for gethostbyname - found
-- Looking for connect
-- Looking for connect - found
-- Looking for remove
-- Looking for remove - found
-- Looking for shmat
-- Looking for shmat - found
-- Looking for IceConnectionNumber in ICE
-- Looking for IceConnectionNumber in ICE - found
-- Found EXPAT: /usr/lib/x86_64-linux-gnu/libexpat.so (found version "2.4.7") 
-- Found double-conversion: /usr/lib/x86_64-linux-gnu/libdouble-conversion.so  
-- Found LZ4: /usr/lib/x86_64-linux-gnu/liblz4.so (found version "1.9.3") 
-- Found LZMA: /usr/lib/x86_64-linux-gnu/liblzma.so (found version "5.2.5") 
-- Found JPEG: /usr/lib/x86_64-linux-gnu/libjpeg.so (found version "80") 
-- Found TIFF: /usr/lib/x86_64-linux-gnu/libtiff.so (found version "4.3.0")  
-- Found Freetype: /usr/lib/x86_64-linux-gnu/libfreetype.so (found version "2.11.1") 
-- Found utf8cpp: /usr/include/utf8cpp  
-- Checking for module 'libusb-1.0'
--   Found libusb-1.0, version 1.0.25
-- Found libusb: /usr/lib/x86_64-linux-gnu/libusb-1.0.so  
-- Found OpenNI: /usr/lib/libOpenNI.so;libusb::libusb (found version "1.5.4.0") 
-- OpenNI found (version: 1.5.4.0, include: /usr/include/ni, lib: /usr/lib/libOpenNI.so;libusb::libusb)
-- Found OpenNI2: /usr/lib/x86_64-linux-gnu/libOpenNI2.so;libusb::libusb (found version "2.2.0.33") 
-- OpenNI2 found (version: 2.2.0.33, include: /usr/include/openni2, lib: /usr/lib/x86_64-linux-gnu/libOpenNI2.so;libusb::libusb)
** WARNING ** io features related to pcap will be disabled
-- Eigen found (include: /usr/include/eigen3, version: 3.4.0)
-- OpenNI found (version: 1.5.4.0, include: /usr/include/ni, lib: /usr/lib/libOpenNI.so;libusb::libusb)
-- OpenNI2 found (version: 2.2.0.33, include: /usr/include/openni2, lib: /usr/lib/x86_64-linux-gnu/libOpenNI2.so;libusb::libusb)
-- Found Qhull version 8.0.2
-- OpenNI found (version: 1.5.4.0, include: /usr/include/ni, lib: /usr/lib/libOpenNI.so;libusb::libusb)
-- looking for PCL_COMMON
-- Found PCL_COMMON: /usr/lib/x86_64-linux-gnu/libpcl_common.so  
-- looking for PCL_KDTREE
-- Found PCL_KDTREE: /usr/lib/x86_64-linux-gnu/libpcl_kdtree.so  
-- looking for PCL_OCTREE
-- Found PCL_OCTREE: /usr/lib/x86_64-linux-gnu/libpcl_octree.so  
-- looking for PCL_SEARCH
-- Found PCL_SEARCH: /usr/lib/x86_64-linux-gnu/libpcl_search.so  
-- looking for PCL_SAMPLE_CONSENSUS
-- Found PCL_SAMPLE_CONSENSUS: /usr/lib/x86_64-linux-gnu/libpcl_sample_consensus.so  
-- looking for PCL_FILTERS
-- Found PCL_FILTERS: /usr/lib/x86_64-linux-gnu/libpcl_filters.so  
-- looking for PCL_2D
-- Found PCL_2D: /usr/include/pcl-1.12  
-- looking for PCL_GEOMETRY
-- Found PCL_GEOMETRY: /usr/include/pcl-1.12  
-- looking for PCL_IO
-- Found PCL_IO: /usr/lib/x86_64-linux-gnu/libpcl_io.so  
-- looking for PCL_FEATURES
-- Found PCL_FEATURES: /usr/lib/x86_64-linux-gnu/libpcl_features.so  
-- looking for PCL_ML
-- Found PCL_ML: /usr/lib/x86_64-linux-gnu/libpcl_ml.so  
-- looking for PCL_SEGMENTATION
-- Found PCL_SEGMENTATION: /usr/lib/x86_64-linux-gnu/libpcl_segmentation.so  
-- looking for PCL_VISUALIZATION
-- Found PCL_VISUALIZATION: /usr/lib/x86_64-linux-gnu/libpcl_visualization.so  
-- looking for PCL_SURFACE
-- Found PCL_SURFACE: /usr/lib/x86_64-linux-gnu/libpcl_surface.so  
-- looking for PCL_REGISTRATION
-- Found PCL_REGISTRATION: /usr/lib/x86_64-linux-gnu/libpcl_registration.so  
-- looking for PCL_KEYPOINTS
-- Found PCL_KEYPOINTS: /usr/lib/x86_64-linux-gnu/libpcl_keypoints.so  
-- looking for PCL_TRACKING
-- Found PCL_TRACKING: /usr/lib/x86_64-linux-gnu/libpcl_tracking.so  
-- looking for PCL_RECOGNITION
-- Found PCL_RECOGNITION: /usr/lib/x86_64-linux-gnu/libpcl_recognition.so  
-- looking for PCL_STEREO
-- Found PCL_STEREO: /usr/lib/x86_64-linux-gnu/libpcl_stereo.so  
-- looking for PCL_APPS
-- Found PCL_APPS: /usr/lib/x86_64-linux-gnu/libpcl_apps.so  
-- looking for PCL_IN_HAND_SCANNER
-- Found PCL_IN_HAND_SCANNER: /usr/include/pcl-1.12  
-- looking for PCL_MODELER
-- Found PCL_MODELER: /usr/include/pcl-1.12  
-- looking for PCL_POINT_CLOUD_EDITOR
-- Found PCL_POINT_CLOUD_EDITOR: /usr/include/pcl-1.12  
-- looking for PCL_OUTOFCORE
-- Found PCL_OUTOFCORE: /usr/lib/x86_64-linux-gnu/libpcl_outofcore.so  
-- looking for PCL_PEOPLE
-- Found PCL_PEOPLE: /usr/lib/x86_64-linux-gnu/libpcl_people.so  
-- Found PCL: pcl_common;pcl_kdtree;pcl_octree;pcl_search;pcl_sample_consensus;pcl_filters;pcl_io;pcl_features;pcl_ml;pcl_segmentation;pcl_visualization;pcl_surface;pcl_registration;pcl_keypoints;pcl_tracking;pcl_recognition;pcl_stereo;pcl_apps;pcl_outofcore;pcl_people;Boost::system;Boost::filesystem;Boost::date_time;Boost::iostreams;Boost::serialization;/usr/lib/libOpenNI.so;libusb::libusb;/usr/lib/x86_64-linux-gnu/libOpenNI2.so;libusb::libusb;VTK::ChartsCore;VTK::CommonColor;VTK::CommonComputationalGeometry;VTK::CommonCore;VTK::CommonDataModel;VTK::CommonExecutionModel;VTK::CommonMath;VTK::CommonMisc;VTK::CommonTransforms;VTK::FiltersCore;VTK::FiltersExtraction;VTK::FiltersGeneral;VTK::FiltersGeometry;VTK::FiltersModeling;VTK::FiltersSources;VTK::ImagingCore;VTK::ImagingSources;VTK::InteractionImage;VTK::InteractionStyle;VTK::InteractionWidgets;VTK::IOCore;VTK::IOGeometry;VTK::IOImage;VTK::IOLegacy;VTK::IOPLY;VTK::RenderingAnnotation;VTK::RenderingCore;VTK::RenderingContext2D;VTK::RenderingLOD;VTK::RenderingFreeType;VTK::ViewsCore;VTK::ViewsContext2D;VTK::RenderingOpenGL2;VTK::GUISupportQt;FLANN::FLANN;QHULL::QHULL  
-- Found pcl_conversions: 2.4.5 (/opt/ros/humble/share/pcl_conversions/cmake)
-- Found ament_lint_auto: 0.12.14 (/opt/ros/humble/share/ament_lint_auto/cmake)
-- Added test 'cppcheck' to perform static code analysis on C / C++ code
-- Configured cppcheck include dirs: /home/pjh/ego_swarm/ego-planner-swarm/src/planner/plan_manage/include
-- Configured cppcheck exclude dirs and/or files: 
-- Added test 'flake8' to check Python code syntax and style conventions
-- Added test 'lint_cmake' to check CMake code style
-- Added test 'pep257' to check Python code against some of the docstring style conventions in PEP 257
-- Added test 'uncrustify' to check C / C++ code style
-- Configured uncrustify additional arguments: 
-- Added test 'xmllint' to check XML markup files
-- Configuring done
-- Generating done
-- Build files have been written to: /home/pjh/ego_swarm/ego-planner-swarm/build/ego_planner
[ 16%] Building CXX object CMakeFiles/ego_planner_node.dir/src/planner_manager.cpp.o
[ 50%] Building CXX object CMakeFiles/traj_server.dir/src/traj_server.cpp.o
[ 50%] Building CXX object CMakeFiles/ego_planner_node.dir/src/ego_replan_fsm.cpp.o
[ 66%] Building CXX object CMakeFiles/ego_planner_node.dir/src/ego_planner_node.cpp.o
/home/pjh/ego_swarm/ego-planner-swarm/src/planner/plan_manage/src/traj_server.cpp:27:60: warning: ‘traj_utils::msg::Bspline_<std::allocator<void> >::ConstPtr’ is deprecated [-Wdeprecated-declarations]
   27 | void bsplineCallback(traj_utils::msg::Bspline::ConstPtr msg)
      |                                                            ^
In file included from /home/pjh/ego_swarm/ego-planner-swarm/install/traj_utils/include/traj_utils/traj_utils/msg/bspline.hpp:7,
                 from /home/pjh/ego_swarm/ego-planner-swarm/src/planner/plan_manage/src/traj_server.cpp:3:
/home/pjh/ego_swarm/ego-planner-swarm/install/traj_utils/include/traj_utils/traj_utils/msg/detail/bspline__struct.hpp:181:5: note: declared here
  181 |     ConstPtr;
      |     ^~~~~~~~
In file included from /home/pjh/ego_swarm/ego-planner-swarm/install/path_searching/include/path_searching/dyn_a_star.h:7,
                 from /home/pjh/ego_swarm/ego-planner-swarm/install/bspline_opt/include/bspline_opt/bspline_optimizer.h:5,
                 from /home/pjh/ego_swarm/ego-planner-swarm/src/planner/plan_manage/include/ego_planner/planner_manager.h:6,
                 from /home/pjh/ego_swarm/ego-planner-swarm/src/planner/plan_manage/src/planner_manager.cpp:2:
/home/pjh/ego_swarm/ego-planner-swarm/install/plan_env/include/plan_env/grid_map.h:208:79: warning: ‘sensor_msgs::msg::Image_<std::allocator<void> >::ConstPtr’ is deprecated [-Wdeprecated-declarations]
  208 |                          const geometry_msgs::msg::PoseStamped::ConstPtr &pose);
      |                                                                               ^
In file included from /opt/ros/humble/include/sensor_msgs/sensor_msgs/msg/image.hpp:7,
                 from /opt/ros/humble/include/cv_bridge/cv_bridge/cv_bridge.h:40,
                 from /home/pjh/ego_swarm/ego-planner-swarm/install/plan_env/include/plan_env/grid_map.h:6,
                 from /home/pjh/ego_swarm/ego-planner-swarm/install/path_searching/include/path_searching/dyn_a_star.h:7,
                 from /home/pjh/ego_swarm/ego-planner-swarm/install/bspline_opt/include/bspline_opt/bspline_optimizer.h:5,
                 from /home/pjh/ego_swarm/ego-planner-swarm/src/planner/plan_manage/include/ego_planner/planner_manager.h:6,
                 from /home/pjh/ego_swarm/ego-planner-swarm/src/planner/plan_manage/src/planner_manager.cpp:2:
/opt/ros/humble/include/sensor_msgs/sensor_msgs/msg/detail/image__struct.hpp:173:5: note: declared here
  173 |     ConstPtr;
      |     ^~~~~~~~
In file included from /home/pjh/ego_swarm/ego-planner-swarm/install/path_searching/include/path_searching/dyn_a_star.h:7,
                 from /home/pjh/ego_swarm/ego-planner-swarm/install/bspline_opt/include/bspline_opt/bspline_optimizer.h:5,
                 from /home/pjh/ego_swarm/ego-planner-swarm/src/planner/plan_manage/include/ego_planner/planner_manager.h:6,
                 from /home/pjh/ego_swarm/ego-planner-swarm/src/planner/plan_manage/src/planner_manager.cpp:2:
/home/pjh/ego_swarm/ego-planner-swarm/install/plan_env/include/plan_env/grid_map.h:208:79: warning: ‘geometry_msgs::msg::PoseStamped_<std::allocator<void> >::ConstPtr’ is deprecated [-Wdeprecated-declarations]
  208 |                          const geometry_msgs::msg::PoseStamped::ConstPtr &pose);
      |                                                                               ^
In file included from /opt/ros/humble/include/geometry_msgs/geometry_msgs/msg/pose_stamped.hpp:7,
                 from /home/pjh/ego_swarm/ego-planner-swarm/install/plan_env/include/plan_env/grid_map.h:7,
                 from /home/pjh/ego_swarm/ego-planner-swarm/install/path_searching/include/path_searching/dyn_a_star.h:7,
                 from /home/pjh/ego_swarm/ego-planner-swarm/install/bspline_opt/include/bspline_opt/bspline_optimizer.h:5,
                 from /home/pjh/ego_swarm/ego-planner-swarm/src/planner/plan_manage/include/ego_planner/planner_manager.h:6,
                 from /home/pjh/ego_swarm/ego-planner-swarm/src/planner/plan_manage/src/planner_manager.cpp:2:
/opt/ros/humble/include/geometry_msgs/geometry_msgs/msg/detail/pose_stamped__struct.hpp:115:5: note: declared here
  115 |     ConstPtr;
      |     ^~~~~~~~
In file included from /home/pjh/ego_swarm/ego-planner-swarm/install/path_searching/include/path_searching/dyn_a_star.h:7,
                 from /home/pjh/ego_swarm/ego-planner-swarm/install/bspline_opt/include/bspline_opt/bspline_optimizer.h:5,
                 from /home/pjh/ego_swarm/ego-planner-swarm/src/planner/plan_manage/include/ego_planner/planner_manager.h:6,
                 from /home/pjh/ego_swarm/ego-planner-swarm/src/planner/plan_manage/src/planner_manager.cpp:2:
/home/pjh/ego_swarm/ego-planner-swarm/install/plan_env/include/plan_env/grid_map.h:209:71: warning: ‘nav_msgs::msg::Odometry_<std::allocator<void> >::ConstPtr’ is deprecated [-Wdeprecated-declarations]
  209 |   void extrinsicCallback(const nav_msgs::msg::Odometry::ConstPtr &odom);
      |                                                                       ^
In file included from /opt/ros/humble/include/nav_msgs/nav_msgs/msg/odometry.hpp:7,
                 from /home/pjh/ego_swarm/ego-planner-swarm/install/plan_env/include/plan_env/grid_map.h:10,
                 from /home/pjh/ego_swarm/ego-planner-swarm/install/path_searching/include/path_searching/dyn_a_star.h:7,
                 from /home/pjh/ego_swarm/ego-planner-swarm/install/bspline_opt/include/bspline_opt/bspline_optimizer.h:5,
                 from /home/pjh/ego_swarm/ego-planner-swarm/src/planner/plan_manage/include/ego_planner/planner_manager.h:6,
                 from /home/pjh/ego_swarm/ego-planner-swarm/src/planner/plan_manage/src/planner_manager.cpp:2:
/opt/ros/humble/include/nav_msgs/nav_msgs/msg/detail/odometry__struct.hpp:146:5: note: declared here
  146 |     ConstPtr;
      |     ^~~~~~~~
In file included from /home/pjh/ego_swarm/ego-planner-swarm/install/path_searching/include/path_searching/dyn_a_star.h:7,
                 from /home/pjh/ego_swarm/ego-planner-swarm/install/bspline_opt/include/bspline_opt/bspline_optimizer.h:5,
                 from /home/pjh/ego_swarm/ego-planner-swarm/src/planner/plan_manage/include/ego_planner/planner_manager.h:6,
                 from /home/pjh/ego_swarm/ego-planner-swarm/src/planner/plan_manage/src/planner_manager.cpp:2:
/home/pjh/ego_swarm/ego-planner-swarm/install/plan_env/include/plan_env/grid_map.h:210:117: warning: ‘sensor_msgs::msg::Image_<std::allocator<void> >::ConstPtr’ is deprecated [-Wdeprecated-declarations]
  210 |   void depthOdomCallback(const sensor_msgs::msg::Image::ConstPtr &img, const nav_msgs::msg::Odometry::ConstPtr &odom);
      |                                                                                                                     ^
In file included from /opt/ros/humble/include/sensor_msgs/sensor_msgs/msg/image.hpp:7,
                 from /opt/ros/humble/include/cv_bridge/cv_bridge/cv_bridge.h:40,
                 from /home/pjh/ego_swarm/ego-planner-swarm/install/plan_env/include/plan_env/grid_map.h:6,
                 from /home/pjh/ego_swarm/ego-planner-swarm/install/path_searching/include/path_searching/dyn_a_star.h:7,
                 from /home/pjh/ego_swarm/ego-planner-swarm/install/bspline_opt/include/bspline_opt/bspline_optimizer.h:5,
                 from /home/pjh/ego_swarm/ego-planner-swarm/src/planner/plan_manage/include/ego_planner/planner_manager.h:6,
                 from /home/pjh/ego_swarm/ego-planner-swarm/src/planner/plan_manage/src/planner_manager.cpp:2:
/opt/ros/humble/include/sensor_msgs/sensor_msgs/msg/detail/image__struct.hpp:173:5: note: declared here
  173 |     ConstPtr;
      |     ^~~~~~~~
In file included from /home/pjh/ego_swarm/ego-planner-swarm/install/path_searching/include/path_searching/dyn_a_star.h:7,
                 from /home/pjh/ego_swarm/ego-planner-swarm/install/bspline_opt/include/bspline_opt/bspline_optimizer.h:5,
                 from /home/pjh/ego_swarm/ego-planner-swarm/src/planner/plan_manage/include/ego_planner/planner_manager.h:6,
                 from /home/pjh/ego_swarm/ego-planner-swarm/src/planner/plan_manage/src/planner_manager.cpp:2:
/home/pjh/ego_swarm/ego-planner-swarm/install/plan_env/include/plan_env/grid_map.h:210:117: warning: ‘nav_msgs::msg::Odometry_<std::allocator<void> >::ConstPtr’ is deprecated [-Wdeprecated-declarations]
  210 |   void depthOdomCallback(const sensor_msgs::msg::Image::ConstPtr &img, const nav_msgs::msg::Odometry::ConstPtr &odom);
      |                                                                                                                     ^
In file included from /opt/ros/humble/include/nav_msgs/nav_msgs/msg/odometry.hpp:7,
                 from /home/pjh/ego_swarm/ego-planner-swarm/install/plan_env/include/plan_env/grid_map.h:10,
                 from /home/pjh/ego_swarm/ego-planner-swarm/install/path_searching/include/path_searching/dyn_a_star.h:7,
                 from /home/pjh/ego_swarm/ego-planner-swarm/install/bspline_opt/include/bspline_opt/bspline_optimizer.h:5,
                 from /home/pjh/ego_swarm/ego-planner-swarm/src/planner/plan_manage/include/ego_planner/planner_manager.h:6,
                 from /home/pjh/ego_swarm/ego-planner-swarm/src/planner/plan_manage/src/planner_manager.cpp:2:
/opt/ros/humble/include/nav_msgs/nav_msgs/msg/detail/odometry__struct.hpp:146:5: note: declared here
  146 |     ConstPtr;
      |     ^~~~~~~~
In file included from /home/pjh/ego_swarm/ego-planner-swarm/install/path_searching/include/path_searching/dyn_a_star.h:7,
                 from /home/pjh/ego_swarm/ego-planner-swarm/install/bspline_opt/include/bspline_opt/bspline_optimizer.h:5,
                 from /home/pjh/ego_swarm/ego-planner-swarm/src/planner/plan_manage/include/ego_planner/planner_manager.h:6,
                 from /home/pjh/ego_swarm/ego-planner-swarm/src/planner/plan_manage/src/planner_manager.cpp:2:
/home/pjh/ego_swarm/ego-planner-swarm/install/plan_env/include/plan_env/grid_map.h:211:72: warning: ‘sensor_msgs::msg::PointCloud2_<std::allocator<void> >::ConstPtr’ is deprecated [-Wdeprecated-declarations]
  211 |   void cloudCallback(const sensor_msgs::msg::PointCloud2::ConstPtr &img);
      |                                                                        ^
In file included from /opt/ros/humble/include/sensor_msgs/sensor_msgs/msg/point_cloud2.hpp:7,
                 from /opt/ros/humble/include/pcl_conversions/pcl_conversions/pcl_conversions.h:59,
                 from /home/pjh/ego_swarm/ego-planner-swarm/install/plan_env/include/plan_env/grid_map.h:18,
                 from /home/pjh/ego_swarm/ego-planner-swarm/install/path_searching/include/path_searching/dyn_a_star.h:7,
                 from /home/pjh/ego_swarm/ego-planner-swarm/install/bspline_opt/include/bspline_opt/bspline_optimizer.h:5,
                 from /home/pjh/ego_swarm/ego-planner-swarm/src/planner/plan_manage/include/ego_planner/planner_manager.h:6,
                 from /home/pjh/ego_swarm/ego-planner-swarm/src/planner/plan_manage/src/planner_manager.cpp:2:
/opt/ros/humble/include/sensor_msgs/sensor_msgs/msg/detail/point_cloud2__struct.hpp:194:5: note: declared here
  194 |     ConstPtr;
      |     ^~~~~~~~
In file included from /home/pjh/ego_swarm/ego-planner-swarm/install/path_searching/include/path_searching/dyn_a_star.h:7,
                 from /home/pjh/ego_swarm/ego-planner-swarm/install/bspline_opt/include/bspline_opt/bspline_optimizer.h:5,
                 from /home/pjh/ego_swarm/ego-planner-swarm/src/planner/plan_manage/include/ego_planner/ego_replan_fsm.h:15,
                 from /home/pjh/ego_swarm/ego-planner-swarm/src/planner/plan_manage/src/ego_planner_node.cpp:5:
/home/pjh/ego_swarm/ego-planner-swarm/install/plan_env/include/plan_env/grid_map.h:208:79: warning: ‘sensor_msgs::msg::Image_<std::allocator<void> >::ConstPtr’ is deprecated [-Wdeprecated-declarations]
  208 |                          const geometry_msgs::msg::PoseStamped::ConstPtr &pose);
      |                                                                               ^
In file included from /opt/ros/humble/include/sensor_msgs/sensor_msgs/msg/image.hpp:7,
                 from /opt/ros/humble/include/cv_bridge/cv_bridge/cv_bridge.h:40,
                 from /home/pjh/ego_swarm/ego-planner-swarm/install/plan_env/include/plan_env/grid_map.h:6,
                 from /home/pjh/ego_swarm/ego-planner-swarm/install/path_searching/include/path_searching/dyn_a_star.h:7,
                 from /home/pjh/ego_swarm/ego-planner-swarm/install/bspline_opt/include/bspline_opt/bspline_optimizer.h:5,
                 from /home/pjh/ego_swarm/ego-planner-swarm/src/planner/plan_manage/include/ego_planner/ego_replan_fsm.h:15,
                 from /home/pjh/ego_swarm/ego-planner-swarm/src/planner/plan_manage/src/ego_planner_node.cpp:5:
/opt/ros/humble/include/sensor_msgs/sensor_msgs/msg/detail/image__struct.hpp:173:5: note: declared here
  173 |     ConstPtr;
      |     ^~~~~~~~
In file included from /home/pjh/ego_swarm/ego-planner-swarm/install/path_searching/include/path_searching/dyn_a_star.h:7,
                 from /home/pjh/ego_swarm/ego-planner-swarm/install/bspline_opt/include/bspline_opt/bspline_optimizer.h:5,
                 from /home/pjh/ego_swarm/ego-planner-swarm/src/planner/plan_manage/include/ego_planner/ego_replan_fsm.h:15,
                 from /home/pjh/ego_swarm/ego-planner-swarm/src/planner/plan_manage/src/ego_planner_node.cpp:5:
/home/pjh/ego_swarm/ego-planner-swarm/install/plan_env/include/plan_env/grid_map.h:208:79: warning: ‘geometry_msgs::msg::PoseStamped_<std::allocator<void> >::ConstPtr’ is deprecated [-Wdeprecated-declarations]
  208 |                          const geometry_msgs::msg::PoseStamped::ConstPtr &pose);
      |                                                                               ^
In file included from /opt/ros/humble/include/nav_msgs/nav_msgs/msg/detail/path__struct.hpp:22,
                 from /opt/ros/humble/include/nav_msgs/nav_msgs/msg/path.hpp:7,
                 from /home/pjh/ego_swarm/ego-planner-swarm/src/planner/plan_manage/include/ego_planner/ego_replan_fsm.h:7,
                 from /home/pjh/ego_swarm/ego-planner-swarm/src/planner/plan_manage/src/ego_planner_node.cpp:5:
/opt/ros/humble/include/geometry_msgs/geometry_msgs/msg/detail/pose_stamped__struct.hpp:115:5: note: declared here
  115 |     ConstPtr;
      |     ^~~~~~~~
In file included from /home/pjh/ego_swarm/ego-planner-swarm/install/path_searching/include/path_searching/dyn_a_star.h:7,
                 from /home/pjh/ego_swarm/ego-planner-swarm/install/bspline_opt/include/bspline_opt/bspline_optimizer.h:5,
                 from /home/pjh/ego_swarm/ego-planner-swarm/src/planner/plan_manage/include/ego_planner/ego_replan_fsm.h:15,
                 from /home/pjh/ego_swarm/ego-planner-swarm/src/planner/plan_manage/src/ego_planner_node.cpp:5:
/home/pjh/ego_swarm/ego-planner-swarm/install/plan_env/include/plan_env/grid_map.h:209:71: warning: ‘nav_msgs::msg::Odometry_<std::allocator<void> >::ConstPtr’ is deprecated [-Wdeprecated-declarations]
  209 |   void extrinsicCallback(const nav_msgs::msg::Odometry::ConstPtr &odom);
      |                                                                       ^
In file included from /opt/ros/humble/include/nav_msgs/nav_msgs/msg/odometry.hpp:7,
                 from /home/pjh/ego_swarm/ego-planner-swarm/src/planner/plan_manage/include/ego_planner/ego_replan_fsm.h:8,
                 from /home/pjh/ego_swarm/ego-planner-swarm/src/planner/plan_manage/src/ego_planner_node.cpp:5:
/opt/ros/humble/include/nav_msgs/nav_msgs/msg/detail/odometry__struct.hpp:146:5: note: declared here
  146 |     ConstPtr;
      |     ^~~~~~~~
In file included from /home/pjh/ego_swarm/ego-planner-swarm/install/path_searching/include/path_searching/dyn_a_star.h:7,
                 from /home/pjh/ego_swarm/ego-planner-swarm/install/bspline_opt/include/bspline_opt/bspline_optimizer.h:5,
                 from /home/pjh/ego_swarm/ego-planner-swarm/src/planner/plan_manage/include/ego_planner/ego_replan_fsm.h:15,
                 from /home/pjh/ego_swarm/ego-planner-swarm/src/planner/plan_manage/src/ego_planner_node.cpp:5:
/home/pjh/ego_swarm/ego-planner-swarm/install/plan_env/include/plan_env/grid_map.h:210:117: warning: ‘sensor_msgs::msg::Image_<std::allocator<void> >::ConstPtr’ is deprecated [-Wdeprecated-declarations]
  210 |   void depthOdomCallback(const sensor_msgs::msg::Image::ConstPtr &img, const nav_msgs::msg::Odometry::ConstPtr &odom);
      |                                                                                                                     ^
In file included from /opt/ros/humble/include/sensor_msgs/sensor_msgs/msg/image.hpp:7,
                 from /opt/ros/humble/include/cv_bridge/cv_bridge/cv_bridge.h:40,
                 from /home/pjh/ego_swarm/ego-planner-swarm/install/plan_env/include/plan_env/grid_map.h:6,
                 from /home/pjh/ego_swarm/ego-planner-swarm/install/path_searching/include/path_searching/dyn_a_star.h:7,
                 from /home/pjh/ego_swarm/ego-planner-swarm/install/bspline_opt/include/bspline_opt/bspline_optimizer.h:5,
                 from /home/pjh/ego_swarm/ego-planner-swarm/src/planner/plan_manage/include/ego_planner/ego_replan_fsm.h:15,
                 from /home/pjh/ego_swarm/ego-planner-swarm/src/planner/plan_manage/src/ego_planner_node.cpp:5:
/opt/ros/humble/include/sensor_msgs/sensor_msgs/msg/detail/image__struct.hpp:173:5: note: declared here
  173 |     ConstPtr;
      |     ^~~~~~~~
In file included from /home/pjh/ego_swarm/ego-planner-swarm/install/path_searching/include/path_searching/dyn_a_star.h:7,
                 from /home/pjh/ego_swarm/ego-planner-swarm/install/bspline_opt/include/bspline_opt/bspline_optimizer.h:5,
                 from /home/pjh/ego_swarm/ego-planner-swarm/src/planner/plan_manage/include/ego_planner/ego_replan_fsm.h:15,
                 from /home/pjh/ego_swarm/ego-planner-swarm/src/planner/plan_manage/src/ego_planner_node.cpp:5:
/home/pjh/ego_swarm/ego-planner-swarm/install/plan_env/include/plan_env/grid_map.h:210:117: warning: ‘nav_msgs::msg::Odometry_<std::allocator<void> >::ConstPtr’ is deprecated [-Wdeprecated-declarations]
  210 |   void depthOdomCallback(const sensor_msgs::msg::Image::ConstPtr &img, const nav_msgs::msg::Odometry::ConstPtr &odom);
      |                                                                                                                     ^
In file included from /opt/ros/humble/include/nav_msgs/nav_msgs/msg/odometry.hpp:7,
                 from /home/pjh/ego_swarm/ego-planner-swarm/src/planner/plan_manage/include/ego_planner/ego_replan_fsm.h:8,
                 from /home/pjh/ego_swarm/ego-planner-swarm/src/planner/plan_manage/src/ego_planner_node.cpp:5:
/opt/ros/humble/include/nav_msgs/nav_msgs/msg/detail/odometry__struct.hpp:146:5: note: declared here
  146 |     ConstPtr;
      |     ^~~~~~~~
In file included from /home/pjh/ego_swarm/ego-planner-swarm/install/path_searching/include/path_searching/dyn_a_star.h:7,
                 from /home/pjh/ego_swarm/ego-planner-swarm/install/bspline_opt/include/bspline_opt/bspline_optimizer.h:5,
                 from /home/pjh/ego_swarm/ego-planner-swarm/src/planner/plan_manage/include/ego_planner/ego_replan_fsm.h:15,
                 from /home/pjh/ego_swarm/ego-planner-swarm/src/planner/plan_manage/src/ego_planner_node.cpp:5:
/home/pjh/ego_swarm/ego-planner-swarm/install/plan_env/include/plan_env/grid_map.h:211:72: warning: ‘sensor_msgs::msg::PointCloud2_<std::allocator<void> >::ConstPtr’ is deprecated [-Wdeprecated-declarations]
  211 |   void cloudCallback(const sensor_msgs::msg::PointCloud2::ConstPtr &img);
      |                                                                        ^
In file included from /opt/ros/humble/include/sensor_msgs/sensor_msgs/msg/point_cloud2.hpp:7,
                 from /opt/ros/humble/include/pcl_conversions/pcl_conversions/pcl_conversions.h:59,
                 from /home/pjh/ego_swarm/ego-planner-swarm/install/plan_env/include/plan_env/grid_map.h:18,
                 from /home/pjh/ego_swarm/ego-planner-swarm/install/path_searching/include/path_searching/dyn_a_star.h:7,
                 from /home/pjh/ego_swarm/ego-planner-swarm/install/bspline_opt/include/bspline_opt/bspline_optimizer.h:5,
                 from /home/pjh/ego_swarm/ego-planner-swarm/src/planner/plan_manage/include/ego_planner/ego_replan_fsm.h:15,
                 from /home/pjh/ego_swarm/ego-planner-swarm/src/planner/plan_manage/src/ego_planner_node.cpp:5:
/opt/ros/humble/include/sensor_msgs/sensor_msgs/msg/detail/point_cloud2__struct.hpp:194:5: note: declared here
  194 |     ConstPtr;
      |     ^~~~~~~~
In file included from /home/pjh/ego_swarm/ego-planner-swarm/install/path_searching/include/path_searching/dyn_a_star.h:7,
                 from /home/pjh/ego_swarm/ego-planner-swarm/install/bspline_opt/include/bspline_opt/bspline_optimizer.h:5,
                 from /home/pjh/ego_swarm/ego-planner-swarm/src/planner/plan_manage/include/ego_planner/ego_replan_fsm.h:15,
                 from /home/pjh/ego_swarm/ego-planner-swarm/src/planner/plan_manage/src/ego_replan_fsm.cpp:2:
/home/pjh/ego_swarm/ego-planner-swarm/install/plan_env/include/plan_env/grid_map.h:208:79: warning: ‘sensor_msgs::msg::Image_<std::allocator<void> >::ConstPtr’ is deprecated [-Wdeprecated-declarations]
  208 |                          const geometry_msgs::msg::PoseStamped::ConstPtr &pose);
      |                                                                               ^
In file included from /opt/ros/humble/include/sensor_msgs/sensor_msgs/msg/image.hpp:7,
                 from /opt/ros/humble/include/cv_bridge/cv_bridge/cv_bridge.h:40,
                 from /home/pjh/ego_swarm/ego-planner-swarm/install/plan_env/include/plan_env/grid_map.h:6,
                 from /home/pjh/ego_swarm/ego-planner-swarm/install/path_searching/include/path_searching/dyn_a_star.h:7,
                 from /home/pjh/ego_swarm/ego-planner-swarm/install/bspline_opt/include/bspline_opt/bspline_optimizer.h:5,
                 from /home/pjh/ego_swarm/ego-planner-swarm/src/planner/plan_manage/include/ego_planner/ego_replan_fsm.h:15,
                 from /home/pjh/ego_swarm/ego-planner-swarm/src/planner/plan_manage/src/ego_replan_fsm.cpp:2:
/opt/ros/humble/include/sensor_msgs/sensor_msgs/msg/detail/image__struct.hpp:173:5: note: declared here
  173 |     ConstPtr;
      |     ^~~~~~~~
In file included from /home/pjh/ego_swarm/ego-planner-swarm/install/path_searching/include/path_searching/dyn_a_star.h:7,
                 from /home/pjh/ego_swarm/ego-planner-swarm/install/bspline_opt/include/bspline_opt/bspline_optimizer.h:5,
                 from /home/pjh/ego_swarm/ego-planner-swarm/src/planner/plan_manage/include/ego_planner/ego_replan_fsm.h:15,
                 from /home/pjh/ego_swarm/ego-planner-swarm/src/planner/plan_manage/src/ego_replan_fsm.cpp:2:
/home/pjh/ego_swarm/ego-planner-swarm/install/plan_env/include/plan_env/grid_map.h:208:79: warning: ‘geometry_msgs::msg::PoseStamped_<std::allocator<void> >::ConstPtr’ is deprecated [-Wdeprecated-declarations]
  208 |                          const geometry_msgs::msg::PoseStamped::ConstPtr &pose);
      |                                                                               ^
In file included from /opt/ros/humble/include/nav_msgs/nav_msgs/msg/detail/path__struct.hpp:22,
                 from /opt/ros/humble/include/nav_msgs/nav_msgs/msg/path.hpp:7,
                 from /home/pjh/ego_swarm/ego-planner-swarm/src/planner/plan_manage/include/ego_planner/ego_replan_fsm.h:7,
                 from /home/pjh/ego_swarm/ego-planner-swarm/src/planner/plan_manage/src/ego_replan_fsm.cpp:2:
/opt/ros/humble/include/geometry_msgs/geometry_msgs/msg/detail/pose_stamped__struct.hpp:115:5: note: declared here
  115 |     ConstPtr;
      |     ^~~~~~~~
In file included from /home/pjh/ego_swarm/ego-planner-swarm/install/path_searching/include/path_searching/dyn_a_star.h:7,
                 from /home/pjh/ego_swarm/ego-planner-swarm/install/bspline_opt/include/bspline_opt/bspline_optimizer.h:5,
                 from /home/pjh/ego_swarm/ego-planner-swarm/src/planner/plan_manage/include/ego_planner/ego_replan_fsm.h:15,
                 from /home/pjh/ego_swarm/ego-planner-swarm/src/planner/plan_manage/src/ego_replan_fsm.cpp:2:
/home/pjh/ego_swarm/ego-planner-swarm/install/plan_env/include/plan_env/grid_map.h:209:71: warning: ‘nav_msgs::msg::Odometry_<std::allocator<void> >::ConstPtr’ is deprecated [-Wdeprecated-declarations]
  209 |   void extrinsicCallback(const nav_msgs::msg::Odometry::ConstPtr &odom);
      |                                                                       ^
In file included from /opt/ros/humble/include/nav_msgs/nav_msgs/msg/odometry.hpp:7,
                 from /home/pjh/ego_swarm/ego-planner-swarm/src/planner/plan_manage/include/ego_planner/ego_replan_fsm.h:8,
                 from /home/pjh/ego_swarm/ego-planner-swarm/src/planner/plan_manage/src/ego_replan_fsm.cpp:2:
/opt/ros/humble/include/nav_msgs/nav_msgs/msg/detail/odometry__struct.hpp:146:5: note: declared here
  146 |     ConstPtr;
      |     ^~~~~~~~
In file included from /home/pjh/ego_swarm/ego-planner-swarm/install/path_searching/include/path_searching/dyn_a_star.h:7,
                 from /home/pjh/ego_swarm/ego-planner-swarm/install/bspline_opt/include/bspline_opt/bspline_optimizer.h:5,
                 from /home/pjh/ego_swarm/ego-planner-swarm/src/planner/plan_manage/include/ego_planner/ego_replan_fsm.h:15,
                 from /home/pjh/ego_swarm/ego-planner-swarm/src/planner/plan_manage/src/ego_replan_fsm.cpp:2:
/home/pjh/ego_swarm/ego-planner-swarm/install/plan_env/include/plan_env/grid_map.h:210:117: warning: ‘sensor_msgs::msg::Image_<std::allocator<void> >::ConstPtr’ is deprecated [-Wdeprecated-declarations]
  210 |   void depthOdomCallback(const sensor_msgs::msg::Image::ConstPtr &img, const nav_msgs::msg::Odometry::ConstPtr &odom);
      |                                                                                                                     ^
In file included from /opt/ros/humble/include/sensor_msgs/sensor_msgs/msg/image.hpp:7,
                 from /opt/ros/humble/include/cv_bridge/cv_bridge/cv_bridge.h:40,
                 from /home/pjh/ego_swarm/ego-planner-swarm/install/plan_env/include/plan_env/grid_map.h:6,
                 from /home/pjh/ego_swarm/ego-planner-swarm/install/path_searching/include/path_searching/dyn_a_star.h:7,
                 from /home/pjh/ego_swarm/ego-planner-swarm/install/bspline_opt/include/bspline_opt/bspline_optimizer.h:5,
                 from /home/pjh/ego_swarm/ego-planner-swarm/src/planner/plan_manage/include/ego_planner/ego_replan_fsm.h:15,
                 from /home/pjh/ego_swarm/ego-planner-swarm/src/planner/plan_manage/src/ego_replan_fsm.cpp:2:
/opt/ros/humble/include/sensor_msgs/sensor_msgs/msg/detail/image__struct.hpp:173:5: note: declared here
  173 |     ConstPtr;
      |     ^~~~~~~~
In file included from /home/pjh/ego_swarm/ego-planner-swarm/install/path_searching/include/path_searching/dyn_a_star.h:7,
                 from /home/pjh/ego_swarm/ego-planner-swarm/install/bspline_opt/include/bspline_opt/bspline_optimizer.h:5,
                 from /home/pjh/ego_swarm/ego-planner-swarm/src/planner/plan_manage/include/ego_planner/ego_replan_fsm.h:15,
                 from /home/pjh/ego_swarm/ego-planner-swarm/src/planner/plan_manage/src/ego_replan_fsm.cpp:2:
/home/pjh/ego_swarm/ego-planner-swarm/install/plan_env/include/plan_env/grid_map.h:210:117: warning: ‘nav_msgs::msg::Odometry_<std::allocator<void> >::ConstPtr’ is deprecated [-Wdeprecated-declarations]
  210 |   void depthOdomCallback(const sensor_msgs::msg::Image::ConstPtr &img, const nav_msgs::msg::Odometry::ConstPtr &odom);
      |                                                                                                                     ^
In file included from /opt/ros/humble/include/nav_msgs/nav_msgs/msg/odometry.hpp:7,
                 from /home/pjh/ego_swarm/ego-planner-swarm/src/planner/plan_manage/include/ego_planner/ego_replan_fsm.h:8,
                 from /home/pjh/ego_swarm/ego-planner-swarm/src/planner/plan_manage/src/ego_replan_fsm.cpp:2:
/opt/ros/humble/include/nav_msgs/nav_msgs/msg/detail/odometry__struct.hpp:146:5: note: declared here
  146 |     ConstPtr;
      |     ^~~~~~~~
In file included from /home/pjh/ego_swarm/ego-planner-swarm/install/path_searching/include/path_searching/dyn_a_star.h:7,
                 from /home/pjh/ego_swarm/ego-planner-swarm/install/bspline_opt/include/bspline_opt/bspline_optimizer.h:5,
                 from /home/pjh/ego_swarm/ego-planner-swarm/src/planner/plan_manage/include/ego_planner/ego_replan_fsm.h:15,
                 from /home/pjh/ego_swarm/ego-planner-swarm/src/planner/plan_manage/src/ego_replan_fsm.cpp:2:
/home/pjh/ego_swarm/ego-planner-swarm/install/plan_env/include/plan_env/grid_map.h:211:72: warning: ‘sensor_msgs::msg::PointCloud2_<std::allocator<void> >::ConstPtr’ is deprecated [-Wdeprecated-declarations]
  211 |   void cloudCallback(const sensor_msgs::msg::PointCloud2::ConstPtr &img);
      |                                                                        ^
In file included from /opt/ros/humble/include/sensor_msgs/sensor_msgs/msg/point_cloud2.hpp:7,
                 from /opt/ros/humble/include/pcl_conversions/pcl_conversions/pcl_conversions.h:59,
                 from /home/pjh/ego_swarm/ego-planner-swarm/install/plan_env/include/plan_env/grid_map.h:18,
                 from /home/pjh/ego_swarm/ego-planner-swarm/install/path_searching/include/path_searching/dyn_a_star.h:7,
                 from /home/pjh/ego_swarm/ego-planner-swarm/install/bspline_opt/include/bspline_opt/bspline_optimizer.h:5,
                 from /home/pjh/ego_swarm/ego-planner-swarm/src/planner/plan_manage/include/ego_planner/ego_replan_fsm.h:15,
                 from /home/pjh/ego_swarm/ego-planner-swarm/src/planner/plan_manage/src/ego_replan_fsm.cpp:2:
/opt/ros/humble/include/sensor_msgs/sensor_msgs/msg/detail/point_cloud2__struct.hpp:194:5: note: declared here
  194 |     ConstPtr;
      |     ^~~~~~~~
In file included from /home/pjh/ego_swarm/ego-planner-swarm/install/bspline_opt/include/bspline_opt/bspline_optimizer.h:8,
                 from /home/pjh/ego_swarm/ego-planner-swarm/src/planner/plan_manage/include/ego_planner/ego_replan_fsm.h:15,
                 from /home/pjh/ego_swarm/ego-planner-swarm/src/planner/plan_manage/src/ego_planner_node.cpp:5:
/home/pjh/ego_swarm/ego-planner-swarm/install/plan_env/include/plan_env/obj_predictor.h:126:75: warning: ‘geometry_msgs::msg::PoseStamped_<std::allocator<void> >::ConstPtr’ is deprecated [-Wdeprecated-declarations]
  126 |     void poseCallback(const geometry_msgs::msg::PoseStamped::ConstPtr &msg);
      |                                                                           ^
In file included from /opt/ros/humble/include/nav_msgs/nav_msgs/msg/detail/path__struct.hpp:22,
                 from /opt/ros/humble/include/nav_msgs/nav_msgs/msg/path.hpp:7,
                 from /home/pjh/ego_swarm/ego-planner-swarm/src/planner/plan_manage/include/ego_planner/ego_replan_fsm.h:7,
                 from /home/pjh/ego_swarm/ego-planner-swarm/src/planner/plan_manage/src/ego_planner_node.cpp:5:
/opt/ros/humble/include/geometry_msgs/geometry_msgs/msg/detail/pose_stamped__struct.hpp:115:5: note: declared here
  115 |     ConstPtr;
      |     ^~~~~~~~
In file included from /home/pjh/ego_swarm/ego-planner-swarm/install/bspline_opt/include/bspline_opt/bspline_optimizer.h:8,
                 from /home/pjh/ego_swarm/ego-planner-swarm/src/planner/plan_manage/include/ego_planner/ego_replan_fsm.h:15,
                 from /home/pjh/ego_swarm/ego-planner-swarm/src/planner/plan_manage/src/ego_planner_node.cpp:5:
/home/pjh/ego_swarm/ego-planner-swarm/install/plan_env/include/plan_env/obj_predictor.h:163:77: warning: ‘visualization_msgs::msg::Marker_<std::allocator<void> >::ConstPtr’ is deprecated [-Wdeprecated-declarations]
  163 |     void markerCallback(const visualization_msgs::msg::Marker::ConstPtr &msg);
      |                                                                             ^
In file included from /opt/ros/humble/include/visualization_msgs/visualization_msgs/msg/marker.hpp:7,
                 from /home/pjh/ego_swarm/ego-planner-swarm/src/planner/plan_manage/src/ego_planner_node.cpp:2:
/opt/ros/humble/include/visualization_msgs/visualization_msgs/msg/detail/marker__struct.hpp:364:5: note: declared here
  364 |     ConstPtr;
      |     ^~~~~~~~
In file included from /home/pjh/ego_swarm/ego-planner-swarm/install/bspline_opt/include/bspline_opt/bspline_optimizer.h:10,
                 from /home/pjh/ego_swarm/ego-planner-swarm/src/planner/plan_manage/include/ego_planner/ego_replan_fsm.h:15,
                 from /home/pjh/ego_swarm/ego-planner-swarm/src/planner/plan_manage/src/ego_planner_node.cpp:5:
/home/pjh/ego_swarm/ego-planner-swarm/install/bspline_opt/include/bspline_opt/lbfgs.hpp: In function ‘int lbfgs::line_search_morethuente(int, double*, double*, double*, double*, double*, const double*, const double*, const double*, const double*, lbfgs::callback_data_t*, const lbfgs::lbfgs_parameter_t*)’:
/home/pjh/ego_swarm/ego-planner-swarm/install/bspline_opt/include/bspline_opt/lbfgs.hpp:723:54: warning: unused parameter ‘gp’ [-Wunused-parameter]
  723 |                                        const double *gp,
      |                                        ~~~~~~~~~~~~~~^~
In file included from /home/pjh/ego_swarm/ego-planner-swarm/install/bspline_opt/include/bspline_opt/bspline_optimizer.h:8,
                 from /home/pjh/ego_swarm/ego-planner-swarm/src/planner/plan_manage/include/ego_planner/planner_manager.h:6,
                 from /home/pjh/ego_swarm/ego-planner-swarm/src/planner/plan_manage/src/planner_manager.cpp:2:
/home/pjh/ego_swarm/ego-planner-swarm/install/plan_env/include/plan_env/obj_predictor.h:126:75: warning: ‘geometry_msgs::msg::PoseStamped_<std::allocator<void> >::ConstPtr’ is deprecated [-Wdeprecated-declarations]
  126 |     void poseCallback(const geometry_msgs::msg::PoseStamped::ConstPtr &msg);
      |                                                                           ^
In file included from /opt/ros/humble/include/geometry_msgs/geometry_msgs/msg/pose_stamped.hpp:7,
                 from /home/pjh/ego_swarm/ego-planner-swarm/install/plan_env/include/plan_env/grid_map.h:7,
                 from /home/pjh/ego_swarm/ego-planner-swarm/install/path_searching/include/path_searching/dyn_a_star.h:7,
                 from /home/pjh/ego_swarm/ego-planner-swarm/install/bspline_opt/include/bspline_opt/bspline_optimizer.h:5,
                 from /home/pjh/ego_swarm/ego-planner-swarm/src/planner/plan_manage/include/ego_planner/planner_manager.h:6,
                 from /home/pjh/ego_swarm/ego-planner-swarm/src/planner/plan_manage/src/planner_manager.cpp:2:
/opt/ros/humble/include/geometry_msgs/geometry_msgs/msg/detail/pose_stamped__struct.hpp:115:5: note: declared here
  115 |     ConstPtr;
      |     ^~~~~~~~
In file included from /home/pjh/ego_swarm/ego-planner-swarm/install/bspline_opt/include/bspline_opt/bspline_optimizer.h:8,
                 from /home/pjh/ego_swarm/ego-planner-swarm/src/planner/plan_manage/include/ego_planner/planner_manager.h:6,
                 from /home/pjh/ego_swarm/ego-planner-swarm/src/planner/plan_manage/src/planner_manager.cpp:2:
/home/pjh/ego_swarm/ego-planner-swarm/install/plan_env/include/plan_env/obj_predictor.h:163:77: warning: ‘visualization_msgs::msg::Marker_<std::allocator<void> >::ConstPtr’ is deprecated [-Wdeprecated-declarations]
  163 |     void markerCallback(const visualization_msgs::msg::Marker::ConstPtr &msg);
      |                                                                             ^
In file included from /opt/ros/humble/include/visualization_msgs/visualization_msgs/msg/marker.hpp:7,
                 from /home/pjh/ego_swarm/ego-planner-swarm/install/plan_env/include/plan_env/grid_map.h:14,
                 from /home/pjh/ego_swarm/ego-planner-swarm/install/path_searching/include/path_searching/dyn_a_star.h:7,
                 from /home/pjh/ego_swarm/ego-planner-swarm/install/bspline_opt/include/bspline_opt/bspline_optimizer.h:5,
                 from /home/pjh/ego_swarm/ego-planner-swarm/src/planner/plan_manage/include/ego_planner/planner_manager.h:6,
                 from /home/pjh/ego_swarm/ego-planner-swarm/src/planner/plan_manage/src/planner_manager.cpp:2:
/opt/ros/humble/include/visualization_msgs/visualization_msgs/msg/detail/marker__struct.hpp:364:5: note: declared here
  364 |     ConstPtr;
      |     ^~~~~~~~
In file included from /home/pjh/ego_swarm/ego-planner-swarm/install/bspline_opt/include/bspline_opt/bspline_optimizer.h:10,
                 from /home/pjh/ego_swarm/ego-planner-swarm/src/planner/plan_manage/include/ego_planner/planner_manager.h:6,
                 from /home/pjh/ego_swarm/ego-planner-swarm/src/planner/plan_manage/src/planner_manager.cpp:2:
/home/pjh/ego_swarm/ego-planner-swarm/install/bspline_opt/include/bspline_opt/lbfgs.hpp: In function ‘int lbfgs::line_search_morethuente(int, double*, double*, double*, double*, double*, const double*, const double*, const double*, const double*, lbfgs::callback_data_t*, const lbfgs::lbfgs_parameter_t*)’:
/home/pjh/ego_swarm/ego-planner-swarm/install/bspline_opt/include/bspline_opt/lbfgs.hpp:723:54: warning: unused parameter ‘gp’ [-Wunused-parameter]
  723 |                                        const double *gp,
      |                                        ~~~~~~~~~~~~~~^~
In file included from /home/pjh/ego_swarm/ego-planner-swarm/install/bspline_opt/include/bspline_opt/bspline_optimizer.h:8,
                 from /home/pjh/ego_swarm/ego-planner-swarm/src/planner/plan_manage/include/ego_planner/ego_replan_fsm.h:15,
                 from /home/pjh/ego_swarm/ego-planner-swarm/src/planner/plan_manage/src/ego_replan_fsm.cpp:2:
/home/pjh/ego_swarm/ego-planner-swarm/install/plan_env/include/plan_env/obj_predictor.h:126:75: warning: ‘geometry_msgs::msg::PoseStamped_<std::allocator<void> >::ConstPtr’ is deprecated [-Wdeprecated-declarations]
  126 |     void poseCallback(const geometry_msgs::msg::PoseStamped::ConstPtr &msg);
      |                                                                           ^
In file included from /opt/ros/humble/include/nav_msgs/nav_msgs/msg/detail/path__struct.hpp:22,
                 from /opt/ros/humble/include/nav_msgs/nav_msgs/msg/path.hpp:7,
                 from /home/pjh/ego_swarm/ego-planner-swarm/src/planner/plan_manage/include/ego_planner/ego_replan_fsm.h:7,
                 from /home/pjh/ego_swarm/ego-planner-swarm/src/planner/plan_manage/src/ego_replan_fsm.cpp:2:
/opt/ros/humble/include/geometry_msgs/geometry_msgs/msg/detail/pose_stamped__struct.hpp:115:5: note: declared here
  115 |     ConstPtr;
      |     ^~~~~~~~
In file included from /home/pjh/ego_swarm/ego-planner-swarm/install/bspline_opt/include/bspline_opt/bspline_optimizer.h:8,
                 from /home/pjh/ego_swarm/ego-planner-swarm/src/planner/plan_manage/include/ego_planner/ego_replan_fsm.h:15,
                 from /home/pjh/ego_swarm/ego-planner-swarm/src/planner/plan_manage/src/ego_replan_fsm.cpp:2:
/home/pjh/ego_swarm/ego-planner-swarm/install/plan_env/include/plan_env/obj_predictor.h:163:77: warning: ‘visualization_msgs::msg::Marker_<std::allocator<void> >::ConstPtr’ is deprecated [-Wdeprecated-declarations]
  163 |     void markerCallback(const visualization_msgs::msg::Marker::ConstPtr &msg);
      |                                                                             ^
In file included from /opt/ros/humble/include/visualization_msgs/visualization_msgs/msg/marker.hpp:7,
                 from /home/pjh/ego_swarm/ego-planner-swarm/src/planner/plan_manage/include/ego_planner/ego_replan_fsm.h:13,
                 from /home/pjh/ego_swarm/ego-planner-swarm/src/planner/plan_manage/src/ego_replan_fsm.cpp:2:
/opt/ros/humble/include/visualization_msgs/visualization_msgs/msg/detail/marker__struct.hpp:364:5: note: declared here
  364 |     ConstPtr;
      |     ^~~~~~~~
In file included from /home/pjh/ego_swarm/ego-planner-swarm/install/bspline_opt/include/bspline_opt/bspline_optimizer.h:10,
                 from /home/pjh/ego_swarm/ego-planner-swarm/src/planner/plan_manage/include/ego_planner/ego_replan_fsm.h:15,
                 from /home/pjh/ego_swarm/ego-planner-swarm/src/planner/plan_manage/src/ego_replan_fsm.cpp:2:
/home/pjh/ego_swarm/ego-planner-swarm/install/bspline_opt/include/bspline_opt/lbfgs.hpp: In function ‘int lbfgs::line_search_morethuente(int, double*, double*, double*, double*, double*, const double*, const double*, const double*, const double*, lbfgs::callback_data_t*, const lbfgs::lbfgs_parameter_t*)’:
/home/pjh/ego_swarm/ego-planner-swarm/install/bspline_opt/include/bspline_opt/lbfgs.hpp:723:54: warning: unused parameter ‘gp’ [-Wunused-parameter]
  723 |                                        const double *gp,
      |                                        ~~~~~~~~~~~~~~^~
/home/pjh/ego_swarm/ego-planner-swarm/src/planner/plan_manage/src/ego_replan_fsm.cpp: In member function ‘void ego_planner::EGOReplanFSM::triggerCallback(const std::shared_ptr<const geometry_msgs::msg::PoseStamped_<std::allocator<void> > >&)’:
/home/pjh/ego_swarm/ego-planner-swarm/src/planner/plan_manage/src/ego_replan_fsm.cpp:232:100: warning: unused parameter ‘msg’ [-Wunused-parameter]
  232 |   void EGOReplanFSM::triggerCallback(const std::shared_ptr<const geometry_msgs::msg::PoseStamped> &msg)
      |                                      ~~~~~~~~~~~~~~~~~~~~~~~~~~~~~~~~~~~~~~~~~~~~~~~~~~~~~~~~~~~~~~^~~
[ 83%] Linking CXX executable traj_server
[ 83%] Built target traj_server
[100%] Linking CXX executable ego_planner_node
[100%] Built target ego_planner_node
-- Install configuration: "Release"
-- Execute custom install script
-- Symlinking: /home/pjh/ego_swarm/ego-planner-swarm/install/ego_planner/lib/ego_planner/ego_planner_node
-- Symlinking: /home/pjh/ego_swarm/ego-planner-swarm/install/ego_planner/lib/ego_planner/traj_server
-- Symlinking: /home/pjh/ego_swarm/ego-planner-swarm/install/ego_planner/share/ego_planner/launch/advanced_param.launch.py
-- Symlinking: /home/pjh/ego_swarm/ego-planner-swarm/install/ego_planner/share/ego_planner/launch/default.rviz
-- Symlinking: /home/pjh/ego_swarm/ego-planner-swarm/install/ego_planner/share/ego_planner/launch/default.rviz.backup_20251027_215251
-- Symlinking: /home/pjh/ego_swarm/ego-planner-swarm/install/ego_planner/share/ego_planner/launch/run_in_sim.launch.py
-- Symlinking: /home/pjh/ego_swarm/ego-planner-swarm/install/ego_planner/share/ego_planner/launch/run_in_sim_minimal.launch.py
-- Symlinking: /home/pjh/ego_swarm/ego-planner-swarm/install/ego_planner/share/ego_planner/launch/rviz.launch.py
-- Symlinking: /home/pjh/ego_swarm/ego-planner-swarm/install/ego_planner/share/ego_planner/launch/scenario_swarm.launch.py
-- Symlinking: /home/pjh/ego_swarm/ego-planner-swarm/install/ego_planner/share/ego_planner/launch/simulator.launch.py
-- Symlinking: /home/pjh/ego_swarm/ego-planner-swarm/install/ego_planner/share/ego_planner/launch/single_run_in_sim.launch.py
-- Symlinking: /home/pjh/ego_swarm/ego-planner-swarm/install/ego_planner/share/ego_planner/launch/swarm.launch.py
-- Symlinking: /home/pjh/ego_swarm/ego-planner-swarm/install/ego_planner/share/ego_planner/launch/swarm_large.launch.py
-- Symlinking: /home/pjh/ego_swarm/ego-planner-swarm/install/ego_planner/share/ament_index/resource_index/package_run_dependencies/ego_planner
-- Symlinking: /home/pjh/ego_swarm/ego-planner-swarm/install/ego_planner/share/ament_index/resource_index/parent_prefix_path/ego_planner
-- Symlinking: /home/pjh/ego_swarm/ego-planner-swarm/install/ego_planner/share/ego_planner/environment/ament_prefix_path.sh
-- Symlinking: /home/pjh/ego_swarm/ego-planner-swarm/install/ego_planner/share/ego_planner/environment/ament_prefix_path.dsv
-- Symlinking: /home/pjh/ego_swarm/ego-planner-swarm/install/ego_planner/share/ego_planner/environment/path.sh
-- Symlinking: /home/pjh/ego_swarm/ego-planner-swarm/install/ego_planner/share/ego_planner/environment/path.dsv
-- Symlinking: /home/pjh/ego_swarm/ego-planner-swarm/install/ego_planner/share/ego_planner/local_setup.bash
-- Symlinking: /home/pjh/ego_swarm/ego-planner-swarm/install/ego_planner/share/ego_planner/local_setup.sh
-- Symlinking: /home/pjh/ego_swarm/ego-planner-swarm/install/ego_planner/share/ego_planner/local_setup.zsh
-- Symlinking: /home/pjh/ego_swarm/ego-planner-swarm/install/ego_planner/share/ego_planner/local_setup.dsv
-- Symlinking: /home/pjh/ego_swarm/ego-planner-swarm/install/ego_planner/share/ego_planner/package.dsv
-- Symlinking: /home/pjh/ego_swarm/ego-planner-swarm/install/ego_planner/share/ament_index/resource_index/packages/ego_planner
-- Symlinking: /home/pjh/ego_swarm/ego-planner-swarm/install/ego_planner/share/ego_planner/cmake/ego_plannerConfig.cmake
-- Symlinking: /home/pjh/ego_swarm/ego-planner-swarm/install/ego_planner/share/ego_planner/cmake/ego_plannerConfig-version.cmake
-- Symlinking: /home/pjh/ego_swarm/ego-planner-swarm/install/ego_planner/share/ego_planner/package.xml
