[0.016s] Invoking command in '/home/pjh/ego_swarm/ego-planner-swarm/build/ego_planner': CMAKE_PREFIX_PATH=/home/pjh/ego_swarm/ego-planner-swarm/install/bspline_opt:/home/pjh/ego_swarm/ego-planner-swarm/install/path_searching:/home/pjh/ego_swarm/ego-planner-swarm/install/traj_utils:/home/pjh/ego_swarm/ego-planner-swarm/install/quadrotor_msgs:/home/pjh/ego_swarm/ego-planner-swarm/install/plan_env:/home/pjh/ego_swarm/ego-planner-swarm/install/waypoint_generator:/home/pjh/ego_swarm/ego-planner-swarm/install/so3_quadrotor_simulator:/home/pjh/ego_swarm/ego-planner-swarm/install/uav_utils:/home/pjh/ego_swarm/ego-planner-swarm/install/traj_recorder:/home/pjh/ego_swarm/ego-planner-swarm/install/rosmsg_tcp_bridge:/home/pjh/ego_swarm/ego-planner-swarm/install/layer_planner:/home/pjh/ego_swarm/ego-planner-swarm/install/ego_planner:/home/pjh/ego_swarm/ego-planner-swarm/install/so3_control:/home/pjh/ego_swarm/ego-planner-swarm/install/poscmd_2_odom:/home/pjh/ego_swarm/ego-planner-swarm/install/odom_visualization:/home/pjh/ego_swarm/ego-planner-swarm/install/multi_map_server:/home/pjh/ego_swarm/ego-planner-swarm/install/local_sensing:/home/pjh/ego_swarm/ego-planner-swarm/install/pose_utils:/home/pjh/ego_swarm/ego-planner-swarm/install/mockamap:/home/pjh/ego_swarm/ego-planner-swarm/install/map_generator:/home/pjh/ego_swarm/ego-planner-swarm/install/drone_detect:/home/pjh/ego_swarm/ego-planner-swarm/install/cmake_utils:/opt/ros/humble LD_LIBRARY_PATH=/home/pjh/ego_swarm/ego-planner-swarm/install/path_searching/lib:/home/pjh/ego_swarm/ego-planner-swarm/install/traj_utils/lib:/home/pjh/ego_swarm/ego-planner-swarm/install/quadrotor_msgs/lib:/home/pjh/ego_swarm/ego-planner-swarm/install/plan_env/lib:/home/pjh/ego_swarm/ego-planner-swarm/install/bspline_opt/lib:/home/pjh/ego_swarm/ego-planner-swarm/install/so3_control/lib:/home/pjh/ego_swarm/ego-planner-swarm/install/multi_map_server/lib:/home/pjh/ego_swarm/ego-planner-swarm/install/pose_utils/lib:/usr/lib/x86_64-linux-gnu/gazebo-11/plugins:/opt/ros/humble/opt/rviz_ogre_vendor/lib:/opt/ros/humble/lib/x86_64-linux-gnu:/opt/ros/humble/lib /usr/bin/cmake /home/pjh/ego_swarm/ego-planner-swarm/src/planner/plan_manage -DAMENT_CMAKE_SYMLINK_INSTALL=1 -DCMAKE_INSTALL_PREFIX=/home/pjh/ego_swarm/ego-planner-swarm/install/ego_planner
[0.060s] -- The C compiler identification is GNU 11.4.0
[0.102s] -- The CXX compiler identification is GNU 11.4.0
[0.107s] -- Detecting C compiler ABI info
[0.164s] -- Detecting C compiler ABI info - done
[0.169s] -- Check for working C compiler: /usr/bin/cc - skipped
[0.169s] -- Detecting C compile features
[0.169s] -- Detecting C compile features - done
[0.171s] -- Detecting CXX compiler ABI info
[0.231s] -- Detecting CXX compiler ABI info - done
[0.235s] -- Check for working CXX compiler: /usr/bin/c++ - skipped
[0.235s] -- Detecting CXX compile features
[0.235s] -- Detecting CXX compile features - done
[0.237s] -- Found ament_cmake: 1.3.12 (/opt/ros/humble/share/ament_cmake/cmake)
[0.338s] -- Found Python3: /usr/bin/python3 (found version "3.10.12") found components: Interpreter 
[0.379s] -- Override CMake install command with custom implementation using symlinks instead of copying resources
[0.403s] -- Found rclcpp: 16.0.15 (/opt/ros/humble/share/rclcpp/cmake)
[0.433s] -- Found rosidl_generator_c: 3.1.7 (/opt/ros/humble/share/rosidl_generator_c/cmake)
[0.437s] -- Found rosidl_adapter: 3.1.7 (/opt/ros/humble/share/rosidl_adapter/cmake)
[0.442s] -- Found rosidl_generator_cpp: 3.1.7 (/opt/ros/humble/share/rosidl_generator_cpp/cmake)
[0.451s] -- Using all available rosidl_typesupport_c: rosidl_typesupport_fastrtps_c;rosidl_typesupport_introspection_c
[0.462s] -- Using all available rosidl_typesupport_cpp: rosidl_typesupport_fastrtps_cpp;rosidl_typesupport_introspection_cpp
[0.492s] -- Found rmw_implementation_cmake: 6.1.2 (/opt/ros/humble/share/rmw_implementation_cmake/cmake)
[0.494s] -- Found rmw_cyclonedds_cpp: 1.3.4 (/opt/ros/humble/share/rmw_cyclonedds_cpp/cmake)
[0.511s] -- Using RMW implementation 'rmw_cyclonedds_cpp' as default
[0.517s] -- Looking for pthread.h
[0.573s] -- Looking for pthread.h - found
[0.573s] -- Performing Test CMAKE_HAVE_LIBC_PTHREAD
[0.629s] -- Performing Test CMAKE_HAVE_LIBC_PTHREAD - Success
[0.629s] -- Found Threads: TRUE  
[0.662s] -- Found geometry_msgs: 4.9.0 (/opt/ros/humble/share/geometry_msgs/cmake)
[0.670s] -- Found quadrotor_msgs: 0.0.0 (/home/pjh/ego_swarm/ego-planner-swarm/install/quadrotor_msgs/share/quadrotor_msgs/cmake)
[0.700s] -- Found visualization_msgs: 4.9.0 (/opt/ros/humble/share/visualization_msgs/cmake)
[0.724s] -- Found plan_env: 0.0.0 (/home/pjh/ego_swarm/ego-planner-swarm/install/plan_env/share/plan_env/cmake)
[0.725s] -- Found path_searching: 0.0.0 (/home/pjh/ego_swarm/ego-planner-swarm/install/path_searching/share/path_searching/cmake)
[0.726s] -- Found bspline_opt: 0.0.0 (/home/pjh/ego_swarm/ego-planner-swarm/install/bspline_opt/share/bspline_opt/cmake)
[0.727s] -- Found traj_utils: 0.0.0 (/home/pjh/ego_swarm/ego-planner-swarm/install/traj_utils/share/traj_utils/cmake)
[0.741s] -- Found cv_bridge: 3.2.1 (/opt/ros/humble/share/cv_bridge/cmake)
[0.765s] -- Checking for module 'eigen3'
[0.779s] --   Found eigen3, version 3.4.0
[0.805s] -- Found Eigen: /usr/include/eigen3 (Required is at least version "3.1") 
[0.805s] -- Eigen found (include: /usr/include/eigen3, version: 3.4.0)
[0.823s] -- Found Boost: /usr/lib/x86_64-linux-gnu/cmake/Boost-1.74.0/BoostConfig.cmake (found suitable version "1.74.0", minimum required is "1.65.0") found components: system filesystem date_time iostreams serialization 
[0.833s] -- Checking for module 'flann'
[0.844s] --   Found flann, version 1.9.1
[0.883s] -- Found FLANN: /usr/lib/x86_64-linux-gnu/libflann_cpp.so  
[0.883s] -- FLANN found (include: /usr/include, lib: /usr/lib/x86_64-linux-gnu/libflann_cpp.so)
[0.906s] -- Found GLEW: /usr/lib/x86_64-linux-gnu/libGLEW.so  
[0.910s] -- Found OpenGL: /usr/lib/x86_64-linux-gnu/libOpenGL.so  found components: OpenGL GLX 
[1.026s] -- Found MPI_C: /usr/lib/x86_64-linux-gnu/libmpi.so (found version "3.1") 
[1.026s] -- Found MPI: TRUE (found version "3.1") found components: C 
[1.029s] -- Found JsonCpp: /usr/lib/x86_64-linux-gnu/libjsoncpp.so (found suitable version "1.9.5", minimum required is "0.7.0") 
[1.036s] -- Found ZLIB: /usr/lib/x86_64-linux-gnu/libz.so (found version "1.2.11") 
[1.047s] -- Found PNG: /usr/lib/x86_64-linux-gnu/libpng.so (found version "1.6.37") 
[1.053s] -- Found Eigen3: /usr/include/eigen3 (found version "3.4.0") 
[1.138s] -- Found X11: /usr/include   
[1.138s] -- Looking for XOpenDisplay in /usr/lib/x86_64-linux-gnu/libX11.so;/usr/lib/x86_64-linux-gnu/libXext.so
[1.207s] -- Looking for XOpenDisplay in /usr/lib/x86_64-linux-gnu/libX11.so;/usr/lib/x86_64-linux-gnu/libXext.so - found
[1.207s] -- Looking for gethostbyname
[1.269s] -- Looking for gethostbyname - found
[1.269s] -- Looking for connect
[1.322s] -- Looking for connect - found
[1.322s] -- Looking for remove
[1.376s] -- Looking for remove - found
[1.376s] -- Looking for shmat
[1.430s] -- Looking for shmat - found
[1.430s] -- Looking for IceConnectionNumber in ICE
[1.483s] -- Looking for IceConnectionNumber in ICE - found
[1.562s] -- Found EXPAT: /usr/lib/x86_64-linux-gnu/libexpat.so (found version "2.4.7") 
[1.564s] -- Found double-conversion: /usr/lib/x86_64-linux-gnu/libdouble-conversion.so  
[1.565s] -- Found LZ4: /usr/lib/x86_64-linux-gnu/liblz4.so (found version "1.9.3") 
[1.567s] -- Found LZMA: /usr/lib/x86_64-linux-gnu/liblzma.so (found version "5.2.5") 
[1.575s] -- Found JPEG: /usr/lib/x86_64-linux-gnu/libjpeg.so (found version "80") 
[1.579s] -- Found TIFF: /usr/lib/x86_64-linux-gnu/libtiff.so (found version "4.3.0")  
[1.582s] -- Found Freetype: /usr/lib/x86_64-linux-gnu/libfreetype.so (found version "2.11.1") 
[1.586s] -- Found utf8cpp: /usr/include/utf8cpp  
[1.658s] -- Checking for module 'libusb-1.0'
[1.673s] --   Found libusb-1.0, version 1.0.25
[1.710s] -- Found libusb: /usr/lib/x86_64-linux-gnu/libusb-1.0.so  
[1.711s] -- Found OpenNI: /usr/lib/libOpenNI.so;libusb::libusb (found version "1.5.4.0") 
[1.711s] -- OpenNI found (version: 1.5.4.0, include: /usr/include/ni, lib: /usr/lib/libOpenNI.so;libusb::libusb)
[1.772s] -- Found OpenNI2: /usr/lib/x86_64-linux-gnu/libOpenNI2.so;libusb::libusb (found version "2.2.0.33") 
[1.772s] -- OpenNI2 found (version: 2.2.0.33, include: /usr/include/openni2, lib: /usr/lib/x86_64-linux-gnu/libOpenNI2.so;libusb::libusb)
[1.772s] ** WARNING ** io features related to pcap will be disabled
[1.902s] -- Eigen found (include: /usr/include/eigen3, version: 3.4.0)
[1.906s] -- OpenNI found (version: 1.5.4.0, include: /usr/include/ni, lib: /usr/lib/libOpenNI.so;libusb::libusb)
[1.910s] -- OpenNI2 found (version: 2.2.0.33, include: /usr/include/openni2, lib: /usr/lib/x86_64-linux-gnu/libOpenNI2.so;libusb::libusb)
[2.028s] -- Found Qhull version 8.0.2
[2.142s] -- OpenNI found (version: 1.5.4.0, include: /usr/include/ni, lib: /usr/lib/libOpenNI.so;libusb::libusb)
[2.254s] -- looking for PCL_COMMON
[2.255s] -- Found PCL_COMMON: /usr/lib/x86_64-linux-gnu/libpcl_common.so  
[2.255s] -- looking for PCL_KDTREE
[2.255s] -- Found PCL_KDTREE: /usr/lib/x86_64-linux-gnu/libpcl_kdtree.so  
[2.255s] -- looking for PCL_OCTREE
[2.255s] -- Found PCL_OCTREE: /usr/lib/x86_64-linux-gnu/libpcl_octree.so  
[2.255s] -- looking for PCL_SEARCH
[2.256s] -- Found PCL_SEARCH: /usr/lib/x86_64-linux-gnu/libpcl_search.so  
[2.256s] -- looking for PCL_SAMPLE_CONSENSUS
[2.256s] -- Found PCL_SAMPLE_CONSENSUS: /usr/lib/x86_64-linux-gnu/libpcl_sample_consensus.so  
[2.256s] -- looking for PCL_FILTERS
[2.257s] -- Found PCL_FILTERS: /usr/lib/x86_64-linux-gnu/libpcl_filters.so  
[2.257s] -- looking for PCL_2D
[2.257s] -- Found PCL_2D: /usr/include/pcl-1.12  
[2.257s] -- looking for PCL_GEOMETRY
[2.257s] -- Found PCL_GEOMETRY: /usr/include/pcl-1.12  
[2.257s] -- looking for PCL_IO
[2.258s] -- Found PCL_IO: /usr/lib/x86_64-linux-gnu/libpcl_io.so  
[2.258s] -- looking for PCL_FEATURES
[2.258s] -- Found PCL_FEATURES: /usr/lib/x86_64-linux-gnu/libpcl_features.so  
[2.258s] -- looking for PCL_ML
[2.259s] -- Found PCL_ML: /usr/lib/x86_64-linux-gnu/libpcl_ml.so  
[2.259s] -- looking for PCL_SEGMENTATION
[2.259s] -- Found PCL_SEGMENTATION: /usr/lib/x86_64-linux-gnu/libpcl_segmentation.so  
[2.260s] -- looking for PCL_VISUALIZATION
[2.260s] -- Found PCL_VISUALIZATION: /usr/lib/x86_64-linux-gnu/libpcl_visualization.so  
[2.260s] -- looking for PCL_SURFACE
[2.261s] -- Found PCL_SURFACE: /usr/lib/x86_64-linux-gnu/libpcl_surface.so  
[2.261s] -- looking for PCL_REGISTRATION
[2.261s] -- Found PCL_REGISTRATION: /usr/lib/x86_64-linux-gnu/libpcl_registration.so  
[2.261s] -- looking for PCL_KEYPOINTS
[2.262s] -- Found PCL_KEYPOINTS: /usr/lib/x86_64-linux-gnu/libpcl_keypoints.so  
[2.262s] -- looking for PCL_TRACKING
[2.262s] -- Found PCL_TRACKING: /usr/lib/x86_64-linux-gnu/libpcl_tracking.so  
[2.262s] -- looking for PCL_RECOGNITION
[2.263s] -- Found PCL_RECOGNITION: /usr/lib/x86_64-linux-gnu/libpcl_recognition.so  
[2.263s] -- looking for PCL_STEREO
[2.264s] -- Found PCL_STEREO: /usr/lib/x86_64-linux-gnu/libpcl_stereo.so  
[2.264s] -- looking for PCL_APPS
[2.264s] -- Found PCL_APPS: /usr/lib/x86_64-linux-gnu/libpcl_apps.so  
[2.264s] -- looking for PCL_IN_HAND_SCANNER
[2.265s] -- Found PCL_IN_HAND_SCANNER: /usr/include/pcl-1.12  
[2.265s] -- looking for PCL_MODELER
[2.265s] -- Found PCL_MODELER: /usr/include/pcl-1.12  
[2.265s] -- looking for PCL_POINT_CLOUD_EDITOR
[2.265s] -- Found PCL_POINT_CLOUD_EDITOR: /usr/include/pcl-1.12  
[2.265s] -- looking for PCL_OUTOFCORE
[2.265s] -- Found PCL_OUTOFCORE: /usr/lib/x86_64-linux-gnu/libpcl_outofcore.so  
[2.266s] -- looking for PCL_PEOPLE
[2.266s] -- Found PCL_PEOPLE: /usr/lib/x86_64-linux-gnu/libpcl_people.so  
[2.267s] -- Found PCL: pcl_common;pcl_kdtree;pcl_octree;pcl_search;pcl_sample_consensus;pcl_filters;pcl_io;pcl_features;pcl_ml;pcl_segmentation;pcl_visualization;pcl_surface;pcl_registration;pcl_keypoints;pcl_tracking;pcl_recognition;pcl_stereo;pcl_apps;pcl_outofcore;pcl_people;Boost::system;Boost::filesystem;Boost::date_time;Boost::iostreams;Boost::serialization;/usr/lib/libOpenNI.so;libusb::libusb;/usr/lib/x86_64-linux-gnu/libOpenNI2.so;libusb::libusb;VTK::ChartsCore;VTK::CommonColor;VTK::CommonComputationalGeometry;VTK::CommonCore;VTK::CommonDataModel;VTK::CommonExecutionModel;VTK::CommonMath;VTK::CommonMisc;VTK::CommonTransforms;VTK::FiltersCore;VTK::FiltersExtraction;VTK::FiltersGeneral;VTK::FiltersGeometry;VTK::FiltersModeling;VTK::FiltersSources;VTK::ImagingCore;VTK::ImagingSources;VTK::InteractionImage;VTK::InteractionStyle;VTK::InteractionWidgets;VTK::IOCore;VTK::IOGeometry;VTK::IOImage;VTK::IOLegacy;VTK::IOPLY;VTK::RenderingAnnotation;VTK::RenderingCore;VTK::RenderingContext2D;VTK::RenderingLOD;VTK::RenderingFreeType;VTK::ViewsCore;VTK::ViewsContext2D;VTK::RenderingOpenGL2;VTK::GUISupportQt;FLANN::FLANN;QHULL::QHULL  
[2.268s] -- Found pcl_conversions: 2.4.5 (/opt/ros/humble/share/pcl_conversions/cmake)
[2.289s] -- Found ament_lint_auto: 0.12.14 (/opt/ros/humble/share/ament_lint_auto/cmake)
[2.369s] -- Added test 'cppcheck' to perform static code analysis on C / C++ code
[2.369s] -- Configured cppcheck include dirs: /home/pjh/ego_swarm/ego-planner-swarm/src/planner/plan_manage/include
[2.369s] -- Configured cppcheck exclude dirs and/or files: 
[2.369s] -- Added test 'flake8' to check Python code syntax and style conventions
[2.370s] -- Added test 'lint_cmake' to check CMake code style
[2.370s] -- Added test 'pep257' to check Python code against some of the docstring style conventions in PEP 257
[2.371s] -- Added test 'uncrustify' to check C / C++ code style
[2.371s] -- Configured uncrustify additional arguments: 
[2.371s] -- Added test 'xmllint' to check XML markup files
[2.372s] -- Configuring done
[2.405s] -- Generating done
[2.414s] -- Build files have been written to: /home/pjh/ego_swarm/ego-planner-swarm/build/ego_planner
[2.428s] Invoked command in '/home/pjh/ego_swarm/ego-planner-swarm/build/ego_planner' returned '0': CMAKE_PREFIX_PATH=/home/pjh/ego_swarm/ego-planner-swarm/install/bspline_opt:/home/pjh/ego_swarm/ego-planner-swarm/install/path_searching:/home/pjh/ego_swarm/ego-planner-swarm/install/traj_utils:/home/pjh/ego_swarm/ego-planner-swarm/install/quadrotor_msgs:/home/pjh/ego_swarm/ego-planner-swarm/install/plan_env:/home/pjh/ego_swarm/ego-planner-swarm/install/waypoint_generator:/home/pjh/ego_swarm/ego-planner-swarm/install/so3_quadrotor_simulator:/home/pjh/ego_swarm/ego-planner-swarm/install/uav_utils:/home/pjh/ego_swarm/ego-planner-swarm/install/traj_recorder:/home/pjh/ego_swarm/ego-planner-swarm/install/rosmsg_tcp_bridge:/home/pjh/ego_swarm/ego-planner-swarm/install/layer_planner:/home/pjh/ego_swarm/ego-planner-swarm/install/ego_planner:/home/pjh/ego_swarm/ego-planner-swarm/install/so3_control:/home/pjh/ego_swarm/ego-planner-swarm/install/poscmd_2_odom:/home/pjh/ego_swarm/ego-planner-swarm/install/odom_visualization:/home/pjh/ego_swarm/ego-planner-swarm/install/multi_map_server:/home/pjh/ego_swarm/ego-planner-swarm/install/local_sensing:/home/pjh/ego_swarm/ego-planner-swarm/install/pose_utils:/home/pjh/ego_swarm/ego-planner-swarm/install/mockamap:/home/pjh/ego_swarm/ego-planner-swarm/install/map_generator:/home/pjh/ego_swarm/ego-planner-swarm/install/drone_detect:/home/pjh/ego_swarm/ego-planner-swarm/install/cmake_utils:/opt/ros/humble LD_LIBRARY_PATH=/home/pjh/ego_swarm/ego-planner-swarm/install/path_searching/lib:/home/pjh/ego_swarm/ego-planner-swarm/install/traj_utils/lib:/home/pjh/ego_swarm/ego-planner-swarm/install/quadrotor_msgs/lib:/home/pjh/ego_swarm/ego-planner-swarm/install/plan_env/lib:/home/pjh/ego_swarm/ego-planner-swarm/install/bspline_opt/lib:/home/pjh/ego_swarm/ego-planner-swarm/install/so3_control/lib:/home/pjh/ego_swarm/ego-planner-swarm/install/multi_map_server/lib:/home/pjh/ego_swarm/ego-planner-swarm/install/pose_utils/lib:/usr/lib/x86_64-linux-gnu/gazebo-11/plugins:/opt/ros/humble/opt/rviz_ogre_vendor/lib:/opt/ros/humble/lib/x86_64-linux-gnu:/opt/ros/humble/lib /usr/bin/cmake /home/pjh/ego_swarm/ego-planner-swarm/src/planner/plan_manage -DAMENT_CMAKE_SYMLINK_INSTALL=1 -DCMAKE_INSTALL_PREFIX=/home/pjh/ego_swarm/ego-planner-swarm/install/ego_planner
[2.429s] Invoking command in '/home/pjh/ego_swarm/ego-planner-swarm/build/ego_planner': CMAKE_PREFIX_PATH=/home/pjh/ego_swarm/ego-planner-swarm/install/bspline_opt:/home/pjh/ego_swarm/ego-planner-swarm/install/path_searching:/home/pjh/ego_swarm/ego-planner-swarm/install/traj_utils:/home/pjh/ego_swarm/ego-planner-swarm/install/quadrotor_msgs:/home/pjh/ego_swarm/ego-planner-swarm/install/plan_env:/home/pjh/ego_swarm/ego-planner-swarm/install/waypoint_generator:/home/pjh/ego_swarm/ego-planner-swarm/install/so3_quadrotor_simulator:/home/pjh/ego_swarm/ego-planner-swarm/install/uav_utils:/home/pjh/ego_swarm/ego-planner-swarm/install/traj_recorder:/home/pjh/ego_swarm/ego-planner-swarm/install/rosmsg_tcp_bridge:/home/pjh/ego_swarm/ego-planner-swarm/install/layer_planner:/home/pjh/ego_swarm/ego-planner-swarm/install/ego_planner:/home/pjh/ego_swarm/ego-planner-swarm/install/so3_control:/home/pjh/ego_swarm/ego-planner-swarm/install/poscmd_2_odom:/home/pjh/ego_swarm/ego-planner-swarm/install/odom_visualization:/home/pjh/ego_swarm/ego-planner-swarm/install/multi_map_server:/home/pjh/ego_swarm/ego-planner-swarm/install/local_sensing:/home/pjh/ego_swarm/ego-planner-swarm/install/pose_utils:/home/pjh/ego_swarm/ego-planner-swarm/install/mockamap:/home/pjh/ego_swarm/ego-planner-swarm/install/map_generator:/home/pjh/ego_swarm/ego-planner-swarm/install/drone_detect:/home/pjh/ego_swarm/ego-planner-swarm/install/cmake_utils:/opt/ros/humble LD_LIBRARY_PATH=/home/pjh/ego_swarm/ego-planner-swarm/install/path_searching/lib:/home/pjh/ego_swarm/ego-planner-swarm/install/traj_utils/lib:/home/pjh/ego_swarm/ego-planner-swarm/install/quadrotor_msgs/lib:/home/pjh/ego_swarm/ego-planner-swarm/install/plan_env/lib:/home/pjh/ego_swarm/ego-planner-swarm/install/bspline_opt/lib:/home/pjh/ego_swarm/ego-planner-swarm/install/so3_control/lib:/home/pjh/ego_swarm/ego-planner-swarm/install/multi_map_server/lib:/home/pjh/ego_swarm/ego-planner-swarm/install/pose_utils/lib:/usr/lib/x86_64-linux-gnu/gazebo-11/plugins:/opt/ros/humble/opt/rviz_ogre_vendor/lib:/opt/ros/humble/lib/x86_64-linux-gnu:/opt/ros/humble/lib /usr/bin/cmake --build /home/pjh/ego_swarm/ego-planner-swarm/build/ego_planner -- -j22 -l22
[2.470s] [ 16%] Building CXX object CMakeFiles/ego_planner_node.dir/src/planner_manager.cpp.o
[2.472s] [ 50%] Building CXX object CMakeFiles/traj_server.dir/src/traj_server.cpp.o
[2.472s] [ 50%] Building CXX object CMakeFiles/ego_planner_node.dir/src/ego_replan_fsm.cpp.o
[2.472s] [ 66%] Building CXX object CMakeFiles/ego_planner_node.dir/src/ego_planner_node.cpp.o
[4.859s] /home/pjh/ego_swarm/ego-planner-swarm/src/planner/plan_manage/src/traj_server.cpp:27:60: warning: ‘traj_utils::msg::Bspline_<std::allocator<void> >::ConstPtr’ is deprecated [-Wdeprecated-declarations]
[4.859s]    27 | void bsplineCallback(traj_utils::msg::Bspline::ConstPtr msg)
[4.859s]       |                                                            ^
[4.859s] In file included from /home/pjh/ego_swarm/ego-planner-swarm/install/traj_utils/include/traj_utils/traj_utils/msg/bspline.hpp:7,
[4.859s]                  from /home/pjh/ego_swarm/ego-planner-swarm/src/planner/plan_manage/src/traj_server.cpp:3:
[4.860s] /home/pjh/ego_swarm/ego-planner-swarm/install/traj_utils/include/traj_utils/traj_utils/msg/detail/bspline__struct.hpp:181:5: note: declared here
[4.860s]   181 |     ConstPtr;
[4.860s]       |     ^~~~~~~~
[6.477s] In file included from /home/pjh/ego_swarm/ego-planner-swarm/install/path_searching/include/path_searching/dyn_a_star.h:7,
[6.477s]                  from /home/pjh/ego_swarm/ego-planner-swarm/install/bspline_opt/include/bspline_opt/bspline_optimizer.h:5,
[6.477s]                  from /home/pjh/ego_swarm/ego-planner-swarm/src/planner/plan_manage/include/ego_planner/planner_manager.h:6,
[6.477s]                  from /home/pjh/ego_swarm/ego-planner-swarm/src/planner/plan_manage/src/planner_manager.cpp:2:
[6.478s] /home/pjh/ego_swarm/ego-planner-swarm/install/plan_env/include/plan_env/grid_map.h:208:79: warning: ‘sensor_msgs::msg::Image_<std::allocator<void> >::ConstPtr’ is deprecated [-Wdeprecated-declarations]
[6.478s]   208 |                          const geometry_msgs::msg::PoseStamped::ConstPtr &pose);
[6.478s]       |                                                                               ^
[6.478s] In file included from /opt/ros/humble/include/sensor_msgs/sensor_msgs/msg/image.hpp:7,
[6.478s]                  from /opt/ros/humble/include/cv_bridge/cv_bridge/cv_bridge.h:40,
[6.478s]                  from /home/pjh/ego_swarm/ego-planner-swarm/install/plan_env/include/plan_env/grid_map.h:6,
[6.478s]                  from /home/pjh/ego_swarm/ego-planner-swarm/install/path_searching/include/path_searching/dyn_a_star.h:7,
[6.478s]                  from /home/pjh/ego_swarm/ego-planner-swarm/install/bspline_opt/include/bspline_opt/bspline_optimizer.h:5,
[6.478s]                  from /home/pjh/ego_swarm/ego-planner-swarm/src/planner/plan_manage/include/ego_planner/planner_manager.h:6,
[6.478s]                  from /home/pjh/ego_swarm/ego-planner-swarm/src/planner/plan_manage/src/planner_manager.cpp:2:
[6.479s] /opt/ros/humble/include/sensor_msgs/sensor_msgs/msg/detail/image__struct.hpp:173:5: note: declared here
[6.479s]   173 |     ConstPtr;
[6.479s]       |     ^~~~~~~~
[6.479s] In file included from /home/pjh/ego_swarm/ego-planner-swarm/install/path_searching/include/path_searching/dyn_a_star.h:7,
[6.479s]                  from /home/pjh/ego_swarm/ego-planner-swarm/install/bspline_opt/include/bspline_opt/bspline_optimizer.h:5,
[6.479s]                  from /home/pjh/ego_swarm/ego-planner-swarm/src/planner/plan_manage/include/ego_planner/planner_manager.h:6,
[6.479s]                  from /home/pjh/ego_swarm/ego-planner-swarm/src/planner/plan_manage/src/planner_manager.cpp:2:
[6.479s] /home/pjh/ego_swarm/ego-planner-swarm/install/plan_env/include/plan_env/grid_map.h:208:79: warning: ‘geometry_msgs::msg::PoseStamped_<std::allocator<void> >::ConstPtr’ is deprecated [-Wdeprecated-declarations]
[6.479s]   208 |                          const geometry_msgs::msg::PoseStamped::ConstPtr &pose);
[6.479s]       |                                                                               ^
[6.479s] In file included from /opt/ros/humble/include/geometry_msgs/geometry_msgs/msg/pose_stamped.hpp:7,
[6.479s]                  from /home/pjh/ego_swarm/ego-planner-swarm/install/plan_env/include/plan_env/grid_map.h:7,
[6.479s]                  from /home/pjh/ego_swarm/ego-planner-swarm/install/path_searching/include/path_searching/dyn_a_star.h:7,
[6.479s]                  from /home/pjh/ego_swarm/ego-planner-swarm/install/bspline_opt/include/bspline_opt/bspline_optimizer.h:5,
[6.479s]                  from /home/pjh/ego_swarm/ego-planner-swarm/src/planner/plan_manage/include/ego_planner/planner_manager.h:6,
[6.480s]                  from /home/pjh/ego_swarm/ego-planner-swarm/src/planner/plan_manage/src/planner_manager.cpp:2:
[6.480s] /opt/ros/humble/include/geometry_msgs/geometry_msgs/msg/detail/pose_stamped__struct.hpp:115:5: note: declared here
[6.480s]   115 |     ConstPtr;
[6.480s]       |     ^~~~~~~~
[6.480s] In file included from /home/pjh/ego_swarm/ego-planner-swarm/install/path_searching/include/path_searching/dyn_a_star.h:7,
[6.480s]                  from /home/pjh/ego_swarm/ego-planner-swarm/install/bspline_opt/include/bspline_opt/bspline_optimizer.h:5,
[6.480s]                  from /home/pjh/ego_swarm/ego-planner-swarm/src/planner/plan_manage/include/ego_planner/planner_manager.h:6,
[6.480s]                  from /home/pjh/ego_swarm/ego-planner-swarm/src/planner/plan_manage/src/planner_manager.cpp:2:
[6.480s] /home/pjh/ego_swarm/ego-planner-swarm/install/plan_env/include/plan_env/grid_map.h:209:71: warning: ‘nav_msgs::msg::Odometry_<std::allocator<void> >::ConstPtr’ is deprecated [-Wdeprecated-declarations]
[6.480s]   209 |   void extrinsicCallback(const nav_msgs::msg::Odometry::ConstPtr &odom);
[6.480s]       |                                                                       ^
[6.480s] In file included from /opt/ros/humble/include/nav_msgs/nav_msgs/msg/odometry.hpp:7,
[6.480s]                  from /home/pjh/ego_swarm/ego-planner-swarm/install/plan_env/include/plan_env/grid_map.h:10,
[6.480s]                  from /home/pjh/ego_swarm/ego-planner-swarm/install/path_searching/include/path_searching/dyn_a_star.h:7,
[6.480s]                  from /home/pjh/ego_swarm/ego-planner-swarm/install/bspline_opt/include/bspline_opt/bspline_optimizer.h:5,
[6.480s]                  from /home/pjh/ego_swarm/ego-planner-swarm/src/planner/plan_manage/include/ego_planner/planner_manager.h:6,
[6.480s]                  from /home/pjh/ego_swarm/ego-planner-swarm/src/planner/plan_manage/src/planner_manager.cpp:2:
[6.480s] /opt/ros/humble/include/nav_msgs/nav_msgs/msg/detail/odometry__struct.hpp:146:5: note: declared here
[6.480s]   146 |     ConstPtr;
[6.480s]       |     ^~~~~~~~
[6.480s] In file included from /home/pjh/ego_swarm/ego-planner-swarm/install/path_searching/include/path_searching/dyn_a_star.h:7,
[6.480s]                  from /home/pjh/ego_swarm/ego-planner-swarm/install/bspline_opt/include/bspline_opt/bspline_optimizer.h:5,
[6.481s]                  from /home/pjh/ego_swarm/ego-planner-swarm/src/planner/plan_manage/include/ego_planner/planner_manager.h:6,
[6.481s]                  from /home/pjh/ego_swarm/ego-planner-swarm/src/planner/plan_manage/src/planner_manager.cpp:2:
[6.481s] /home/pjh/ego_swarm/ego-planner-swarm/install/plan_env/include/plan_env/grid_map.h:210:117: warning: ‘sensor_msgs::msg::Image_<std::allocator<void> >::ConstPtr’ is deprecated [-Wdeprecated-declarations]
[6.481s]   210 |   void depthOdomCallback(const sensor_msgs::msg::Image::ConstPtr &img, const nav_msgs::msg::Odometry::ConstPtr &odom);
[6.481s]       |                                                                                                                     ^
[6.481s] In file included from /opt/ros/humble/include/sensor_msgs/sensor_msgs/msg/image.hpp:7,
[6.481s]                  from /opt/ros/humble/include/cv_bridge/cv_bridge/cv_bridge.h:40,
[6.481s]                  from /home/pjh/ego_swarm/ego-planner-swarm/install/plan_env/include/plan_env/grid_map.h:6,
[6.481s]                  from /home/pjh/ego_swarm/ego-planner-swarm/install/path_searching/include/path_searching/dyn_a_star.h:7,
[6.481s]                  from /home/pjh/ego_swarm/ego-planner-swarm/install/bspline_opt/include/bspline_opt/bspline_optimizer.h:5,
[6.481s]                  from /home/pjh/ego_swarm/ego-planner-swarm/src/planner/plan_manage/include/ego_planner/planner_manager.h:6,
[6.481s]                  from /home/pjh/ego_swarm/ego-planner-swarm/src/planner/plan_manage/src/planner_manager.cpp:2:
[6.481s] /opt/ros/humble/include/sensor_msgs/sensor_msgs/msg/detail/image__struct.hpp:173:5: note: declared here
[6.481s]   173 |     ConstPtr;
[6.481s]       |     ^~~~~~~~
[6.481s] In file included from /home/pjh/ego_swarm/ego-planner-swarm/install/path_searching/include/path_searching/dyn_a_star.h:7,
[6.481s]                  from /home/pjh/ego_swarm/ego-planner-swarm/install/bspline_opt/include/bspline_opt/bspline_optimizer.h:5,
[6.481s]                  from /home/pjh/ego_swarm/ego-planner-swarm/src/planner/plan_manage/include/ego_planner/planner_manager.h:6,
[6.481s]                  from /home/pjh/ego_swarm/ego-planner-swarm/src/planner/plan_manage/src/planner_manager.cpp:2:
[6.481s] /home/pjh/ego_swarm/ego-planner-swarm/install/plan_env/include/plan_env/grid_map.h:210:117: warning: ‘nav_msgs::msg::Odometry_<std::allocator<void> >::ConstPtr’ is deprecated [-Wdeprecated-declarations]
[6.481s]   210 |   void depthOdomCallback(const sensor_msgs::msg::Image::ConstPtr &img, const nav_msgs::msg::Odometry::ConstPtr &odom);
[6.481s]       |                                                                                                                     ^
[6.481s] In file included from /opt/ros/humble/include/nav_msgs/nav_msgs/msg/odometry.hpp:7,
[6.481s]                  from /home/pjh/ego_swarm/ego-planner-swarm/install/plan_env/include/plan_env/grid_map.h:10,
[6.481s]                  from /home/pjh/ego_swarm/ego-planner-swarm/install/path_searching/include/path_searching/dyn_a_star.h:7,
[6.481s]                  from /home/pjh/ego_swarm/ego-planner-swarm/install/bspline_opt/include/bspline_opt/bspline_optimizer.h:5,
[6.481s]                  from /home/pjh/ego_swarm/ego-planner-swarm/src/planner/plan_manage/include/ego_planner/planner_manager.h:6,
[6.482s]                  from /home/pjh/ego_swarm/ego-planner-swarm/src/planner/plan_manage/src/planner_manager.cpp:2:
[6.482s] /opt/ros/humble/include/nav_msgs/nav_msgs/msg/detail/odometry__struct.hpp:146:5: note: declared here
[6.482s]   146 |     ConstPtr;
[6.482s]       |     ^~~~~~~~
[6.482s] In file included from /home/pjh/ego_swarm/ego-planner-swarm/install/path_searching/include/path_searching/dyn_a_star.h:7,
[6.482s]                  from /home/pjh/ego_swarm/ego-planner-swarm/install/bspline_opt/include/bspline_opt/bspline_optimizer.h:5,
[6.482s]                  from /home/pjh/ego_swarm/ego-planner-swarm/src/planner/plan_manage/include/ego_planner/planner_manager.h:6,
[6.482s]                  from /home/pjh/ego_swarm/ego-planner-swarm/src/planner/plan_manage/src/planner_manager.cpp:2:
[6.482s] /home/pjh/ego_swarm/ego-planner-swarm/install/plan_env/include/plan_env/grid_map.h:211:72: warning: ‘sensor_msgs::msg::PointCloud2_<std::allocator<void> >::ConstPtr’ is deprecated [-Wdeprecated-declarations]
[6.482s]   211 |   void cloudCallback(const sensor_msgs::msg::PointCloud2::ConstPtr &img);
[6.482s]       |                                                                        ^
[6.482s] In file included from /opt/ros/humble/include/sensor_msgs/sensor_msgs/msg/point_cloud2.hpp:7,
[6.482s]                  from /opt/ros/humble/include/pcl_conversions/pcl_conversions/pcl_conversions.h:59,
[6.482s]                  from /home/pjh/ego_swarm/ego-planner-swarm/install/plan_env/include/plan_env/grid_map.h:18,
[6.482s]                  from /home/pjh/ego_swarm/ego-planner-swarm/install/path_searching/include/path_searching/dyn_a_star.h:7,
[6.482s]                  from /home/pjh/ego_swarm/ego-planner-swarm/install/bspline_opt/include/bspline_opt/bspline_optimizer.h:5,
[6.482s]                  from /home/pjh/ego_swarm/ego-planner-swarm/src/planner/plan_manage/include/ego_planner/planner_manager.h:6,
[6.482s]                  from /home/pjh/ego_swarm/ego-planner-swarm/src/planner/plan_manage/src/planner_manager.cpp:2:
[6.482s] /opt/ros/humble/include/sensor_msgs/sensor_msgs/msg/detail/point_cloud2__struct.hpp:194:5: note: declared here
[6.482s]   194 |     ConstPtr;
[6.482s]       |     ^~~~~~~~
[6.530s] In file included from /home/pjh/ego_swarm/ego-planner-swarm/install/path_searching/include/path_searching/dyn_a_star.h:7,
[6.531s]                  from /home/pjh/ego_swarm/ego-planner-swarm/install/bspline_opt/include/bspline_opt/bspline_optimizer.h:5,
[6.531s]                  from /home/pjh/ego_swarm/ego-planner-swarm/src/planner/plan_manage/include/ego_planner/ego_replan_fsm.h:15,
[6.531s]                  from /home/pjh/ego_swarm/ego-planner-swarm/src/planner/plan_manage/src/ego_planner_node.cpp:5:
[6.531s] /home/pjh/ego_swarm/ego-planner-swarm/install/plan_env/include/plan_env/grid_map.h:208:79: warning: ‘sensor_msgs::msg::Image_<std::allocator<void> >::ConstPtr’ is deprecated [-Wdeprecated-declarations]
[6.531s]   208 |                          const geometry_msgs::msg::PoseStamped::ConstPtr &pose);
[6.531s]       |                                                                               ^
[6.531s] In file included from /opt/ros/humble/include/sensor_msgs/sensor_msgs/msg/image.hpp:7,
[6.531s]                  from /opt/ros/humble/include/cv_bridge/cv_bridge/cv_bridge.h:40,
[6.531s]                  from /home/pjh/ego_swarm/ego-planner-swarm/install/plan_env/include/plan_env/grid_map.h:6,
[6.531s]                  from /home/pjh/ego_swarm/ego-planner-swarm/install/path_searching/include/path_searching/dyn_a_star.h:7,
[6.531s]                  from /home/pjh/ego_swarm/ego-planner-swarm/install/bspline_opt/include/bspline_opt/bspline_optimizer.h:5,
[6.531s]                  from /home/pjh/ego_swarm/ego-planner-swarm/src/planner/plan_manage/include/ego_planner/ego_replan_fsm.h:15,
[6.531s]                  from /home/pjh/ego_swarm/ego-planner-swarm/src/planner/plan_manage/src/ego_planner_node.cpp:5:
[6.532s] /opt/ros/humble/include/sensor_msgs/sensor_msgs/msg/detail/image__struct.hpp:173:5: note: declared here
[6.532s]   173 |     ConstPtr;
[6.532s]       |     ^~~~~~~~
[6.532s] In file included from /home/pjh/ego_swarm/ego-planner-swarm/install/path_searching/include/path_searching/dyn_a_star.h:7,
[6.532s]                  from /home/pjh/ego_swarm/ego-planner-swarm/install/bspline_opt/include/bspline_opt/bspline_optimizer.h:5,
[6.532s]                  from /home/pjh/ego_swarm/ego-planner-swarm/src/planner/plan_manage/include/ego_planner/ego_replan_fsm.h:15,
[6.532s]                  from /home/pjh/ego_swarm/ego-planner-swarm/src/planner/plan_manage/src/ego_planner_node.cpp:5:
[6.532s] /home/pjh/ego_swarm/ego-planner-swarm/install/plan_env/include/plan_env/grid_map.h:208:79: warning: ‘geometry_msgs::msg::PoseStamped_<std::allocator<void> >::ConstPtr’ is deprecated [-Wdeprecated-declarations]
[6.532s]   208 |                          const geometry_msgs::msg::PoseStamped::ConstPtr &pose);
[6.532s]       |                                                                               ^
[6.532s] In file included from /opt/ros/humble/include/nav_msgs/nav_msgs/msg/detail/path__struct.hpp:22,
[6.532s]                  from /opt/ros/humble/include/nav_msgs/nav_msgs/msg/path.hpp:7,
[6.532s]                  from /home/pjh/ego_swarm/ego-planner-swarm/src/planner/plan_manage/include/ego_planner/ego_replan_fsm.h:7,
[6.532s]                  from /home/pjh/ego_swarm/ego-planner-swarm/src/planner/plan_manage/src/ego_planner_node.cpp:5:
[6.533s] /opt/ros/humble/include/geometry_msgs/geometry_msgs/msg/detail/pose_stamped__struct.hpp:115:5: note: declared here
[6.533s]   115 |     ConstPtr;
[6.533s]       |     ^~~~~~~~
[6.533s] In file included from /home/pjh/ego_swarm/ego-planner-swarm/install/path_searching/include/path_searching/dyn_a_star.h:7,
[6.533s]                  from /home/pjh/ego_swarm/ego-planner-swarm/install/bspline_opt/include/bspline_opt/bspline_optimizer.h:5,
[6.533s]                  from /home/pjh/ego_swarm/ego-planner-swarm/src/planner/plan_manage/include/ego_planner/ego_replan_fsm.h:15,
[6.533s]                  from /home/pjh/ego_swarm/ego-planner-swarm/src/planner/plan_manage/src/ego_planner_node.cpp:5:
[6.533s] /home/pjh/ego_swarm/ego-planner-swarm/install/plan_env/include/plan_env/grid_map.h:209:71: warning: ‘nav_msgs::msg::Odometry_<std::allocator<void> >::ConstPtr’ is deprecated [-Wdeprecated-declarations]
[6.533s]   209 |   void extrinsicCallback(const nav_msgs::msg::Odometry::ConstPtr &odom);
[6.533s]       |                                                                       ^
[6.533s] In file included from /opt/ros/humble/include/nav_msgs/nav_msgs/msg/odometry.hpp:7,
[6.533s]                  from /home/pjh/ego_swarm/ego-planner-swarm/src/planner/plan_manage/include/ego_planner/ego_replan_fsm.h:8,
[6.533s]                  from /home/pjh/ego_swarm/ego-planner-swarm/src/planner/plan_manage/src/ego_planner_node.cpp:5:
[6.533s] /opt/ros/humble/include/nav_msgs/nav_msgs/msg/detail/odometry__struct.hpp:146:5: note: declared here
[6.533s]   146 |     ConstPtr;
[6.533s]       |     ^~~~~~~~
[6.533s] In file included from /home/pjh/ego_swarm/ego-planner-swarm/install/path_searching/include/path_searching/dyn_a_star.h:7,
[6.533s]                  from /home/pjh/ego_swarm/ego-planner-swarm/install/bspline_opt/include/bspline_opt/bspline_optimizer.h:5,
[6.533s]                  from /home/pjh/ego_swarm/ego-planner-swarm/src/planner/plan_manage/include/ego_planner/ego_replan_fsm.h:15,
[6.534s]                  from /home/pjh/ego_swarm/ego-planner-swarm/src/planner/plan_manage/src/ego_planner_node.cpp:5:
[6.534s] /home/pjh/ego_swarm/ego-planner-swarm/install/plan_env/include/plan_env/grid_map.h:210:117: warning: ‘sensor_msgs::msg::Image_<std::allocator<void> >::ConstPtr’ is deprecated [-Wdeprecated-declarations]
[6.534s]   210 |   void depthOdomCallback(const sensor_msgs::msg::Image::ConstPtr &img, const nav_msgs::msg::Odometry::ConstPtr &odom);
[6.534s]       |                                                                                                                     ^
[6.534s] In file included from /opt/ros/humble/include/sensor_msgs/sensor_msgs/msg/image.hpp:7,
[6.534s]                  from /opt/ros/humble/include/cv_bridge/cv_bridge/cv_bridge.h:40,
[6.534s]                  from /home/pjh/ego_swarm/ego-planner-swarm/install/plan_env/include/plan_env/grid_map.h:6,
[6.534s]                  from /home/pjh/ego_swarm/ego-planner-swarm/install/path_searching/include/path_searching/dyn_a_star.h:7,
[6.534s]                  from /home/pjh/ego_swarm/ego-planner-swarm/install/bspline_opt/include/bspline_opt/bspline_optimizer.h:5,
[6.534s]                  from /home/pjh/ego_swarm/ego-planner-swarm/src/planner/plan_manage/include/ego_planner/ego_replan_fsm.h:15,
[6.534s]                  from /home/pjh/ego_swarm/ego-planner-swarm/src/planner/plan_manage/src/ego_planner_node.cpp:5:
[6.534s] /opt/ros/humble/include/sensor_msgs/sensor_msgs/msg/detail/image__struct.hpp:173:5: note: declared here
[6.534s]   173 |     ConstPtr;
[6.534s]       |     ^~~~~~~~
[6.534s] In file included from /home/pjh/ego_swarm/ego-planner-swarm/install/path_searching/include/path_searching/dyn_a_star.h:7,
[6.534s]                  from /home/pjh/ego_swarm/ego-planner-swarm/install/bspline_opt/include/bspline_opt/bspline_optimizer.h:5,
[6.534s]                  from /home/pjh/ego_swarm/ego-planner-swarm/src/planner/plan_manage/include/ego_planner/ego_replan_fsm.h:15,
[6.534s]                  from /home/pjh/ego_swarm/ego-planner-swarm/src/planner/plan_manage/src/ego_planner_node.cpp:5:
[6.534s] /home/pjh/ego_swarm/ego-planner-swarm/install/plan_env/include/plan_env/grid_map.h:210:117: warning: ‘nav_msgs::msg::Odometry_<std::allocator<void> >::ConstPtr’ is deprecated [-Wdeprecated-declarations]
[6.534s]   210 |   void depthOdomCallback(const sensor_msgs::msg::Image::ConstPtr &img, const nav_msgs::msg::Odometry::ConstPtr &odom);
[6.534s]       |                                                                                                                     ^
[6.534s] In file included from /opt/ros/humble/include/nav_msgs/nav_msgs/msg/odometry.hpp:7,
[6.534s]                  from /home/pjh/ego_swarm/ego-planner-swarm/src/planner/plan_manage/include/ego_planner/ego_replan_fsm.h:8,
[6.534s]                  from /home/pjh/ego_swarm/ego-planner-swarm/src/planner/plan_manage/src/ego_planner_node.cpp:5:
[6.534s] /opt/ros/humble/include/nav_msgs/nav_msgs/msg/detail/odometry__struct.hpp:146:5: note: declared here
[6.534s]   146 |     ConstPtr;
[6.535s]       |     ^~~~~~~~
[6.535s] In file included from /home/pjh/ego_swarm/ego-planner-swarm/install/path_searching/include/path_searching/dyn_a_star.h:7,
[6.535s]                  from /home/pjh/ego_swarm/ego-planner-swarm/install/bspline_opt/include/bspline_opt/bspline_optimizer.h:5,
[6.535s]                  from /home/pjh/ego_swarm/ego-planner-swarm/src/planner/plan_manage/include/ego_planner/ego_replan_fsm.h:15,
[6.535s]                  from /home/pjh/ego_swarm/ego-planner-swarm/src/planner/plan_manage/src/ego_planner_node.cpp:5:
[6.535s] /home/pjh/ego_swarm/ego-planner-swarm/install/plan_env/include/plan_env/grid_map.h:211:72: warning: ‘sensor_msgs::msg::PointCloud2_<std::allocator<void> >::ConstPtr’ is deprecated [-Wdeprecated-declarations]
[6.535s]   211 |   void cloudCallback(const sensor_msgs::msg::PointCloud2::ConstPtr &img);
[6.535s]       |                                                                        ^
[6.535s] In file included from /opt/ros/humble/include/sensor_msgs/sensor_msgs/msg/point_cloud2.hpp:7,
[6.535s]                  from /opt/ros/humble/include/pcl_conversions/pcl_conversions/pcl_conversions.h:59,
[6.535s]                  from /home/pjh/ego_swarm/ego-planner-swarm/install/plan_env/include/plan_env/grid_map.h:18,
[6.535s]                  from /home/pjh/ego_swarm/ego-planner-swarm/install/path_searching/include/path_searching/dyn_a_star.h:7,
[6.535s]                  from /home/pjh/ego_swarm/ego-planner-swarm/install/bspline_opt/include/bspline_opt/bspline_optimizer.h:5,
[6.535s]                  from /home/pjh/ego_swarm/ego-planner-swarm/src/planner/plan_manage/include/ego_planner/ego_replan_fsm.h:15,
[6.535s]                  from /home/pjh/ego_swarm/ego-planner-swarm/src/planner/plan_manage/src/ego_planner_node.cpp:5:
[6.535s] /opt/ros/humble/include/sensor_msgs/sensor_msgs/msg/detail/point_cloud2__struct.hpp:194:5: note: declared here
[6.535s]   194 |     ConstPtr;
[6.535s]       |     ^~~~~~~~
[6.837s] In file included from /home/pjh/ego_swarm/ego-planner-swarm/install/path_searching/include/path_searching/dyn_a_star.h:7,
[6.837s]                  from /home/pjh/ego_swarm/ego-planner-swarm/install/bspline_opt/include/bspline_opt/bspline_optimizer.h:5,
[6.837s]                  from /home/pjh/ego_swarm/ego-planner-swarm/src/planner/plan_manage/include/ego_planner/ego_replan_fsm.h:15,
[6.837s]                  from /home/pjh/ego_swarm/ego-planner-swarm/src/planner/plan_manage/src/ego_replan_fsm.cpp:2:
[6.837s] /home/pjh/ego_swarm/ego-planner-swarm/install/plan_env/include/plan_env/grid_map.h:208:79: warning: ‘sensor_msgs::msg::Image_<std::allocator<void> >::ConstPtr’ is deprecated [-Wdeprecated-declarations]
[6.837s]   208 |                          const geometry_msgs::msg::PoseStamped::ConstPtr &pose);
[6.837s]       |                                                                               ^
[6.837s] In file included from /opt/ros/humble/include/sensor_msgs/sensor_msgs/msg/image.hpp:7,
[6.837s]                  from /opt/ros/humble/include/cv_bridge/cv_bridge/cv_bridge.h:40,
[6.837s]                  from /home/pjh/ego_swarm/ego-planner-swarm/install/plan_env/include/plan_env/grid_map.h:6,
[6.838s]                  from /home/pjh/ego_swarm/ego-planner-swarm/install/path_searching/include/path_searching/dyn_a_star.h:7,
[6.838s]                  from /home/pjh/ego_swarm/ego-planner-swarm/install/bspline_opt/include/bspline_opt/bspline_optimizer.h:5,
[6.838s]                  from /home/pjh/ego_swarm/ego-planner-swarm/src/planner/plan_manage/include/ego_planner/ego_replan_fsm.h:15,
[6.838s]                  from /home/pjh/ego_swarm/ego-planner-swarm/src/planner/plan_manage/src/ego_replan_fsm.cpp:2:
[6.838s] /opt/ros/humble/include/sensor_msgs/sensor_msgs/msg/detail/image__struct.hpp:173:5: note: declared here
[6.838s]   173 |     ConstPtr;
[6.838s]       |     ^~~~~~~~
[6.838s] In file included from /home/pjh/ego_swarm/ego-planner-swarm/install/path_searching/include/path_searching/dyn_a_star.h:7,
[6.838s]                  from /home/pjh/ego_swarm/ego-planner-swarm/install/bspline_opt/include/bspline_opt/bspline_optimizer.h:5,
[6.838s]                  from /home/pjh/ego_swarm/ego-planner-swarm/src/planner/plan_manage/include/ego_planner/ego_replan_fsm.h:15,
[6.838s]                  from /home/pjh/ego_swarm/ego-planner-swarm/src/planner/plan_manage/src/ego_replan_fsm.cpp:2:
[6.838s] /home/pjh/ego_swarm/ego-planner-swarm/install/plan_env/include/plan_env/grid_map.h:208:79: warning: ‘geometry_msgs::msg::PoseStamped_<std::allocator<void> >::ConstPtr’ is deprecated [-Wdeprecated-declarations]
[6.838s]   208 |                          const geometry_msgs::msg::PoseStamped::ConstPtr &pose);
[6.838s]       |                                                                               ^
[6.838s] In file included from /opt/ros/humble/include/nav_msgs/nav_msgs/msg/detail/path__struct.hpp:22,
[6.838s]                  from /opt/ros/humble/include/nav_msgs/nav_msgs/msg/path.hpp:7,
[6.838s]                  from /home/pjh/ego_swarm/ego-planner-swarm/src/planner/plan_manage/include/ego_planner/ego_replan_fsm.h:7,
[6.838s]                  from /home/pjh/ego_swarm/ego-planner-swarm/src/planner/plan_manage/src/ego_replan_fsm.cpp:2:
[6.839s] /opt/ros/humble/include/geometry_msgs/geometry_msgs/msg/detail/pose_stamped__struct.hpp:115:5: note: declared here
[6.839s]   115 |     ConstPtr;
[6.839s]       |     ^~~~~~~~
[6.839s] In file included from /home/pjh/ego_swarm/ego-planner-swarm/install/path_searching/include/path_searching/dyn_a_star.h:7,
[6.839s]                  from /home/pjh/ego_swarm/ego-planner-swarm/install/bspline_opt/include/bspline_opt/bspline_optimizer.h:5,
[6.839s]                  from /home/pjh/ego_swarm/ego-planner-swarm/src/planner/plan_manage/include/ego_planner/ego_replan_fsm.h:15,
[6.839s]                  from /home/pjh/ego_swarm/ego-planner-swarm/src/planner/plan_manage/src/ego_replan_fsm.cpp:2:
[6.839s] /home/pjh/ego_swarm/ego-planner-swarm/install/plan_env/include/plan_env/grid_map.h:209:71: warning: ‘nav_msgs::msg::Odometry_<std::allocator<void> >::ConstPtr’ is deprecated [-Wdeprecated-declarations]
[6.839s]   209 |   void extrinsicCallback(const nav_msgs::msg::Odometry::ConstPtr &odom);
[6.839s]       |                                                                       ^
[6.839s] In file included from /opt/ros/humble/include/nav_msgs/nav_msgs/msg/odometry.hpp:7,
[6.839s]                  from /home/pjh/ego_swarm/ego-planner-swarm/src/planner/plan_manage/include/ego_planner/ego_replan_fsm.h:8,
[6.839s]                  from /home/pjh/ego_swarm/ego-planner-swarm/src/planner/plan_manage/src/ego_replan_fsm.cpp:2:
[6.839s] /opt/ros/humble/include/nav_msgs/nav_msgs/msg/detail/odometry__struct.hpp:146:5: note: declared here
[6.839s]   146 |     ConstPtr;
[6.839s]       |     ^~~~~~~~
[6.839s] In file included from /home/pjh/ego_swarm/ego-planner-swarm/install/path_searching/include/path_searching/dyn_a_star.h:7,
[6.839s]                  from /home/pjh/ego_swarm/ego-planner-swarm/install/bspline_opt/include/bspline_opt/bspline_optimizer.h:5,
[6.839s]                  from /home/pjh/ego_swarm/ego-planner-swarm/src/planner/plan_manage/include/ego_planner/ego_replan_fsm.h:15,
[6.839s]                  from /home/pjh/ego_swarm/ego-planner-swarm/src/planner/plan_manage/src/ego_replan_fsm.cpp:2:
[6.839s] /home/pjh/ego_swarm/ego-planner-swarm/install/plan_env/include/plan_env/grid_map.h:210:117: warning: ‘sensor_msgs::msg::Image_<std::allocator<void> >::ConstPtr’ is deprecated [-Wdeprecated-declarations]
[6.839s]   210 |   void depthOdomCallback(const sensor_msgs::msg::Image::ConstPtr &img, const nav_msgs::msg::Odometry::ConstPtr &odom);
[6.839s]       |                                                                                                                     ^
[6.839s] In file included from /opt/ros/humble/include/sensor_msgs/sensor_msgs/msg/image.hpp:7,
[6.839s]                  from /opt/ros/humble/include/cv_bridge/cv_bridge/cv_bridge.h:40,
[6.839s]                  from /home/pjh/ego_swarm/ego-planner-swarm/install/plan_env/include/plan_env/grid_map.h:6,
[6.840s]                  from /home/pjh/ego_swarm/ego-planner-swarm/install/path_searching/include/path_searching/dyn_a_star.h:7,
[6.840s]                  from /home/pjh/ego_swarm/ego-planner-swarm/install/bspline_opt/include/bspline_opt/bspline_optimizer.h:5,
[6.840s]                  from /home/pjh/ego_swarm/ego-planner-swarm/src/planner/plan_manage/include/ego_planner/ego_replan_fsm.h:15,
[6.840s]                  from /home/pjh/ego_swarm/ego-planner-swarm/src/planner/plan_manage/src/ego_replan_fsm.cpp:2:
[6.840s] /opt/ros/humble/include/sensor_msgs/sensor_msgs/msg/detail/image__struct.hpp:173:5: note: declared here
[6.840s]   173 |     ConstPtr;
[6.840s]       |     ^~~~~~~~
[6.840s] In file included from /home/pjh/ego_swarm/ego-planner-swarm/install/path_searching/include/path_searching/dyn_a_star.h:7,
[6.840s]                  from /home/pjh/ego_swarm/ego-planner-swarm/install/bspline_opt/include/bspline_opt/bspline_optimizer.h:5,
[6.840s]                  from /home/pjh/ego_swarm/ego-planner-swarm/src/planner/plan_manage/include/ego_planner/ego_replan_fsm.h:15,
[6.840s]                  from /home/pjh/ego_swarm/ego-planner-swarm/src/planner/plan_manage/src/ego_replan_fsm.cpp:2:
[6.840s] /home/pjh/ego_swarm/ego-planner-swarm/install/plan_env/include/plan_env/grid_map.h:210:117: warning: ‘nav_msgs::msg::Odometry_<std::allocator<void> >::ConstPtr’ is deprecated [-Wdeprecated-declarations]
[6.840s]   210 |   void depthOdomCallback(const sensor_msgs::msg::Image::ConstPtr &img, const nav_msgs::msg::Odometry::ConstPtr &odom);
[6.840s]       |                                                                                                                     ^
[6.840s] In file included from /opt/ros/humble/include/nav_msgs/nav_msgs/msg/odometry.hpp:7,
[6.840s]                  from /home/pjh/ego_swarm/ego-planner-swarm/src/planner/plan_manage/include/ego_planner/ego_replan_fsm.h:8,
[6.840s]                  from /home/pjh/ego_swarm/ego-planner-swarm/src/planner/plan_manage/src/ego_replan_fsm.cpp:2:
[6.840s] /opt/ros/humble/include/nav_msgs/nav_msgs/msg/detail/odometry__struct.hpp:146:5: note: declared here
[6.840s]   146 |     ConstPtr;
[6.840s]       |     ^~~~~~~~
[6.840s] In file included from /home/pjh/ego_swarm/ego-planner-swarm/install/path_searching/include/path_searching/dyn_a_star.h:7,
[6.840s]                  from /home/pjh/ego_swarm/ego-planner-swarm/install/bspline_opt/include/bspline_opt/bspline_optimizer.h:5,
[6.840s]                  from /home/pjh/ego_swarm/ego-planner-swarm/src/planner/plan_manage/include/ego_planner/ego_replan_fsm.h:15,
[6.840s]                  from /home/pjh/ego_swarm/ego-planner-swarm/src/planner/plan_manage/src/ego_replan_fsm.cpp:2:
[6.840s] /home/pjh/ego_swarm/ego-planner-swarm/install/plan_env/include/plan_env/grid_map.h:211:72: warning: ‘sensor_msgs::msg::PointCloud2_<std::allocator<void> >::ConstPtr’ is deprecated [-Wdeprecated-declarations]
[6.840s]   211 |   void cloudCallback(const sensor_msgs::msg::PointCloud2::ConstPtr &img);
[6.840s]       |                                                                        ^
[6.840s] In file included from /opt/ros/humble/include/sensor_msgs/sensor_msgs/msg/point_cloud2.hpp:7,
[6.840s]                  from /opt/ros/humble/include/pcl_conversions/pcl_conversions/pcl_conversions.h:59,
[6.840s]                  from /home/pjh/ego_swarm/ego-planner-swarm/install/plan_env/include/plan_env/grid_map.h:18,
[6.840s]                  from /home/pjh/ego_swarm/ego-planner-swarm/install/path_searching/include/path_searching/dyn_a_star.h:7,
[6.840s]                  from /home/pjh/ego_swarm/ego-planner-swarm/install/bspline_opt/include/bspline_opt/bspline_optimizer.h:5,
[6.840s]                  from /home/pjh/ego_swarm/ego-planner-swarm/src/planner/plan_manage/include/ego_planner/ego_replan_fsm.h:15,
[6.840s]                  from /home/pjh/ego_swarm/ego-planner-swarm/src/planner/plan_manage/src/ego_replan_fsm.cpp:2:
[6.841s] /opt/ros/humble/include/sensor_msgs/sensor_msgs/msg/detail/point_cloud2__struct.hpp:194:5: note: declared here
[6.841s]   194 |     ConstPtr;
[6.841s]       |     ^~~~~~~~
[6.852s] In file included from /home/pjh/ego_swarm/ego-planner-swarm/install/bspline_opt/include/bspline_opt/bspline_optimizer.h:8,
[6.852s]                  from /home/pjh/ego_swarm/ego-planner-swarm/src/planner/plan_manage/include/ego_planner/ego_replan_fsm.h:15,
[6.852s]                  from /home/pjh/ego_swarm/ego-planner-swarm/src/planner/plan_manage/src/ego_planner_node.cpp:5:
[6.852s] /home/pjh/ego_swarm/ego-planner-swarm/install/plan_env/include/plan_env/obj_predictor.h:126:75: warning: ‘geometry_msgs::msg::PoseStamped_<std::allocator<void> >::ConstPtr’ is deprecated [-Wdeprecated-declarations]
[6.852s]   126 |     void poseCallback(const geometry_msgs::msg::PoseStamped::ConstPtr &msg);
[6.852s]       |                                                                           ^
[6.852s] In file included from /opt/ros/humble/include/nav_msgs/nav_msgs/msg/detail/path__struct.hpp:22,
[6.852s]                  from /opt/ros/humble/include/nav_msgs/nav_msgs/msg/path.hpp:7,
[6.852s]                  from /home/pjh/ego_swarm/ego-planner-swarm/src/planner/plan_manage/include/ego_planner/ego_replan_fsm.h:7,
[6.852s]                  from /home/pjh/ego_swarm/ego-planner-swarm/src/planner/plan_manage/src/ego_planner_node.cpp:5:
[6.852s] /opt/ros/humble/include/geometry_msgs/geometry_msgs/msg/detail/pose_stamped__struct.hpp:115:5: note: declared here
[6.852s]   115 |     ConstPtr;
[6.852s]       |     ^~~~~~~~
[6.927s] In file included from /home/pjh/ego_swarm/ego-planner-swarm/install/bspline_opt/include/bspline_opt/bspline_optimizer.h:8,
[6.928s]                  from /home/pjh/ego_swarm/ego-planner-swarm/src/planner/plan_manage/include/ego_planner/ego_replan_fsm.h:15,
[6.928s]                  from /home/pjh/ego_swarm/ego-planner-swarm/src/planner/plan_manage/src/ego_planner_node.cpp:5:
[6.928s] /home/pjh/ego_swarm/ego-planner-swarm/install/plan_env/include/plan_env/obj_predictor.h:163:77: warning: ‘visualization_msgs::msg::Marker_<std::allocator<void> >::ConstPtr’ is deprecated [-Wdeprecated-declarations]
[6.928s]   163 |     void markerCallback(const visualization_msgs::msg::Marker::ConstPtr &msg);
[6.928s]       |                                                                             ^
[6.928s] In file included from /opt/ros/humble/include/visualization_msgs/visualization_msgs/msg/marker.hpp:7,
[6.928s]                  from /home/pjh/ego_swarm/ego-planner-swarm/src/planner/plan_manage/src/ego_planner_node.cpp:2:
[6.929s] /opt/ros/humble/include/visualization_msgs/visualization_msgs/msg/detail/marker__struct.hpp:364:5: note: declared here
[6.929s]   364 |     ConstPtr;
[6.929s]       |     ^~~~~~~~
[6.932s] In file included from /home/pjh/ego_swarm/ego-planner-swarm/install/bspline_opt/include/bspline_opt/bspline_optimizer.h:10,
[6.932s]                  from /home/pjh/ego_swarm/ego-planner-swarm/src/planner/plan_manage/include/ego_planner/ego_replan_fsm.h:15,
[6.932s]                  from /home/pjh/ego_swarm/ego-planner-swarm/src/planner/plan_manage/src/ego_planner_node.cpp:5:
[6.932s] /home/pjh/ego_swarm/ego-planner-swarm/install/bspline_opt/include/bspline_opt/lbfgs.hpp: In function ‘int lbfgs::line_search_morethuente(int, double*, double*, double*, double*, double*, const double*, const double*, const double*, const double*, lbfgs::callback_data_t*, const lbfgs::lbfgs_parameter_t*)’:
[6.932s] /home/pjh/ego_swarm/ego-planner-swarm/install/bspline_opt/include/bspline_opt/lbfgs.hpp:723:54: warning: unused parameter ‘gp’ [-Wunused-parameter]
[6.932s]   723 |                                        const double *gp,
[6.932s]       |                                        ~~~~~~~~~~~~~~^~
[7.201s] In file included from /home/pjh/ego_swarm/ego-planner-swarm/install/bspline_opt/include/bspline_opt/bspline_optimizer.h:8,
[7.201s]                  from /home/pjh/ego_swarm/ego-planner-swarm/src/planner/plan_manage/include/ego_planner/planner_manager.h:6,
[7.201s]                  from /home/pjh/ego_swarm/ego-planner-swarm/src/planner/plan_manage/src/planner_manager.cpp:2:
[7.201s] /home/pjh/ego_swarm/ego-planner-swarm/install/plan_env/include/plan_env/obj_predictor.h:126:75: warning: ‘geometry_msgs::msg::PoseStamped_<std::allocator<void> >::ConstPtr’ is deprecated [-Wdeprecated-declarations]
[7.201s]   126 |     void poseCallback(const geometry_msgs::msg::PoseStamped::ConstPtr &msg);
[7.201s]       |                                                                           ^
[7.201s] In file included from /opt/ros/humble/include/geometry_msgs/geometry_msgs/msg/pose_stamped.hpp:7,
[7.201s]                  from /home/pjh/ego_swarm/ego-planner-swarm/install/plan_env/include/plan_env/grid_map.h:7,
[7.201s]                  from /home/pjh/ego_swarm/ego-planner-swarm/install/path_searching/include/path_searching/dyn_a_star.h:7,
[7.201s]                  from /home/pjh/ego_swarm/ego-planner-swarm/install/bspline_opt/include/bspline_opt/bspline_optimizer.h:5,
[7.201s]                  from /home/pjh/ego_swarm/ego-planner-swarm/src/planner/plan_manage/include/ego_planner/planner_manager.h:6,
[7.201s]                  from /home/pjh/ego_swarm/ego-planner-swarm/src/planner/plan_manage/src/planner_manager.cpp:2:
[7.201s] /opt/ros/humble/include/geometry_msgs/geometry_msgs/msg/detail/pose_stamped__struct.hpp:115:5: note: declared here
[7.201s]   115 |     ConstPtr;
[7.201s]       |     ^~~~~~~~
[7.279s] In file included from /home/pjh/ego_swarm/ego-planner-swarm/install/bspline_opt/include/bspline_opt/bspline_optimizer.h:8,
[7.279s]                  from /home/pjh/ego_swarm/ego-planner-swarm/src/planner/plan_manage/include/ego_planner/planner_manager.h:6,
[7.279s]                  from /home/pjh/ego_swarm/ego-planner-swarm/src/planner/plan_manage/src/planner_manager.cpp:2:
[7.279s] /home/pjh/ego_swarm/ego-planner-swarm/install/plan_env/include/plan_env/obj_predictor.h:163:77: warning: ‘visualization_msgs::msg::Marker_<std::allocator<void> >::ConstPtr’ is deprecated [-Wdeprecated-declarations]
[7.279s]   163 |     void markerCallback(const visualization_msgs::msg::Marker::ConstPtr &msg);
[7.279s]       |                                                                             ^
[7.279s] In file included from /opt/ros/humble/include/visualization_msgs/visualization_msgs/msg/marker.hpp:7,
[7.279s]                  from /home/pjh/ego_swarm/ego-planner-swarm/install/plan_env/include/plan_env/grid_map.h:14,
[7.280s]                  from /home/pjh/ego_swarm/ego-planner-swarm/install/path_searching/include/path_searching/dyn_a_star.h:7,
[7.280s]                  from /home/pjh/ego_swarm/ego-planner-swarm/install/bspline_opt/include/bspline_opt/bspline_optimizer.h:5,
[7.280s]                  from /home/pjh/ego_swarm/ego-planner-swarm/src/planner/plan_manage/include/ego_planner/planner_manager.h:6,
[7.280s]                  from /home/pjh/ego_swarm/ego-planner-swarm/src/planner/plan_manage/src/planner_manager.cpp:2:
[7.280s] /opt/ros/humble/include/visualization_msgs/visualization_msgs/msg/detail/marker__struct.hpp:364:5: note: declared here
[7.280s]   364 |     ConstPtr;
[7.280s]       |     ^~~~~~~~
[7.283s] In file included from /home/pjh/ego_swarm/ego-planner-swarm/install/bspline_opt/include/bspline_opt/bspline_optimizer.h:10,
[7.283s]                  from /home/pjh/ego_swarm/ego-planner-swarm/src/planner/plan_manage/include/ego_planner/planner_manager.h:6,
[7.283s]                  from /home/pjh/ego_swarm/ego-planner-swarm/src/planner/plan_manage/src/planner_manager.cpp:2:
[7.284s] /home/pjh/ego_swarm/ego-planner-swarm/install/bspline_opt/include/bspline_opt/lbfgs.hpp: In function ‘int lbfgs::line_search_morethuente(int, double*, double*, double*, double*, double*, const double*, const double*, const double*, const double*, lbfgs::callback_data_t*, const lbfgs::lbfgs_parameter_t*)’:
[7.284s] /home/pjh/ego_swarm/ego-planner-swarm/install/bspline_opt/include/bspline_opt/lbfgs.hpp:723:54: warning: unused parameter ‘gp’ [-Wunused-parameter]
[7.284s]   723 |                                        const double *gp,
[7.284s]       |                                        ~~~~~~~~~~~~~~^~
[7.596s] In file included from /home/pjh/ego_swarm/ego-planner-swarm/install/bspline_opt/include/bspline_opt/bspline_optimizer.h:8,
[7.596s]                  from /home/pjh/ego_swarm/ego-planner-swarm/src/planner/plan_manage/include/ego_planner/ego_replan_fsm.h:15,
[7.596s]                  from /home/pjh/ego_swarm/ego-planner-swarm/src/planner/plan_manage/src/ego_replan_fsm.cpp:2:
[7.596s] /home/pjh/ego_swarm/ego-planner-swarm/install/plan_env/include/plan_env/obj_predictor.h:126:75: warning: ‘geometry_msgs::msg::PoseStamped_<std::allocator<void> >::ConstPtr’ is deprecated [-Wdeprecated-declarations]
[7.596s]   126 |     void poseCallback(const geometry_msgs::msg::PoseStamped::ConstPtr &msg);
[7.597s]       |                                                                           ^
[7.597s] In file included from /opt/ros/humble/include/nav_msgs/nav_msgs/msg/detail/path__struct.hpp:22,
[7.597s]                  from /opt/ros/humble/include/nav_msgs/nav_msgs/msg/path.hpp:7,
[7.597s]                  from /home/pjh/ego_swarm/ego-planner-swarm/src/planner/plan_manage/include/ego_planner/ego_replan_fsm.h:7,
[7.597s]                  from /home/pjh/ego_swarm/ego-planner-swarm/src/planner/plan_manage/src/ego_replan_fsm.cpp:2:
[7.597s] /opt/ros/humble/include/geometry_msgs/geometry_msgs/msg/detail/pose_stamped__struct.hpp:115:5: note: declared here
[7.597s]   115 |     ConstPtr;
[7.597s]       |     ^~~~~~~~
[7.686s] In file included from /home/pjh/ego_swarm/ego-planner-swarm/install/bspline_opt/include/bspline_opt/bspline_optimizer.h:8,
[7.686s]                  from /home/pjh/ego_swarm/ego-planner-swarm/src/planner/plan_manage/include/ego_planner/ego_replan_fsm.h:15,
[7.686s]                  from /home/pjh/ego_swarm/ego-planner-swarm/src/planner/plan_manage/src/ego_replan_fsm.cpp:2:
[7.686s] /home/pjh/ego_swarm/ego-planner-swarm/install/plan_env/include/plan_env/obj_predictor.h:163:77: warning: ‘visualization_msgs::msg::Marker_<std::allocator<void> >::ConstPtr’ is deprecated [-Wdeprecated-declarations]
[7.686s]   163 |     void markerCallback(const visualization_msgs::msg::Marker::ConstPtr &msg);
[7.687s]       |                                                                             ^
[7.687s] In file included from /opt/ros/humble/include/visualization_msgs/visualization_msgs/msg/marker.hpp:7,
[7.687s]                  from /home/pjh/ego_swarm/ego-planner-swarm/src/planner/plan_manage/include/ego_planner/ego_replan_fsm.h:13,
[7.687s]                  from /home/pjh/ego_swarm/ego-planner-swarm/src/planner/plan_manage/src/ego_replan_fsm.cpp:2:
[7.687s] /opt/ros/humble/include/visualization_msgs/visualization_msgs/msg/detail/marker__struct.hpp:364:5: note: declared here
[7.687s]   364 |     ConstPtr;
[7.687s]       |     ^~~~~~~~
[7.691s] In file included from /home/pjh/ego_swarm/ego-planner-swarm/install/bspline_opt/include/bspline_opt/bspline_optimizer.h:10,
[7.691s]                  from /home/pjh/ego_swarm/ego-planner-swarm/src/planner/plan_manage/include/ego_planner/ego_replan_fsm.h:15,
[7.691s]                  from /home/pjh/ego_swarm/ego-planner-swarm/src/planner/plan_manage/src/ego_replan_fsm.cpp:2:
[7.691s] /home/pjh/ego_swarm/ego-planner-swarm/install/bspline_opt/include/bspline_opt/lbfgs.hpp: In function ‘int lbfgs::line_search_morethuente(int, double*, double*, double*, double*, double*, const double*, const double*, const double*, const double*, lbfgs::callback_data_t*, const lbfgs::lbfgs_parameter_t*)’:
[7.691s] /home/pjh/ego_swarm/ego-planner-swarm/install/bspline_opt/include/bspline_opt/lbfgs.hpp:723:54: warning: unused parameter ‘gp’ [-Wunused-parameter]
[7.691s]   723 |                                        const double *gp,
[7.691s]       |                                        ~~~~~~~~~~~~~~^~
[7.966s] /home/pjh/ego_swarm/ego-planner-swarm/src/planner/plan_manage/src/ego_replan_fsm.cpp: In member function ‘void ego_planner::EGOReplanFSM::triggerCallback(const std::shared_ptr<const geometry_msgs::msg::PoseStamped_<std::allocator<void> > >&)’:
[7.966s] /home/pjh/ego_swarm/ego-planner-swarm/src/planner/plan_manage/src/ego_replan_fsm.cpp:232:100: warning: unused parameter ‘msg’ [-Wunused-parameter]
[7.966s]   232 |   void EGOReplanFSM::triggerCallback(const std::shared_ptr<const geometry_msgs::msg::PoseStamped> &msg)
[7.966s]       |                                      ~~~~~~~~~~~~~~~~~~~~~~~~~~~~~~~~~~~~~~~~~~~~~~~~~~~~~~~~~~~~~~^~~
[14.770s] [ 83%] Linking CXX executable traj_server
[15.201s] [ 83%] Built target traj_server
[32.399s] [100%] Linking CXX executable ego_planner_node
[33.407s] [100%] Built target ego_planner_node
[33.419s] Invoked command in '/home/pjh/ego_swarm/ego-planner-swarm/build/ego_planner' returned '0': CMAKE_PREFIX_PATH=/home/pjh/ego_swarm/ego-planner-swarm/install/bspline_opt:/home/pjh/ego_swarm/ego-planner-swarm/install/path_searching:/home/pjh/ego_swarm/ego-planner-swarm/install/traj_utils:/home/pjh/ego_swarm/ego-planner-swarm/install/quadrotor_msgs:/home/pjh/ego_swarm/ego-planner-swarm/install/plan_env:/home/pjh/ego_swarm/ego-planner-swarm/install/waypoint_generator:/home/pjh/ego_swarm/ego-planner-swarm/install/so3_quadrotor_simulator:/home/pjh/ego_swarm/ego-planner-swarm/install/uav_utils:/home/pjh/ego_swarm/ego-planner-swarm/install/traj_recorder:/home/pjh/ego_swarm/ego-planner-swarm/install/rosmsg_tcp_bridge:/home/pjh/ego_swarm/ego-planner-swarm/install/layer_planner:/home/pjh/ego_swarm/ego-planner-swarm/install/ego_planner:/home/pjh/ego_swarm/ego-planner-swarm/install/so3_control:/home/pjh/ego_swarm/ego-planner-swarm/install/poscmd_2_odom:/home/pjh/ego_swarm/ego-planner-swarm/install/odom_visualization:/home/pjh/ego_swarm/ego-planner-swarm/install/multi_map_server:/home/pjh/ego_swarm/ego-planner-swarm/install/local_sensing:/home/pjh/ego_swarm/ego-planner-swarm/install/pose_utils:/home/pjh/ego_swarm/ego-planner-swarm/install/mockamap:/home/pjh/ego_swarm/ego-planner-swarm/install/map_generator:/home/pjh/ego_swarm/ego-planner-swarm/install/drone_detect:/home/pjh/ego_swarm/ego-planner-swarm/install/cmake_utils:/opt/ros/humble LD_LIBRARY_PATH=/home/pjh/ego_swarm/ego-planner-swarm/install/path_searching/lib:/home/pjh/ego_swarm/ego-planner-swarm/install/traj_utils/lib:/home/pjh/ego_swarm/ego-planner-swarm/install/quadrotor_msgs/lib:/home/pjh/ego_swarm/ego-planner-swarm/install/plan_env/lib:/home/pjh/ego_swarm/ego-planner-swarm/install/bspline_opt/lib:/home/pjh/ego_swarm/ego-planner-swarm/install/so3_control/lib:/home/pjh/ego_swarm/ego-planner-swarm/install/multi_map_server/lib:/home/pjh/ego_swarm/ego-planner-swarm/install/pose_utils/lib:/usr/lib/x86_64-linux-gnu/gazebo-11/plugins:/opt/ros/humble/opt/rviz_ogre_vendor/lib:/opt/ros/humble/lib/x86_64-linux-gnu:/opt/ros/humble/lib /usr/bin/cmake --build /home/pjh/ego_swarm/ego-planner-swarm/build/ego_planner -- -j22 -l22
[33.421s] Invoking command in '/home/pjh/ego_swarm/ego-planner-swarm/build/ego_planner': CMAKE_PREFIX_PATH=/home/pjh/ego_swarm/ego-planner-swarm/install/bspline_opt:/home/pjh/ego_swarm/ego-planner-swarm/install/path_searching:/home/pjh/ego_swarm/ego-planner-swarm/install/traj_utils:/home/pjh/ego_swarm/ego-planner-swarm/install/quadrotor_msgs:/home/pjh/ego_swarm/ego-planner-swarm/install/plan_env:/home/pjh/ego_swarm/ego-planner-swarm/install/waypoint_generator:/home/pjh/ego_swarm/ego-planner-swarm/install/so3_quadrotor_simulator:/home/pjh/ego_swarm/ego-planner-swarm/install/uav_utils:/home/pjh/ego_swarm/ego-planner-swarm/install/traj_recorder:/home/pjh/ego_swarm/ego-planner-swarm/install/rosmsg_tcp_bridge:/home/pjh/ego_swarm/ego-planner-swarm/install/layer_planner:/home/pjh/ego_swarm/ego-planner-swarm/install/ego_planner:/home/pjh/ego_swarm/ego-planner-swarm/install/so3_control:/home/pjh/ego_swarm/ego-planner-swarm/install/poscmd_2_odom:/home/pjh/ego_swarm/ego-planner-swarm/install/odom_visualization:/home/pjh/ego_swarm/ego-planner-swarm/install/multi_map_server:/home/pjh/ego_swarm/ego-planner-swarm/install/local_sensing:/home/pjh/ego_swarm/ego-planner-swarm/install/pose_utils:/home/pjh/ego_swarm/ego-planner-swarm/install/mockamap:/home/pjh/ego_swarm/ego-planner-swarm/install/map_generator:/home/pjh/ego_swarm/ego-planner-swarm/install/drone_detect:/home/pjh/ego_swarm/ego-planner-swarm/install/cmake_utils:/opt/ros/humble LD_LIBRARY_PATH=/home/pjh/ego_swarm/ego-planner-swarm/install/path_searching/lib:/home/pjh/ego_swarm/ego-planner-swarm/install/traj_utils/lib:/home/pjh/ego_swarm/ego-planner-swarm/install/quadrotor_msgs/lib:/home/pjh/ego_swarm/ego-planner-swarm/install/plan_env/lib:/home/pjh/ego_swarm/ego-planner-swarm/install/bspline_opt/lib:/home/pjh/ego_swarm/ego-planner-swarm/install/so3_control/lib:/home/pjh/ego_swarm/ego-planner-swarm/install/multi_map_server/lib:/home/pjh/ego_swarm/ego-planner-swarm/install/pose_utils/lib:/usr/lib/x86_64-linux-gnu/gazebo-11/plugins:/opt/ros/humble/opt/rviz_ogre_vendor/lib:/opt/ros/humble/lib/x86_64-linux-gnu:/opt/ros/humble/lib /usr/bin/cmake --install /home/pjh/ego_swarm/ego-planner-swarm/build/ego_planner
[33.425s] -- Install configuration: "Release"
[33.426s] -- Execute custom install script
[33.426s] -- Symlinking: /home/pjh/ego_swarm/ego-planner-swarm/install/ego_planner/lib/ego_planner/ego_planner_node
[33.432s] -- Symlinking: /home/pjh/ego_swarm/ego-planner-swarm/install/ego_planner/lib/ego_planner/traj_server
[33.439s] -- Symlinking: /home/pjh/ego_swarm/ego-planner-swarm/install/ego_planner/share/ego_planner/launch/advanced_param.launch.py
[33.445s] -- Symlinking: /home/pjh/ego_swarm/ego-planner-swarm/install/ego_planner/share/ego_planner/launch/default.rviz
[33.452s] -- Symlinking: /home/pjh/ego_swarm/ego-planner-swarm/install/ego_planner/share/ego_planner/launch/default.rviz.backup_20251027_215251
[33.457s] -- Symlinking: /home/pjh/ego_swarm/ego-planner-swarm/install/ego_planner/share/ego_planner/launch/run_in_sim.launch.py
[33.463s] -- Symlinking: /home/pjh/ego_swarm/ego-planner-swarm/install/ego_planner/share/ego_planner/launch/run_in_sim_minimal.launch.py
[33.470s] -- Symlinking: /home/pjh/ego_swarm/ego-planner-swarm/install/ego_planner/share/ego_planner/launch/rviz.launch.py
[33.477s] -- Symlinking: /home/pjh/ego_swarm/ego-planner-swarm/install/ego_planner/share/ego_planner/launch/scenario_swarm.launch.py
[33.483s] -- Symlinking: /home/pjh/ego_swarm/ego-planner-swarm/install/ego_planner/share/ego_planner/launch/simulator.launch.py
[33.489s] -- Symlinking: /home/pjh/ego_swarm/ego-planner-swarm/install/ego_planner/share/ego_planner/launch/single_run_in_sim.launch.py
[33.495s] -- Symlinking: /home/pjh/ego_swarm/ego-planner-swarm/install/ego_planner/share/ego_planner/launch/swarm.launch.py
[33.502s] -- Symlinking: /home/pjh/ego_swarm/ego-planner-swarm/install/ego_planner/share/ego_planner/launch/swarm_large.launch.py
[33.508s] -- Symlinking: /home/pjh/ego_swarm/ego-planner-swarm/install/ego_planner/share/ament_index/resource_index/package_run_dependencies/ego_planner
[33.516s] -- Symlinking: /home/pjh/ego_swarm/ego-planner-swarm/install/ego_planner/share/ament_index/resource_index/parent_prefix_path/ego_planner
[33.522s] -- Symlinking: /home/pjh/ego_swarm/ego-planner-swarm/install/ego_planner/share/ego_planner/environment/ament_prefix_path.sh
[33.529s] -- Symlinking: /home/pjh/ego_swarm/ego-planner-swarm/install/ego_planner/share/ego_planner/environment/ament_prefix_path.dsv
[33.539s] -- Symlinking: /home/pjh/ego_swarm/ego-planner-swarm/install/ego_planner/share/ego_planner/environment/path.sh
[33.545s] -- Symlinking: /home/pjh/ego_swarm/ego-planner-swarm/install/ego_planner/share/ego_planner/environment/path.dsv
[33.552s] -- Symlinking: /home/pjh/ego_swarm/ego-planner-swarm/install/ego_planner/share/ego_planner/local_setup.bash
[33.559s] -- Symlinking: /home/pjh/ego_swarm/ego-planner-swarm/install/ego_planner/share/ego_planner/local_setup.sh
[33.564s] -- Symlinking: /home/pjh/ego_swarm/ego-planner-swarm/install/ego_planner/share/ego_planner/local_setup.zsh
[33.571s] -- Symlinking: /home/pjh/ego_swarm/ego-planner-swarm/install/ego_planner/share/ego_planner/local_setup.dsv
[33.577s] -- Symlinking: /home/pjh/ego_swarm/ego-planner-swarm/install/ego_planner/share/ego_planner/package.dsv
[33.584s] -- Symlinking: /home/pjh/ego_swarm/ego-planner-swarm/install/ego_planner/share/ament_index/resource_index/packages/ego_planner
[33.589s] -- Symlinking: /home/pjh/ego_swarm/ego-planner-swarm/install/ego_planner/share/ego_planner/cmake/ego_plannerConfig.cmake
[33.597s] -- Symlinking: /home/pjh/ego_swarm/ego-planner-swarm/install/ego_planner/share/ego_planner/cmake/ego_plannerConfig-version.cmake
[33.603s] -- Symlinking: /home/pjh/ego_swarm/ego-planner-swarm/install/ego_planner/share/ego_planner/package.xml
[33.614s] Invoked command in '/home/pjh/ego_swarm/ego-planner-swarm/build/ego_planner' returned '0': CMAKE_PREFIX_PATH=/home/pjh/ego_swarm/ego-planner-swarm/install/bspline_opt:/home/pjh/ego_swarm/ego-planner-swarm/install/path_searching:/home/pjh/ego_swarm/ego-planner-swarm/install/traj_utils:/home/pjh/ego_swarm/ego-planner-swarm/install/quadrotor_msgs:/home/pjh/ego_swarm/ego-planner-swarm/install/plan_env:/home/pjh/ego_swarm/ego-planner-swarm/install/waypoint_generator:/home/pjh/ego_swarm/ego-planner-swarm/install/so3_quadrotor_simulator:/home/pjh/ego_swarm/ego-planner-swarm/install/uav_utils:/home/pjh/ego_swarm/ego-planner-swarm/install/traj_recorder:/home/pjh/ego_swarm/ego-planner-swarm/install/rosmsg_tcp_bridge:/home/pjh/ego_swarm/ego-planner-swarm/install/layer_planner:/home/pjh/ego_swarm/ego-planner-swarm/install/ego_planner:/home/pjh/ego_swarm/ego-planner-swarm/install/so3_control:/home/pjh/ego_swarm/ego-planner-swarm/install/poscmd_2_odom:/home/pjh/ego_swarm/ego-planner-swarm/install/odom_visualization:/home/pjh/ego_swarm/ego-planner-swarm/install/multi_map_server:/home/pjh/ego_swarm/ego-planner-swarm/install/local_sensing:/home/pjh/ego_swarm/ego-planner-swarm/install/pose_utils:/home/pjh/ego_swarm/ego-planner-swarm/install/mockamap:/home/pjh/ego_swarm/ego-planner-swarm/install/map_generator:/home/pjh/ego_swarm/ego-planner-swarm/install/drone_detect:/home/pjh/ego_swarm/ego-planner-swarm/install/cmake_utils:/opt/ros/humble LD_LIBRARY_PATH=/home/pjh/ego_swarm/ego-planner-swarm/install/path_searching/lib:/home/pjh/ego_swarm/ego-planner-swarm/install/traj_utils/lib:/home/pjh/ego_swarm/ego-planner-swarm/install/quadrotor_msgs/lib:/home/pjh/ego_swarm/ego-planner-swarm/install/plan_env/lib:/home/pjh/ego_swarm/ego-planner-swarm/install/bspline_opt/lib:/home/pjh/ego_swarm/ego-planner-swarm/install/so3_control/lib:/home/pjh/ego_swarm/ego-planner-swarm/install/multi_map_server/lib:/home/pjh/ego_swarm/ego-planner-swarm/install/pose_utils/lib:/usr/lib/x86_64-linux-gnu/gazebo-11/plugins:/opt/ros/humble/opt/rviz_ogre_vendor/lib:/opt/ros/humble/lib/x86_64-linux-gnu:/opt/ros/humble/lib /usr/bin/cmake --install /home/pjh/ego_swarm/ego-planner-swarm/build/ego_planner
