/home/pjh/ego_swarm/ego-planner-swarm/src/uav_simulator/Utils/waypoint_generator/src/waypoint_generator.cpp:173:68: warning: ‘nav_msgs::msg::Odometry_<std::allocator<void> >::ConstPtr’ is deprecated [-Wdeprecated-declarations]
  173 |     void odom_callback(const nav_msgs::msg::Odometry::ConstPtr &msg)
      |                                                                    ^
In file included from /opt/ros/humble/include/nav_msgs/nav_msgs/msg/odometry.hpp:7,
                 from /home/pjh/ego_swarm/ego-planner-swarm/src/uav_simulator/Utils/waypoint_generator/src/waypoint_generator.cpp:4:
/opt/ros/humble/include/nav_msgs/nav_msgs/msg/detail/odometry__struct.hpp:146:5: note: declared here
  146 |     ConstPtr;
      |     ^~~~~~~~
/home/pjh/ego_swarm/ego-planner-swarm/src/uav_simulator/Utils/waypoint_generator/src/waypoint_generator.cpp:206:76: warning: ‘geometry_msgs::msg::PoseStamped_<std::allocator<void> >::ConstPtr’ is deprecated [-Wdeprecated-declarations]
  206 |     void goal_callback(const geometry_msgs::msg::PoseStamped::ConstPtr &msg)
      |                                                                            ^
In file included from /opt/ros/humble/include/geometry_msgs/geometry_msgs/msg/pose_stamped.hpp:7,
                 from /home/pjh/ego_swarm/ego-planner-swarm/src/uav_simulator/Utils/waypoint_generator/src/waypoint_generator.cpp:5:
/opt/ros/humble/include/geometry_msgs/geometry_msgs/msg/detail/pose_stamped__struct.hpp:115:5: note: declared here
  115 |     ConstPtr;
      |     ^~~~~~~~
/home/pjh/ego_swarm/ego-planner-swarm/src/uav_simulator/Utils/waypoint_generator/src/waypoint_generator.cpp: In member function ‘void WaypointGenerator::traj_start_trigger_callback(const PoseStamped&)’:
/home/pjh/ego_swarm/ego-planner-swarm/src/uav_simulator/Utils/waypoint_generator/src/waypoint_generator.cpp:305:77: warning: unused parameter ‘msg’ [-Wunused-parameter]
  305 |     void traj_start_trigger_callback(const geometry_msgs::msg::PoseStamped &msg)
      |                                      ~~~~~~~~~~~~~~~~~~~~~~~~~~~~~~~~~~~~~~~^~~
