-- The C compiler identification is GNU 11.4.0
-- The CXX compiler identification is GNU 11.4.0
-- Detecting C compiler ABI info
-- Detecting C compiler ABI info - done
-- Check for working C compiler: /usr/bin/cc - skipped
-- Detecting C compile features
-- Detecting C compile features - done
-- Detecting CXX compiler ABI info
-- Detecting CXX compiler ABI info - done
-- Check for working CXX compiler: /usr/bin/c++ - skipped
-- Detecting CXX compile features
-- Detecting CXX compile features - done
-- Found ament_cmake: 1.3.12 (/opt/ros/humble/share/ament_cmake/cmake)
-- Found Python3: /usr/bin/python3 (found version "3.10.12") found components: Interpreter 
-- Override CMake install command with custom implementation using symlinks instead of copying resources
-- Found rclcpp: 16.0.15 (/opt/ros/humble/share/rclcpp/cmake)
-- Found rosidl_generator_c: 3.1.7 (/opt/ros/humble/share/rosidl_generator_c/cmake)
-- Found rosidl_adapter: 3.1.7 (/opt/ros/humble/share/rosidl_adapter/cmake)
-- Found rosidl_generator_cpp: 3.1.7 (/opt/ros/humble/share/rosidl_generator_cpp/cmake)
-- Using all available rosidl_typesupport_c: rosidl_typesupport_fastrtps_c;rosidl_typesupport_introspection_c
-- Using all available rosidl_typesupport_cpp: rosidl_typesupport_fastrtps_cpp;rosidl_typesupport_introspection_cpp
-- Found rmw_implementation_cmake: 6.1.2 (/opt/ros/humble/share/rmw_implementation_cmake/cmake)
-- Found rmw_cyclonedds_cpp: 1.3.4 (/opt/ros/humble/share/rmw_cyclonedds_cpp/cmake)
-- Using RMW implementation 'rmw_cyclonedds_cpp' as default
-- Looking for pthread.h
-- Looking for pthread.h - found
-- Performing Test CMAKE_HAVE_LIBC_PTHREAD
-- Performing Test CMAKE_HAVE_LIBC_PTHREAD - Success
-- Found Threads: TRUE  
-- Found tf2: 0.25.16 (/opt/ros/humble/share/tf2/cmake)
-- Found tf2_geometry_msgs: 0.25.16 (/opt/ros/humble/share/tf2_geometry_msgs/cmake)
-- Found eigen3_cmake_module: 0.1.1 (/opt/ros/humble/share/eigen3_cmake_module/cmake)
-- Found Eigen3: TRUE (found version "3.4.0") 
-- Ensuring Eigen3 include directory is part of orocos-kdl CMake target
-- Found nav_msgs: 4.9.0 (/opt/ros/humble/share/nav_msgs/cmake)
-- Found ament_lint_auto: 0.12.14 (/opt/ros/humble/share/ament_lint_auto/cmake)
-- Added test 'cppcheck' to perform static code analysis on C / C++ code
-- Configured cppcheck include dirs: /home/pjh/ego_swarm/ego-planner-swarm/src/uav_simulator/Utils/waypoint_generator/include
-- Configured cppcheck exclude dirs and/or files: 
-- Added test 'lint_cmake' to check CMake code style
-- Added test 'uncrustify' to check C / C++ code style
-- Configured uncrustify additional arguments: 
-- Added test 'xmllint' to check XML markup files
-- Configuring done
-- Generating done
-- Build files have been written to: /home/pjh/ego_swarm/ego-planner-swarm/build/waypoint_generator
[ 50%] Building CXX object CMakeFiles/waypoint_generator.dir/src/waypoint_generator.cpp.o
/home/pjh/ego_swarm/ego-planner-swarm/src/uav_simulator/Utils/waypoint_generator/src/waypoint_generator.cpp:173:68: warning: ‘nav_msgs::msg::Odometry_<std::allocator<void> >::ConstPtr’ is deprecated [-Wdeprecated-declarations]
  173 |     void odom_callback(const nav_msgs::msg::Odometry::ConstPtr &msg)
      |                                                                    ^
In file included from /opt/ros/humble/include/nav_msgs/nav_msgs/msg/odometry.hpp:7,
                 from /home/pjh/ego_swarm/ego-planner-swarm/src/uav_simulator/Utils/waypoint_generator/src/waypoint_generator.cpp:4:
/opt/ros/humble/include/nav_msgs/nav_msgs/msg/detail/odometry__struct.hpp:146:5: note: declared here
  146 |     ConstPtr;
      |     ^~~~~~~~
/home/pjh/ego_swarm/ego-planner-swarm/src/uav_simulator/Utils/waypoint_generator/src/waypoint_generator.cpp:206:76: warning: ‘geometry_msgs::msg::PoseStamped_<std::allocator<void> >::ConstPtr’ is deprecated [-Wdeprecated-declarations]
  206 |     void goal_callback(const geometry_msgs::msg::PoseStamped::ConstPtr &msg)
      |                                                                            ^
In file included from /opt/ros/humble/include/geometry_msgs/geometry_msgs/msg/pose_stamped.hpp:7,
                 from /home/pjh/ego_swarm/ego-planner-swarm/src/uav_simulator/Utils/waypoint_generator/src/waypoint_generator.cpp:5:
/opt/ros/humble/include/geometry_msgs/geometry_msgs/msg/detail/pose_stamped__struct.hpp:115:5: note: declared here
  115 |     ConstPtr;
      |     ^~~~~~~~
/home/pjh/ego_swarm/ego-planner-swarm/src/uav_simulator/Utils/waypoint_generator/src/waypoint_generator.cpp: In member function ‘void WaypointGenerator::traj_start_trigger_callback(const PoseStamped&)’:
/home/pjh/ego_swarm/ego-planner-swarm/src/uav_simulator/Utils/waypoint_generator/src/waypoint_generator.cpp:305:77: warning: unused parameter ‘msg’ [-Wunused-parameter]
  305 |     void traj_start_trigger_callback(const geometry_msgs::msg::PoseStamped &msg)
      |                                      ~~~~~~~~~~~~~~~~~~~~~~~~~~~~~~~~~~~~~~~^~~
[100%] Linking CXX executable waypoint_generator
[100%] Built target waypoint_generator
-- Install configuration: ""
-- Execute custom install script
-- Symlinking: /home/pjh/ego_swarm/ego-planner-swarm/install/waypoint_generator/lib/waypoint_generator/waypoint_generator
-- Symlinking: /home/pjh/ego_swarm/ego-planner-swarm/install/waypoint_generator/share/ament_index/resource_index/package_run_dependencies/waypoint_generator
-- Symlinking: /home/pjh/ego_swarm/ego-planner-swarm/install/waypoint_generator/share/ament_index/resource_index/parent_prefix_path/waypoint_generator
-- Symlinking: /home/pjh/ego_swarm/ego-planner-swarm/install/waypoint_generator/share/waypoint_generator/environment/ament_prefix_path.sh
-- Symlinking: /home/pjh/ego_swarm/ego-planner-swarm/install/waypoint_generator/share/waypoint_generator/environment/ament_prefix_path.dsv
-- Symlinking: /home/pjh/ego_swarm/ego-planner-swarm/install/waypoint_generator/share/waypoint_generator/environment/path.sh
-- Symlinking: /home/pjh/ego_swarm/ego-planner-swarm/install/waypoint_generator/share/waypoint_generator/environment/path.dsv
-- Symlinking: /home/pjh/ego_swarm/ego-planner-swarm/install/waypoint_generator/share/waypoint_generator/local_setup.bash
-- Symlinking: /home/pjh/ego_swarm/ego-planner-swarm/install/waypoint_generator/share/waypoint_generator/local_setup.sh
-- Symlinking: /home/pjh/ego_swarm/ego-planner-swarm/install/waypoint_generator/share/waypoint_generator/local_setup.zsh
-- Symlinking: /home/pjh/ego_swarm/ego-planner-swarm/install/waypoint_generator/share/waypoint_generator/local_setup.dsv
-- Symlinking: /home/pjh/ego_swarm/ego-planner-swarm/install/waypoint_generator/share/waypoint_generator/package.dsv
-- Symlinking: /home/pjh/ego_swarm/ego-planner-swarm/install/waypoint_generator/share/ament_index/resource_index/packages/waypoint_generator
-- Symlinking: /home/pjh/ego_swarm/ego-planner-swarm/install/waypoint_generator/share/waypoint_generator/cmake/waypoint_generatorConfig.cmake
-- Symlinking: /home/pjh/ego_swarm/ego-planner-swarm/install/waypoint_generator/share/waypoint_generator/cmake/waypoint_generatorConfig-version.cmake
-- Symlinking: /home/pjh/ego_swarm/ego-planner-swarm/install/waypoint_generator/share/waypoint_generator/package.xml
