[0.022s] Invoking command in '/home/pjh/ego_swarm/ego-planner-swarm/build/waypoint_generator': CMAKE_PREFIX_PATH=${CMAKE_PREFIX_PATH}:/opt/ros/humble /usr/bin/cmake /home/pjh/ego_swarm/ego-planner-swarm/src/uav_simulator/Utils/waypoint_generator -DAMENT_CMAKE_SYMLINK_INSTALL=1 -DCMAKE_INSTALL_PREFIX=/home/pjh/ego_swarm/ego-planner-swarm/install/waypoint_generator
[0.164s] -- The C compiler identification is GNU 11.4.0
[0.253s] -- The CXX compiler identification is GNU 11.4.0
[0.260s] -- Detecting C compiler ABI info
[0.316s] -- Detecting C compiler ABI info - done
[0.322s] -- Check for working C compiler: /usr/bin/cc - skipped
[0.322s] -- Detecting C compile features
[0.322s] -- Detecting C compile features - done
[0.324s] -- Detecting CXX compiler ABI info
[0.382s] -- Detecting CXX compiler ABI info - done
[0.387s] -- Check for working CXX compiler: /usr/bin/c++ - skipped
[0.387s] -- Detecting CXX compile features
[0.388s] -- Detecting CXX compile features - done
[0.393s] -- Found ament_cmake: 1.3.12 (/opt/ros/humble/share/ament_cmake/cmake)
[0.496s] -- Found Python3: /usr/bin/python3 (found version "3.10.12") found components: Interpreter 
[0.545s] -- Override CMake install command with custom implementation using symlinks instead of copying resources
[0.566s] -- Found rclcpp: 16.0.15 (/opt/ros/humble/share/rclcpp/cmake)
[0.609s] -- Found rosidl_generator_c: 3.1.7 (/opt/ros/humble/share/rosidl_generator_c/cmake)
[0.613s] -- Found rosidl_adapter: 3.1.7 (/opt/ros/humble/share/rosidl_adapter/cmake)
[0.621s] -- Found rosidl_generator_cpp: 3.1.7 (/opt/ros/humble/share/rosidl_generator_cpp/cmake)
[0.633s] -- Using all available rosidl_typesupport_c: rosidl_typesupport_fastrtps_c;rosidl_typesupport_introspection_c
[0.647s] -- Using all available rosidl_typesupport_cpp: rosidl_typesupport_fastrtps_cpp;rosidl_typesupport_introspection_cpp
[0.685s] -- Found rmw_implementation_cmake: 6.1.2 (/opt/ros/humble/share/rmw_implementation_cmake/cmake)
[0.687s] -- Found rmw_cyclonedds_cpp: 1.3.4 (/opt/ros/humble/share/rmw_cyclonedds_cpp/cmake)
[0.704s] -- Using RMW implementation 'rmw_cyclonedds_cpp' as default
[0.714s] -- Looking for pthread.h
[0.773s] -- Looking for pthread.h - found
[0.774s] -- Performing Test CMAKE_HAVE_LIBC_PTHREAD
[0.821s] -- Performing Test CMAKE_HAVE_LIBC_PTHREAD - Success
[0.822s] -- Found Threads: TRUE  
[0.870s] -- Found tf2: 0.25.16 (/opt/ros/humble/share/tf2/cmake)
[0.897s] -- Found tf2_geometry_msgs: 0.25.16 (/opt/ros/humble/share/tf2_geometry_msgs/cmake)
[0.916s] -- Found eigen3_cmake_module: 0.1.1 (/opt/ros/humble/share/eigen3_cmake_module/cmake)
[0.918s] -- Found Eigen3: TRUE (found version "3.4.0") 
[0.918s] -- Ensuring Eigen3 include directory is part of orocos-kdl CMake target
[1.009s] -- Found nav_msgs: 4.9.0 (/opt/ros/humble/share/nav_msgs/cmake)
[1.027s] -- Found ament_lint_auto: 0.12.14 (/opt/ros/humble/share/ament_lint_auto/cmake)
[1.094s] -- Added test 'cppcheck' to perform static code analysis on C / C++ code
[1.094s] -- Configured cppcheck include dirs: /home/pjh/ego_swarm/ego-planner-swarm/src/uav_simulator/Utils/waypoint_generator/include
[1.094s] -- Configured cppcheck exclude dirs and/or files: 
[1.095s] -- Added test 'lint_cmake' to check CMake code style
[1.096s] -- Added test 'uncrustify' to check C / C++ code style
[1.096s] -- Configured uncrustify additional arguments: 
[1.097s] -- Added test 'xmllint' to check XML markup files
[1.099s] -- Configuring done
[1.112s] -- Generating done
[1.143s] -- Build files have been written to: /home/pjh/ego_swarm/ego-planner-swarm/build/waypoint_generator
[1.143s] Invoked command in '/home/pjh/ego_swarm/ego-planner-swarm/build/waypoint_generator' returned '0': CMAKE_PREFIX_PATH=${CMAKE_PREFIX_PATH}:/opt/ros/humble /usr/bin/cmake /home/pjh/ego_swarm/ego-planner-swarm/src/uav_simulator/Utils/waypoint_generator -DAMENT_CMAKE_SYMLINK_INSTALL=1 -DCMAKE_INSTALL_PREFIX=/home/pjh/ego_swarm/ego-planner-swarm/install/waypoint_generator
[1.144s] Invoking command in '/home/pjh/ego_swarm/ego-planner-swarm/build/waypoint_generator': CMAKE_PREFIX_PATH=${CMAKE_PREFIX_PATH}:/opt/ros/humble /usr/bin/cmake --build /home/pjh/ego_swarm/ego-planner-swarm/build/waypoint_generator -- -j22 -l22
[1.188s] [ 50%] Building CXX object CMakeFiles/waypoint_generator.dir/src/waypoint_generator.cpp.o
[4.883s] /home/pjh/ego_swarm/ego-planner-swarm/src/uav_simulator/Utils/waypoint_generator/src/waypoint_generator.cpp:173:68: warning: ‘nav_msgs::msg::Odometry_<std::allocator<void> >::ConstPtr’ is deprecated [-Wdeprecated-declarations]
[4.883s]   173 |     void odom_callback(const nav_msgs::msg::Odometry::ConstPtr &msg)
[4.883s]       |                                                                    ^
[4.883s] In file included from /opt/ros/humble/include/nav_msgs/nav_msgs/msg/odometry.hpp:7,
[4.883s]                  from /home/pjh/ego_swarm/ego-planner-swarm/src/uav_simulator/Utils/waypoint_generator/src/waypoint_generator.cpp:4:
[4.883s] /opt/ros/humble/include/nav_msgs/nav_msgs/msg/detail/odometry__struct.hpp:146:5: note: declared here
[4.883s]   146 |     ConstPtr;
[4.883s]       |     ^~~~~~~~
[4.883s] /home/pjh/ego_swarm/ego-planner-swarm/src/uav_simulator/Utils/waypoint_generator/src/waypoint_generator.cpp:206:76: warning: ‘geometry_msgs::msg::PoseStamped_<std::allocator<void> >::ConstPtr’ is deprecated [-Wdeprecated-declarations]
[4.883s]   206 |     void goal_callback(const geometry_msgs::msg::PoseStamped::ConstPtr &msg)
[4.884s]       |                                                                            ^
[4.884s] In file included from /opt/ros/humble/include/geometry_msgs/geometry_msgs/msg/pose_stamped.hpp:7,
[4.884s]                  from /home/pjh/ego_swarm/ego-planner-swarm/src/uav_simulator/Utils/waypoint_generator/src/waypoint_generator.cpp:5:
[4.884s] /opt/ros/humble/include/geometry_msgs/geometry_msgs/msg/detail/pose_stamped__struct.hpp:115:5: note: declared here
[4.884s]   115 |     ConstPtr;
[4.884s]       |     ^~~~~~~~
[5.187s] /home/pjh/ego_swarm/ego-planner-swarm/src/uav_simulator/Utils/waypoint_generator/src/waypoint_generator.cpp: In member function ‘void WaypointGenerator::traj_start_trigger_callback(const PoseStamped&)’:
[5.187s] /home/pjh/ego_swarm/ego-planner-swarm/src/uav_simulator/Utils/waypoint_generator/src/waypoint_generator.cpp:305:77: warning: unused parameter ‘msg’ [-Wunused-parameter]
[5.187s]   305 |     void traj_start_trigger_callback(const geometry_msgs::msg::PoseStamped &msg)
[5.187s]       |                                      ~~~~~~~~~~~~~~~~~~~~~~~~~~~~~~~~~~~~~~~^~~
[20.767s] [100%] Linking CXX executable waypoint_generator
[21.167s] [100%] Built target waypoint_generator
[21.177s] Invoked command in '/home/pjh/ego_swarm/ego-planner-swarm/build/waypoint_generator' returned '0': CMAKE_PREFIX_PATH=${CMAKE_PREFIX_PATH}:/opt/ros/humble /usr/bin/cmake --build /home/pjh/ego_swarm/ego-planner-swarm/build/waypoint_generator -- -j22 -l22
[21.179s] Invoking command in '/home/pjh/ego_swarm/ego-planner-swarm/build/waypoint_generator': CMAKE_PREFIX_PATH=${CMAKE_PREFIX_PATH}:/opt/ros/humble /usr/bin/cmake --install /home/pjh/ego_swarm/ego-planner-swarm/build/waypoint_generator
[21.185s] -- Install configuration: ""
[21.185s] -- Execute custom install script
[21.186s] -- Symlinking: /home/pjh/ego_swarm/ego-planner-swarm/install/waypoint_generator/lib/waypoint_generator/waypoint_generator
[21.193s] -- Symlinking: /home/pjh/ego_swarm/ego-planner-swarm/install/waypoint_generator/share/ament_index/resource_index/package_run_dependencies/waypoint_generator
[21.204s] -- Symlinking: /home/pjh/ego_swarm/ego-planner-swarm/install/waypoint_generator/share/ament_index/resource_index/parent_prefix_path/waypoint_generator
[21.212s] -- Symlinking: /home/pjh/ego_swarm/ego-planner-swarm/install/waypoint_generator/share/waypoint_generator/environment/ament_prefix_path.sh
[21.220s] -- Symlinking: /home/pjh/ego_swarm/ego-planner-swarm/install/waypoint_generator/share/waypoint_generator/environment/ament_prefix_path.dsv
[21.228s] -- Symlinking: /home/pjh/ego_swarm/ego-planner-swarm/install/waypoint_generator/share/waypoint_generator/environment/path.sh
[21.235s] -- Symlinking: /home/pjh/ego_swarm/ego-planner-swarm/install/waypoint_generator/share/waypoint_generator/environment/path.dsv
[21.243s] -- Symlinking: /home/pjh/ego_swarm/ego-planner-swarm/install/waypoint_generator/share/waypoint_generator/local_setup.bash
[21.250s] -- Symlinking: /home/pjh/ego_swarm/ego-planner-swarm/install/waypoint_generator/share/waypoint_generator/local_setup.sh
[21.265s] -- Symlinking: /home/pjh/ego_swarm/ego-planner-swarm/install/waypoint_generator/share/waypoint_generator/local_setup.zsh
[21.277s] -- Symlinking: /home/pjh/ego_swarm/ego-planner-swarm/install/waypoint_generator/share/waypoint_generator/local_setup.dsv
[21.309s] -- Symlinking: /home/pjh/ego_swarm/ego-planner-swarm/install/waypoint_generator/share/waypoint_generator/package.dsv
[21.322s] -- Symlinking: /home/pjh/ego_swarm/ego-planner-swarm/install/waypoint_generator/share/ament_index/resource_index/packages/waypoint_generator
[21.348s] -- Symlinking: /home/pjh/ego_swarm/ego-planner-swarm/install/waypoint_generator/share/waypoint_generator/cmake/waypoint_generatorConfig.cmake
[21.365s] -- Symlinking: /home/pjh/ego_swarm/ego-planner-swarm/install/waypoint_generator/share/waypoint_generator/cmake/waypoint_generatorConfig-version.cmake
[21.381s] -- Symlinking: /home/pjh/ego_swarm/ego-planner-swarm/install/waypoint_generator/share/waypoint_generator/package.xml
[21.400s] Invoked command in '/home/pjh/ego_swarm/ego-planner-swarm/build/waypoint_generator' returned '0': CMAKE_PREFIX_PATH=${CMAKE_PREFIX_PATH}:/opt/ros/humble /usr/bin/cmake --install /home/pjh/ego_swarm/ego-planner-swarm/build/waypoint_generator
