[0.019s] Invoking command in '/home/pjh/ego_swarm/ego-planner-swarm/build/traj_utils': CMAKE_PREFIX_PATH=${CMAKE_PREFIX_PATH}:/opt/ros/humble /usr/bin/cmake /home/pjh/ego_swarm/ego-planner-swarm/src/planner/traj_utils -DAMENT_CMAKE_SYMLINK_INSTALL=1 -DCMAKE_INSTALL_PREFIX=/home/pjh/ego_swarm/ego-planner-swarm/install/traj_utils
[0.179s] -- The C compiler identification is GNU 11.4.0
[0.271s] -- The CXX compiler identification is GNU 11.4.0
[0.276s] -- Detecting C compiler ABI info
[0.336s] -- Detecting C compiler ABI info - done
[0.342s] -- Check for working C compiler: /usr/bin/cc - skipped
[0.342s] -- Detecting C compile features
[0.342s] -- Detecting C compile features - done
[0.344s] -- Detecting CXX compiler ABI info
[0.392s] -- Detecting CXX compiler ABI info - done
[0.397s] -- Check for working CXX compiler: /usr/bin/c++ - skipped
[0.397s] -- Detecting CXX compile features
[0.397s] -- Detecting CXX compile features - done
[0.407s] -- Found ament_cmake: 1.3.12 (/opt/ros/humble/share/ament_cmake/cmake)
[0.522s] -- Found Python3: /usr/bin/python3 (found version "3.10.12") found components: Interpreter 
[0.594s] -- Override CMake install command with custom implementation using symlinks instead of copying resources
[0.606s] -- Found rclcpp: 16.0.15 (/opt/ros/humble/share/rclcpp/cmake)
[0.628s] -- Found rosidl_generator_c: 3.1.7 (/opt/ros/humble/share/rosidl_generator_c/cmake)
[0.629s] -- Found rosidl_adapter: 3.1.7 (/opt/ros/humble/share/rosidl_adapter/cmake)
[0.633s] -- Found rosidl_generator_cpp: 3.1.7 (/opt/ros/humble/share/rosidl_generator_cpp/cmake)
[0.648s] -- Using all available rosidl_typesupport_c: rosidl_typesupport_fastrtps_c;rosidl_typesupport_introspection_c
[0.659s] -- Using all available rosidl_typesupport_cpp: rosidl_typesupport_fastrtps_cpp;rosidl_typesupport_introspection_cpp
[0.694s] -- Found rmw_implementation_cmake: 6.1.2 (/opt/ros/humble/share/rmw_implementation_cmake/cmake)
[0.697s] -- Found rmw_cyclonedds_cpp: 1.3.4 (/opt/ros/humble/share/rmw_cyclonedds_cpp/cmake)
[0.718s] -- Using RMW implementation 'rmw_cyclonedds_cpp' as default
[0.729s] -- Looking for pthread.h
[0.788s] -- Looking for pthread.h - found
[0.788s] -- Performing Test CMAKE_HAVE_LIBC_PTHREAD
[0.836s] -- Performing Test CMAKE_HAVE_LIBC_PTHREAD - Success
[0.836s] -- Found Threads: TRUE  
[0.880s] -- Found geometry_msgs: 4.9.0 (/opt/ros/humble/share/geometry_msgs/cmake)
[0.893s] -- Found visualization_msgs: 4.9.0 (/opt/ros/humble/share/visualization_msgs/cmake)
[0.932s] -- Found rosidl_default_generators: 1.2.0 (/opt/ros/humble/share/rosidl_default_generators/cmake)
[0.960s] -- Checking for module 'eigen3'
[0.972s] --   Found eigen3, version 3.4.0
[0.996s] -- Found Eigen: /usr/include/eigen3 (Required is at least version "3.1") 
[0.996s] -- Eigen found (include: /usr/include/eigen3, version: 3.4.0)
[1.013s] -- Found Boost: /usr/lib/x86_64-linux-gnu/cmake/Boost-1.74.0/BoostConfig.cmake (found suitable version "1.74.0", minimum required is "1.65.0") found components: system filesystem date_time iostreams serialization 
[1.029s] -- Checking for module 'flann'
[1.040s] --   Found flann, version 1.9.1
[1.069s] -- Found FLANN: /usr/lib/x86_64-linux-gnu/libflann_cpp.so  
[1.070s] -- FLANN found (include: /usr/include, lib: /usr/lib/x86_64-linux-gnu/libflann_cpp.so)
[1.094s] -- Found GLEW: /usr/lib/x86_64-linux-gnu/libGLEW.so  
[1.099s] -- Found OpenGL: /usr/lib/x86_64-linux-gnu/libOpenGL.so  found components: OpenGL GLX 
[1.211s] -- Found MPI_C: /usr/lib/x86_64-linux-gnu/libmpi.so (found version "3.1") 
[1.211s] -- Found MPI: TRUE (found version "3.1") found components: C 
[1.213s] -- Found JsonCpp: /usr/lib/x86_64-linux-gnu/libjsoncpp.so (found suitable version "1.9.5", minimum required is "0.7.0") 
[1.219s] -- Found ZLIB: /usr/lib/x86_64-linux-gnu/libz.so (found version "1.2.11") 
[1.230s] -- Found PNG: /usr/lib/x86_64-linux-gnu/libpng.so (found version "1.6.37") 
[1.253s] -- Found Eigen3: /usr/include/eigen3 (found version "3.4.0") 
[1.336s] -- Found X11: /usr/include   
[1.336s] -- Looking for XOpenDisplay in /usr/lib/x86_64-linux-gnu/libX11.so;/usr/lib/x86_64-linux-gnu/libXext.so
[1.390s] -- Looking for XOpenDisplay in /usr/lib/x86_64-linux-gnu/libX11.so;/usr/lib/x86_64-linux-gnu/libXext.so - found
[1.390s] -- Looking for gethostbyname
[1.436s] -- Looking for gethostbyname - found
[1.436s] -- Looking for connect
[1.479s] -- Looking for connect - found
[1.479s] -- Looking for remove
[1.522s] -- Looking for remove - found
[1.522s] -- Looking for shmat
[1.578s] -- Looking for shmat - found
[1.579s] -- Looking for IceConnectionNumber in ICE
[1.634s] -- Looking for IceConnectionNumber in ICE - found
[1.705s] -- Found EXPAT: /usr/lib/x86_64-linux-gnu/libexpat.so (found version "2.4.7") 
[1.706s] -- Found double-conversion: /usr/lib/x86_64-linux-gnu/libdouble-conversion.so  
[1.708s] -- Found LZ4: /usr/lib/x86_64-linux-gnu/liblz4.so (found version "1.9.3") 
[1.710s] -- Found LZMA: /usr/lib/x86_64-linux-gnu/liblzma.so (found version "5.2.5") 
[1.783s] -- Found JPEG: /usr/lib/x86_64-linux-gnu/libjpeg.so (found version "80") 
[1.794s] -- Found TIFF: /usr/lib/x86_64-linux-gnu/libtiff.so (found version "4.3.0")  
[1.797s] -- Found Freetype: /usr/lib/x86_64-linux-gnu/libfreetype.so (found version "2.11.1") 
[1.803s] -- Found utf8cpp: /usr/include/utf8cpp  
[1.873s] -- Checking for module 'libusb-1.0'
[1.886s] --   Found libusb-1.0, version 1.0.25
[1.919s] -- Found libusb: /usr/lib/x86_64-linux-gnu/libusb-1.0.so  
[1.920s] -- Found OpenNI: /usr/lib/libOpenNI.so;libusb::libusb (found version "1.5.4.0") 
[1.920s] -- OpenNI found (version: 1.5.4.0, include: /usr/include/ni, lib: /usr/lib/libOpenNI.so;libusb::libusb)
[1.963s] -- Found OpenNI2: /usr/lib/x86_64-linux-gnu/libOpenNI2.so;libusb::libusb (found version "2.2.0.33") 
[1.963s] -- OpenNI2 found (version: 2.2.0.33, include: /usr/include/openni2, lib: /usr/lib/x86_64-linux-gnu/libOpenNI2.so;libusb::libusb)
[1.963s] ** WARNING ** io features related to pcap will be disabled
[2.103s] -- Eigen found (include: /usr/include/eigen3, version: 3.4.0)
[2.107s] -- OpenNI found (version: 1.5.4.0, include: /usr/include/ni, lib: /usr/lib/libOpenNI.so;libusb::libusb)
[2.113s] -- OpenNI2 found (version: 2.2.0.33, include: /usr/include/openni2, lib: /usr/lib/x86_64-linux-gnu/libOpenNI2.so;libusb::libusb)
[2.239s] -- Found Qhull version 8.0.2
[2.376s] -- OpenNI found (version: 1.5.4.0, include: /usr/include/ni, lib: /usr/lib/libOpenNI.so;libusb::libusb)
[2.516s] -- looking for PCL_COMMON
[2.517s] -- Found PCL_COMMON: /usr/lib/x86_64-linux-gnu/libpcl_common.so  
[2.517s] -- looking for PCL_KDTREE
[2.519s] -- Found PCL_KDTREE: /usr/lib/x86_64-linux-gnu/libpcl_kdtree.so  
[2.519s] -- looking for PCL_OCTREE
[2.520s] -- Found PCL_OCTREE: /usr/lib/x86_64-linux-gnu/libpcl_octree.so  
[2.520s] -- looking for PCL_SEARCH
[2.521s] -- Found PCL_SEARCH: /usr/lib/x86_64-linux-gnu/libpcl_search.so  
[2.521s] -- looking for PCL_SAMPLE_CONSENSUS
[2.522s] -- Found PCL_SAMPLE_CONSENSUS: /usr/lib/x86_64-linux-gnu/libpcl_sample_consensus.so  
[2.522s] -- looking for PCL_FILTERS
[2.523s] -- Found PCL_FILTERS: /usr/lib/x86_64-linux-gnu/libpcl_filters.so  
[2.524s] -- looking for PCL_2D
[2.524s] -- Found PCL_2D: /usr/include/pcl-1.12  
[2.524s] -- looking for PCL_GEOMETRY
[2.524s] -- Found PCL_GEOMETRY: /usr/include/pcl-1.12  
[2.525s] -- looking for PCL_IO
[2.525s] -- Found PCL_IO: /usr/lib/x86_64-linux-gnu/libpcl_io.so  
[2.526s] -- looking for PCL_FEATURES
[2.526s] -- Found PCL_FEATURES: /usr/lib/x86_64-linux-gnu/libpcl_features.so  
[2.527s] -- looking for PCL_ML
[2.528s] -- Found PCL_ML: /usr/lib/x86_64-linux-gnu/libpcl_ml.so  
[2.528s] -- looking for PCL_SEGMENTATION
[2.529s] -- Found PCL_SEGMENTATION: /usr/lib/x86_64-linux-gnu/libpcl_segmentation.so  
[2.529s] -- looking for PCL_VISUALIZATION
[2.530s] -- Found PCL_VISUALIZATION: /usr/lib/x86_64-linux-gnu/libpcl_visualization.so  
[2.530s] -- looking for PCL_SURFACE
[2.531s] -- Found PCL_SURFACE: /usr/lib/x86_64-linux-gnu/libpcl_surface.so  
[2.531s] -- looking for PCL_REGISTRATION
[2.532s] -- Found PCL_REGISTRATION: /usr/lib/x86_64-linux-gnu/libpcl_registration.so  
[2.532s] -- looking for PCL_KEYPOINTS
[2.533s] -- Found PCL_KEYPOINTS: /usr/lib/x86_64-linux-gnu/libpcl_keypoints.so  
[2.533s] -- looking for PCL_TRACKING
[2.534s] -- Found PCL_TRACKING: /usr/lib/x86_64-linux-gnu/libpcl_tracking.so  
[2.534s] -- looking for PCL_RECOGNITION
[2.535s] -- Found PCL_RECOGNITION: /usr/lib/x86_64-linux-gnu/libpcl_recognition.so  
[2.536s] -- looking for PCL_STEREO
[2.536s] -- Found PCL_STEREO: /usr/lib/x86_64-linux-gnu/libpcl_stereo.so  
[2.537s] -- looking for PCL_APPS
[2.538s] -- Found PCL_APPS: /usr/lib/x86_64-linux-gnu/libpcl_apps.so  
[2.538s] -- looking for PCL_IN_HAND_SCANNER
[2.538s] -- Found PCL_IN_HAND_SCANNER: /usr/include/pcl-1.12  
[2.538s] -- looking for PCL_MODELER
[2.539s] -- Found PCL_MODELER: /usr/include/pcl-1.12  
[2.539s] -- looking for PCL_POINT_CLOUD_EDITOR
[2.539s] -- Found PCL_POINT_CLOUD_EDITOR: /usr/include/pcl-1.12  
[2.539s] -- looking for PCL_OUTOFCORE
[2.540s] -- Found PCL_OUTOFCORE: /usr/lib/x86_64-linux-gnu/libpcl_outofcore.so  
[2.540s] -- looking for PCL_PEOPLE
[2.541s] -- Found PCL_PEOPLE: /usr/lib/x86_64-linux-gnu/libpcl_people.so  
[2.542s] -- Found PCL: pcl_common;pcl_kdtree;pcl_octree;pcl_search;pcl_sample_consensus;pcl_filters;pcl_io;pcl_features;pcl_ml;pcl_segmentation;pcl_visualization;pcl_surface;pcl_registration;pcl_keypoints;pcl_tracking;pcl_recognition;pcl_stereo;pcl_apps;pcl_outofcore;pcl_people;Boost::system;Boost::filesystem;Boost::date_time;Boost::iostreams;Boost::serialization;/usr/lib/libOpenNI.so;libusb::libusb;/usr/lib/x86_64-linux-gnu/libOpenNI2.so;libusb::libusb;VTK::ChartsCore;VTK::CommonColor;VTK::CommonComputationalGeometry;VTK::CommonCore;VTK::CommonDataModel;VTK::CommonExecutionModel;VTK::CommonMath;VTK::CommonMisc;VTK::CommonTransforms;VTK::FiltersCore;VTK::FiltersExtraction;VTK::FiltersGeneral;VTK::FiltersGeometry;VTK::FiltersModeling;VTK::FiltersSources;VTK::ImagingCore;VTK::ImagingSources;VTK::InteractionImage;VTK::InteractionStyle;VTK::InteractionWidgets;VTK::IOCore;VTK::IOGeometry;VTK::IOImage;VTK::IOLegacy;VTK::IOPLY;VTK::RenderingAnnotation;VTK::RenderingCore;VTK::RenderingContext2D;VTK::RenderingLOD;VTK::RenderingFreeType;VTK::ViewsCore;VTK::ViewsContext2D;VTK::RenderingOpenGL2;VTK::GUISupportQt;FLANN::FLANN;QHULL::QHULL  
[2.851s] -- Found ament_cmake_ros: 0.10.0 (/opt/ros/humble/share/ament_cmake_ros/cmake)
[3.356s] -- Using all available rosidl_typesupport_c: rosidl_typesupport_fastrtps_c;rosidl_typesupport_introspection_c
[3.528s] -- Using all available rosidl_typesupport_cpp: rosidl_typesupport_fastrtps_cpp;rosidl_typesupport_introspection_cpp
[3.555s] -- Found PythonInterp: /usr/bin/python3 (found suitable version "3.10.12", minimum required is "3.6") 
[3.556s] -- Found python_cmake_module: 0.10.0 (/opt/ros/humble/share/python_cmake_module/cmake)
[3.612s] -- Found PythonLibs: /usr/lib/x86_64-linux-gnu/libpython3.10.so (found suitable version "3.10.12", minimum required is "3.5") 
[3.612s] -- Using PYTHON_EXECUTABLE: /usr/bin/python3
[3.612s] -- Using PYTHON_INCLUDE_DIRS: /usr/include/python3.10
[3.612s] -- Using PYTHON_LIBRARIES: /usr/lib/x86_64-linux-gnu/libpython3.10.so
[3.643s] -- Found PythonExtra: .so  
[3.742s] -- Found ament_lint_auto: 0.12.14 (/opt/ros/humble/share/ament_lint_auto/cmake)
[3.765s] -- Added test 'cppcheck' to perform static code analysis on C / C++ code
[3.766s] -- Configured cppcheck include dirs: /home/pjh/ego_swarm/ego-planner-swarm/src/planner/traj_utils/include
[3.766s] -- Configured cppcheck exclude dirs and/or files: 
[3.767s] -- Added test 'lint_cmake' to check CMake code style
[3.768s] -- Added test 'uncrustify' to check C / C++ code style
[3.768s] -- Configured uncrustify additional arguments: 
[3.769s] -- Added test 'xmllint' to check XML markup files
[3.772s] -- Configuring done
[3.844s] -- Generating done
[3.869s] -- Build files have been written to: /home/pjh/ego_swarm/ego-planner-swarm/build/traj_utils
[3.900s] Invoked command in '/home/pjh/ego_swarm/ego-planner-swarm/build/traj_utils' returned '0': CMAKE_PREFIX_PATH=${CMAKE_PREFIX_PATH}:/opt/ros/humble /usr/bin/cmake /home/pjh/ego_swarm/ego-planner-swarm/src/planner/traj_utils -DAMENT_CMAKE_SYMLINK_INSTALL=1 -DCMAKE_INSTALL_PREFIX=/home/pjh/ego_swarm/ego-planner-swarm/install/traj_utils
[3.907s] Invoking command in '/home/pjh/ego_swarm/ego-planner-swarm/build/traj_utils': CMAKE_PREFIX_PATH=${CMAKE_PREFIX_PATH}:/opt/ros/humble /usr/bin/cmake --build /home/pjh/ego_swarm/ego-planner-swarm/build/traj_utils -- -j22 -l22
[3.958s] [  2%] Generating C code for ROS interfaces
[3.975s] [  4%] Generating C++ code for ROS interfaces
[3.985s] [  6%] Building CXX object CMakeFiles/traj_utils_lib.dir/src/planning_visualization.cpp.o
[3.991s] [  8%] Building CXX object CMakeFiles/traj_utils_lib.dir/src/polynomial_traj.cpp.o
[4.029s] [  8%] Built target ament_cmake_python_symlink_traj_utils
[4.505s] [ 10%] Building C object CMakeFiles/traj_utils__rosidl_generator_c.dir/rosidl_generator_c/traj_utils/msg/detail/bspline__functions.c.o
[4.507s] [ 12%] Building C object CMakeFiles/traj_utils__rosidl_generator_c.dir/rosidl_generator_c/traj_utils/msg/detail/multi_bsplines__functions.c.o
[4.516s] [ 14%] Building C object CMakeFiles/traj_utils__rosidl_generator_c.dir/rosidl_generator_c/traj_utils/msg/detail/data_disp__functions.c.o
[4.600s] running egg_info
[4.600s] creating traj_utils.egg-info
[4.600s] writing traj_utils.egg-info/PKG-INFO
[4.600s] writing dependency_links to traj_utils.egg-info/dependency_links.txt
[4.600s] writing top-level names to traj_utils.egg-info/top_level.txt
[4.600s] writing manifest file 'traj_utils.egg-info/SOURCES.txt'
[4.602s] reading manifest file 'traj_utils.egg-info/SOURCES.txt'
[4.603s] writing manifest file 'traj_utils.egg-info/SOURCES.txt'
[4.635s] [ 14%] Built target traj_utils__cpp
[4.642s] [ 14%] Built target ament_cmake_python_build_traj_utils_egg
[4.652s] [ 16%] Generating C++ type support dispatch for ROS interfaces
[4.655s] [ 18%] Generating C++ type support for eProsima Fast-RTPS
[4.662s] [ 20%] Generating C++ introspection for ROS interfaces
[4.820s] [ 22%] Linking C shared library libtraj_utils__rosidl_generator_c.so
[4.931s] [ 22%] Built target traj_utils__rosidl_generator_c
[4.958s] [ 24%] Generating C introspection for ROS interfaces
[4.959s] [ 26%] Generating C type support dispatch for ROS interfaces
[4.964s] [ 28%] Generating C type support for eProsima Fast-RTPS
[5.210s] [ 30%] Building CXX object CMakeFiles/traj_utils__rosidl_typesupport_cpp.dir/rosidl_typesupport_cpp/traj_utils/msg/data_disp__type_support.cpp.o
[5.221s] [ 32%] Building CXX object CMakeFiles/traj_utils__rosidl_typesupport_cpp.dir/rosidl_typesupport_cpp/traj_utils/msg/multi_bsplines__type_support.cpp.o
[5.254s] [ 34%] Building CXX object CMakeFiles/traj_utils__rosidl_typesupport_cpp.dir/rosidl_typesupport_cpp/traj_utils/msg/bspline__type_support.cpp.o
[5.545s] [ 38%] Building CXX object CMakeFiles/traj_utils__rosidl_typesupport_introspection_cpp.dir/rosidl_typesupport_introspection_cpp/traj_utils/msg/detail/multi_bsplines__type_support.cpp.o
[5.545s] [ 40%] Building CXX object CMakeFiles/traj_utils__rosidl_typesupport_introspection_cpp.dir/rosidl_typesupport_introspection_cpp/traj_utils/msg/detail/data_disp__type_support.cpp.o
[5.545s] [ 36%] Building CXX object CMakeFiles/traj_utils__rosidl_typesupport_c.dir/rosidl_typesupport_c/traj_utils/msg/bspline__type_support.cpp.o
[5.551s] [ 42%] Building CXX object CMakeFiles/traj_utils__rosidl_typesupport_introspection_cpp.dir/rosidl_typesupport_introspection_cpp/traj_utils/msg/detail/bspline__type_support.cpp.o
[5.557s] [ 44%] Building CXX object CMakeFiles/traj_utils__rosidl_typesupport_fastrtps_cpp.dir/rosidl_typesupport_fastrtps_cpp/traj_utils/msg/detail/dds_fastrtps/bspline__type_support.cpp.o
[5.558s] [ 46%] Building CXX object CMakeFiles/traj_utils__rosidl_typesupport_fastrtps_cpp.dir/rosidl_typesupport_fastrtps_cpp/traj_utils/msg/detail/dds_fastrtps/multi_bsplines__type_support.cpp.o
[5.559s] [ 48%] Building CXX object CMakeFiles/traj_utils__rosidl_typesupport_fastrtps_cpp.dir/rosidl_typesupport_fastrtps_cpp/traj_utils/msg/detail/dds_fastrtps/data_disp__type_support.cpp.o
[5.583s] [ 50%] Building CXX object CMakeFiles/traj_utils__rosidl_typesupport_c.dir/rosidl_typesupport_c/traj_utils/msg/data_disp__type_support.cpp.o
[5.598s] [ 52%] Building CXX object CMakeFiles/traj_utils__rosidl_typesupport_c.dir/rosidl_typesupport_c/traj_utils/msg/multi_bsplines__type_support.cpp.o
[5.635s] [ 54%] Building CXX object CMakeFiles/traj_utils__rosidl_typesupport_fastrtps_c.dir/rosidl_typesupport_fastrtps_c/traj_utils/msg/detail/data_disp__type_support_c.cpp.o
[5.636s] [ 56%] Building CXX object CMakeFiles/traj_utils__rosidl_typesupport_fastrtps_c.dir/rosidl_typesupport_fastrtps_c/traj_utils/msg/detail/bspline__type_support_c.cpp.o
[5.642s] [ 58%] Building CXX object CMakeFiles/traj_utils__rosidl_typesupport_fastrtps_c.dir/rosidl_typesupport_fastrtps_c/traj_utils/msg/detail/multi_bsplines__type_support_c.cpp.o
[5.747s] [ 60%] Linking CXX shared library libtraj_utils__rosidl_typesupport_c.so
[5.857s] [ 60%] Built target traj_utils__rosidl_typesupport_c
[5.978s] [ 62%] Building C object CMakeFiles/traj_utils__rosidl_typesupport_introspection_c.dir/rosidl_typesupport_introspection_c/traj_utils/msg/detail/multi_bsplines__type_support.c.o
[5.984s] [ 64%] Building C object CMakeFiles/traj_utils__rosidl_typesupport_introspection_c.dir/rosidl_typesupport_introspection_c/traj_utils/msg/detail/data_disp__type_support.c.o
[5.995s] [ 66%] Building C object CMakeFiles/traj_utils__rosidl_typesupport_introspection_c.dir/rosidl_typesupport_introspection_c/traj_utils/msg/detail/bspline__type_support.c.o
[6.190s] [ 68%] Linking C shared library libtraj_utils__rosidl_typesupport_introspection_c.so
[6.260s] [ 68%] Built target traj_utils__rosidl_typesupport_introspection_c
[6.698s] [ 70%] Linking CXX shared library libtraj_utils__rosidl_typesupport_fastrtps_cpp.so
[6.948s] [ 72%] Linking CXX shared library libtraj_utils__rosidl_typesupport_fastrtps_c.so
[6.963s] [ 72%] Built target traj_utils__rosidl_typesupport_fastrtps_cpp
[7.084s] [ 74%] Linking CXX shared library libtraj_utils__rosidl_typesupport_cpp.so
[7.163s] [ 74%] Built target traj_utils__rosidl_typesupport_fastrtps_c
[7.207s] [ 76%] Linking CXX shared library libtraj_utils__rosidl_typesupport_introspection_cpp.so
[7.270s] [ 76%] Built target traj_utils__rosidl_typesupport_cpp
[7.326s] [ 76%] Built target traj_utils__rosidl_typesupport_introspection_cpp
[7.380s] [ 76%] Built target traj_utils
[7.404s] [ 78%] Generating Python code for ROS interfaces
[8.002s] [ 78%] Built target traj_utils__py
[8.026s] [ 84%] Building C object CMakeFiles/traj_utils__rosidl_generator_py.dir/rosidl_generator_py/traj_utils/msg/_data_disp_s.c.o
[8.026s] [ 82%] Building C object CMakeFiles/traj_utils__rosidl_generator_py.dir/rosidl_generator_py/traj_utils/msg/_multi_bsplines_s.c.o
[8.027s] [ 84%] Building C object CMakeFiles/traj_utils__rosidl_generator_py.dir/rosidl_generator_py/traj_utils/msg/_bspline_s.c.o
[8.313s] [ 86%] Linking C shared library rosidl_generator_py/traj_utils/libtraj_utils__rosidl_generator_py.so
[8.389s] [ 86%] Built target traj_utils__rosidl_generator_py
[8.414s] [ 88%] Building C object CMakeFiles/traj_utils__rosidl_typesupport_introspection_c__pyext.dir/rosidl_generator_py/traj_utils/_traj_utils_s.ep.rosidl_typesupport_introspection_c.c.o
[8.414s] [ 90%] Building C object CMakeFiles/traj_utils__rosidl_typesupport_c__pyext.dir/rosidl_generator_py/traj_utils/_traj_utils_s.ep.rosidl_typesupport_c.c.o
[8.416s] [ 92%] Building C object CMakeFiles/traj_utils__rosidl_typesupport_fastrtps_c__pyext.dir/rosidl_generator_py/traj_utils/_traj_utils_s.ep.rosidl_typesupport_fastrtps_c.c.o
[8.600s] [ 94%] Linking C shared library rosidl_generator_py/traj_utils/traj_utils_s__rosidl_typesupport_c.cpython-310-x86_64-linux-gnu.so
[8.601s] [ 96%] Linking C shared library rosidl_generator_py/traj_utils/traj_utils_s__rosidl_typesupport_introspection_c.cpython-310-x86_64-linux-gnu.so
[8.656s] [ 96%] Built target traj_utils__rosidl_typesupport_c__pyext
[8.659s] [ 96%] Built target traj_utils__rosidl_typesupport_introspection_c__pyext
[8.667s] [ 98%] Linking C shared library rosidl_generator_py/traj_utils/traj_utils_s__rosidl_typesupport_fastrtps_c.cpython-310-x86_64-linux-gnu.so
[8.723s] [ 98%] Built target traj_utils__rosidl_typesupport_fastrtps_c__pyext
[9.745s] /home/pjh/ego_swarm/ego-planner-swarm/src/planner/traj_utils/src/planning_visualization.cpp: In member function ‘void ego_planner::PlanningVisualization::displayMarkerList(rclcpp::Publisher<visualization_msgs::msg::Marker_<std::allocator<void> > >::SharedPtr&, const std::vector<Eigen::Matrix<double, 3, 1> >&, double, Eigen::Vector4d, int, bool)’:
[9.745s] /home/pjh/ego_swarm/ego-planner-swarm/src/planner/traj_utils/src/planning_visualization.cpp:11:85: warning: unused parameter ‘show_sphere’ [-Wunused-parameter]
[9.745s]    11 |                                                 Eigen::Vector4d color, int id, bool show_sphere /* = true */)
[9.745s]       |                                                                                ~~~~~^~~~~~~~~~~
[9.753s] /home/pjh/ego_swarm/ego-planner-swarm/src/planner/traj_utils/src/planning_visualization.cpp: In member function ‘void ego_planner::PlanningVisualization::displayMultiInitPathList(std::vector<std::vector<Eigen::Matrix<double, 3, 1> > >, double)’:
[9.753s] /home/pjh/ego_swarm/ego-planner-swarm/src/planner/traj_utils/src/planning_visualization.cpp:177:25: warning: comparison of integer expressions of different signedness: ‘int’ and ‘std::vector<std::vector<Eigen::Matrix<double, 3, 1> > >::size_type’ {aka ‘long unsigned int’} [-Wsign-compare]
[9.753s]   177 |     for (int id = 0; id < init_trajs.size(); id++)
[9.753s]       |                      ~~~^~~~~~~~~~~~~~~~~~~
[44.966s] [100%] Linking CXX shared library libtraj_utils_lib.so
[45.511s] [100%] Built target traj_utils_lib
[45.524s] Invoked command in '/home/pjh/ego_swarm/ego-planner-swarm/build/traj_utils' returned '0': CMAKE_PREFIX_PATH=${CMAKE_PREFIX_PATH}:/opt/ros/humble /usr/bin/cmake --build /home/pjh/ego_swarm/ego-planner-swarm/build/traj_utils -- -j22 -l22
[45.526s] Invoking command in '/home/pjh/ego_swarm/ego-planner-swarm/build/traj_utils': CMAKE_PREFIX_PATH=${CMAKE_PREFIX_PATH}:/opt/ros/humble /usr/bin/cmake --install /home/pjh/ego_swarm/ego-planner-swarm/build/traj_utils
[45.533s] -- Install configuration: "Release"
[45.534s] -- Execute custom install script
[45.534s] -- Symlinking: /home/pjh/ego_swarm/ego-planner-swarm/install/traj_utils/share/ament_index/resource_index/rosidl_interfaces/traj_utils
[45.544s] -- Symlinking: /home/pjh/ego_swarm/ego-planner-swarm/install/traj_utils/include/traj_utils/traj_utils/msg/bspline.h
[45.552s] -- Symlinking: /home/pjh/ego_swarm/ego-planner-swarm/install/traj_utils/include/traj_utils/traj_utils/msg/data_disp.h
[45.560s] -- Symlinking: /home/pjh/ego_swarm/ego-planner-swarm/install/traj_utils/include/traj_utils/traj_utils/msg/detail/bspline__functions.h
[45.567s] -- Symlinking: /home/pjh/ego_swarm/ego-planner-swarm/install/traj_utils/include/traj_utils/traj_utils/msg/detail/bspline__struct.h
[45.573s] -- Symlinking: /home/pjh/ego_swarm/ego-planner-swarm/install/traj_utils/include/traj_utils/traj_utils/msg/detail/bspline__type_support.h
[45.579s] -- Symlinking: /home/pjh/ego_swarm/ego-planner-swarm/install/traj_utils/include/traj_utils/traj_utils/msg/detail/data_disp__functions.h
[45.584s] -- Symlinking: /home/pjh/ego_swarm/ego-planner-swarm/install/traj_utils/include/traj_utils/traj_utils/msg/detail/data_disp__struct.h
[45.593s] -- Symlinking: /home/pjh/ego_swarm/ego-planner-swarm/install/traj_utils/include/traj_utils/traj_utils/msg/detail/data_disp__type_support.h
[45.599s] -- Symlinking: /home/pjh/ego_swarm/ego-planner-swarm/install/traj_utils/include/traj_utils/traj_utils/msg/detail/multi_bsplines__functions.h
[45.605s] -- Symlinking: /home/pjh/ego_swarm/ego-planner-swarm/install/traj_utils/include/traj_utils/traj_utils/msg/detail/multi_bsplines__struct.h
[45.611s] -- Symlinking: /home/pjh/ego_swarm/ego-planner-swarm/install/traj_utils/include/traj_utils/traj_utils/msg/detail/multi_bsplines__type_support.h
[45.618s] -- Symlinking: /home/pjh/ego_swarm/ego-planner-swarm/install/traj_utils/include/traj_utils/traj_utils/msg/multi_bsplines.h
[45.624s] -- Symlinking: /home/pjh/ego_swarm/ego-planner-swarm/install/traj_utils/include/traj_utils/traj_utils/msg/rosidl_generator_c__visibility_control.h
[45.630s] -- Symlinking: /home/pjh/ego_swarm/ego-planner-swarm/install/traj_utils/share/traj_utils/environment/library_path.sh
[45.637s] -- Symlinking: /home/pjh/ego_swarm/ego-planner-swarm/install/traj_utils/share/traj_utils/environment/library_path.dsv
[45.644s] -- Symlinking: /home/pjh/ego_swarm/ego-planner-swarm/install/traj_utils/include/traj_utils/traj_utils/msg/detail/bspline__rosidl_typesupport_fastrtps_c.h
[45.652s] -- Symlinking: /home/pjh/ego_swarm/ego-planner-swarm/install/traj_utils/include/traj_utils/traj_utils/msg/detail/data_disp__rosidl_typesupport_fastrtps_c.h
[45.659s] -- Symlinking: /home/pjh/ego_swarm/ego-planner-swarm/install/traj_utils/include/traj_utils/traj_utils/msg/detail/multi_bsplines__rosidl_typesupport_fastrtps_c.h
[45.667s] -- Symlinking: /home/pjh/ego_swarm/ego-planner-swarm/install/traj_utils/include/traj_utils/traj_utils/msg/rosidl_typesupport_fastrtps_c__visibility_control.h
[45.676s] -- Symlinking: /home/pjh/ego_swarm/ego-planner-swarm/install/traj_utils/include/traj_utils/traj_utils/msg/bspline.hpp
[45.685s] -- Symlinking: /home/pjh/ego_swarm/ego-planner-swarm/install/traj_utils/include/traj_utils/traj_utils/msg/data_disp.hpp
[45.693s] -- Symlinking: /home/pjh/ego_swarm/ego-planner-swarm/install/traj_utils/include/traj_utils/traj_utils/msg/detail/bspline__builder.hpp
[45.700s] -- Symlinking: /home/pjh/ego_swarm/ego-planner-swarm/install/traj_utils/include/traj_utils/traj_utils/msg/detail/bspline__struct.hpp
[45.708s] -- Symlinking: /home/pjh/ego_swarm/ego-planner-swarm/install/traj_utils/include/traj_utils/traj_utils/msg/detail/bspline__traits.hpp
[45.715s] -- Symlinking: /home/pjh/ego_swarm/ego-planner-swarm/install/traj_utils/include/traj_utils/traj_utils/msg/detail/bspline__type_support.hpp
[45.724s] -- Symlinking: /home/pjh/ego_swarm/ego-planner-swarm/install/traj_utils/include/traj_utils/traj_utils/msg/detail/data_disp__builder.hpp
[45.730s] -- Symlinking: /home/pjh/ego_swarm/ego-planner-swarm/install/traj_utils/include/traj_utils/traj_utils/msg/detail/data_disp__struct.hpp
[45.737s] -- Symlinking: /home/pjh/ego_swarm/ego-planner-swarm/install/traj_utils/include/traj_utils/traj_utils/msg/detail/data_disp__traits.hpp
[45.743s] -- Symlinking: /home/pjh/ego_swarm/ego-planner-swarm/install/traj_utils/include/traj_utils/traj_utils/msg/detail/data_disp__type_support.hpp
[45.750s] -- Symlinking: /home/pjh/ego_swarm/ego-planner-swarm/install/traj_utils/include/traj_utils/traj_utils/msg/detail/multi_bsplines__builder.hpp
[45.757s] -- Symlinking: /home/pjh/ego_swarm/ego-planner-swarm/install/traj_utils/include/traj_utils/traj_utils/msg/detail/multi_bsplines__struct.hpp
[45.764s] -- Symlinking: /home/pjh/ego_swarm/ego-planner-swarm/install/traj_utils/include/traj_utils/traj_utils/msg/detail/multi_bsplines__traits.hpp
[45.771s] -- Symlinking: /home/pjh/ego_swarm/ego-planner-swarm/install/traj_utils/include/traj_utils/traj_utils/msg/detail/multi_bsplines__type_support.hpp
[45.779s] -- Symlinking: /home/pjh/ego_swarm/ego-planner-swarm/install/traj_utils/include/traj_utils/traj_utils/msg/multi_bsplines.hpp
[45.786s] -- Symlinking: /home/pjh/ego_swarm/ego-planner-swarm/install/traj_utils/include/traj_utils/traj_utils/msg/rosidl_generator_cpp__visibility_control.hpp
[45.794s] -- Symlinking: /home/pjh/ego_swarm/ego-planner-swarm/install/traj_utils/include/traj_utils/traj_utils/msg/detail/bspline__rosidl_typesupport_fastrtps_cpp.hpp
[45.802s] -- Symlinking: /home/pjh/ego_swarm/ego-planner-swarm/install/traj_utils/include/traj_utils/traj_utils/msg/detail/data_disp__rosidl_typesupport_fastrtps_cpp.hpp
[45.811s] -- Symlinking: /home/pjh/ego_swarm/ego-planner-swarm/install/traj_utils/include/traj_utils/traj_utils/msg/detail/multi_bsplines__rosidl_typesupport_fastrtps_cpp.hpp
[45.819s] -- Symlinking: /home/pjh/ego_swarm/ego-planner-swarm/install/traj_utils/include/traj_utils/traj_utils/msg/rosidl_typesupport_fastrtps_cpp__visibility_control.h
[45.827s] -- Symlinking: /home/pjh/ego_swarm/ego-planner-swarm/install/traj_utils/include/traj_utils/traj_utils/msg/detail/bspline__rosidl_typesupport_introspection_c.h
[45.834s] -- Symlinking: /home/pjh/ego_swarm/ego-planner-swarm/install/traj_utils/include/traj_utils/traj_utils/msg/detail/data_disp__rosidl_typesupport_introspection_c.h
[45.842s] -- Symlinking: /home/pjh/ego_swarm/ego-planner-swarm/install/traj_utils/include/traj_utils/traj_utils/msg/detail/multi_bsplines__rosidl_typesupport_introspection_c.h
[45.848s] -- Symlinking: /home/pjh/ego_swarm/ego-planner-swarm/install/traj_utils/include/traj_utils/traj_utils/msg/rosidl_typesupport_introspection_c__visibility_control.h
[45.855s] -- Symlinking: /home/pjh/ego_swarm/ego-planner-swarm/install/traj_utils/include/traj_utils/traj_utils/msg/detail/bspline__rosidl_typesupport_introspection_cpp.hpp
[45.862s] -- Symlinking: /home/pjh/ego_swarm/ego-planner-swarm/install/traj_utils/include/traj_utils/traj_utils/msg/detail/data_disp__rosidl_typesupport_introspection_cpp.hpp
[45.869s] -- Symlinking: /home/pjh/ego_swarm/ego-planner-swarm/install/traj_utils/include/traj_utils/traj_utils/msg/detail/multi_bsplines__rosidl_typesupport_introspection_cpp.hpp
[45.875s] -- Symlinking: /home/pjh/ego_swarm/ego-planner-swarm/install/traj_utils/share/traj_utils/environment/pythonpath.sh
[45.884s] -- Symlinking: /home/pjh/ego_swarm/ego-planner-swarm/install/traj_utils/share/traj_utils/environment/pythonpath.dsv
[45.892s] -- Symlinking: /home/pjh/ego_swarm/ego-planner-swarm/install/traj_utils/local/lib/python3.10/dist-packages/traj_utils-0.0.0-py3.10.egg-info/PKG-INFO
[45.901s] -- Symlinking: /home/pjh/ego_swarm/ego-planner-swarm/install/traj_utils/local/lib/python3.10/dist-packages/traj_utils-0.0.0-py3.10.egg-info/SOURCES.txt
[45.907s] -- Symlinking: /home/pjh/ego_swarm/ego-planner-swarm/install/traj_utils/local/lib/python3.10/dist-packages/traj_utils-0.0.0-py3.10.egg-info/dependency_links.txt
[45.914s] -- Symlinking: /home/pjh/ego_swarm/ego-planner-swarm/install/traj_utils/local/lib/python3.10/dist-packages/traj_utils-0.0.0-py3.10.egg-info/top_level.txt
[45.922s] -- Symlinking: /home/pjh/ego_swarm/ego-planner-swarm/install/traj_utils/local/lib/python3.10/dist-packages/traj_utils/__init__.py
[45.929s] -- Symlinking: /home/pjh/ego_swarm/ego-planner-swarm/install/traj_utils/local/lib/python3.10/dist-packages/traj_utils/_traj_utils_s.ep.rosidl_typesupport_c.c
[45.936s] -- Symlinking: /home/pjh/ego_swarm/ego-planner-swarm/install/traj_utils/local/lib/python3.10/dist-packages/traj_utils/_traj_utils_s.ep.rosidl_typesupport_fastrtps_c.c
[45.944s] -- Symlinking: /home/pjh/ego_swarm/ego-planner-swarm/install/traj_utils/local/lib/python3.10/dist-packages/traj_utils/_traj_utils_s.ep.rosidl_typesupport_introspection_c.c
[45.952s] -- Symlinking: /home/pjh/ego_swarm/ego-planner-swarm/install/traj_utils/local/lib/python3.10/dist-packages/traj_utils/libtraj_utils__rosidl_generator_py.so
[45.959s] -- Symlinking: /home/pjh/ego_swarm/ego-planner-swarm/install/traj_utils/local/lib/python3.10/dist-packages/traj_utils/msg/__init__.py
[45.966s] -- Symlinking: /home/pjh/ego_swarm/ego-planner-swarm/install/traj_utils/local/lib/python3.10/dist-packages/traj_utils/msg/_bspline.py
[45.973s] -- Symlinking: /home/pjh/ego_swarm/ego-planner-swarm/install/traj_utils/local/lib/python3.10/dist-packages/traj_utils/msg/_bspline_s.c
[45.980s] -- Symlinking: /home/pjh/ego_swarm/ego-planner-swarm/install/traj_utils/local/lib/python3.10/dist-packages/traj_utils/msg/_data_disp.py
[45.987s] -- Symlinking: /home/pjh/ego_swarm/ego-planner-swarm/install/traj_utils/local/lib/python3.10/dist-packages/traj_utils/msg/_data_disp_s.c
[45.994s] -- Symlinking: /home/pjh/ego_swarm/ego-planner-swarm/install/traj_utils/local/lib/python3.10/dist-packages/traj_utils/msg/_multi_bsplines.py
[46.004s] -- Symlinking: /home/pjh/ego_swarm/ego-planner-swarm/install/traj_utils/local/lib/python3.10/dist-packages/traj_utils/msg/_multi_bsplines_s.c
[46.010s] -- Symlinking: /home/pjh/ego_swarm/ego-planner-swarm/install/traj_utils/local/lib/python3.10/dist-packages/traj_utils/traj_utils_s__rosidl_typesupport_c.cpython-310-x86_64-linux-gnu.so
[46.017s] -- Symlinking: /home/pjh/ego_swarm/ego-planner-swarm/install/traj_utils/local/lib/python3.10/dist-packages/traj_utils/traj_utils_s__rosidl_typesupport_fastrtps_c.cpython-310-x86_64-linux-gnu.so
[46.023s] -- Symlinking: /home/pjh/ego_swarm/ego-planner-swarm/install/traj_utils/local/lib/python3.10/dist-packages/traj_utils/traj_utils_s__rosidl_typesupport_introspection_c.cpython-310-x86_64-linux-gnu.so
[46.029s] -- Up-to-date symlink: /home/pjh/ego_swarm/ego-planner-swarm/install/traj_utils/local/lib/python3.10/dist-packages/traj_utils/traj_utils_s__rosidl_typesupport_fastrtps_c.cpython-310-x86_64-linux-gnu.so
[46.029s] -- Up-to-date symlink: /home/pjh/ego_swarm/ego-planner-swarm/install/traj_utils/local/lib/python3.10/dist-packages/traj_utils/traj_utils_s__rosidl_typesupport_introspection_c.cpython-310-x86_64-linux-gnu.so
[46.030s] -- Up-to-date symlink: /home/pjh/ego_swarm/ego-planner-swarm/install/traj_utils/local/lib/python3.10/dist-packages/traj_utils/traj_utils_s__rosidl_typesupport_c.cpython-310-x86_64-linux-gnu.so
[46.030s] -- Symlinking: /home/pjh/ego_swarm/ego-planner-swarm/install/traj_utils/share/traj_utils/msg/Bspline.idl
[46.037s] -- Symlinking: /home/pjh/ego_swarm/ego-planner-swarm/install/traj_utils/share/traj_utils/msg/DataDisp.idl
[46.044s] -- Symlinking: /home/pjh/ego_swarm/ego-planner-swarm/install/traj_utils/share/traj_utils/msg/MultiBsplines.idl
[46.051s] -- Symlinking: /home/pjh/ego_swarm/ego-planner-swarm/install/traj_utils/share/traj_utils/msg/Bspline.msg
[46.057s] -- Symlinking: /home/pjh/ego_swarm/ego-planner-swarm/install/traj_utils/share/traj_utils/msg/DataDisp.msg
[46.065s] -- Symlinking: /home/pjh/ego_swarm/ego-planner-swarm/install/traj_utils/share/traj_utils/msg/MultiBsplines.msg
[46.072s] -- Symlinking: /home/pjh/ego_swarm/ego-planner-swarm/install/traj_utils/lib/libtraj_utils_lib.so
[46.080s] -- Symlinking: /home/pjh/ego_swarm/ego-planner-swarm/install/traj_utils/include/traj_utils/traj_utils/plan_container.hpp
[46.086s] -- Symlinking: /home/pjh/ego_swarm/ego-planner-swarm/install/traj_utils/include/traj_utils/traj_utils/planning_visualization.h
[46.094s] -- Symlinking: /home/pjh/ego_swarm/ego-planner-swarm/install/traj_utils/include/traj_utils/traj_utils/polynomial_traj.h
[46.101s] -- Symlinking: /home/pjh/ego_swarm/ego-planner-swarm/install/traj_utils/share/ament_index/resource_index/package_run_dependencies/traj_utils
[46.107s] -- Symlinking: /home/pjh/ego_swarm/ego-planner-swarm/install/traj_utils/share/ament_index/resource_index/parent_prefix_path/traj_utils
[46.115s] -- Symlinking: /home/pjh/ego_swarm/ego-planner-swarm/install/traj_utils/share/traj_utils/environment/ament_prefix_path.sh
[46.122s] -- Symlinking: /home/pjh/ego_swarm/ego-planner-swarm/install/traj_utils/share/traj_utils/environment/ament_prefix_path.dsv
[46.127s] -- Symlinking: /home/pjh/ego_swarm/ego-planner-swarm/install/traj_utils/share/traj_utils/environment/path.sh
[46.135s] -- Symlinking: /home/pjh/ego_swarm/ego-planner-swarm/install/traj_utils/share/traj_utils/environment/path.dsv
[46.142s] -- Symlinking: /home/pjh/ego_swarm/ego-planner-swarm/install/traj_utils/share/traj_utils/local_setup.bash
[46.148s] -- Symlinking: /home/pjh/ego_swarm/ego-planner-swarm/install/traj_utils/share/traj_utils/local_setup.sh
[46.156s] -- Symlinking: /home/pjh/ego_swarm/ego-planner-swarm/install/traj_utils/share/traj_utils/local_setup.zsh
[46.164s] -- Symlinking: /home/pjh/ego_swarm/ego-planner-swarm/install/traj_utils/share/traj_utils/local_setup.dsv
[46.172s] -- Symlinking: /home/pjh/ego_swarm/ego-planner-swarm/install/traj_utils/share/traj_utils/package.dsv
[46.181s] -- Symlinking: /home/pjh/ego_swarm/ego-planner-swarm/install/traj_utils/share/ament_index/resource_index/packages/traj_utils
[46.188s] -- Symlinking: /home/pjh/ego_swarm/ego-planner-swarm/install/traj_utils/share/traj_utils/cmake/rosidl_cmake-extras.cmake
[46.196s] -- Symlinking: /home/pjh/ego_swarm/ego-planner-swarm/install/traj_utils/share/traj_utils/cmake/ament_cmake_export_dependencies-extras.cmake
[46.205s] -- Symlinking: /home/pjh/ego_swarm/ego-planner-swarm/install/traj_utils/share/traj_utils/cmake/ament_cmake_export_include_directories-extras.cmake
[46.213s] -- Symlinking: /home/pjh/ego_swarm/ego-planner-swarm/install/traj_utils/share/traj_utils/cmake/ament_cmake_export_libraries-extras.cmake
[46.220s] -- Symlinking: /home/pjh/ego_swarm/ego-planner-swarm/install/traj_utils/share/traj_utils/cmake/ament_cmake_export_targets-extras.cmake
[46.228s] -- Symlinking: /home/pjh/ego_swarm/ego-planner-swarm/install/traj_utils/share/traj_utils/cmake/rosidl_cmake_export_typesupport_targets-extras.cmake
[46.235s] -- Symlinking: /home/pjh/ego_swarm/ego-planner-swarm/install/traj_utils/share/traj_utils/cmake/rosidl_cmake_export_typesupport_libraries-extras.cmake
[46.243s] -- Symlinking: /home/pjh/ego_swarm/ego-planner-swarm/install/traj_utils/share/traj_utils/cmake/traj_utilsConfig.cmake
[46.254s] -- Symlinking: /home/pjh/ego_swarm/ego-planner-swarm/install/traj_utils/share/traj_utils/cmake/traj_utilsConfig-version.cmake
[46.263s] -- Symlinking: /home/pjh/ego_swarm/ego-planner-swarm/install/traj_utils/share/traj_utils/package.xml
[46.269s] -- Installing: /home/pjh/ego_swarm/ego-planner-swarm/install/traj_utils/lib/libtraj_utils__rosidl_generator_c.so
[46.270s] -- Set runtime path of "/home/pjh/ego_swarm/ego-planner-swarm/install/traj_utils/lib/libtraj_utils__rosidl_generator_c.so" to ""
[46.270s] -- Installing: /home/pjh/ego_swarm/ego-planner-swarm/install/traj_utils/lib/libtraj_utils__rosidl_typesupport_fastrtps_c.so
[46.270s] -- Set runtime path of "/home/pjh/ego_swarm/ego-planner-swarm/install/traj_utils/lib/libtraj_utils__rosidl_typesupport_fastrtps_c.so" to ""
[46.270s] -- Installing: /home/pjh/ego_swarm/ego-planner-swarm/install/traj_utils/lib/libtraj_utils__rosidl_typesupport_fastrtps_cpp.so
[46.271s] -- Set runtime path of "/home/pjh/ego_swarm/ego-planner-swarm/install/traj_utils/lib/libtraj_utils__rosidl_typesupport_fastrtps_cpp.so" to ""
[46.271s] -- Installing: /home/pjh/ego_swarm/ego-planner-swarm/install/traj_utils/lib/libtraj_utils__rosidl_typesupport_introspection_c.so
[46.271s] -- Set runtime path of "/home/pjh/ego_swarm/ego-planner-swarm/install/traj_utils/lib/libtraj_utils__rosidl_typesupport_introspection_c.so" to ""
[46.271s] -- Installing: /home/pjh/ego_swarm/ego-planner-swarm/install/traj_utils/lib/libtraj_utils__rosidl_typesupport_c.so
[46.271s] -- Set runtime path of "/home/pjh/ego_swarm/ego-planner-swarm/install/traj_utils/lib/libtraj_utils__rosidl_typesupport_c.so" to ""
[46.271s] -- Installing: /home/pjh/ego_swarm/ego-planner-swarm/install/traj_utils/lib/libtraj_utils__rosidl_typesupport_introspection_cpp.so
[46.272s] -- Set runtime path of "/home/pjh/ego_swarm/ego-planner-swarm/install/traj_utils/lib/libtraj_utils__rosidl_typesupport_introspection_cpp.so" to ""
[46.272s] -- Installing: /home/pjh/ego_swarm/ego-planner-swarm/install/traj_utils/lib/libtraj_utils__rosidl_typesupport_cpp.so
[46.272s] -- Set runtime path of "/home/pjh/ego_swarm/ego-planner-swarm/install/traj_utils/lib/libtraj_utils__rosidl_typesupport_cpp.so" to ""
[46.304s] Listing '/home/pjh/ego_swarm/ego-planner-swarm/install/traj_utils/local/lib/python3.10/dist-packages/traj_utils'...
[46.304s] Compiling '/home/pjh/ego_swarm/ego-planner-swarm/install/traj_utils/local/lib/python3.10/dist-packages/traj_utils/__init__.py'...
[46.304s] Listing '/home/pjh/ego_swarm/ego-planner-swarm/install/traj_utils/local/lib/python3.10/dist-packages/traj_utils/msg'...
[46.304s] Compiling '/home/pjh/ego_swarm/ego-planner-swarm/install/traj_utils/local/lib/python3.10/dist-packages/traj_utils/msg/__init__.py'...
[46.304s] Compiling '/home/pjh/ego_swarm/ego-planner-swarm/install/traj_utils/local/lib/python3.10/dist-packages/traj_utils/msg/_bspline.py'...
[46.304s] Compiling '/home/pjh/ego_swarm/ego-planner-swarm/install/traj_utils/local/lib/python3.10/dist-packages/traj_utils/msg/_data_disp.py'...
[46.305s] Compiling '/home/pjh/ego_swarm/ego-planner-swarm/install/traj_utils/local/lib/python3.10/dist-packages/traj_utils/msg/_multi_bsplines.py'...
[46.309s] -- Installing: /home/pjh/ego_swarm/ego-planner-swarm/install/traj_utils/lib/libtraj_utils__rosidl_generator_py.so
[46.309s] -- Set runtime path of "/home/pjh/ego_swarm/ego-planner-swarm/install/traj_utils/lib/libtraj_utils__rosidl_generator_py.so" to ""
[46.309s] -- Installing: /home/pjh/ego_swarm/ego-planner-swarm/install/traj_utils/share/traj_utils/cmake/export_traj_utils__rosidl_generator_cExport.cmake
[46.309s] -- Installing: /home/pjh/ego_swarm/ego-planner-swarm/install/traj_utils/share/traj_utils/cmake/export_traj_utils__rosidl_generator_cExport-release.cmake
[46.310s] -- Installing: /home/pjh/ego_swarm/ego-planner-swarm/install/traj_utils/share/traj_utils/cmake/export_traj_utils__rosidl_typesupport_fastrtps_cExport.cmake
[46.310s] -- Installing: /home/pjh/ego_swarm/ego-planner-swarm/install/traj_utils/share/traj_utils/cmake/export_traj_utils__rosidl_typesupport_fastrtps_cExport-release.cmake
[46.310s] -- Installing: /home/pjh/ego_swarm/ego-planner-swarm/install/traj_utils/share/traj_utils/cmake/export_traj_utils__rosidl_generator_cppExport.cmake
[46.310s] -- Installing: /home/pjh/ego_swarm/ego-planner-swarm/install/traj_utils/share/traj_utils/cmake/export_traj_utils__rosidl_typesupport_fastrtps_cppExport.cmake
[46.310s] -- Installing: /home/pjh/ego_swarm/ego-planner-swarm/install/traj_utils/share/traj_utils/cmake/export_traj_utils__rosidl_typesupport_fastrtps_cppExport-release.cmake
[46.310s] -- Installing: /home/pjh/ego_swarm/ego-planner-swarm/install/traj_utils/share/traj_utils/cmake/traj_utils__rosidl_typesupport_introspection_cExport.cmake
[46.310s] -- Installing: /home/pjh/ego_swarm/ego-planner-swarm/install/traj_utils/share/traj_utils/cmake/traj_utils__rosidl_typesupport_introspection_cExport-release.cmake
[46.310s] -- Installing: /home/pjh/ego_swarm/ego-planner-swarm/install/traj_utils/share/traj_utils/cmake/traj_utils__rosidl_typesupport_cExport.cmake
[46.310s] -- Installing: /home/pjh/ego_swarm/ego-planner-swarm/install/traj_utils/share/traj_utils/cmake/traj_utils__rosidl_typesupport_cExport-release.cmake
[46.310s] -- Installing: /home/pjh/ego_swarm/ego-planner-swarm/install/traj_utils/share/traj_utils/cmake/traj_utils__rosidl_typesupport_introspection_cppExport.cmake
[46.310s] -- Installing: /home/pjh/ego_swarm/ego-planner-swarm/install/traj_utils/share/traj_utils/cmake/traj_utils__rosidl_typesupport_introspection_cppExport-release.cmake
[46.310s] -- Installing: /home/pjh/ego_swarm/ego-planner-swarm/install/traj_utils/share/traj_utils/cmake/traj_utils__rosidl_typesupport_cppExport.cmake
[46.311s] -- Installing: /home/pjh/ego_swarm/ego-planner-swarm/install/traj_utils/share/traj_utils/cmake/traj_utils__rosidl_typesupport_cppExport-release.cmake
[46.311s] -- Installing: /home/pjh/ego_swarm/ego-planner-swarm/install/traj_utils/share/traj_utils/cmake/export_traj_utils__rosidl_generator_pyExport.cmake
[46.311s] -- Installing: /home/pjh/ego_swarm/ego-planner-swarm/install/traj_utils/share/traj_utils/cmake/export_traj_utils__rosidl_generator_pyExport-release.cmake
[46.313s] Invoked command in '/home/pjh/ego_swarm/ego-planner-swarm/build/traj_utils' returned '0': CMAKE_PREFIX_PATH=${CMAKE_PREFIX_PATH}:/opt/ros/humble /usr/bin/cmake --install /home/pjh/ego_swarm/ego-planner-swarm/build/traj_utils
