-- The C compiler identification is GNU 11.4.0
-- The CXX compiler identification is GNU 11.4.0
-- Detecting C compiler ABI info
-- Detecting C compiler ABI info - done
-- Check for working C compiler: /usr/bin/cc - skipped
-- Detecting C compile features
-- Detecting C compile features - done
-- Detecting CXX compiler ABI info
-- Detecting CXX compiler ABI info - done
-- Check for working CXX compiler: /usr/bin/c++ - skipped
-- Detecting CXX compile features
-- Detecting CXX compile features - done
-- Found ament_cmake: 1.3.12 (/opt/ros/humble/share/ament_cmake/cmake)
-- Found Python3: /usr/bin/python3 (found version "3.10.12") found components: Interpreter 
-- Override CMake install command with custom implementation using symlinks instead of copying resources
-- Found rclcpp: 16.0.15 (/opt/ros/humble/share/rclcpp/cmake)
-- Found rosidl_generator_c: 3.1.7 (/opt/ros/humble/share/rosidl_generator_c/cmake)
-- Found rosidl_adapter: 3.1.7 (/opt/ros/humble/share/rosidl_adapter/cmake)
-- Found rosidl_generator_cpp: 3.1.7 (/opt/ros/humble/share/rosidl_generator_cpp/cmake)
-- Using all available rosidl_typesupport_c: rosidl_typesupport_fastrtps_c;rosidl_typesupport_introspection_c
-- Using all available rosidl_typesupport_cpp: rosidl_typesupport_fastrtps_cpp;rosidl_typesupport_introspection_cpp
-- Found rmw_implementation_cmake: 6.1.2 (/opt/ros/humble/share/rmw_implementation_cmake/cmake)
-- Found rmw_cyclonedds_cpp: 1.3.4 (/opt/ros/humble/share/rmw_cyclonedds_cpp/cmake)
-- Using RMW implementation 'rmw_cyclonedds_cpp' as default
-- Looking for pthread.h
-- Looking for pthread.h - found
-- Performing Test CMAKE_HAVE_LIBC_PTHREAD
-- Performing Test CMAKE_HAVE_LIBC_PTHREAD - Success
-- Found Threads: TRUE  
-- Found nav_msgs: 4.9.0 (/opt/ros/humble/share/nav_msgs/cmake)
-- Found traj_utils: 0.0.0 (/home/pjh/ego_swarm/ego-planner-swarm/install/traj_utils/share/traj_utils/cmake)
-- Found bspline_opt: 0.0.0 (/home/pjh/ego_swarm/ego-planner-swarm/install/bspline_opt/share/bspline_opt/cmake)
-- Found ament_lint_auto: 0.12.14 (/opt/ros/humble/share/ament_lint_auto/cmake)
-- Added test 'copyright' to check source files copyright and LICENSE
-- Added test 'cppcheck' to perform static code analysis on C / C++ code
-- Configured cppcheck include dirs: /home/pjh/ego_swarm/ego-planner-swarm/src/planner/layer_planner/include
-- Configured cppcheck exclude dirs and/or files: 
-- Added test 'cpplint' to check C / C++ code against the Google style
-- Configured cpplint exclude dirs and/or files: 
-- Added test 'flake8' to check Python code syntax and style conventions
-- Added test 'lint_cmake' to check CMake code style
-- Added test 'pep257' to check Python code against some of the docstring style conventions in PEP 257
-- Added test 'uncrustify' to check C / C++ code style
-- Configured uncrustify additional arguments: 
-- Added test 'xmllint' to check XML markup files
-- Configuring done
-- Generating done
-- Build files have been written to: /home/pjh/ego_swarm/ego-planner-swarm/build/layer_planner
[ 50%] Building CXX object CMakeFiles/layer_planner_node.dir/src/layer_planner_node.cpp.o
[100%] Linking CXX executable layer_planner_node
[100%] Built target layer_planner_node
-- Install configuration: ""
-- Execute custom install script
-- Symlinking: /home/pjh/ego_swarm/ego-planner-swarm/install/layer_planner/lib/layer_planner/layer_planner_node
-- Symlinking: /home/pjh/ego_swarm/ego-planner-swarm/install/layer_planner/share/layer_planner/launch/layer_planner.launch.py
-- Symlinking: /home/pjh/ego_swarm/ego-planner-swarm/install/layer_planner/share/layer_planner/launch/layer_planner_scenario.launch.py
-- Symlinking: /home/pjh/ego_swarm/ego-planner-swarm/install/layer_planner/share/layer_planner/launch/layer_swarm.launch.py
-- Symlinking: /home/pjh/ego_swarm/ego-planner-swarm/install/layer_planner/share/layer_planner/config/layer_planner_params.yaml
-- Symlinking: /home/pjh/ego_swarm/ego-planner-swarm/install/layer_planner/share/ament_index/resource_index/package_run_dependencies/layer_planner
-- Symlinking: /home/pjh/ego_swarm/ego-planner-swarm/install/layer_planner/share/ament_index/resource_index/parent_prefix_path/layer_planner
-- Symlinking: /home/pjh/ego_swarm/ego-planner-swarm/install/layer_planner/share/layer_planner/environment/ament_prefix_path.sh
-- Symlinking: /home/pjh/ego_swarm/ego-planner-swarm/install/layer_planner/share/layer_planner/environment/ament_prefix_path.dsv
-- Symlinking: /home/pjh/ego_swarm/ego-planner-swarm/install/layer_planner/share/layer_planner/environment/path.sh
-- Symlinking: /home/pjh/ego_swarm/ego-planner-swarm/install/layer_planner/share/layer_planner/environment/path.dsv
-- Symlinking: /home/pjh/ego_swarm/ego-planner-swarm/install/layer_planner/share/layer_planner/local_setup.bash
-- Symlinking: /home/pjh/ego_swarm/ego-planner-swarm/install/layer_planner/share/layer_planner/local_setup.sh
-- Symlinking: /home/pjh/ego_swarm/ego-planner-swarm/install/layer_planner/share/layer_planner/local_setup.zsh
-- Symlinking: /home/pjh/ego_swarm/ego-planner-swarm/install/layer_planner/share/layer_planner/local_setup.dsv
-- Symlinking: /home/pjh/ego_swarm/ego-planner-swarm/install/layer_planner/share/layer_planner/package.dsv
-- Symlinking: /home/pjh/ego_swarm/ego-planner-swarm/install/layer_planner/share/ament_index/resource_index/packages/layer_planner
-- Symlinking: /home/pjh/ego_swarm/ego-planner-swarm/install/layer_planner/share/layer_planner/cmake/layer_plannerConfig.cmake
-- Symlinking: /home/pjh/ego_swarm/ego-planner-swarm/install/layer_planner/share/layer_planner/cmake/layer_plannerConfig-version.cmake
-- Symlinking: /home/pjh/ego_swarm/ego-planner-swarm/install/layer_planner/share/layer_planner/package.xml
