[0.018s] Invoking command in '/home/pjh/ego_swarm/ego-planner-swarm/build/cmake_utils': CMAKE_PREFIX_PATH=${CMAKE_PREFIX_PATH}:/opt/ros/humble /usr/bin/cmake /home/pjh/ego_swarm/ego-planner-swarm/src/uav_simulator/Utils/cmake_utils -DAMENT_CMAKE_SYMLINK_INSTALL=1 -DCMAKE_INSTALL_PREFIX=/home/pjh/ego_swarm/ego-planner-swarm/install/cmake_utils
[0.182s] -- The C compiler identification is GNU 11.4.0
[0.264s] -- The CXX compiler identification is GNU 11.4.0
[0.272s] -- Detecting C compiler ABI info
[0.339s] -- Detecting C compiler ABI info - done
[0.343s] -- Check for working C compiler: /usr/bin/cc - skipped
[0.343s] -- Detecting C compile features
[0.344s] -- Detecting C compile features - done
[0.345s] -- Detecting CXX compiler ABI info
[0.404s] -- Detecting CXX compiler ABI info - done
[0.409s] -- Check for working CXX compiler: /usr/bin/c++ - skipped
[0.409s] -- Detecting CXX compile features
[0.409s] -- Detecting CXX compile features - done
[0.410s] -- Found ament_cmake: 1.3.12 (/opt/ros/humble/share/ament_cmake/cmake)
[0.507s] -- Found Python3: /usr/bin/python3 (found version "3.10.12") found components: Interpreter 
[0.556s] -- Override CMake install command with custom implementation using symlinks instead of copying resources
[0.577s] -- Found rclcpp: 16.0.15 (/opt/ros/humble/share/rclcpp/cmake)
[0.620s] -- Found rosidl_generator_c: 3.1.7 (/opt/ros/humble/share/rosidl_generator_c/cmake)
[0.624s] -- Found rosidl_adapter: 3.1.7 (/opt/ros/humble/share/rosidl_adapter/cmake)
[0.630s] -- Found rosidl_generator_cpp: 3.1.7 (/opt/ros/humble/share/rosidl_generator_cpp/cmake)
[0.643s] -- Using all available rosidl_typesupport_c: rosidl_typesupport_fastrtps_c;rosidl_typesupport_introspection_c
[0.656s] -- Using all available rosidl_typesupport_cpp: rosidl_typesupport_fastrtps_cpp;rosidl_typesupport_introspection_cpp
[0.691s] -- Found rmw_implementation_cmake: 6.1.2 (/opt/ros/humble/share/rmw_implementation_cmake/cmake)
[0.693s] -- Found rmw_cyclonedds_cpp: 1.3.4 (/opt/ros/humble/share/rmw_cyclonedds_cpp/cmake)
[0.713s] -- Using RMW implementation 'rmw_cyclonedds_cpp' as default
[0.725s] -- Looking for pthread.h
[0.790s] -- Looking for pthread.h - found
[0.790s] -- Performing Test CMAKE_HAVE_LIBC_PTHREAD
[0.841s] -- Performing Test CMAKE_HAVE_LIBC_PTHREAD - Success
[0.842s] -- Found Threads: TRUE  
[0.876s] -- Found ament_lint_auto: 0.12.14 (/opt/ros/humble/share/ament_lint_auto/cmake)
[0.942s] -- Added test 'lint_cmake' to check CMake code style
[0.944s] -- Added test 'xmllint' to check XML markup files
[0.946s] -- Configuring done
[0.950s] -- Generating done
[0.953s] -- Build files have been written to: /home/pjh/ego_swarm/ego-planner-swarm/build/cmake_utils
[0.966s] Invoked command in '/home/pjh/ego_swarm/ego-planner-swarm/build/cmake_utils' returned '0': CMAKE_PREFIX_PATH=${CMAKE_PREFIX_PATH}:/opt/ros/humble /usr/bin/cmake /home/pjh/ego_swarm/ego-planner-swarm/src/uav_simulator/Utils/cmake_utils -DAMENT_CMAKE_SYMLINK_INSTALL=1 -DCMAKE_INSTALL_PREFIX=/home/pjh/ego_swarm/ego-planner-swarm/install/cmake_utils
[0.968s] Invoking command in '/home/pjh/ego_swarm/ego-planner-swarm/build/cmake_utils': CMAKE_PREFIX_PATH=${CMAKE_PREFIX_PATH}:/opt/ros/humble /usr/bin/cmake --build /home/pjh/ego_swarm/ego-planner-swarm/build/cmake_utils -- -j22 -l22
[0.999s] Invoked command in '/home/pjh/ego_swarm/ego-planner-swarm/build/cmake_utils' returned '0': CMAKE_PREFIX_PATH=${CMAKE_PREFIX_PATH}:/opt/ros/humble /usr/bin/cmake --build /home/pjh/ego_swarm/ego-planner-swarm/build/cmake_utils -- -j22 -l22
[1.006s] Invoking command in '/home/pjh/ego_swarm/ego-planner-swarm/build/cmake_utils': CMAKE_PREFIX_PATH=${CMAKE_PREFIX_PATH}:/opt/ros/humble /usr/bin/cmake --install /home/pjh/ego_swarm/ego-planner-swarm/build/cmake_utils
[1.010s] -- Install configuration: ""
[1.010s] -- Execute custom install script
[1.011s] -- Symlinking: /home/pjh/ego_swarm/ego-planner-swarm/install/cmake_utils/share/ament_index/resource_index/package_run_dependencies/cmake_utils
[1.016s] -- Symlinking: /home/pjh/ego_swarm/ego-planner-swarm/install/cmake_utils/share/ament_index/resource_index/parent_prefix_path/cmake_utils
[1.025s] -- Symlinking: /home/pjh/ego_swarm/ego-planner-swarm/install/cmake_utils/share/cmake_utils/environment/ament_prefix_path.sh
[1.034s] -- Symlinking: /home/pjh/ego_swarm/ego-planner-swarm/install/cmake_utils/share/cmake_utils/environment/ament_prefix_path.dsv
[1.044s] -- Symlinking: /home/pjh/ego_swarm/ego-planner-swarm/install/cmake_utils/share/cmake_utils/environment/path.sh
[1.049s] -- Symlinking: /home/pjh/ego_swarm/ego-planner-swarm/install/cmake_utils/share/cmake_utils/environment/path.dsv
[1.057s] -- Symlinking: /home/pjh/ego_swarm/ego-planner-swarm/install/cmake_utils/share/cmake_utils/local_setup.bash
[1.066s] -- Symlinking: /home/pjh/ego_swarm/ego-planner-swarm/install/cmake_utils/share/cmake_utils/local_setup.sh
[1.075s] -- Symlinking: /home/pjh/ego_swarm/ego-planner-swarm/install/cmake_utils/share/cmake_utils/local_setup.zsh
[1.082s] -- Symlinking: /home/pjh/ego_swarm/ego-planner-swarm/install/cmake_utils/share/cmake_utils/local_setup.dsv
[1.088s] -- Symlinking: /home/pjh/ego_swarm/ego-planner-swarm/install/cmake_utils/share/cmake_utils/package.dsv
[1.097s] -- Symlinking: /home/pjh/ego_swarm/ego-planner-swarm/install/cmake_utils/share/ament_index/resource_index/packages/cmake_utils
[1.106s] -- Symlinking: /home/pjh/ego_swarm/ego-planner-swarm/install/cmake_utils/share/cmake_utils/cmake/cmake_utilsConfig.cmake
[1.112s] -- Symlinking: /home/pjh/ego_swarm/ego-planner-swarm/install/cmake_utils/share/cmake_utils/cmake/cmake_utilsConfig-version.cmake
[1.118s] -- Symlinking: /home/pjh/ego_swarm/ego-planner-swarm/install/cmake_utils/share/cmake_utils/package.xml
[1.125s] Invoked command in '/home/pjh/ego_swarm/ego-planner-swarm/build/cmake_utils' returned '0': CMAKE_PREFIX_PATH=${CMAKE_PREFIX_PATH}:/opt/ros/humble /usr/bin/cmake --install /home/pjh/ego_swarm/ego-planner-swarm/build/cmake_utils
