-- Found ament_cmake: 1.3.12 (/opt/ros/humble/share/ament_cmake/cmake)
-- Override CMake install command with custom implementation using symlinks instead of copying resources
-- Found rclcpp: 16.0.15 (/opt/ros/humble/share/rclcpp/cmake)
-- Found rosidl_generator_c: 3.1.7 (/opt/ros/humble/share/rosidl_generator_c/cmake)
-- Found rosidl_adapter: 3.1.7 (/opt/ros/humble/share/rosidl_adapter/cmake)
-- Found rosidl_generator_cpp: 3.1.7 (/opt/ros/humble/share/rosidl_generator_cpp/cmake)
-- Using all available rosidl_typesupport_c: rosidl_typesupport_fastrtps_c;rosidl_typesupport_introspection_c
-- Using all available rosidl_typesupport_cpp: rosidl_typesupport_fastrtps_cpp;rosidl_typesupport_introspection_cpp
-- Found rmw_implementation_cmake: 6.1.2 (/opt/ros/humble/share/rmw_implementation_cmake/cmake)
-- Found rmw_cyclonedds_cpp: 1.3.4 (/opt/ros/humble/share/rmw_cyclonedds_cpp/cmake)
-- Using RMW implementation 'rmw_cyclonedds_cpp' as default
-- Found geometry_msgs: 4.9.0 (/opt/ros/humble/share/geometry_msgs/cmake)
-- Found quadrotor_msgs: 0.0.0 (/home/pjh/ego_swarm/ego-planner-swarm/install/quadrotor_msgs/share/quadrotor_msgs/cmake)
-- Found visualization_msgs: 4.9.0 (/opt/ros/humble/share/visualization_msgs/cmake)
-- Found plan_env: 0.0.0 (/home/pjh/ego_swarm/ego-planner-swarm/install/plan_env/share/plan_env/cmake)
-- Found path_searching: 0.0.0 (/home/pjh/ego_swarm/ego-planner-swarm/install/path_searching/share/path_searching/cmake)
-- Found bspline_opt: 0.0.0 (/home/pjh/ego_swarm/ego-planner-swarm/install/bspline_opt/share/bspline_opt/cmake)
-- Found traj_utils: 0.0.0 (/home/pjh/ego_swarm/ego-planner-swarm/install/traj_utils/share/traj_utils/cmake)
-- Found cv_bridge: 3.2.1 (/opt/ros/humble/share/cv_bridge/cmake)
-- Eigen found (include: /usr/include/eigen3, version: 3.4.0)
-- FLANN found (include: /usr/include, lib: /usr/lib/x86_64-linux-gnu/libflann_cpp.so)
-- OpenNI found (version: 1.5.4.0, include: /usr/include/ni, lib: /usr/lib/libOpenNI.so;libusb::libusb)
-- OpenNI2 found (version: 2.2.0.33, include: /usr/include/openni2, lib: /usr/lib/x86_64-linux-gnu/libOpenNI2.so;libusb::libusb)
-- Eigen found (include: /usr/include/eigen3, version: 3.4.0)
-- OpenNI found (version: 1.5.4.0, include: /usr/include/ni, lib: /usr/lib/libOpenNI.so;libusb::libusb)
-- OpenNI2 found (version: 2.2.0.33, include: /usr/include/openni2, lib: /usr/lib/x86_64-linux-gnu/libOpenNI2.so;libusb::libusb)
-- Found Qhull version 8.0.2
-- OpenNI found (version: 1.5.4.0, include: /usr/include/ni, lib: /usr/lib/libOpenNI.so;libusb::libusb)
-- looking for PCL_COMMON
-- looking for PCL_KDTREE
-- looking for PCL_OCTREE
-- looking for PCL_SEARCH
-- looking for PCL_SAMPLE_CONSENSUS
-- looking for PCL_FILTERS
-- looking for PCL_2D
-- looking for PCL_GEOMETRY
-- looking for PCL_IO
-- looking for PCL_FEATURES
-- looking for PCL_ML
-- looking for PCL_SEGMENTATION
-- looking for PCL_VISUALIZATION
-- looking for PCL_SURFACE
-- looking for PCL_REGISTRATION
-- looking for PCL_KEYPOINTS
-- looking for PCL_TRACKING
-- looking for PCL_RECOGNITION
-- looking for PCL_STEREO
-- looking for PCL_APPS
-- looking for PCL_IN_HAND_SCANNER
-- looking for PCL_MODELER
-- looking for PCL_POINT_CLOUD_EDITOR
-- looking for PCL_OUTOFCORE
-- looking for PCL_PEOPLE
-- Found pcl_conversions: 2.4.5 (/opt/ros/humble/share/pcl_conversions/cmake)
-- Found ament_lint_auto: 0.12.14 (/opt/ros/humble/share/ament_lint_auto/cmake)
-- Added test 'cppcheck' to perform static code analysis on C / C++ code
-- Configured cppcheck include dirs: /home/pjh/ego_swarm/ego-planner-swarm/src/planner/plan_manage/include
-- Configured cppcheck exclude dirs and/or files: 
-- Added test 'flake8' to check Python code syntax and style conventions
-- Added test 'lint_cmake' to check CMake code style
-- Added test 'pep257' to check Python code against some of the docstring style conventions in PEP 257
-- Added test 'uncrustify' to check C / C++ code style
-- Configured uncrustify additional arguments: 
-- Added test 'xmllint' to check XML markup files
-- Configuring done
-- Generating done
-- Build files have been written to: /home/pjh/ego_swarm/ego-planner-swarm/build/ego_planner
[35m[1mConsolidate compiler generated dependencies of target ego_planner_node[0m
[ 66%] Built target ego_planner_node
[35m[1mConsolidate compiler generated dependencies of target traj_server[0m
[100%] Built target traj_server
-- Install configuration: "Release"
-- Execute custom install script
-- Up-to-date symlink: /home/pjh/ego_swarm/ego-planner-swarm/install/ego_planner/lib/ego_planner/ego_planner_node
-- Up-to-date symlink: /home/pjh/ego_swarm/ego-planner-swarm/install/ego_planner/lib/ego_planner/traj_server
-- Up-to-date symlink: /home/pjh/ego_swarm/ego-planner-swarm/install/ego_planner/share/ego_planner/launch/advanced_param.launch.py
-- Up-to-date symlink: /home/pjh/ego_swarm/ego-planner-swarm/install/ego_planner/share/ego_planner/launch/default.rviz
-- Up-to-date symlink: /home/pjh/ego_swarm/ego-planner-swarm/install/ego_planner/share/ego_planner/launch/default.rviz.backup_20251027_215251
-- Up-to-date symlink: /home/pjh/ego_swarm/ego-planner-swarm/install/ego_planner/share/ego_planner/launch/run_in_sim.launch.py
-- Up-to-date symlink: /home/pjh/ego_swarm/ego-planner-swarm/install/ego_planner/share/ego_planner/launch/run_in_sim_minimal.launch.py
-- Up-to-date symlink: /home/pjh/ego_swarm/ego-planner-swarm/install/ego_planner/share/ego_planner/launch/rviz.launch.py
-- Up-to-date symlink: /home/pjh/ego_swarm/ego-planner-swarm/install/ego_planner/share/ego_planner/launch/scenario_swarm.launch.py
-- Up-to-date symlink: /home/pjh/ego_swarm/ego-planner-swarm/install/ego_planner/share/ego_planner/launch/simulator.launch.py
-- Up-to-date symlink: /home/pjh/ego_swarm/ego-planner-swarm/install/ego_planner/share/ego_planner/launch/single_run_in_sim.launch.py
-- Up-to-date symlink: /home/pjh/ego_swarm/ego-planner-swarm/install/ego_planner/share/ego_planner/launch/swarm.launch.py
-- Up-to-date symlink: /home/pjh/ego_swarm/ego-planner-swarm/install/ego_planner/share/ego_planner/launch/swarm_large.launch.py
-- Up-to-date symlink: /home/pjh/ego_swarm/ego-planner-swarm/install/ego_planner/share/ament_index/resource_index/package_run_dependencies/ego_planner
-- Up-to-date symlink: /home/pjh/ego_swarm/ego-planner-swarm/install/ego_planner/share/ament_index/resource_index/parent_prefix_path/ego_planner
-- Up-to-date symlink: /home/pjh/ego_swarm/ego-planner-swarm/install/ego_planner/share/ego_planner/environment/ament_prefix_path.sh
-- Up-to-date symlink: /home/pjh/ego_swarm/ego-planner-swarm/install/ego_planner/share/ego_planner/environment/ament_prefix_path.dsv
-- Up-to-date symlink: /home/pjh/ego_swarm/ego-planner-swarm/install/ego_planner/share/ego_planner/environment/path.sh
-- Up-to-date symlink: /home/pjh/ego_swarm/ego-planner-swarm/install/ego_planner/share/ego_planner/environment/path.dsv
-- Up-to-date symlink: /home/pjh/ego_swarm/ego-planner-swarm/install/ego_planner/share/ego_planner/local_setup.bash
-- Up-to-date symlink: /home/pjh/ego_swarm/ego-planner-swarm/install/ego_planner/share/ego_planner/local_setup.sh
-- Up-to-date symlink: /home/pjh/ego_swarm/ego-planner-swarm/install/ego_planner/share/ego_planner/local_setup.zsh
-- Up-to-date symlink: /home/pjh/ego_swarm/ego-planner-swarm/install/ego_planner/share/ego_planner/local_setup.dsv
-- Symlinking: /home/pjh/ego_swarm/ego-planner-swarm/install/ego_planner/share/ego_planner/package.dsv
-- Up-to-date symlink: /home/pjh/ego_swarm/ego-planner-swarm/install/ego_planner/share/ament_index/resource_index/packages/ego_planner
-- Up-to-date symlink: /home/pjh/ego_swarm/ego-planner-swarm/install/ego_planner/share/ego_planner/cmake/ego_plannerConfig.cmake
-- Up-to-date symlink: /home/pjh/ego_swarm/ego-planner-swarm/install/ego_planner/share/ego_planner/cmake/ego_plannerConfig-version.cmake
-- Up-to-date symlink: /home/pjh/ego_swarm/ego-planner-swarm/install/ego_planner/share/ego_planner/package.xml
