Consolidate compiler generated dependencies of target layer_planner_node
[100%] Built target layer_planner_node
-- Install configuration: ""
-- Execute custom install script
-- Up-to-date symlink: /home/pjh/ego_swarm/ego-planner-swarm/install/layer_planner/lib/layer_planner/layer_planner_node
-- Up-to-date symlink: /home/pjh/ego_swarm/ego-planner-swarm/install/layer_planner/share/layer_planner/launch/layer_planner.launch.py
-- Up-to-date symlink: /home/pjh/ego_swarm/ego-planner-swarm/install/layer_planner/share/layer_planner/launch/layer_planner_scenario.launch.py
-- Up-to-date symlink: /home/pjh/ego_swarm/ego-planner-swarm/install/layer_planner/share/layer_planner/launch/layer_swarm.launch.py
-- Up-to-date symlink: /home/pjh/ego_swarm/ego-planner-swarm/install/layer_planner/share/layer_planner/config/layer_planner_params.yaml
-- Up-to-date symlink: /home/pjh/ego_swarm/ego-planner-swarm/install/layer_planner/share/ament_index/resource_index/package_run_dependencies/layer_planner
-- Up-to-date symlink: /home/pjh/ego_swarm/ego-planner-swarm/install/layer_planner/share/ament_index/resource_index/parent_prefix_path/layer_planner
-- Up-to-date symlink: /home/pjh/ego_swarm/ego-planner-swarm/install/layer_planner/share/layer_planner/environment/ament_prefix_path.sh
-- Up-to-date symlink: /home/pjh/ego_swarm/ego-planner-swarm/install/layer_planner/share/layer_planner/environment/ament_prefix_path.dsv
-- Up-to-date symlink: /home/pjh/ego_swarm/ego-planner-swarm/install/layer_planner/share/layer_planner/environment/path.sh
-- Up-to-date symlink: /home/pjh/ego_swarm/ego-planner-swarm/install/layer_planner/share/layer_planner/environment/path.dsv
-- Up-to-date symlink: /home/pjh/ego_swarm/ego-planner-swarm/install/layer_planner/share/layer_planner/local_setup.bash
-- Up-to-date symlink: /home/pjh/ego_swarm/ego-planner-swarm/install/layer_planner/share/layer_planner/local_setup.sh
-- Up-to-date symlink: /home/pjh/ego_swarm/ego-planner-swarm/install/layer_planner/share/layer_planner/local_setup.zsh
-- Up-to-date symlink: /home/pjh/ego_swarm/ego-planner-swarm/install/layer_planner/share/layer_planner/local_setup.dsv
-- Symlinking: /home/pjh/ego_swarm/ego-planner-swarm/install/layer_planner/share/layer_planner/package.dsv
-- Up-to-date symlink: /home/pjh/ego_swarm/ego-planner-swarm/install/layer_planner/share/ament_index/resource_index/packages/layer_planner
-- Up-to-date symlink: /home/pjh/ego_swarm/ego-planner-swarm/install/layer_planner/share/layer_planner/cmake/layer_plannerConfig.cmake
-- Up-to-date symlink: /home/pjh/ego_swarm/ego-planner-swarm/install/layer_planner/share/layer_planner/cmake/layer_plannerConfig-version.cmake
-- Up-to-date symlink: /home/pjh/ego_swarm/ego-planner-swarm/install/layer_planner/share/layer_planner/package.xml
