[0.019s] Invoking command in '/home/pjh/ego_swarm/ego-planner-swarm/build/plan_env': CMAKE_PREFIX_PATH=${CMAKE_PREFIX_PATH}:/opt/ros/humble /usr/bin/cmake /home/pjh/ego_swarm/ego-planner-swarm/src/planner/plan_env -DAMENT_CMAKE_SYMLINK_INSTALL=1 -DCMAKE_INSTALL_PREFIX=/home/pjh/ego_swarm/ego-planner-swarm/install/plan_env
[0.183s] -- The C compiler identification is GNU 11.4.0
[0.265s] -- The CXX compiler identification is GNU 11.4.0
[0.273s] -- Detecting C compiler ABI info
[0.332s] -- Detecting C compiler ABI info - done
[0.337s] -- Check for working C compiler: /usr/bin/cc - skipped
[0.337s] -- Detecting C compile features
[0.337s] -- Detecting C compile features - done
[0.339s] -- Detecting CXX compiler ABI info
[0.390s] -- Detecting CXX compiler ABI info - done
[0.395s] -- Check for working CXX compiler: /usr/bin/c++ - skipped
[0.395s] -- Detecting CXX compile features
[0.395s] -- Detecting CXX compile features - done
[0.406s] -- Found ament_cmake: 1.3.12 (/opt/ros/humble/share/ament_cmake/cmake)
[0.511s] -- Found Python3: /usr/bin/python3 (found version "3.10.12") found components: Interpreter 
[0.555s] -- Override CMake install command with custom implementation using symlinks instead of copying resources
[0.579s] -- Found rclcpp: 16.0.15 (/opt/ros/humble/share/rclcpp/cmake)
[0.622s] -- Found rosidl_generator_c: 3.1.7 (/opt/ros/humble/share/rosidl_generator_c/cmake)
[0.626s] -- Found rosidl_adapter: 3.1.7 (/opt/ros/humble/share/rosidl_adapter/cmake)
[0.633s] -- Found rosidl_generator_cpp: 3.1.7 (/opt/ros/humble/share/rosidl_generator_cpp/cmake)
[0.646s] -- Using all available rosidl_typesupport_c: rosidl_typesupport_fastrtps_c;rosidl_typesupport_introspection_c
[0.660s] -- Using all available rosidl_typesupport_cpp: rosidl_typesupport_fastrtps_cpp;rosidl_typesupport_introspection_cpp
[0.692s] -- Found rmw_implementation_cmake: 6.1.2 (/opt/ros/humble/share/rmw_implementation_cmake/cmake)
[0.695s] -- Found rmw_cyclonedds_cpp: 1.3.4 (/opt/ros/humble/share/rmw_cyclonedds_cpp/cmake)
[0.715s] -- Using RMW implementation 'rmw_cyclonedds_cpp' as default
[0.726s] -- Looking for pthread.h
[0.787s] -- Looking for pthread.h - found
[0.788s] -- Performing Test CMAKE_HAVE_LIBC_PTHREAD
[0.842s] -- Performing Test CMAKE_HAVE_LIBC_PTHREAD - Success
[0.842s] -- Found Threads: TRUE  
[0.877s] -- Found rclpy: 3.3.17 (/opt/ros/humble/share/rclpy/cmake)
[0.878s] -- Found visualization_msgs: 4.9.0 (/opt/ros/humble/share/visualization_msgs/cmake)
[0.919s] -- Found nav_msgs: 4.9.0 (/opt/ros/humble/share/nav_msgs/cmake)
[0.929s] -- Found cv_bridge: 3.2.1 (/opt/ros/humble/share/cv_bridge/cmake)
[0.939s] -- Found message_filters: 4.3.11 (/opt/ros/humble/share/message_filters/cmake)
[0.942s] -- Found OpenCV: /usr (found version "4.5.4") 
[0.955s] -- Checking for module 'eigen3'
[0.966s] --   Found eigen3, version 3.4.0
[0.989s] -- Found Eigen: /usr/include/eigen3 (Required is at least version "3.1") 
[0.990s] -- Eigen found (include: /usr/include/eigen3, version: 3.4.0)
[1.008s] -- Found Boost: /usr/lib/x86_64-linux-gnu/cmake/Boost-1.74.0/BoostConfig.cmake (found suitable version "1.74.0", minimum required is "1.65.0") found components: system filesystem date_time iostreams serialization 
[1.023s] -- Checking for module 'flann'
[1.035s] --   Found flann, version 1.9.1
[1.078s] -- Found FLANN: /usr/lib/x86_64-linux-gnu/libflann_cpp.so  
[1.078s] -- FLANN found (include: /usr/include, lib: /usr/lib/x86_64-linux-gnu/libflann_cpp.so)
[1.101s] -- Found GLEW: /usr/lib/x86_64-linux-gnu/libGLEW.so  
[1.105s] -- Found OpenGL: /usr/lib/x86_64-linux-gnu/libOpenGL.so  found components: OpenGL GLX 
[1.212s] -- Found MPI_C: /usr/lib/x86_64-linux-gnu/libmpi.so (found version "3.1") 
[1.212s] -- Found MPI: TRUE (found version "3.1") found components: C 
[1.215s] -- Found JsonCpp: /usr/lib/x86_64-linux-gnu/libjsoncpp.so (found suitable version "1.9.5", minimum required is "0.7.0") 
[1.226s] -- Found ZLIB: /usr/lib/x86_64-linux-gnu/libz.so (found version "1.2.11") 
[1.237s] -- Found PNG: /usr/lib/x86_64-linux-gnu/libpng.so (found version "1.6.37") 
[1.252s] -- Found Eigen3: /usr/include/eigen3 (found version "3.4.0") 
[1.326s] -- Found X11: /usr/include   
[1.326s] -- Looking for XOpenDisplay in /usr/lib/x86_64-linux-gnu/libX11.so;/usr/lib/x86_64-linux-gnu/libXext.so
[1.385s] -- Looking for XOpenDisplay in /usr/lib/x86_64-linux-gnu/libX11.so;/usr/lib/x86_64-linux-gnu/libXext.so - found
[1.385s] -- Looking for gethostbyname
[1.441s] -- Looking for gethostbyname - found
[1.441s] -- Looking for connect
[1.501s] -- Looking for connect - found
[1.501s] -- Looking for remove
[1.550s] -- Looking for remove - found
[1.550s] -- Looking for shmat
[1.599s] -- Looking for shmat - found
[1.599s] -- Looking for IceConnectionNumber in ICE
[1.645s] -- Looking for IceConnectionNumber in ICE - found
[1.706s] -- Found EXPAT: /usr/lib/x86_64-linux-gnu/libexpat.so (found version "2.4.7") 
[1.708s] -- Found double-conversion: /usr/lib/x86_64-linux-gnu/libdouble-conversion.so  
[1.711s] -- Found LZ4: /usr/lib/x86_64-linux-gnu/liblz4.so (found version "1.9.3") 
[1.713s] -- Found LZMA: /usr/lib/x86_64-linux-gnu/liblzma.so (found version "5.2.5") 
[1.781s] -- Found JPEG: /usr/lib/x86_64-linux-gnu/libjpeg.so (found version "80") 
[1.792s] -- Found TIFF: /usr/lib/x86_64-linux-gnu/libtiff.so (found version "4.3.0")  
[1.796s] -- Found Freetype: /usr/lib/x86_64-linux-gnu/libfreetype.so (found version "2.11.1") 
[1.801s] -- Found utf8cpp: /usr/include/utf8cpp  
[1.873s] -- Checking for module 'libusb-1.0'
[1.884s] --   Found libusb-1.0, version 1.0.25
[1.913s] -- Found libusb: /usr/lib/x86_64-linux-gnu/libusb-1.0.so  
[1.913s] -- Found OpenNI: /usr/lib/libOpenNI.so;libusb::libusb (found version "1.5.4.0") 
[1.914s] -- OpenNI found (version: 1.5.4.0, include: /usr/include/ni, lib: /usr/lib/libOpenNI.so;libusb::libusb)
[1.967s] -- Found OpenNI2: /usr/lib/x86_64-linux-gnu/libOpenNI2.so;libusb::libusb (found version "2.2.0.33") 
[1.967s] -- OpenNI2 found (version: 2.2.0.33, include: /usr/include/openni2, lib: /usr/lib/x86_64-linux-gnu/libOpenNI2.so;libusb::libusb)
[1.967s] ** WARNING ** io features related to pcap will be disabled
[2.152s] -- Eigen found (include: /usr/include/eigen3, version: 3.4.0)
[2.159s] -- OpenNI found (version: 1.5.4.0, include: /usr/include/ni, lib: /usr/lib/libOpenNI.so;libusb::libusb)
[2.166s] -- OpenNI2 found (version: 2.2.0.33, include: /usr/include/openni2, lib: /usr/lib/x86_64-linux-gnu/libOpenNI2.so;libusb::libusb)
[2.349s] -- Found Qhull version 8.0.2
[2.551s] -- OpenNI found (version: 1.5.4.0, include: /usr/include/ni, lib: /usr/lib/libOpenNI.so;libusb::libusb)
[2.751s] -- looking for PCL_COMMON
[2.752s] -- Found PCL_COMMON: /usr/lib/x86_64-linux-gnu/libpcl_common.so  
[2.753s] -- looking for PCL_KDTREE
[2.754s] -- Found PCL_KDTREE: /usr/lib/x86_64-linux-gnu/libpcl_kdtree.so  
[2.754s] -- looking for PCL_OCTREE
[2.755s] -- Found PCL_OCTREE: /usr/lib/x86_64-linux-gnu/libpcl_octree.so  
[2.755s] -- looking for PCL_SEARCH
[2.756s] -- Found PCL_SEARCH: /usr/lib/x86_64-linux-gnu/libpcl_search.so  
[2.756s] -- looking for PCL_SAMPLE_CONSENSUS
[2.757s] -- Found PCL_SAMPLE_CONSENSUS: /usr/lib/x86_64-linux-gnu/libpcl_sample_consensus.so  
[2.757s] -- looking for PCL_FILTERS
[2.758s] -- Found PCL_FILTERS: /usr/lib/x86_64-linux-gnu/libpcl_filters.so  
[2.758s] -- looking for PCL_2D
[2.759s] -- Found PCL_2D: /usr/include/pcl-1.12  
[2.759s] -- looking for PCL_GEOMETRY
[2.759s] -- Found PCL_GEOMETRY: /usr/include/pcl-1.12  
[2.759s] -- looking for PCL_IO
[2.760s] -- Found PCL_IO: /usr/lib/x86_64-linux-gnu/libpcl_io.so  
[2.760s] -- looking for PCL_FEATURES
[2.761s] -- Found PCL_FEATURES: /usr/lib/x86_64-linux-gnu/libpcl_features.so  
[2.762s] -- looking for PCL_ML
[2.763s] -- Found PCL_ML: /usr/lib/x86_64-linux-gnu/libpcl_ml.so  
[2.763s] -- looking for PCL_SEGMENTATION
[2.764s] -- Found PCL_SEGMENTATION: /usr/lib/x86_64-linux-gnu/libpcl_segmentation.so  
[2.764s] -- looking for PCL_VISUALIZATION
[2.765s] -- Found PCL_VISUALIZATION: /usr/lib/x86_64-linux-gnu/libpcl_visualization.so  
[2.765s] -- looking for PCL_SURFACE
[2.766s] -- Found PCL_SURFACE: /usr/lib/x86_64-linux-gnu/libpcl_surface.so  
[2.766s] -- looking for PCL_REGISTRATION
[2.767s] -- Found PCL_REGISTRATION: /usr/lib/x86_64-linux-gnu/libpcl_registration.so  
[2.768s] -- looking for PCL_KEYPOINTS
[2.769s] -- Found PCL_KEYPOINTS: /usr/lib/x86_64-linux-gnu/libpcl_keypoints.so  
[2.769s] -- looking for PCL_TRACKING
[2.770s] -- Found PCL_TRACKING: /usr/lib/x86_64-linux-gnu/libpcl_tracking.so  
[2.770s] -- looking for PCL_RECOGNITION
[2.771s] -- Found PCL_RECOGNITION: /usr/lib/x86_64-linux-gnu/libpcl_recognition.so  
[2.771s] -- looking for PCL_STEREO
[2.772s] -- Found PCL_STEREO: /usr/lib/x86_64-linux-gnu/libpcl_stereo.so  
[2.772s] -- looking for PCL_APPS
[2.773s] -- Found PCL_APPS: /usr/lib/x86_64-linux-gnu/libpcl_apps.so  
[2.774s] -- looking for PCL_IN_HAND_SCANNER
[2.774s] -- Found PCL_IN_HAND_SCANNER: /usr/include/pcl-1.12  
[2.774s] -- looking for PCL_MODELER
[2.775s] -- Found PCL_MODELER: /usr/include/pcl-1.12  
[2.775s] -- looking for PCL_POINT_CLOUD_EDITOR
[2.775s] -- Found PCL_POINT_CLOUD_EDITOR: /usr/include/pcl-1.12  
[2.775s] -- looking for PCL_OUTOFCORE
[2.776s] -- Found PCL_OUTOFCORE: /usr/lib/x86_64-linux-gnu/libpcl_outofcore.so  
[2.777s] -- looking for PCL_PEOPLE
[2.778s] -- Found PCL_PEOPLE: /usr/lib/x86_64-linux-gnu/libpcl_people.so  
[2.779s] -- Found PCL: pcl_common;pcl_kdtree;pcl_octree;pcl_search;pcl_sample_consensus;pcl_filters;pcl_io;pcl_features;pcl_ml;pcl_segmentation;pcl_visualization;pcl_surface;pcl_registration;pcl_keypoints;pcl_tracking;pcl_recognition;pcl_stereo;pcl_apps;pcl_outofcore;pcl_people;Boost::system;Boost::filesystem;Boost::date_time;Boost::iostreams;Boost::serialization;/usr/lib/libOpenNI.so;libusb::libusb;/usr/lib/x86_64-linux-gnu/libOpenNI2.so;libusb::libusb;VTK::ChartsCore;VTK::CommonColor;VTK::CommonComputationalGeometry;VTK::CommonCore;VTK::CommonDataModel;VTK::CommonExecutionModel;VTK::CommonMath;VTK::CommonMisc;VTK::CommonTransforms;VTK::FiltersCore;VTK::FiltersExtraction;VTK::FiltersGeneral;VTK::FiltersGeometry;VTK::FiltersModeling;VTK::FiltersSources;VTK::ImagingCore;VTK::ImagingSources;VTK::InteractionImage;VTK::InteractionStyle;VTK::InteractionWidgets;VTK::IOCore;VTK::IOGeometry;VTK::IOImage;VTK::IOLegacy;VTK::IOPLY;VTK::RenderingAnnotation;VTK::RenderingCore;VTK::RenderingContext2D;VTK::RenderingLOD;VTK::RenderingFreeType;VTK::ViewsCore;VTK::ViewsContext2D;VTK::RenderingOpenGL2;VTK::GUISupportQt;FLANN::FLANN;QHULL::QHULL  
[2.780s] -- Found pcl_conversions: 2.4.5 (/opt/ros/humble/share/pcl_conversions/cmake)
[2.810s] -- Found ament_lint_auto: 0.12.14 (/opt/ros/humble/share/ament_lint_auto/cmake)
[2.900s] -- Added test 'cppcheck' to perform static code analysis on C / C++ code
[2.901s] -- Configured cppcheck include dirs: /home/pjh/ego_swarm/ego-planner-swarm/src/planner/plan_env/include
[2.901s] -- Configured cppcheck exclude dirs and/or files: 
[2.901s] -- Added test 'lint_cmake' to check CMake code style
[2.902s] -- Added test 'uncrustify' to check C / C++ code style
[2.902s] -- Configured uncrustify additional arguments: 
[2.902s] -- Added test 'xmllint' to check XML markup files
[2.904s] -- Configuring done
[2.938s] -- Generating done
[2.948s] -- Build files have been written to: /home/pjh/ego_swarm/ego-planner-swarm/build/plan_env
[2.975s] Invoked command in '/home/pjh/ego_swarm/ego-planner-swarm/build/plan_env' returned '0': CMAKE_PREFIX_PATH=${CMAKE_PREFIX_PATH}:/opt/ros/humble /usr/bin/cmake /home/pjh/ego_swarm/ego-planner-swarm/src/planner/plan_env -DAMENT_CMAKE_SYMLINK_INSTALL=1 -DCMAKE_INSTALL_PREFIX=/home/pjh/ego_swarm/ego-planner-swarm/install/plan_env
[2.976s] Invoking command in '/home/pjh/ego_swarm/ego-planner-swarm/build/plan_env': CMAKE_PREFIX_PATH=${CMAKE_PREFIX_PATH}:/opt/ros/humble /usr/bin/cmake --build /home/pjh/ego_swarm/ego-planner-swarm/build/plan_env -- -j22 -l22
[3.021s] [ 16%] Building CXX object CMakeFiles/obj_generator.dir/src/obj_generator.cpp.o
[3.021s] [ 33%] Building CXX object CMakeFiles/plan_env.dir/src/grid_map.cpp.o
[3.023s] [ 50%] Building CXX object CMakeFiles/plan_env.dir/src/raycast.cpp.o
[3.027s] [ 66%] Building CXX object CMakeFiles/plan_env.dir/src/obj_predictor.cpp.o
[8.434s] /home/pjh/ego_swarm/ego-planner-swarm/src/planner/plan_env/src/obj_predictor.cpp:45:85: warning: ‘geometry_msgs::msg::PoseStamped_<std::allocator<void> >::ConstPtr’ is deprecated [-Wdeprecated-declarations]
[8.434s]    45 |   void ObjHistory::poseCallback(const geometry_msgs::msg::PoseStamped::ConstPtr &msg)
[8.434s]       |                                                                                     ^
[8.434s] In file included from /opt/ros/humble/include/geometry_msgs/geometry_msgs/msg/pose_stamped.hpp:7,
[8.434s]                  from /home/pjh/ego_swarm/ego-planner-swarm/src/planner/plan_env/include/plan_env/obj_predictor.h:29,
[8.434s]                  from /home/pjh/ego_swarm/ego-planner-swarm/src/planner/plan_env/src/obj_predictor.cpp:24:
[8.434s] /opt/ros/humble/include/geometry_msgs/geometry_msgs/msg/detail/pose_stamped__struct.hpp:115:5: note: declared here
[8.434s]   115 |     ConstPtr;
[8.434s]       |     ^~~~~~~~
[8.437s] /home/pjh/ego_swarm/ego-planner-swarm/src/planner/plan_env/src/obj_predictor.cpp: In member function ‘void fast_planner::ObjHistory::poseCallback(const ConstPtr&)’:
[8.437s] /home/pjh/ego_swarm/ego-planner-swarm/src/planner/plan_env/src/obj_predictor.cpp:58:25: warning: comparison of integer expressions of different signedness: ‘std::__cxx11::list<Eigen::Matrix<double, 4, 1> >::size_type’ {aka ‘long unsigned int’} and ‘int’ [-Wsign-compare]
[8.437s]    58 |     if (history_.size() > queue_size_)
[8.437s]       |         ~~~~~~~~~~~~~~~~^~~~~~~~~~~~~
[8.649s] /home/pjh/ego_swarm/ego-planner-swarm/src/planner/plan_env/src/obj_predictor.cpp: At global scope:
[8.649s] /home/pjh/ego_swarm/ego-planner-swarm/src/planner/plan_env/src/obj_predictor.cpp:203:89: warning: ‘visualization_msgs::msg::Marker_<std::allocator<void> >::ConstPtr’ is deprecated [-Wdeprecated-declarations]
[8.649s]   203 |   void ObjPredictor::markerCallback(const visualization_msgs::msg::Marker::ConstPtr &msg)
[8.649s]       |                                                                                         ^
[8.649s] In file included from /opt/ros/humble/include/visualization_msgs/visualization_msgs/msg/marker.hpp:7,
[8.649s]                  from /home/pjh/ego_swarm/ego-planner-swarm/src/planner/plan_env/include/plan_env/obj_predictor.h:33,
[8.649s]                  from /home/pjh/ego_swarm/ego-planner-swarm/src/planner/plan_env/src/obj_predictor.cpp:24:
[8.649s] /opt/ros/humble/include/visualization_msgs/visualization_msgs/msg/detail/marker__struct.hpp:364:5: note: declared here
[8.649s]   364 |     ConstPtr;
[8.649s]       |     ^~~~~~~~
[14.611s] /home/pjh/ego_swarm/ego-planner-swarm/src/planner/plan_env/src/grid_map.cpp:759:86: warning: ‘sensor_msgs::msg::Image_<std::allocator<void> >::ConstPtr’ is deprecated [-Wdeprecated-declarations]
[14.611s]   759 |                                 const geometry_msgs::msg::PoseStamped::ConstPtr &pose)
[14.611s]       |                                                                                      ^
[14.611s] In file included from /opt/ros/humble/include/sensor_msgs/sensor_msgs/msg/image.hpp:7,
[14.612s]                  from /opt/ros/humble/include/cv_bridge/cv_bridge/cv_bridge.h:40,
[14.612s]                  from /home/pjh/ego_swarm/ego-planner-swarm/src/planner/plan_env/include/plan_env/grid_map.h:6,
[14.612s]                  from /home/pjh/ego_swarm/ego-planner-swarm/src/planner/plan_env/src/grid_map.cpp:1:
[14.612s] /opt/ros/humble/include/sensor_msgs/sensor_msgs/msg/detail/image__struct.hpp:173:5: note: declared here
[14.612s]   173 |     ConstPtr;
[14.612s]       |     ^~~~~~~~
[14.612s] /home/pjh/ego_swarm/ego-planner-swarm/src/planner/plan_env/src/grid_map.cpp:759:86: warning: ‘geometry_msgs::msg::PoseStamped_<std::allocator<void> >::ConstPtr’ is deprecated [-Wdeprecated-declarations]
[14.612s]   759 |                                 const geometry_msgs::msg::PoseStamped::ConstPtr &pose)
[14.612s]       |                                                                                      ^
[14.612s] In file included from /opt/ros/humble/include/geometry_msgs/geometry_msgs/msg/pose_stamped.hpp:7,
[14.612s]                  from /home/pjh/ego_swarm/ego-planner-swarm/src/planner/plan_env/include/plan_env/grid_map.h:7,
[14.612s]                  from /home/pjh/ego_swarm/ego-planner-swarm/src/planner/plan_env/src/grid_map.cpp:1:
[14.613s] /opt/ros/humble/include/geometry_msgs/geometry_msgs/msg/detail/pose_stamped__struct.hpp:115:5: note: declared here
[14.613s]   115 |     ConstPtr;
[14.613s]       |     ^~~~~~~~
[14.626s] /home/pjh/ego_swarm/ego-planner-swarm/src/planner/plan_env/src/grid_map.cpp:806:79: warning: ‘sensor_msgs::msg::PointCloud2_<std::allocator<void> >::ConstPtr’ is deprecated [-Wdeprecated-declarations]
[14.626s]   806 | void GridMap::cloudCallback(const sensor_msgs::msg::PointCloud2::ConstPtr &img)
[14.626s]       |                                                                               ^
[14.626s] In file included from /opt/ros/humble/include/sensor_msgs/sensor_msgs/msg/point_cloud2.hpp:7,
[14.626s]                  from /opt/ros/humble/include/pcl_conversions/pcl_conversions/pcl_conversions.h:59,
[14.627s]                  from /home/pjh/ego_swarm/ego-planner-swarm/src/planner/plan_env/include/plan_env/grid_map.h:18,
[14.627s]                  from /home/pjh/ego_swarm/ego-planner-swarm/src/planner/plan_env/src/grid_map.cpp:1:
[14.627s] /opt/ros/humble/include/sensor_msgs/sensor_msgs/msg/detail/point_cloud2__struct.hpp:194:5: note: declared here
[14.627s]   194 |     ConstPtr;
[14.627s]       |     ^~~~~~~~
[14.676s] /home/pjh/ego_swarm/ego-planner-swarm/src/planner/plan_env/src/grid_map.cpp:1031:78: warning: ‘nav_msgs::msg::Odometry_<std::allocator<void> >::ConstPtr’ is deprecated [-Wdeprecated-declarations]
[14.676s]  1031 | void GridMap::extrinsicCallback(const nav_msgs::msg::Odometry::ConstPtr &odom)
[14.676s]       |                                                                              ^
[14.676s] In file included from /opt/ros/humble/include/nav_msgs/nav_msgs/msg/odometry.hpp:7,
[14.676s]                  from /home/pjh/ego_swarm/ego-planner-swarm/src/planner/plan_env/include/plan_env/grid_map.h:10,
[14.676s]                  from /home/pjh/ego_swarm/ego-planner-swarm/src/planner/plan_env/src/grid_map.cpp:1:
[14.677s] /opt/ros/humble/include/nav_msgs/nav_msgs/msg/detail/odometry__struct.hpp:146:5: note: declared here
[14.677s]   146 |     ConstPtr;
[14.677s]       |     ^~~~~~~~
[14.704s] /home/pjh/ego_swarm/ego-planner-swarm/src/planner/plan_env/src/grid_map.cpp:1046:78: warning: ‘sensor_msgs::msg::Image_<std::allocator<void> >::ConstPtr’ is deprecated [-Wdeprecated-declarations]
[14.704s]  1046 |                                 const nav_msgs::msg::Odometry::ConstPtr &odom)
[14.705s]       |                                                                              ^
[14.705s] In file included from /opt/ros/humble/include/sensor_msgs/sensor_msgs/msg/image.hpp:7,
[14.705s]                  from /opt/ros/humble/include/cv_bridge/cv_bridge/cv_bridge.h:40,
[14.705s]                  from /home/pjh/ego_swarm/ego-planner-swarm/src/planner/plan_env/include/plan_env/grid_map.h:6,
[14.705s]                  from /home/pjh/ego_swarm/ego-planner-swarm/src/planner/plan_env/src/grid_map.cpp:1:
[14.705s] /opt/ros/humble/include/sensor_msgs/sensor_msgs/msg/detail/image__struct.hpp:173:5: note: declared here
[14.705s]   173 |     ConstPtr;
[14.705s]       |     ^~~~~~~~
[14.705s] /home/pjh/ego_swarm/ego-planner-swarm/src/planner/plan_env/src/grid_map.cpp:1046:78: warning: ‘nav_msgs::msg::Odometry_<std::allocator<void> >::ConstPtr’ is deprecated [-Wdeprecated-declarations]
[14.706s]  1046 |                                 const nav_msgs::msg::Odometry::ConstPtr &odom)
[14.706s]       |                                                                              ^
[14.706s] In file included from /opt/ros/humble/include/nav_msgs/nav_msgs/msg/odometry.hpp:7,
[14.706s]                  from /home/pjh/ego_swarm/ego-planner-swarm/src/planner/plan_env/include/plan_env/grid_map.h:10,
[14.706s]                  from /home/pjh/ego_swarm/ego-planner-swarm/src/planner/plan_env/src/grid_map.cpp:1:
[14.706s] /opt/ros/humble/include/nav_msgs/nav_msgs/msg/detail/odometry__struct.hpp:146:5: note: declared here
[14.706s]   146 |     ConstPtr;
[14.706s]       |     ^~~~~~~~
[21.591s] [ 83%] Linking CXX executable obj_generator
[22.642s] [ 83%] Built target obj_generator
[61.127s] [100%] Linking CXX shared library libplan_env.so
[62.101s] [100%] Built target plan_env
[62.111s] Invoked command in '/home/pjh/ego_swarm/ego-planner-swarm/build/plan_env' returned '0': CMAKE_PREFIX_PATH=${CMAKE_PREFIX_PATH}:/opt/ros/humble /usr/bin/cmake --build /home/pjh/ego_swarm/ego-planner-swarm/build/plan_env -- -j22 -l22
[62.113s] Invoking command in '/home/pjh/ego_swarm/ego-planner-swarm/build/plan_env': CMAKE_PREFIX_PATH=${CMAKE_PREFIX_PATH}:/opt/ros/humble /usr/bin/cmake --install /home/pjh/ego_swarm/ego-planner-swarm/build/plan_env
[62.121s] -- Install configuration: "Release"
[62.121s] -- Execute custom install script
[62.121s] -- Symlinking: /home/pjh/ego_swarm/ego-planner-swarm/install/plan_env/lib/libplan_env.so
[62.128s] -- Symlinking: /home/pjh/ego_swarm/ego-planner-swarm/install/plan_env/lib/plan_env/obj_generator
[62.134s] -- Symlinking: /home/pjh/ego_swarm/ego-planner-swarm/install/plan_env/include/plan_env/grid_map.h
[62.141s] -- Symlinking: /home/pjh/ego_swarm/ego-planner-swarm/install/plan_env/include/plan_env/linear_obj_model.hpp
[62.147s] -- Symlinking: /home/pjh/ego_swarm/ego-planner-swarm/install/plan_env/include/plan_env/obj_predictor.h
[62.152s] -- Symlinking: /home/pjh/ego_swarm/ego-planner-swarm/install/plan_env/include/plan_env/raycast.h
[62.158s] -- Symlinking: /home/pjh/ego_swarm/ego-planner-swarm/install/plan_env/share/plan_env/environment/library_path.sh
[62.164s] -- Symlinking: /home/pjh/ego_swarm/ego-planner-swarm/install/plan_env/share/plan_env/environment/library_path.dsv
[62.172s] -- Symlinking: /home/pjh/ego_swarm/ego-planner-swarm/install/plan_env/share/ament_index/resource_index/package_run_dependencies/plan_env
[62.177s] -- Symlinking: /home/pjh/ego_swarm/ego-planner-swarm/install/plan_env/share/ament_index/resource_index/parent_prefix_path/plan_env
[62.185s] -- Symlinking: /home/pjh/ego_swarm/ego-planner-swarm/install/plan_env/share/plan_env/environment/ament_prefix_path.sh
[62.193s] -- Symlinking: /home/pjh/ego_swarm/ego-planner-swarm/install/plan_env/share/plan_env/environment/ament_prefix_path.dsv
[62.202s] -- Symlinking: /home/pjh/ego_swarm/ego-planner-swarm/install/plan_env/share/plan_env/environment/path.sh
[62.209s] -- Symlinking: /home/pjh/ego_swarm/ego-planner-swarm/install/plan_env/share/plan_env/environment/path.dsv
[62.217s] -- Symlinking: /home/pjh/ego_swarm/ego-planner-swarm/install/plan_env/share/plan_env/local_setup.bash
[62.226s] -- Symlinking: /home/pjh/ego_swarm/ego-planner-swarm/install/plan_env/share/plan_env/local_setup.sh
[62.235s] -- Symlinking: /home/pjh/ego_swarm/ego-planner-swarm/install/plan_env/share/plan_env/local_setup.zsh
[62.242s] -- Symlinking: /home/pjh/ego_swarm/ego-planner-swarm/install/plan_env/share/plan_env/local_setup.dsv
[62.249s] -- Symlinking: /home/pjh/ego_swarm/ego-planner-swarm/install/plan_env/share/plan_env/package.dsv
[62.255s] -- Symlinking: /home/pjh/ego_swarm/ego-planner-swarm/install/plan_env/share/ament_index/resource_index/packages/plan_env
[62.260s] -- Symlinking: /home/pjh/ego_swarm/ego-planner-swarm/install/plan_env/share/plan_env/cmake/ament_cmake_export_include_directories-extras.cmake
[62.267s] -- Symlinking: /home/pjh/ego_swarm/ego-planner-swarm/install/plan_env/share/plan_env/cmake/ament_cmake_export_libraries-extras.cmake
[62.273s] -- Symlinking: /home/pjh/ego_swarm/ego-planner-swarm/install/plan_env/share/plan_env/cmake/plan_envConfig.cmake
[62.281s] -- Symlinking: /home/pjh/ego_swarm/ego-planner-swarm/install/plan_env/share/plan_env/cmake/plan_envConfig-version.cmake
[62.290s] -- Symlinking: /home/pjh/ego_swarm/ego-planner-swarm/install/plan_env/share/plan_env/package.xml
[62.300s] Invoked command in '/home/pjh/ego_swarm/ego-planner-swarm/build/plan_env' returned '0': CMAKE_PREFIX_PATH=${CMAKE_PREFIX_PATH}:/opt/ros/humble /usr/bin/cmake --install /home/pjh/ego_swarm/ego-planner-swarm/build/plan_env
