[0.009s] Invoking command in '/home/pjh/ego_swarm/ego-planner-swarm/build/traj_recorder': CMAKE_PREFIX_PATH=/home/pjh/ego_swarm/ego-planner-swarm/install/traj_utils:/home/pjh/ego_swarm/ego-planner-swarm/install/waypoint_generator:/home/pjh/ego_swarm/ego-planner-swarm/install/so3_quadrotor_simulator:/home/pjh/ego_swarm/ego-planner-swarm/install/uav_utils:/home/pjh/ego_swarm/ego-planner-swarm/install/traj_recorder:/home/pjh/ego_swarm/ego-planner-swarm/install/rosmsg_tcp_bridge:/home/pjh/ego_swarm/ego-planner-swarm/install/layer_planner:/home/pjh/ego_swarm/ego-planner-swarm/install/ego_planner:/home/pjh/ego_swarm/ego-planner-swarm/install/bspline_opt:/home/pjh/ego_swarm/ego-planner-swarm/install/so3_control:/home/pjh/ego_swarm/ego-planner-swarm/install/poscmd_2_odom:/home/pjh/ego_swarm/ego-planner-swarm/install/odom_visualization:/home/pjh/ego_swarm/ego-planner-swarm/install/multi_map_server:/home/pjh/ego_swarm/ego-planner-swarm/install/local_sensing:/home/pjh/ego_swarm/ego-planner-swarm/install/quadrotor_msgs:/home/pjh/ego_swarm/ego-planner-swarm/install/pose_utils:/home/pjh/ego_swarm/ego-planner-swarm/install/path_searching:/home/pjh/ego_swarm/ego-planner-swarm/install/plan_env:/home/pjh/ego_swarm/ego-planner-swarm/install/mockamap:/home/pjh/ego_swarm/ego-planner-swarm/install/map_generator:/home/pjh/ego_swarm/ego-planner-swarm/install/drone_detect:/home/pjh/ego_swarm/ego-planner-swarm/install/cmake_utils:/opt/ros/humble LD_LIBRARY_PATH=/home/pjh/ego_swarm/ego-planner-swarm/install/traj_utils/lib:/home/pjh/ego_swarm/ego-planner-swarm/install/bspline_opt/lib:/home/pjh/ego_swarm/ego-planner-swarm/install/so3_control/lib:/home/pjh/ego_swarm/ego-planner-swarm/install/multi_map_server/lib:/home/pjh/ego_swarm/ego-planner-swarm/install/quadrotor_msgs/lib:/home/pjh/ego_swarm/ego-planner-swarm/install/pose_utils/lib:/home/pjh/ego_swarm/ego-planner-swarm/install/path_searching/lib:/home/pjh/ego_swarm/ego-planner-swarm/install/plan_env/lib:/usr/lib/x86_64-linux-gnu/gazebo-11/plugins:/opt/ros/humble/opt/rviz_ogre_vendor/lib:/opt/ros/humble/lib/x86_64-linux-gnu:/opt/ros/humble/lib /usr/bin/cmake /home/pjh/ego_swarm/ego-planner-swarm/src/planner/traj_recorder -DAMENT_CMAKE_SYMLINK_INSTALL=1 -DCMAKE_INSTALL_PREFIX=/home/pjh/ego_swarm/ego-planner-swarm/install/traj_recorder
[0.063s] -- The C compiler identification is GNU 11.4.0
[0.113s] -- The CXX compiler identification is GNU 11.4.0
[0.119s] -- Detecting C compiler ABI info
[0.180s] -- Detecting C compiler ABI info - done
[0.188s] -- Check for working C compiler: /usr/bin/cc - skipped
[0.188s] -- Detecting C compile features
[0.188s] -- Detecting C compile features - done
[0.191s] -- Detecting CXX compiler ABI info
[0.272s] -- Detecting CXX compiler ABI info - done
[0.280s] -- Check for working CXX compiler: /usr/bin/c++ - skipped
[0.280s] -- Detecting CXX compile features
[0.280s] -- Detecting CXX compile features - done
[0.283s] -- Found ament_cmake: 1.3.12 (/opt/ros/humble/share/ament_cmake/cmake)
[0.431s] -- Found Python3: /usr/bin/python3 (found version "3.10.12") found components: Interpreter 
[0.497s] -- Override CMake install command with custom implementation using symlinks instead of copying resources
[0.525s] -- Found rclcpp: 16.0.15 (/opt/ros/humble/share/rclcpp/cmake)
[0.562s] -- Found rosidl_generator_c: 3.1.7 (/opt/ros/humble/share/rosidl_generator_c/cmake)
[0.568s] -- Found rosidl_adapter: 3.1.7 (/opt/ros/humble/share/rosidl_adapter/cmake)
[0.577s] -- Found rosidl_generator_cpp: 3.1.7 (/opt/ros/humble/share/rosidl_generator_cpp/cmake)
[0.591s] -- Using all available rosidl_typesupport_c: rosidl_typesupport_fastrtps_c;rosidl_typesupport_introspection_c
[0.608s] -- Using all available rosidl_typesupport_cpp: rosidl_typesupport_fastrtps_cpp;rosidl_typesupport_introspection_cpp
[0.655s] -- Found rmw_implementation_cmake: 6.1.2 (/opt/ros/humble/share/rmw_implementation_cmake/cmake)
[0.658s] -- Found rmw_cyclonedds_cpp: 1.3.4 (/opt/ros/humble/share/rmw_cyclonedds_cpp/cmake)
[0.676s] -- Using RMW implementation 'rmw_cyclonedds_cpp' as default
[0.684s] -- Looking for pthread.h
[0.753s] -- Looking for pthread.h - found
[0.753s] -- Performing Test CMAKE_HAVE_LIBC_PTHREAD
[0.823s] -- Performing Test CMAKE_HAVE_LIBC_PTHREAD - Success
[0.824s] -- Found Threads: TRUE  
[0.876s] -- Found traj_utils: 0.0.0 (/home/pjh/ego_swarm/ego-planner-swarm/install/traj_utils/share/traj_utils/cmake)
[0.914s] -- Found ament_lint_auto: 0.12.14 (/opt/ros/humble/share/ament_lint_auto/cmake)
[0.981s] -- Added test 'cppcheck' to perform static code analysis on C / C++ code
[0.981s] -- Configured cppcheck include dirs: $<BUILD_INTERFACE:/home/pjh/ego_swarm/ego-planner-swarm/src/planner/traj_recorder/include>
[0.981s] -- Configured cppcheck exclude dirs and/or files: 
[0.981s] -- Added test 'flake8' to check Python code syntax and style conventions
[0.982s] -- Added test 'lint_cmake' to check CMake code style
[0.982s] -- Added test 'pep257' to check Python code against some of the docstring style conventions in PEP 257
[0.983s] -- Added test 'uncrustify' to check C / C++ code style
[0.983s] -- Configured uncrustify additional arguments: 
[0.983s] -- Added test 'xmllint' to check XML markup files
[0.985s] -- Configuring done
[0.992s] -- Generating done
[0.996s] -- Build files have been written to: /home/pjh/ego_swarm/ego-planner-swarm/build/traj_recorder
[1.005s] Invoked command in '/home/pjh/ego_swarm/ego-planner-swarm/build/traj_recorder' returned '0': CMAKE_PREFIX_PATH=/home/pjh/ego_swarm/ego-planner-swarm/install/traj_utils:/home/pjh/ego_swarm/ego-planner-swarm/install/waypoint_generator:/home/pjh/ego_swarm/ego-planner-swarm/install/so3_quadrotor_simulator:/home/pjh/ego_swarm/ego-planner-swarm/install/uav_utils:/home/pjh/ego_swarm/ego-planner-swarm/install/traj_recorder:/home/pjh/ego_swarm/ego-planner-swarm/install/rosmsg_tcp_bridge:/home/pjh/ego_swarm/ego-planner-swarm/install/layer_planner:/home/pjh/ego_swarm/ego-planner-swarm/install/ego_planner:/home/pjh/ego_swarm/ego-planner-swarm/install/bspline_opt:/home/pjh/ego_swarm/ego-planner-swarm/install/so3_control:/home/pjh/ego_swarm/ego-planner-swarm/install/poscmd_2_odom:/home/pjh/ego_swarm/ego-planner-swarm/install/odom_visualization:/home/pjh/ego_swarm/ego-planner-swarm/install/multi_map_server:/home/pjh/ego_swarm/ego-planner-swarm/install/local_sensing:/home/pjh/ego_swarm/ego-planner-swarm/install/quadrotor_msgs:/home/pjh/ego_swarm/ego-planner-swarm/install/pose_utils:/home/pjh/ego_swarm/ego-planner-swarm/install/path_searching:/home/pjh/ego_swarm/ego-planner-swarm/install/plan_env:/home/pjh/ego_swarm/ego-planner-swarm/install/mockamap:/home/pjh/ego_swarm/ego-planner-swarm/install/map_generator:/home/pjh/ego_swarm/ego-planner-swarm/install/drone_detect:/home/pjh/ego_swarm/ego-planner-swarm/install/cmake_utils:/opt/ros/humble LD_LIBRARY_PATH=/home/pjh/ego_swarm/ego-planner-swarm/install/traj_utils/lib:/home/pjh/ego_swarm/ego-planner-swarm/install/bspline_opt/lib:/home/pjh/ego_swarm/ego-planner-swarm/install/so3_control/lib:/home/pjh/ego_swarm/ego-planner-swarm/install/multi_map_server/lib:/home/pjh/ego_swarm/ego-planner-swarm/install/quadrotor_msgs/lib:/home/pjh/ego_swarm/ego-planner-swarm/install/pose_utils/lib:/home/pjh/ego_swarm/ego-planner-swarm/install/path_searching/lib:/home/pjh/ego_swarm/ego-planner-swarm/install/plan_env/lib:/usr/lib/x86_64-linux-gnu/gazebo-11/plugins:/opt/ros/humble/opt/rviz_ogre_vendor/lib:/opt/ros/humble/lib/x86_64-linux-gnu:/opt/ros/humble/lib /usr/bin/cmake /home/pjh/ego_swarm/ego-planner-swarm/src/planner/traj_recorder -DAMENT_CMAKE_SYMLINK_INSTALL=1 -DCMAKE_INSTALL_PREFIX=/home/pjh/ego_swarm/ego-planner-swarm/install/traj_recorder
[1.007s] Invoking command in '/home/pjh/ego_swarm/ego-planner-swarm/build/traj_recorder': CMAKE_PREFIX_PATH=/home/pjh/ego_swarm/ego-planner-swarm/install/traj_utils:/home/pjh/ego_swarm/ego-planner-swarm/install/waypoint_generator:/home/pjh/ego_swarm/ego-planner-swarm/install/so3_quadrotor_simulator:/home/pjh/ego_swarm/ego-planner-swarm/install/uav_utils:/home/pjh/ego_swarm/ego-planner-swarm/install/traj_recorder:/home/pjh/ego_swarm/ego-planner-swarm/install/rosmsg_tcp_bridge:/home/pjh/ego_swarm/ego-planner-swarm/install/layer_planner:/home/pjh/ego_swarm/ego-planner-swarm/install/ego_planner:/home/pjh/ego_swarm/ego-planner-swarm/install/bspline_opt:/home/pjh/ego_swarm/ego-planner-swarm/install/so3_control:/home/pjh/ego_swarm/ego-planner-swarm/install/poscmd_2_odom:/home/pjh/ego_swarm/ego-planner-swarm/install/odom_visualization:/home/pjh/ego_swarm/ego-planner-swarm/install/multi_map_server:/home/pjh/ego_swarm/ego-planner-swarm/install/local_sensing:/home/pjh/ego_swarm/ego-planner-swarm/install/quadrotor_msgs:/home/pjh/ego_swarm/ego-planner-swarm/install/pose_utils:/home/pjh/ego_swarm/ego-planner-swarm/install/path_searching:/home/pjh/ego_swarm/ego-planner-swarm/install/plan_env:/home/pjh/ego_swarm/ego-planner-swarm/install/mockamap:/home/pjh/ego_swarm/ego-planner-swarm/install/map_generator:/home/pjh/ego_swarm/ego-planner-swarm/install/drone_detect:/home/pjh/ego_swarm/ego-planner-swarm/install/cmake_utils:/opt/ros/humble LD_LIBRARY_PATH=/home/pjh/ego_swarm/ego-planner-swarm/install/traj_utils/lib:/home/pjh/ego_swarm/ego-planner-swarm/install/bspline_opt/lib:/home/pjh/ego_swarm/ego-planner-swarm/install/so3_control/lib:/home/pjh/ego_swarm/ego-planner-swarm/install/multi_map_server/lib:/home/pjh/ego_swarm/ego-planner-swarm/install/quadrotor_msgs/lib:/home/pjh/ego_swarm/ego-planner-swarm/install/pose_utils/lib:/home/pjh/ego_swarm/ego-planner-swarm/install/path_searching/lib:/home/pjh/ego_swarm/ego-planner-swarm/install/plan_env/lib:/usr/lib/x86_64-linux-gnu/gazebo-11/plugins:/opt/ros/humble/opt/rviz_ogre_vendor/lib:/opt/ros/humble/lib/x86_64-linux-gnu:/opt/ros/humble/lib /usr/bin/cmake --build /home/pjh/ego_swarm/ego-planner-swarm/build/traj_recorder -- -j22 -l22
[1.056s] [ 50%] Building CXX object CMakeFiles/traj_recorder_node.dir/src/traj_recorder_node.cpp.o
[9.119s] [100%] Linking CXX executable traj_recorder_node
[9.446s] [100%] Built target traj_recorder_node
[9.457s] Invoked command in '/home/pjh/ego_swarm/ego-planner-swarm/build/traj_recorder' returned '0': CMAKE_PREFIX_PATH=/home/pjh/ego_swarm/ego-planner-swarm/install/traj_utils:/home/pjh/ego_swarm/ego-planner-swarm/install/waypoint_generator:/home/pjh/ego_swarm/ego-planner-swarm/install/so3_quadrotor_simulator:/home/pjh/ego_swarm/ego-planner-swarm/install/uav_utils:/home/pjh/ego_swarm/ego-planner-swarm/install/traj_recorder:/home/pjh/ego_swarm/ego-planner-swarm/install/rosmsg_tcp_bridge:/home/pjh/ego_swarm/ego-planner-swarm/install/layer_planner:/home/pjh/ego_swarm/ego-planner-swarm/install/ego_planner:/home/pjh/ego_swarm/ego-planner-swarm/install/bspline_opt:/home/pjh/ego_swarm/ego-planner-swarm/install/so3_control:/home/pjh/ego_swarm/ego-planner-swarm/install/poscmd_2_odom:/home/pjh/ego_swarm/ego-planner-swarm/install/odom_visualization:/home/pjh/ego_swarm/ego-planner-swarm/install/multi_map_server:/home/pjh/ego_swarm/ego-planner-swarm/install/local_sensing:/home/pjh/ego_swarm/ego-planner-swarm/install/quadrotor_msgs:/home/pjh/ego_swarm/ego-planner-swarm/install/pose_utils:/home/pjh/ego_swarm/ego-planner-swarm/install/path_searching:/home/pjh/ego_swarm/ego-planner-swarm/install/plan_env:/home/pjh/ego_swarm/ego-planner-swarm/install/mockamap:/home/pjh/ego_swarm/ego-planner-swarm/install/map_generator:/home/pjh/ego_swarm/ego-planner-swarm/install/drone_detect:/home/pjh/ego_swarm/ego-planner-swarm/install/cmake_utils:/opt/ros/humble LD_LIBRARY_PATH=/home/pjh/ego_swarm/ego-planner-swarm/install/traj_utils/lib:/home/pjh/ego_swarm/ego-planner-swarm/install/bspline_opt/lib:/home/pjh/ego_swarm/ego-planner-swarm/install/so3_control/lib:/home/pjh/ego_swarm/ego-planner-swarm/install/multi_map_server/lib:/home/pjh/ego_swarm/ego-planner-swarm/install/quadrotor_msgs/lib:/home/pjh/ego_swarm/ego-planner-swarm/install/pose_utils/lib:/home/pjh/ego_swarm/ego-planner-swarm/install/path_searching/lib:/home/pjh/ego_swarm/ego-planner-swarm/install/plan_env/lib:/usr/lib/x86_64-linux-gnu/gazebo-11/plugins:/opt/ros/humble/opt/rviz_ogre_vendor/lib:/opt/ros/humble/lib/x86_64-linux-gnu:/opt/ros/humble/lib /usr/bin/cmake --build /home/pjh/ego_swarm/ego-planner-swarm/build/traj_recorder -- -j22 -l22
[9.458s] Invoking command in '/home/pjh/ego_swarm/ego-planner-swarm/build/traj_recorder': CMAKE_PREFIX_PATH=/home/pjh/ego_swarm/ego-planner-swarm/install/traj_utils:/home/pjh/ego_swarm/ego-planner-swarm/install/waypoint_generator:/home/pjh/ego_swarm/ego-planner-swarm/install/so3_quadrotor_simulator:/home/pjh/ego_swarm/ego-planner-swarm/install/uav_utils:/home/pjh/ego_swarm/ego-planner-swarm/install/traj_recorder:/home/pjh/ego_swarm/ego-planner-swarm/install/rosmsg_tcp_bridge:/home/pjh/ego_swarm/ego-planner-swarm/install/layer_planner:/home/pjh/ego_swarm/ego-planner-swarm/install/ego_planner:/home/pjh/ego_swarm/ego-planner-swarm/install/bspline_opt:/home/pjh/ego_swarm/ego-planner-swarm/install/so3_control:/home/pjh/ego_swarm/ego-planner-swarm/install/poscmd_2_odom:/home/pjh/ego_swarm/ego-planner-swarm/install/odom_visualization:/home/pjh/ego_swarm/ego-planner-swarm/install/multi_map_server:/home/pjh/ego_swarm/ego-planner-swarm/install/local_sensing:/home/pjh/ego_swarm/ego-planner-swarm/install/quadrotor_msgs:/home/pjh/ego_swarm/ego-planner-swarm/install/pose_utils:/home/pjh/ego_swarm/ego-planner-swarm/install/path_searching:/home/pjh/ego_swarm/ego-planner-swarm/install/plan_env:/home/pjh/ego_swarm/ego-planner-swarm/install/mockamap:/home/pjh/ego_swarm/ego-planner-swarm/install/map_generator:/home/pjh/ego_swarm/ego-planner-swarm/install/drone_detect:/home/pjh/ego_swarm/ego-planner-swarm/install/cmake_utils:/opt/ros/humble LD_LIBRARY_PATH=/home/pjh/ego_swarm/ego-planner-swarm/install/traj_utils/lib:/home/pjh/ego_swarm/ego-planner-swarm/install/bspline_opt/lib:/home/pjh/ego_swarm/ego-planner-swarm/install/so3_control/lib:/home/pjh/ego_swarm/ego-planner-swarm/install/multi_map_server/lib:/home/pjh/ego_swarm/ego-planner-swarm/install/quadrotor_msgs/lib:/home/pjh/ego_swarm/ego-planner-swarm/install/pose_utils/lib:/home/pjh/ego_swarm/ego-planner-swarm/install/path_searching/lib:/home/pjh/ego_swarm/ego-planner-swarm/install/plan_env/lib:/usr/lib/x86_64-linux-gnu/gazebo-11/plugins:/opt/ros/humble/opt/rviz_ogre_vendor/lib:/opt/ros/humble/lib/x86_64-linux-gnu:/opt/ros/humble/lib /usr/bin/cmake --install /home/pjh/ego_swarm/ego-planner-swarm/build/traj_recorder
[9.465s] -- Install configuration: ""
[9.465s] -- Execute custom install script
[9.466s] -- Symlinking: /home/pjh/ego_swarm/ego-planner-swarm/install/traj_recorder/lib/traj_recorder/traj_recorder_node
[9.475s] -- Symlinking: /home/pjh/ego_swarm/ego-planner-swarm/install/traj_recorder/share/traj_recorder/launch/record_trajectory.launch.py
[9.481s] -- Symlinking: /home/pjh/ego_swarm/ego-planner-swarm/install/traj_recorder/share/ament_index/resource_index/package_run_dependencies/traj_recorder
[9.487s] -- Symlinking: /home/pjh/ego_swarm/ego-planner-swarm/install/traj_recorder/share/ament_index/resource_index/parent_prefix_path/traj_recorder
[9.494s] -- Symlinking: /home/pjh/ego_swarm/ego-planner-swarm/install/traj_recorder/share/traj_recorder/environment/ament_prefix_path.sh
[9.500s] -- Symlinking: /home/pjh/ego_swarm/ego-planner-swarm/install/traj_recorder/share/traj_recorder/environment/ament_prefix_path.dsv
[9.506s] -- Symlinking: /home/pjh/ego_swarm/ego-planner-swarm/install/traj_recorder/share/traj_recorder/environment/path.sh
[9.513s] -- Symlinking: /home/pjh/ego_swarm/ego-planner-swarm/install/traj_recorder/share/traj_recorder/environment/path.dsv
[9.520s] -- Symlinking: /home/pjh/ego_swarm/ego-planner-swarm/install/traj_recorder/share/traj_recorder/local_setup.bash
[9.530s] -- Symlinking: /home/pjh/ego_swarm/ego-planner-swarm/install/traj_recorder/share/traj_recorder/local_setup.sh
[9.539s] -- Symlinking: /home/pjh/ego_swarm/ego-planner-swarm/install/traj_recorder/share/traj_recorder/local_setup.zsh
[9.546s] -- Symlinking: /home/pjh/ego_swarm/ego-planner-swarm/install/traj_recorder/share/traj_recorder/local_setup.dsv
[9.554s] -- Symlinking: /home/pjh/ego_swarm/ego-planner-swarm/install/traj_recorder/share/traj_recorder/package.dsv
[9.562s] -- Symlinking: /home/pjh/ego_swarm/ego-planner-swarm/install/traj_recorder/share/ament_index/resource_index/packages/traj_recorder
[9.570s] -- Symlinking: /home/pjh/ego_swarm/ego-planner-swarm/install/traj_recorder/share/traj_recorder/cmake/traj_recorderConfig.cmake
[9.576s] -- Symlinking: /home/pjh/ego_swarm/ego-planner-swarm/install/traj_recorder/share/traj_recorder/cmake/traj_recorderConfig-version.cmake
[9.583s] -- Symlinking: /home/pjh/ego_swarm/ego-planner-swarm/install/traj_recorder/share/traj_recorder/package.xml
[9.590s] Invoked command in '/home/pjh/ego_swarm/ego-planner-swarm/build/traj_recorder' returned '0': CMAKE_PREFIX_PATH=/home/pjh/ego_swarm/ego-planner-swarm/install/traj_utils:/home/pjh/ego_swarm/ego-planner-swarm/install/waypoint_generator:/home/pjh/ego_swarm/ego-planner-swarm/install/so3_quadrotor_simulator:/home/pjh/ego_swarm/ego-planner-swarm/install/uav_utils:/home/pjh/ego_swarm/ego-planner-swarm/install/traj_recorder:/home/pjh/ego_swarm/ego-planner-swarm/install/rosmsg_tcp_bridge:/home/pjh/ego_swarm/ego-planner-swarm/install/layer_planner:/home/pjh/ego_swarm/ego-planner-swarm/install/ego_planner:/home/pjh/ego_swarm/ego-planner-swarm/install/bspline_opt:/home/pjh/ego_swarm/ego-planner-swarm/install/so3_control:/home/pjh/ego_swarm/ego-planner-swarm/install/poscmd_2_odom:/home/pjh/ego_swarm/ego-planner-swarm/install/odom_visualization:/home/pjh/ego_swarm/ego-planner-swarm/install/multi_map_server:/home/pjh/ego_swarm/ego-planner-swarm/install/local_sensing:/home/pjh/ego_swarm/ego-planner-swarm/install/quadrotor_msgs:/home/pjh/ego_swarm/ego-planner-swarm/install/pose_utils:/home/pjh/ego_swarm/ego-planner-swarm/install/path_searching:/home/pjh/ego_swarm/ego-planner-swarm/install/plan_env:/home/pjh/ego_swarm/ego-planner-swarm/install/mockamap:/home/pjh/ego_swarm/ego-planner-swarm/install/map_generator:/home/pjh/ego_swarm/ego-planner-swarm/install/drone_detect:/home/pjh/ego_swarm/ego-planner-swarm/install/cmake_utils:/opt/ros/humble LD_LIBRARY_PATH=/home/pjh/ego_swarm/ego-planner-swarm/install/traj_utils/lib:/home/pjh/ego_swarm/ego-planner-swarm/install/bspline_opt/lib:/home/pjh/ego_swarm/ego-planner-swarm/install/so3_control/lib:/home/pjh/ego_swarm/ego-planner-swarm/install/multi_map_server/lib:/home/pjh/ego_swarm/ego-planner-swarm/install/quadrotor_msgs/lib:/home/pjh/ego_swarm/ego-planner-swarm/install/pose_utils/lib:/home/pjh/ego_swarm/ego-planner-swarm/install/path_searching/lib:/home/pjh/ego_swarm/ego-planner-swarm/install/plan_env/lib:/usr/lib/x86_64-linux-gnu/gazebo-11/plugins:/opt/ros/humble/opt/rviz_ogre_vendor/lib:/opt/ros/humble/lib/x86_64-linux-gnu:/opt/ros/humble/lib /usr/bin/cmake --install /home/pjh/ego_swarm/ego-planner-swarm/build/traj_recorder
