[0.024s] Invoking command in '/home/pjh/ego_swarm/ego-planner-swarm/build/odom_visualization': CMAKE_PREFIX_PATH=/home/pjh/ego_swarm/ego-planner-swarm/install/quadrotor_msgs:/home/pjh/ego_swarm/ego-planner-swarm/install/pose_utils:/home/pjh/ego_swarm/ego-planner-swarm/install/waypoint_generator:/home/pjh/ego_swarm/ego-planner-swarm/install/so3_quadrotor_simulator:/home/pjh/ego_swarm/ego-planner-swarm/install/uav_utils:/home/pjh/ego_swarm/ego-planner-swarm/install/traj_recorder:/home/pjh/ego_swarm/ego-planner-swarm/install/rosmsg_tcp_bridge:/home/pjh/ego_swarm/ego-planner-swarm/install/layer_planner:/home/pjh/ego_swarm/ego-planner-swarm/install/ego_planner:/home/pjh/ego_swarm/ego-planner-swarm/install/bspline_opt:/home/pjh/ego_swarm/ego-planner-swarm/install/traj_utils:/home/pjh/ego_swarm/ego-planner-swarm/install/so3_control:/home/pjh/ego_swarm/ego-planner-swarm/install/poscmd_2_odom:/home/pjh/ego_swarm/ego-planner-swarm/install/odom_visualization:/home/pjh/ego_swarm/ego-planner-swarm/install/multi_map_server:/home/pjh/ego_swarm/ego-planner-swarm/install/local_sensing:/home/pjh/ego_swarm/ego-planner-swarm/install/path_searching:/home/pjh/ego_swarm/ego-planner-swarm/install/plan_env:/home/pjh/ego_swarm/ego-planner-swarm/install/mockamap:/home/pjh/ego_swarm/ego-planner-swarm/install/map_generator:/home/pjh/ego_swarm/ego-planner-swarm/install/drone_detect:/home/pjh/ego_swarm/ego-planner-swarm/install/cmake_utils:/opt/ros/humble LD_LIBRARY_PATH=/home/pjh/ego_swarm/ego-planner-swarm/install/quadrotor_msgs/lib:/home/pjh/ego_swarm/ego-planner-swarm/install/pose_utils/lib:/home/pjh/ego_swarm/ego-planner-swarm/install/bspline_opt/lib:/home/pjh/ego_swarm/ego-planner-swarm/install/traj_utils/lib:/home/pjh/ego_swarm/ego-planner-swarm/install/so3_control/lib:/home/pjh/ego_swarm/ego-planner-swarm/install/multi_map_server/lib:/home/pjh/ego_swarm/ego-planner-swarm/install/path_searching/lib:/home/pjh/ego_swarm/ego-planner-swarm/install/plan_env/lib:/usr/lib/x86_64-linux-gnu/gazebo-11/plugins:/opt/ros/humble/opt/rviz_ogre_vendor/lib:/opt/ros/humble/lib/x86_64-linux-gnu:/opt/ros/humble/lib /usr/bin/cmake /home/pjh/ego_swarm/ego-planner-swarm/src/uav_simulator/Utils/odom_visualization -DAMENT_CMAKE_SYMLINK_INSTALL=1 -DCMAKE_INSTALL_PREFIX=/home/pjh/ego_swarm/ego-planner-swarm/install/odom_visualization
[0.092s] -- The C compiler identification is GNU 11.4.0
[0.170s] -- The CXX compiler identification is GNU 11.4.0
[0.179s] -- Detecting C compiler ABI info
[0.263s] -- Detecting C compiler ABI info - done
[0.276s] -- Check for working C compiler: /usr/bin/cc - skipped
[0.276s] -- Detecting C compile features
[0.276s] -- Detecting C compile features - done
[0.280s] -- Detecting CXX compiler ABI info
[0.392s] -- Detecting CXX compiler ABI info - done
[0.401s] -- Check for working CXX compiler: /usr/bin/c++ - skipped
[0.401s] -- Detecting CXX compile features
[0.402s] -- Detecting CXX compile features - done
[0.408s] -- Found ament_cmake: 1.3.12 (/opt/ros/humble/share/ament_cmake/cmake)
[0.654s] -- Found Python3: /usr/bin/python3 (found version "3.10.12") found components: Interpreter 
[0.738s] -- Override CMake install command with custom implementation using symlinks instead of copying resources
[0.770s] -- Found rclcpp: 16.0.15 (/opt/ros/humble/share/rclcpp/cmake)
[0.821s] -- Found rosidl_generator_c: 3.1.7 (/opt/ros/humble/share/rosidl_generator_c/cmake)
[0.828s] -- Found rosidl_adapter: 3.1.7 (/opt/ros/humble/share/rosidl_adapter/cmake)
[0.836s] -- Found rosidl_generator_cpp: 3.1.7 (/opt/ros/humble/share/rosidl_generator_cpp/cmake)
[0.851s] -- Using all available rosidl_typesupport_c: rosidl_typesupport_fastrtps_c;rosidl_typesupport_introspection_c
[0.870s] -- Using all available rosidl_typesupport_cpp: rosidl_typesupport_fastrtps_cpp;rosidl_typesupport_introspection_cpp
[0.923s] -- Found rmw_implementation_cmake: 6.1.2 (/opt/ros/humble/share/rmw_implementation_cmake/cmake)
[0.927s] -- Found rmw_cyclonedds_cpp: 1.3.4 (/opt/ros/humble/share/rmw_cyclonedds_cpp/cmake)
[0.953s] -- Using RMW implementation 'rmw_cyclonedds_cpp' as default
[0.962s] -- Looking for pthread.h
[1.053s] -- Looking for pthread.h - found
[1.054s] -- Performing Test CMAKE_HAVE_LIBC_PTHREAD
[1.130s] -- Performing Test CMAKE_HAVE_LIBC_PTHREAD - Success
[1.131s] -- Found Threads: TRUE  
[1.192s] -- Found sensor_msgs: 4.9.0 (/opt/ros/humble/share/sensor_msgs/cmake)
[1.233s] -- Found nav_msgs: 4.9.0 (/opt/ros/humble/share/nav_msgs/cmake)
[1.253s] -- Found visualization_msgs: 4.9.0 (/opt/ros/humble/share/visualization_msgs/cmake)
[1.276s] -- Found quadrotor_msgs: 0.0.0 (/home/pjh/ego_swarm/ego-planner-swarm/install/quadrotor_msgs/share/quadrotor_msgs/cmake)
[1.310s] -- Found tf2: 0.25.16 (/opt/ros/humble/share/tf2/cmake)
[1.328s] -- Found Armadillo: /usr/include (found version "10.8.2") 
[1.328s] -- Found pose_utils: 0.0.0 (/home/pjh/ego_swarm/ego-planner-swarm/install/pose_utils/share/pose_utils/cmake)
[1.330s] -- Found tf2_ros: 0.25.16 (/opt/ros/humble/share/tf2_ros/cmake)
[1.440s] -- Found ament_lint_auto: 0.12.14 (/opt/ros/humble/share/ament_lint_auto/cmake)
[1.549s] -- Added test 'cppcheck' to perform static code analysis on C / C++ code
[1.549s] -- Configured cppcheck include dirs: /home/pjh/ego_swarm/ego-planner-swarm/src/uav_simulator/Utils/odom_visualization/include
[1.549s] -- Configured cppcheck exclude dirs and/or files: 
[1.551s] -- Added test 'lint_cmake' to check CMake code style
[1.554s] -- Added test 'uncrustify' to check C / C++ code style
[1.554s] -- Configured uncrustify additional arguments: 
[1.556s] -- Added test 'xmllint' to check XML markup files
[1.558s] -- Configuring done
[1.576s] -- Generating done
[1.581s] -- Build files have been written to: /home/pjh/ego_swarm/ego-planner-swarm/build/odom_visualization
[1.591s] Invoked command in '/home/pjh/ego_swarm/ego-planner-swarm/build/odom_visualization' returned '0': CMAKE_PREFIX_PATH=/home/pjh/ego_swarm/ego-planner-swarm/install/quadrotor_msgs:/home/pjh/ego_swarm/ego-planner-swarm/install/pose_utils:/home/pjh/ego_swarm/ego-planner-swarm/install/waypoint_generator:/home/pjh/ego_swarm/ego-planner-swarm/install/so3_quadrotor_simulator:/home/pjh/ego_swarm/ego-planner-swarm/install/uav_utils:/home/pjh/ego_swarm/ego-planner-swarm/install/traj_recorder:/home/pjh/ego_swarm/ego-planner-swarm/install/rosmsg_tcp_bridge:/home/pjh/ego_swarm/ego-planner-swarm/install/layer_planner:/home/pjh/ego_swarm/ego-planner-swarm/install/ego_planner:/home/pjh/ego_swarm/ego-planner-swarm/install/bspline_opt:/home/pjh/ego_swarm/ego-planner-swarm/install/traj_utils:/home/pjh/ego_swarm/ego-planner-swarm/install/so3_control:/home/pjh/ego_swarm/ego-planner-swarm/install/poscmd_2_odom:/home/pjh/ego_swarm/ego-planner-swarm/install/odom_visualization:/home/pjh/ego_swarm/ego-planner-swarm/install/multi_map_server:/home/pjh/ego_swarm/ego-planner-swarm/install/local_sensing:/home/pjh/ego_swarm/ego-planner-swarm/install/path_searching:/home/pjh/ego_swarm/ego-planner-swarm/install/plan_env:/home/pjh/ego_swarm/ego-planner-swarm/install/mockamap:/home/pjh/ego_swarm/ego-planner-swarm/install/map_generator:/home/pjh/ego_swarm/ego-planner-swarm/install/drone_detect:/home/pjh/ego_swarm/ego-planner-swarm/install/cmake_utils:/opt/ros/humble LD_LIBRARY_PATH=/home/pjh/ego_swarm/ego-planner-swarm/install/quadrotor_msgs/lib:/home/pjh/ego_swarm/ego-planner-swarm/install/pose_utils/lib:/home/pjh/ego_swarm/ego-planner-swarm/install/bspline_opt/lib:/home/pjh/ego_swarm/ego-planner-swarm/install/traj_utils/lib:/home/pjh/ego_swarm/ego-planner-swarm/install/so3_control/lib:/home/pjh/ego_swarm/ego-planner-swarm/install/multi_map_server/lib:/home/pjh/ego_swarm/ego-planner-swarm/install/path_searching/lib:/home/pjh/ego_swarm/ego-planner-swarm/install/plan_env/lib:/usr/lib/x86_64-linux-gnu/gazebo-11/plugins:/opt/ros/humble/opt/rviz_ogre_vendor/lib:/opt/ros/humble/lib/x86_64-linux-gnu:/opt/ros/humble/lib /usr/bin/cmake /home/pjh/ego_swarm/ego-planner-swarm/src/uav_simulator/Utils/odom_visualization -DAMENT_CMAKE_SYMLINK_INSTALL=1 -DCMAKE_INSTALL_PREFIX=/home/pjh/ego_swarm/ego-planner-swarm/install/odom_visualization
[1.592s] Invoking command in '/home/pjh/ego_swarm/ego-planner-swarm/build/odom_visualization': CMAKE_PREFIX_PATH=/home/pjh/ego_swarm/ego-planner-swarm/install/quadrotor_msgs:/home/pjh/ego_swarm/ego-planner-swarm/install/pose_utils:/home/pjh/ego_swarm/ego-planner-swarm/install/waypoint_generator:/home/pjh/ego_swarm/ego-planner-swarm/install/so3_quadrotor_simulator:/home/pjh/ego_swarm/ego-planner-swarm/install/uav_utils:/home/pjh/ego_swarm/ego-planner-swarm/install/traj_recorder:/home/pjh/ego_swarm/ego-planner-swarm/install/rosmsg_tcp_bridge:/home/pjh/ego_swarm/ego-planner-swarm/install/layer_planner:/home/pjh/ego_swarm/ego-planner-swarm/install/ego_planner:/home/pjh/ego_swarm/ego-planner-swarm/install/bspline_opt:/home/pjh/ego_swarm/ego-planner-swarm/install/traj_utils:/home/pjh/ego_swarm/ego-planner-swarm/install/so3_control:/home/pjh/ego_swarm/ego-planner-swarm/install/poscmd_2_odom:/home/pjh/ego_swarm/ego-planner-swarm/install/odom_visualization:/home/pjh/ego_swarm/ego-planner-swarm/install/multi_map_server:/home/pjh/ego_swarm/ego-planner-swarm/install/local_sensing:/home/pjh/ego_swarm/ego-planner-swarm/install/path_searching:/home/pjh/ego_swarm/ego-planner-swarm/install/plan_env:/home/pjh/ego_swarm/ego-planner-swarm/install/mockamap:/home/pjh/ego_swarm/ego-planner-swarm/install/map_generator:/home/pjh/ego_swarm/ego-planner-swarm/install/drone_detect:/home/pjh/ego_swarm/ego-planner-swarm/install/cmake_utils:/opt/ros/humble LD_LIBRARY_PATH=/home/pjh/ego_swarm/ego-planner-swarm/install/quadrotor_msgs/lib:/home/pjh/ego_swarm/ego-planner-swarm/install/pose_utils/lib:/home/pjh/ego_swarm/ego-planner-swarm/install/bspline_opt/lib:/home/pjh/ego_swarm/ego-planner-swarm/install/traj_utils/lib:/home/pjh/ego_swarm/ego-planner-swarm/install/so3_control/lib:/home/pjh/ego_swarm/ego-planner-swarm/install/multi_map_server/lib:/home/pjh/ego_swarm/ego-planner-swarm/install/path_searching/lib:/home/pjh/ego_swarm/ego-planner-swarm/install/plan_env/lib:/usr/lib/x86_64-linux-gnu/gazebo-11/plugins:/opt/ros/humble/opt/rviz_ogre_vendor/lib:/opt/ros/humble/lib/x86_64-linux-gnu:/opt/ros/humble/lib /usr/bin/cmake --build /home/pjh/ego_swarm/ego-planner-swarm/build/odom_visualization -- -j22 -l22
[1.654s] [ 50%] Building CXX object CMakeFiles/odom_visualization.dir/src/odom_visualization.cpp.o
[39.476s] [100%] Linking CXX executable odom_visualization
[39.876s] [100%] Built target odom_visualization
[39.886s] Invoked command in '/home/pjh/ego_swarm/ego-planner-swarm/build/odom_visualization' returned '0': CMAKE_PREFIX_PATH=/home/pjh/ego_swarm/ego-planner-swarm/install/quadrotor_msgs:/home/pjh/ego_swarm/ego-planner-swarm/install/pose_utils:/home/pjh/ego_swarm/ego-planner-swarm/install/waypoint_generator:/home/pjh/ego_swarm/ego-planner-swarm/install/so3_quadrotor_simulator:/home/pjh/ego_swarm/ego-planner-swarm/install/uav_utils:/home/pjh/ego_swarm/ego-planner-swarm/install/traj_recorder:/home/pjh/ego_swarm/ego-planner-swarm/install/rosmsg_tcp_bridge:/home/pjh/ego_swarm/ego-planner-swarm/install/layer_planner:/home/pjh/ego_swarm/ego-planner-swarm/install/ego_planner:/home/pjh/ego_swarm/ego-planner-swarm/install/bspline_opt:/home/pjh/ego_swarm/ego-planner-swarm/install/traj_utils:/home/pjh/ego_swarm/ego-planner-swarm/install/so3_control:/home/pjh/ego_swarm/ego-planner-swarm/install/poscmd_2_odom:/home/pjh/ego_swarm/ego-planner-swarm/install/odom_visualization:/home/pjh/ego_swarm/ego-planner-swarm/install/multi_map_server:/home/pjh/ego_swarm/ego-planner-swarm/install/local_sensing:/home/pjh/ego_swarm/ego-planner-swarm/install/path_searching:/home/pjh/ego_swarm/ego-planner-swarm/install/plan_env:/home/pjh/ego_swarm/ego-planner-swarm/install/mockamap:/home/pjh/ego_swarm/ego-planner-swarm/install/map_generator:/home/pjh/ego_swarm/ego-planner-swarm/install/drone_detect:/home/pjh/ego_swarm/ego-planner-swarm/install/cmake_utils:/opt/ros/humble LD_LIBRARY_PATH=/home/pjh/ego_swarm/ego-planner-swarm/install/quadrotor_msgs/lib:/home/pjh/ego_swarm/ego-planner-swarm/install/pose_utils/lib:/home/pjh/ego_swarm/ego-planner-swarm/install/bspline_opt/lib:/home/pjh/ego_swarm/ego-planner-swarm/install/traj_utils/lib:/home/pjh/ego_swarm/ego-planner-swarm/install/so3_control/lib:/home/pjh/ego_swarm/ego-planner-swarm/install/multi_map_server/lib:/home/pjh/ego_swarm/ego-planner-swarm/install/path_searching/lib:/home/pjh/ego_swarm/ego-planner-swarm/install/plan_env/lib:/usr/lib/x86_64-linux-gnu/gazebo-11/plugins:/opt/ros/humble/opt/rviz_ogre_vendor/lib:/opt/ros/humble/lib/x86_64-linux-gnu:/opt/ros/humble/lib /usr/bin/cmake --build /home/pjh/ego_swarm/ego-planner-swarm/build/odom_visualization -- -j22 -l22
[39.888s] Invoking command in '/home/pjh/ego_swarm/ego-planner-swarm/build/odom_visualization': CMAKE_PREFIX_PATH=/home/pjh/ego_swarm/ego-planner-swarm/install/quadrotor_msgs:/home/pjh/ego_swarm/ego-planner-swarm/install/pose_utils:/home/pjh/ego_swarm/ego-planner-swarm/install/waypoint_generator:/home/pjh/ego_swarm/ego-planner-swarm/install/so3_quadrotor_simulator:/home/pjh/ego_swarm/ego-planner-swarm/install/uav_utils:/home/pjh/ego_swarm/ego-planner-swarm/install/traj_recorder:/home/pjh/ego_swarm/ego-planner-swarm/install/rosmsg_tcp_bridge:/home/pjh/ego_swarm/ego-planner-swarm/install/layer_planner:/home/pjh/ego_swarm/ego-planner-swarm/install/ego_planner:/home/pjh/ego_swarm/ego-planner-swarm/install/bspline_opt:/home/pjh/ego_swarm/ego-planner-swarm/install/traj_utils:/home/pjh/ego_swarm/ego-planner-swarm/install/so3_control:/home/pjh/ego_swarm/ego-planner-swarm/install/poscmd_2_odom:/home/pjh/ego_swarm/ego-planner-swarm/install/odom_visualization:/home/pjh/ego_swarm/ego-planner-swarm/install/multi_map_server:/home/pjh/ego_swarm/ego-planner-swarm/install/local_sensing:/home/pjh/ego_swarm/ego-planner-swarm/install/path_searching:/home/pjh/ego_swarm/ego-planner-swarm/install/plan_env:/home/pjh/ego_swarm/ego-planner-swarm/install/mockamap:/home/pjh/ego_swarm/ego-planner-swarm/install/map_generator:/home/pjh/ego_swarm/ego-planner-swarm/install/drone_detect:/home/pjh/ego_swarm/ego-planner-swarm/install/cmake_utils:/opt/ros/humble LD_LIBRARY_PATH=/home/pjh/ego_swarm/ego-planner-swarm/install/quadrotor_msgs/lib:/home/pjh/ego_swarm/ego-planner-swarm/install/pose_utils/lib:/home/pjh/ego_swarm/ego-planner-swarm/install/bspline_opt/lib:/home/pjh/ego_swarm/ego-planner-swarm/install/traj_utils/lib:/home/pjh/ego_swarm/ego-planner-swarm/install/so3_control/lib:/home/pjh/ego_swarm/ego-planner-swarm/install/multi_map_server/lib:/home/pjh/ego_swarm/ego-planner-swarm/install/path_searching/lib:/home/pjh/ego_swarm/ego-planner-swarm/install/plan_env/lib:/usr/lib/x86_64-linux-gnu/gazebo-11/plugins:/opt/ros/humble/opt/rviz_ogre_vendor/lib:/opt/ros/humble/lib/x86_64-linux-gnu:/opt/ros/humble/lib /usr/bin/cmake --install /home/pjh/ego_swarm/ego-planner-swarm/build/odom_visualization
[39.894s] -- Install configuration: ""
[39.894s] -- Execute custom install script
[39.894s] -- Symlinking: /home/pjh/ego_swarm/ego-planner-swarm/install/odom_visualization/share/odom_visualization/meshes/hummingbird.mesh
[39.903s] -- Symlinking: /home/pjh/ego_swarm/ego-planner-swarm/install/odom_visualization/lib/odom_visualization/odom_visualization
[39.912s] -- Symlinking: /home/pjh/ego_swarm/ego-planner-swarm/install/odom_visualization/share/ament_index/resource_index/package_run_dependencies/odom_visualization
[39.921s] -- Symlinking: /home/pjh/ego_swarm/ego-planner-swarm/install/odom_visualization/share/ament_index/resource_index/parent_prefix_path/odom_visualization
[39.929s] -- Symlinking: /home/pjh/ego_swarm/ego-planner-swarm/install/odom_visualization/share/odom_visualization/environment/ament_prefix_path.sh
[39.936s] -- Symlinking: /home/pjh/ego_swarm/ego-planner-swarm/install/odom_visualization/share/odom_visualization/environment/ament_prefix_path.dsv
[39.944s] -- Symlinking: /home/pjh/ego_swarm/ego-planner-swarm/install/odom_visualization/share/odom_visualization/environment/path.sh
[39.951s] -- Symlinking: /home/pjh/ego_swarm/ego-planner-swarm/install/odom_visualization/share/odom_visualization/environment/path.dsv
[39.957s] -- Symlinking: /home/pjh/ego_swarm/ego-planner-swarm/install/odom_visualization/share/odom_visualization/local_setup.bash
[39.963s] -- Symlinking: /home/pjh/ego_swarm/ego-planner-swarm/install/odom_visualization/share/odom_visualization/local_setup.sh
[39.970s] -- Symlinking: /home/pjh/ego_swarm/ego-planner-swarm/install/odom_visualization/share/odom_visualization/local_setup.zsh
[39.979s] -- Symlinking: /home/pjh/ego_swarm/ego-planner-swarm/install/odom_visualization/share/odom_visualization/local_setup.dsv
[39.987s] -- Symlinking: /home/pjh/ego_swarm/ego-planner-swarm/install/odom_visualization/share/odom_visualization/package.dsv
[39.994s] -- Symlinking: /home/pjh/ego_swarm/ego-planner-swarm/install/odom_visualization/share/ament_index/resource_index/packages/odom_visualization
[40.003s] -- Symlinking: /home/pjh/ego_swarm/ego-planner-swarm/install/odom_visualization/share/odom_visualization/cmake/odom_visualizationConfig.cmake
[40.011s] -- Symlinking: /home/pjh/ego_swarm/ego-planner-swarm/install/odom_visualization/share/odom_visualization/cmake/odom_visualizationConfig-version.cmake
[40.019s] -- Symlinking: /home/pjh/ego_swarm/ego-planner-swarm/install/odom_visualization/share/odom_visualization/package.xml
[40.030s] Invoked command in '/home/pjh/ego_swarm/ego-planner-swarm/build/odom_visualization' returned '0': CMAKE_PREFIX_PATH=/home/pjh/ego_swarm/ego-planner-swarm/install/quadrotor_msgs:/home/pjh/ego_swarm/ego-planner-swarm/install/pose_utils:/home/pjh/ego_swarm/ego-planner-swarm/install/waypoint_generator:/home/pjh/ego_swarm/ego-planner-swarm/install/so3_quadrotor_simulator:/home/pjh/ego_swarm/ego-planner-swarm/install/uav_utils:/home/pjh/ego_swarm/ego-planner-swarm/install/traj_recorder:/home/pjh/ego_swarm/ego-planner-swarm/install/rosmsg_tcp_bridge:/home/pjh/ego_swarm/ego-planner-swarm/install/layer_planner:/home/pjh/ego_swarm/ego-planner-swarm/install/ego_planner:/home/pjh/ego_swarm/ego-planner-swarm/install/bspline_opt:/home/pjh/ego_swarm/ego-planner-swarm/install/traj_utils:/home/pjh/ego_swarm/ego-planner-swarm/install/so3_control:/home/pjh/ego_swarm/ego-planner-swarm/install/poscmd_2_odom:/home/pjh/ego_swarm/ego-planner-swarm/install/odom_visualization:/home/pjh/ego_swarm/ego-planner-swarm/install/multi_map_server:/home/pjh/ego_swarm/ego-planner-swarm/install/local_sensing:/home/pjh/ego_swarm/ego-planner-swarm/install/path_searching:/home/pjh/ego_swarm/ego-planner-swarm/install/plan_env:/home/pjh/ego_swarm/ego-planner-swarm/install/mockamap:/home/pjh/ego_swarm/ego-planner-swarm/install/map_generator:/home/pjh/ego_swarm/ego-planner-swarm/install/drone_detect:/home/pjh/ego_swarm/ego-planner-swarm/install/cmake_utils:/opt/ros/humble LD_LIBRARY_PATH=/home/pjh/ego_swarm/ego-planner-swarm/install/quadrotor_msgs/lib:/home/pjh/ego_swarm/ego-planner-swarm/install/pose_utils/lib:/home/pjh/ego_swarm/ego-planner-swarm/install/bspline_opt/lib:/home/pjh/ego_swarm/ego-planner-swarm/install/traj_utils/lib:/home/pjh/ego_swarm/ego-planner-swarm/install/so3_control/lib:/home/pjh/ego_swarm/ego-planner-swarm/install/multi_map_server/lib:/home/pjh/ego_swarm/ego-planner-swarm/install/path_searching/lib:/home/pjh/ego_swarm/ego-planner-swarm/install/plan_env/lib:/usr/lib/x86_64-linux-gnu/gazebo-11/plugins:/opt/ros/humble/opt/rviz_ogre_vendor/lib:/opt/ros/humble/lib/x86_64-linux-gnu:/opt/ros/humble/lib /usr/bin/cmake --install /home/pjh/ego_swarm/ego-planner-swarm/build/odom_visualization
